tree logl logTop logBL logPrior logQ logWt pi1 pi2 pi3 pi4 s1 s2 s3 s4 s5 s6
(1,2,(3,((4,6),5))); -4541.75  -1.64152 29.7484 13.5682 24.5535 -4580.85 0.289328 0.268948 0.162565 0.279159   0.209108   0.139629  0.0805316  0.0185024   0.550058 0.00217065
(1,(2,3),(4,(5,6))); -4542.22  -1.42363 28.3046 13.4406 25.7021 -4581.36 0.283241 0.265266 0.145052 0.306441   0.267839   0.136983  0.0621026  0.0197256    0.51026 0.00309025
(1,(2,3),((4,6),5)); -4540.46  -1.76579 32.1594 13.4636 28.5749 -4585.96 0.277909 0.280923 0.138294 0.302874   0.229792   0.162889   0.077915  0.0178255   0.504985 0.00659318
(1,2,(3,(4,(5,6)))); -4536.83  -1.29936 28.1539 12.823 25.3177 -4576.17  0.28062 0.270547  0.15213 0.296702   0.236432   0.162458  0.0892586 0.00644257   0.495947 0.00946178
(1,(2,3),((4,6),5)); -4546.14  -1.76579 27.5842 13.3086 26.8066 -4585.45 0.282571 0.265731 0.156277 0.295421   0.211946   0.165781  0.0960165  0.0131466    0.50312 0.00998992
(1,2,(3,(4,(5,6)))); -4533.5  -1.29936 30.6746 13.7578 28.5975 -4577.72 0.282868 0.265299 0.150941 0.300893   0.246739    0.15517   0.071403  0.0155243   0.507334 0.00382931
(1,(2,3),((4,6),5)); -4543.75  -1.76579 30.118 13.066 27.2168 -4586.25 0.290444  0.26256 0.147003 0.299993  0.256099  0.136125 0.0845406 0.0222018  0.488539 0.0124947
(1,2,(3,(4,(5,6)))); -4542.43  -1.29936 27.3694 13.4227 23.0482 -4578.12  0.28322  0.28557 0.150326 0.280885   0.241607   0.199035  0.0781052  0.0263145   0.448654 0.00628449
(1,2,(3,(4,(5,6)))); -4537.12  -1.29936 28.3218 13.4488 26.2124 -4576.91 0.303655 0.271491 0.137853    0.287   0.266527   0.159964  0.0818397   0.025126   0.461561 0.00498222
(1,2,(3,((4,6),5))); -4536.45  -1.64152 29.0354 13.3886 26.7736 -4577.23 0.291648  0.28506 0.145308 0.277984   0.261325   0.136833  0.0866637  0.0201291   0.490691 0.00435911
(1,2,(3,(4,(5,6)))); -4540.53  -1.29936 28.8332 13.5033 22.6725 -4577.23 0.306289 0.241541  0.13996  0.31221   0.267251   0.152193  0.0869587  0.0193881    0.46738 0.00682842
(1,2,(3,(4,(5,6)))); -4534.08  -1.29936 29.641 13.3321 28.5815 -4577.67 0.296432 0.259954 0.148481 0.295133   0.241941   0.164993  0.0831188  0.0201355   0.485682 0.00412879
(1,(2,3),((4,6),5)); -4542.01  -1.76579 32.4467 13.0942 25.5758 -4585.18 0.273567 0.286609 0.135324   0.3045  0.240504   0.15555 0.0691285 0.0115883   0.51288 0.0103487
(1,(2,3),(4,(5,6))); -4538.43  -1.42363 31.3616 13.2622 26.1153 -4581.23 0.275912 0.281925 0.156766 0.285398   0.222341   0.151441  0.0909577   0.033516   0.495988 0.00575583
(1,(2,3),(4,(5,6))); -4538.84  -1.42363 28.8216 13.2247 27.9486 -4580.96 0.295129 0.270231 0.138677 0.295963  0.233943  0.167254 0.0874427 0.0242523  0.476904 0.0102051
(1,2,(3,((4,6),5))); -4535.3  -1.64152 29.7136 13.4392 27.6482 -4577.59 0.273185 0.286621 0.148859 0.291334   0.234641   0.143231  0.0790602  0.0249018   0.512848 0.00531811
(1,(2,3),(4,(5,6))); -4541.55  -1.42363 29.4446 13.2306 25.2024 -4581.54 0.281014 0.278051 0.129167 0.311767  0.272465  0.152379 0.0715373 0.0141014  0.482876 0.0066408
(1,(2,((4,6),5)),3); -4541.12  -3.10649 29.8074 13.1831 27.3738 -4582.01 0.286447 0.264388  0.14734 0.301825   0.231992   0.170495  0.0688084  0.0262588   0.493043 0.00940257
(1,(2,3),(4,(5,6))); -4538.07  -1.42363 29.7544 13.4966 27.4416 -4580.34 0.298489 0.264377 0.140774 0.296359   0.22109  0.156742 0.0990907 0.0213669  0.490695 0.0110158
(1,(2,((4,6),5)),3); -4542.96  -3.10649 30.1853 13.2938 25.0161 -4581.76 0.266795 0.274994 0.146456 0.311755   0.247517   0.138516  0.0855071  0.0304368    0.49651 0.00151289
(1,2,(3,((4,6),5))); -4538.21  -1.64152 28.6631 13.5023 26.7005 -4578.43 0.305748 0.256125 0.146149 0.291978   0.244982   0.137456  0.0784284  0.0241993   0.510076 0.00485845
(1,(2,3),(4,(5,6))); -4538.65  -1.42363 30.2249 13.5022 27.6631 -4581.61 0.291338 0.262753 0.149829 0.296079   0.256639   0.158066  0.0699492  0.0185078   0.494565 0.00227335
(1,2,(3,(4,(5,6)))); -4539.42  -1.29936 26.2079 13.6385 26.3059 -4576.99 0.291882 0.266119 0.162851 0.279148   0.250495   0.153913  0.0912249  0.0260202   0.471417 0.00693026
(1,(2,3),(4,(5,6))); -4542.28  -1.42363 30.0745 13.8505 25.7611 -4582.84 0.281593 0.263805 0.163363 0.291239     0.2391   0.139321  0.0998853  0.0104319   0.503918 0.00734464
(1,2,(3,((4,6),5))); -4537.04  -1.64152 29.7585 13.6915 26.7556 -4578.22 0.286179 0.261982 0.156248 0.295591  0.228477  0.143945  0.101389 0.0130401   0.50173 0.0114188
(1,(2,3),(4,(5,6))); -4541.37  -1.42363 28.2236 13.6095 26.6063 -4581.17 0.290984 0.277888 0.143671 0.287457  0.239573  0.158819 0.0746391  0.033094   0.48298 0.0108941
(1,2,(3,(4,(5,6)))); -4534.43  -1.29936 31.6191 13.2615 26.8698 -4578.36 0.294649 0.270014 0.149356 0.285981    0.25605   0.134131   0.069116  0.0151592    0.51862 0.00692361
(1,(2,3),(4,(5,6))); -4541.36  -1.42363 28.2106 13.8348 27.0715 -4581.39 0.303285 0.267955 0.142025 0.286736   0.237311    0.14937  0.0760861  0.0308756    0.49927 0.00708725
(1,(2,3),(4,(5,6))); -4541.63  -1.42363 28.5944 13.2723 25.7386 -4581.26 0.300059 0.273104 0.130294 0.296543   0.257727   0.156581  0.0676905  0.0247842   0.483343 0.00987425
(1,(2,3),(4,(5,6))); -4544.16  -1.42363 28.6585 13.5514 25.0627 -4582.91 0.293485 0.264609 0.141342 0.300564   0.234952   0.119986  0.0847865  0.0118193    0.54088 0.00757529
(1,2,(3,((4,6),5))); -4538.77  -1.64152 25.2887 13.2654 28.0461 -4577.2 0.285706 0.275117 0.130763 0.308415   0.243198   0.144253  0.0830178  0.0212526   0.502785 0.00549253
(1,2,(3,((4,6),5))); -4535.67  -1.64152 31.8682 13.6953 25.7188 -4577.92 0.286485 0.273233 0.145673  0.29461  0.222175   0.16235  0.110888 0.0232738  0.467408 0.0139049
(1,(2,3),(4,(5,6))); -4539.54  -1.42363 30.8844 13.6249 25.6944 -4581.07 0.303784 0.259967  0.12679 0.309459  0.241966  0.157376 0.0897783 0.0161701  0.491495 0.0032141
(1,(2,3),((4,6),5)); -4545.98  -1.76579 29.851 13.4942 25.5713 -4586.14 0.273571 0.271856 0.150921 0.303653   0.257923   0.148764  0.0748139  0.0365121   0.476122 0.00586499
(1,(2,3),(4,(5,6))); -4547.42  -1.42363 27.5275 13.9637 23.4348 -4582.99 0.268543 0.290078 0.166985 0.274393    0.22847   0.150603  0.0986853  0.0161953    0.50287 0.00317608
(1,2,(3,(4,(5,6)))); -4537.01  -1.29936 29.6518 13.6424 26.2615 -4577.98 0.290588 0.267282 0.165184 0.276946   0.236105   0.163727  0.0801423  0.0138033   0.503082 0.00313997
(1,2,(3,((4,6),5))); -4535.47  -1.64152 29.2473 13.4006 27.1157 -4576.79  0.28457 0.253802 0.157664 0.303965   0.243379   0.159372  0.0936452  0.0216377    0.47478 0.00718544
(1,(2,3),(4,(5,6))); -4543.41  -1.42363 26.0802 13.3672 26.6288 -4581.32 0.270466  0.27592  0.14669 0.306924  0.235433  0.174158 0.0752987 0.0167538  0.485872 0.0124847
(1,2,(3,(4,(5,6)))); -4537.39  -1.29936 28.2604 13.358 27.3736 -4578.37 0.286399  0.27837 0.145859 0.289372   0.223166   0.145892   0.101525  0.0116837    0.50985 0.00788287
(1,2,(3,(4,(5,6)))); -4540.47  -1.29936 31.1177 13.5569 22.3725 -4579.1 0.274497 0.276528  0.15611 0.292866  0.281964  0.139457 0.0931736 0.0141409  0.453964 0.0172995
(1,(2,3),(4,(5,6))); -4537.88  -1.42363 30.3493 13.1081 27.829 -4581.53 0.293249 0.271597  0.14722 0.287935   0.230783   0.144101  0.0766063  0.0130933    0.52554 0.00987637
(1,2,(3,(4,(5,6)))); -4537.34  -1.29936 30.5018 13.5019 24.2434 -4577.28 0.308067 0.265677 0.152445 0.273811  0.228512  0.172503  0.087362 0.0254972  0.473537 0.0125878
(1,2,(3,(4,(5,6)))); -4535.9  -1.29936 28.4292 13.3833 28.6129 -4578.26 0.279456 0.265403 0.151426 0.303715   0.230621   0.149262  0.0781979  0.0192919   0.519723 0.00290464
(1,2,(3,((4,6),5))); -4538.69  -1.64152 30.2687 13.1526 24.8511 -4579.02 0.271423 0.275037 0.138456 0.315084  0.237492  0.172998 0.0730744 0.0283884  0.475529  0.012518
(1,(2,3),((4,6),5)); -4548.63  -1.76579 24.5479 13.5517 26.889 -4584.75 0.281156  0.25817    0.154 0.306675   0.217093   0.164446  0.0958976  0.0143712   0.505214 0.00297812
(1,2,(3,((4,6),5))); -4537.25  -1.64152 29.6307 13.1311 25.8677 -4577.98 0.275762 0.280905 0.149182 0.294151   0.218617   0.186865  0.0795969  0.0278833   0.481137 0.00590091
(1,2,(3,((4,6),5))); -4535.53  -1.64152 29.7704 13.6922 27.9052 -4577.87  0.29926 0.270923  0.14182 0.287997   0.227669   0.157377  0.0976025  0.0236599   0.490745 0.00294589
(1,(2,(4,(5,6))),3); -4535.99  -2.76434 31.5217 13.5067 28.4533 -4579.7 0.291629 0.270996 0.144884 0.292491  0.237372   0.16243 0.0861369 0.0236511  0.479279 0.0111308
(1,(2,(4,(5,6))),3); -4548.99  -2.76434 25.7912 13.4512 21.201 -4579.77 0.268512 0.301907 0.134992 0.294589  0.265661  0.123531 0.0914928 0.0175846  0.490626 0.0111044
(1,(2,3),((4,6),5)); -4544.67  -1.76579 28.969 13.4265 28.7011 -4587.14 0.289598 0.265695 0.151715 0.292992   0.222458   0.145777   0.090096  0.0158055   0.519106 0.00675797
(1,(2,3),((4,6),5)); -4541.47  -1.76579 30.5626 13.2662 28.2728 -4585.28 0.282412 0.281845  0.14983 0.285913   0.240193   0.165038  0.0823814  0.0135053   0.494937 0.00394561
(1,2,(3,(4,(5,6)))); -4544.36  -1.29936 29.002 12.9552 22.6155 -4581.73 0.304479 0.265747 0.141883 0.287892  0.198613    0.1365 0.0720589 0.0183815  0.571989 0.0024575
(1,(2,3),(4,(5,6))); -4541.5  -1.42363 30.3587 13.2377 24.1335 -4581.33 0.281524  0.27092 0.129405  0.31815  0.251451   0.15761 0.0750623  0.019262  0.478421 0.0181935
(1,(2,3),(4,(5,6))); -4541.7  -1.42363 28.4212 13.8881 27.5409 -4582.35 0.294382 0.255408 0.149997 0.300213   0.225074   0.139983  0.0955323  0.0193663   0.513244 0.00680127
(1,(2,3),(4,(5,6))); -4542.86  -1.42363 30.5034 13.2619 23.7088 -4582.39 0.305818 0.270165 0.139139 0.284878  0.234273  0.118539 0.0795449 0.0208411  0.534424 0.0123776
(1,2,(3,(4,(5,6)))); -4536.4  -1.29936 30.0075 13.8387 27.2032 -4578.48  0.28989 0.267289 0.145404 0.297417   0.207434   0.163993  0.0858854  0.0304935   0.506822 0.00537296
(1,2,(3,((4,6),5))); -4538.92  -1.64152 28.4024 13.3698 25.2395 -4577.55 0.297674 0.274843 0.145749 0.281735   0.261328   0.136564  0.0654977  0.0283467   0.499567 0.00869664
(1,(2,3),((4,6),5)); -4543.38  -1.76579 32.1388 13.6268 25.9893 -4586.12  0.28198 0.273432  0.14568 0.298908     0.2657   0.151274   0.108381  0.0202479   0.448193 0.00620415
(1,2,(3,(4,(5,6)))); -4538.87  -1.29936 28.6947 13.3351 23.865 -4576.79 0.292529 0.253768 0.148012 0.305691  0.214959  0.172852 0.0828607 0.0112817  0.500633 0.0174135
(1,(2,3),(4,(5,6))); -4539.43  -1.42363 29.3963 13.7042 27.6141 -4581.31 0.283905 0.262099 0.155325 0.298671   0.264272   0.147088  0.0752044  0.0231071    0.48558 0.00474899
(1,2,(3,(4,(5,6)))); -4537.44  -1.29936 31.5643 13.5436 24.1115 -4578.27 0.299551 0.270772 0.157083 0.272594  0.268797   0.13448 0.0931083 0.0165961  0.476416 0.0106034
(1,(2,3),(4,(5,6))); -4542.81  -1.42363 29.7711 13.2239 23.9746 -4581.91  0.30231 0.254563 0.151886 0.291241   0.284361   0.148319  0.0724623  0.0139639   0.477615 0.00327944
(1,(2,((4,6),5)),3); -4548.93  -3.10649 24.9679 13.1882 26.6012 -4584.21 0.299331 0.268582 0.142508 0.289579    0.23286   0.128613   0.096925  0.0250319   0.507541 0.00902902
(1,2,(3,(4,(5,6)))); -4538.62  -1.29936 27.9195 13.2512 25.8851 -4577.88 0.290677 0.269307 0.160199 0.279817  0.254116  0.147542 0.0874882 0.0282163  0.471956 0.0106811
(1,(2,3),(4,(5,6))); -4540.29  -1.42363 30.8499 13.5433 25.9612 -4582.13 0.264798 0.271762 0.143736 0.319704   0.244983    0.15272  0.0968358  0.0199636   0.476539 0.00895887
(1,(2,3),((4,6),5)); -4545.33  -1.76579 30.5914 13.4164 25.2343 -4585.98 0.267303 0.291741 0.155409 0.285547   0.245032   0.148882  0.0693171  0.0181038   0.509017 0.00964847
(1,(2,((4,6),5)),3); -4551.25  -3.10649 23.5305 13.1747 24.1454 -4582.64 0.274166 0.287375 0.149954 0.288506   0.257549   0.126357  0.0748159  0.0313004   0.506931 0.00304714
(1,2,(3,(4,(5,6)))); -4537.92  -1.29936 26.1092 12.7835 28.0654 -4578.01 0.282248 0.275175 0.135583 0.306994     0.2603   0.153013  0.0853089  0.0192315   0.476253 0.00589399
(1,(2,3),(4,(5,6))); -4540.2  -1.42363 30.551 13.8989 25.9948 -4581.42 0.284971  0.28103 0.152755 0.281243   0.241954   0.179316  0.0735686   0.020971   0.482487 0.00170377
(1,2,(3,((4,6),5))); -4536.77  -1.64152 29.2457 13.6879 26.4389 -4577.12 0.303284 0.266532 0.143011 0.287173   0.242068   0.160998  0.0689757  0.0243086   0.501972 0.00167717
(1,(2,(4,(5,6))),3); -4544.3  -2.76434 28.724 13.3699 24.0639 -4580.96 0.279862 0.277246 0.147398 0.295495   0.194566   0.145428  0.0958912 0.00994629   0.546903 0.00726617
(1,(2,3),(4,(5,6))); -4541.81  -1.42363 29.5321 13.4151 25.9634 -4582.47 0.293676 0.267435 0.136315 0.302574   0.205735   0.185487  0.0827435  0.0220044   0.497486 0.00654437
(1,(2,3),(4,(5,6))); -4539.09  -1.42363 28.6586 13.0262 27.688 -4580.98 0.282747 0.270915 0.142546 0.303792  0.238347  0.163714 0.0656477   0.01828  0.503281 0.0107307
(1,(2,3),((4,6),5)); -4549.68  -1.76579 26.0762 13.6371 23.9422 -4584.29  0.27361 0.257437 0.162805 0.306148  0.242326  0.177822  0.101198 0.0161558  0.453599 0.0088993
(1,2,(3,((4,5),6))); -4545.4  -5.02883 29.3527 13.3588 23.0138 -4579.38 0.264667 0.298894 0.149671 0.286767   0.228328   0.158576  0.0677889  0.0309065   0.506836 0.00756479
(1,(2,3),(4,(5,6))); -4540.27  -1.42363 29.7782 13.7436 26.3536 -4581.23  0.29416 0.277614  0.12502 0.303206   0.227973      0.147  0.0863028  0.0135887    0.51756 0.00757543
(1,2,(3,(4,(5,6)))); -4539.12  -1.29936 27.337 13.4198 26.535 -4578.28 0.281837  0.25558 0.158145 0.304438  0.211125  0.161989 0.0880372 0.0159662  0.519478  0.003405
(1,2,(3,(4,(5,6)))); -4535.68  -1.29936 31.0373 13.0913 25.7925 -4578.12 0.306156 0.276816 0.129476 0.287553   0.235731   0.138824  0.0926698  0.0270452   0.500307 0.00542266
(1,(2,3),(4,(5,6))); -4539.14  -1.42363 28.4687 13.4805 28.7546 -4581.46 0.281421 0.275327 0.146418 0.296834   0.223933   0.155201  0.0745068  0.0152718   0.525814 0.00527427
(1,(2,((4,6),5)),3); -4538.65  -3.10649 32.2125 13.4183 26.8301 -4581.17 0.279429 0.271416 0.136407 0.312747   0.237299   0.148308   0.093895  0.0105341   0.501387 0.00857681
(1,2,(3,((4,6),5))); -4541.15  -1.64152 29.5817 13.3387 22.1821 -4577.93 0.300869 0.249028 0.158315 0.291788   0.213158   0.165357  0.0713969  0.0379516   0.508153 0.00398447
(1,2,(3,(4,(5,6)))); -4534.77  -1.29936 31.0872 13.5707 26.9605 -4577.94 0.263725 0.276598 0.150388 0.309289   0.236839   0.143242   0.091505  0.0170692   0.508074 0.00327058
(1,2,(3,(4,(5,6)))); -4533.63  -1.29936 29.981 13.0235 28.3358 -4577.62 0.284492 0.274542 0.137455 0.303511   0.234488   0.164222  0.0716463  0.0182954   0.508309 0.00303969
(1,2,(3,(4,(5,6)))); -4533.1  -1.29936 30.5831 13.0977 28.1936 -4577.48 0.290661 0.271827 0.144412 0.293101   0.236399   0.179091  0.0750994  0.0165642   0.488909 0.00393739
(1,(2,3),(4,(5,6))); -4537.14  -1.42363 31.5641 13.3301 26.9531 -4580.91 0.301988 0.266397 0.132778 0.298837   0.228924   0.137924  0.0978985  0.0177917   0.510153 0.00730938
(1,(2,3),(4,(5,6))); -4542.29  -1.42363 30.1848 13.1028 23.7612 -4581.71 0.270338 0.286431 0.125514 0.317717   0.220724   0.158263  0.0701145  0.0203349   0.524999 0.00556469
(1,2,(3,(4,(5,6)))); -4539.59  -1.29936 27.433 13.6371 25.4274 -4577.52 0.304689 0.267656 0.150832 0.276823   0.219477   0.175296  0.0902797  0.0272631   0.480588 0.00709529
(1,2,(3,((4,5),6))); -4541.26  -5.02883 30.0242 13.185 27.4108 -4580.48 0.283534 0.257893 0.149021 0.309552   0.226664   0.160977  0.0723181  0.0187623   0.518657 0.00262159
(1,(2,(4,(5,6))),3); -4543.78  -2.76434 29.6723 13.1232 22.2223 -4579.79 0.300856 0.297465 0.123678 0.278001   0.251494    0.13873  0.0914422  0.0202469   0.488751 0.00933616
(1,2,(3,(4,(5,6)))); -4535.41  -1.29936 30.1505 13.3564 26.1944 -4577.1 0.298329 0.273929 0.147159 0.280583   0.246003    0.15336  0.0666406  0.0299414   0.495192 0.00886305
(1,2,(3,((4,6),5))); -4536.65  -1.64152 30.321 13.547 25.4107 -4577.2 0.298544   0.2731 0.153896 0.274461  0.218401  0.178628 0.0862585 0.0206976  0.484719 0.0112959
(1,2,(3,((4,5),6))); -4541.92  -5.02883 32.4097 13.5812 25.0892 -4580.81  0.28184 0.262898 0.151381 0.303881  0.261467  0.130869 0.0651688 0.0119987  0.523715 0.0067811
(1,(2,3),((4,6),5)); -4546.96  -1.76579 28.942 13.9023 25.5562 -4585.79 0.267448 0.281308 0.153625 0.297619  0.267162  0.139149 0.0774997  0.016105  0.488659 0.0114249
(1,(2,3),((4,6),5)); -4551.93  -1.76579 27.8406 13.7502 22.8107 -4587.07 0.269685 0.259248 0.141753 0.329314   0.215015    0.17202  0.0667465  0.0142809   0.527791 0.00414739
(1,2,(3,(4,(5,6)))); -4535.17  -1.29936 29.6362 13.6744 27.57 -4577.4 0.272423 0.269647 0.152096 0.305834   0.221859   0.151969  0.0975375  0.0227956   0.496393 0.00944634
(1,(2,(4,(5,6))),3); -4540.19  -2.76434 31.4234 13.3905 24.1302 -4579.59 0.290167 0.249689 0.173895 0.286249   0.243798   0.156998  0.0882248  0.0210374   0.482552 0.00738946
(1,(2,3),(4,(5,6))); -4538.76  -1.42363 28.6747 13.5097 28.5097 -4581.01 0.283636  0.26551 0.150003 0.300851   0.246043   0.166859  0.0929562  0.0184591   0.471628 0.00405476
(1,2,(3,(4,(5,6)))); -4536.79  -1.29936 30.538 13.4588 23.6076 -4576.18 0.277784 0.271099 0.129644 0.321473   0.233332   0.122078  0.0944259   0.016717   0.524493 0.00895411
(1,(2,3),(4,(5,6))); -4541.28  -1.42363 29.4839 13.0512 26.0506 -4582.34  0.27925 0.276559 0.140813 0.303379    0.22547   0.189781  0.0863061   0.012833   0.477564 0.00804595
(1,2,(3,(4,(5,6)))); -4533.84  -1.29936 30.384 13.586 28.43 -4577.77 0.279143 0.270703 0.153815 0.296339   0.244846   0.153628  0.0708318  0.0212347   0.506355 0.00310494
(1,(2,3),(4,(5,6))); -4539.17  -1.42363 31.313 13.6838 26.5895 -4581.96 0.290857 0.288522  0.13942   0.2812  0.241947  0.172186 0.0861073 0.0165372  0.480713 0.0025093
(1,(2,3),(4,(5,6))); -4539.2  -1.42363 29.511 13.1064 26.4082 -4580.59 0.274195 0.267065  0.15718  0.30156    0.22896    0.18019  0.0676968  0.0207774   0.495006 0.00736942
(1,(2,3),(4,(5,6))); -4537.56  -1.42363 31.1348 13.3277 26.228 -4580.17 0.292554  0.26957 0.150322 0.287554   0.245373   0.156008   0.104405  0.0102462   0.474336 0.00963158
(1,2,(3,(4,(5,6)))); -4541.28  -1.29936 24.9742 13.8303 26.2019 -4577.32 0.309669 0.276143 0.135757  0.27843   0.237687   0.169148  0.0814934  0.0181537   0.489924 0.00359448
(1,(2,(4,(5,6))),3); -4536.78  -2.76434 31.0243 13.4848 27.3809 -4578.94 0.279557 0.287285 0.142733 0.290424   0.252781   0.137003  0.0783354  0.0177206   0.505311 0.00884915
(1,(2,3),(4,(5,6))); -4541.21  -1.42363 29.0653 13.0617 26.3679 -4582.16 0.295191 0.265735 0.142979 0.296096   0.217524   0.126897  0.0829401  0.0222554   0.544912 0.00547151
(1,(2,3),(4,(5,6))); -4543.82  -1.42363 30.2939 13.7976 24.941 -4583.83 0.291856 0.275568  0.14759 0.284986   0.205877   0.130597  0.0790567   0.016636    0.55903 0.00880437
(1,(2,3),((4,6),5)); -4543.58  -1.76579 29.7552 13.7979 27.6317 -4585.41 0.286713 0.267737 0.143767 0.301783  0.214105  0.153171 0.0972108 0.0188167  0.514841 0.0018563
(1,2,(3,(4,(5,6)))); -4537.17  -1.29936 28.9497 12.9236 26.4884 -4578.39 0.290672 0.275592 0.143241 0.290494    0.21945   0.145033   0.113697  0.0130528    0.50224 0.00652775
(1,(2,3),(4,(5,6))); -4546.15  -1.42363 23.9217 12.6354 26.3756 -4582.39  0.28777 0.278798 0.149673 0.283759   0.245255    0.13637  0.0747197  0.0146267   0.527499 0.00152994
(1,(2,(4,(5,6))),3); -4542.06  -2.76434 30.7396 13.8306 24.8775 -4581.09 0.295367 0.268724 0.155292 0.280618   0.208051   0.162355   0.084957  0.0347709   0.500462 0.00940437
(1,2,(3,(4,(5,6)))); -4538.02  -1.29936 28.4137 13.5657 25.4253 -4576.99 0.307069 0.254938 0.153253  0.28474    0.25461   0.158776   0.074786  0.0142307   0.487846 0.00975037
(1,(2,3),(4,(5,6))); -4537.68  -1.42363 30.8648 13.233 26.8816 -4580.77 0.272569 0.271509 0.162239 0.293683  0.224128  0.162786 0.0837588 0.0200631  0.497206  0.012058
(1,2,(3,((4,6),5))); -4543.24  -1.64152 26.6354 13.2918 24.795 -4579.74  0.29659 0.260281 0.157318 0.285811  0.239608  0.133404 0.0694305 0.0147895  0.529467 0.0133015
(1,2,(3,(4,(5,6)))); -4537.24  -1.29936 27.4584 13.4539 27.761 -4577.7 0.283131  0.26454 0.151238 0.301091  0.229591  0.170015 0.0914163 0.0170237  0.480203 0.0117518
(1,2,(3,((4,6),5))); -4548.34  -1.64152 29.8593 13.4929 16.0651 -4579.13 0.277453 0.284403 0.115767 0.322377  0.230678  0.129326  0.114479 0.0252573  0.481791 0.0184696
(1,(2,3),(4,(5,6))); -4544.64  -1.42363 26.0737 13.8332 26.3214 -4581.78 0.286835 0.265845 0.148363 0.298958   0.262017   0.127755  0.0713756  0.0142085   0.516696 0.00794782
(1,(2,3),((4,6),5)); -4544.57  -1.76579 28.5787 13.3602 27.4196 -4585.44 0.281722 0.259569 0.153143 0.305567  0.247046  0.160304 0.0822663 0.0206041  0.477497 0.0122828
(1,(2,(4,(5,6))),3); -4541.21  -2.76434 31.3068 13.801 24.863 -4580.82 0.270601 0.292098 0.149441  0.28786   0.238962   0.145793  0.0889783  0.0353728   0.485056 0.00583809
(1,(2,3),(4,(5,6))); -4538.96  -1.42363 29.5641 12.8998 25.83 -4580.03 0.269851 0.278102 0.141742 0.310304    0.23575   0.144213  0.0631884  0.0173505   0.530626 0.00887153
(1,(2,3),(4,(5,6))); -4542.16  -1.42363 28.3277 13.7209 27.043 -4582.39 0.282422  0.27017 0.165315 0.282094   0.248146   0.145777  0.0784407  0.0158145   0.504362 0.00745929
(1,2,(3,(4,(5,6)))); -4539.49  -1.29936 29.9555 13.2173 23.4633 -4578.39  0.28293 0.256577 0.131458 0.329036   0.213094    0.15056  0.0737465  0.0248464   0.532771 0.00498271
(1,(2,3),((4,6),5)); -4544.88  -1.76579 30.229 13.4063 25.305 -4585.24 0.284359 0.274162 0.144275 0.297204   0.236754   0.164369  0.0615366 0.00985805   0.515445  0.0120375
(1,(2,3),(4,(5,6))); -4540.18  -1.42363 28.9609 13.5281 27.1929 -4581.39 0.300492 0.258349 0.150224 0.290935  0.239485   0.14353 0.0844163 0.0200594  0.499836 0.0126739
(1,2,(3,((4,6),5))); -4534.76  -1.64152 30.7522 13.5728 27.7848 -4578.08 0.281893 0.273767 0.147339 0.297001   0.205582   0.166266  0.0955387  0.0179379   0.508185 0.00649059
(1,2,(3,((4,6),5))); -4535.16  -1.64152 31.7256 13.8543 26.2865 -4577.68 0.282509 0.275205 0.137039 0.305247   0.235503   0.148931  0.0605991  0.0166837   0.528345 0.00993869
(1,2,(3,((4,6),5))); -4538.94  -1.64152 28.6164 13.2519 24.0422 -4576.7 0.272562 0.267889 0.144317 0.315232   0.235934   0.144142   0.108481 0.00808675   0.494822 0.00853535
(1,(2,3),((4,6),5)); -4546.83  -1.76579 30.3568 13.5028 25.9677 -4587.89 0.305392 0.255955 0.142458 0.296194   0.213491   0.150908  0.0737865  0.0220212   0.531387 0.00840579
(1,2,(3,((4,6),5))); -4541.23  -1.64152 31.8312 13.4969 21.5536 -4579.47 0.292388 0.263349 0.135051 0.309211    0.28051   0.166658  0.0788217   0.034855    0.43242 0.00673494
(1,(2,3),(4,(5,6))); -4540.38  -1.42363 30.3162 13.664 25.3173 -4580.93 0.286576 0.271544 0.136195 0.305686  0.231555  0.151279   0.11354 0.0173719  0.471866  0.014388
(1,2,(3,((4,6),5))); -4538.25  -1.64152 27.7224 13.8645 27.1508 -4577.62 0.293044 0.267314 0.139713  0.29993   0.226803   0.160309   0.107481  0.0250363   0.476692 0.00367825
(1,2,(3,((4,6),5))); -4541.11  -1.64152 30.231 13.4571 22.2195 -4578.46 0.277718 0.256564 0.139671 0.326046  0.264594  0.160505 0.0671559 0.0233524  0.469008 0.0153847
(1,(2,3),(4,(5,6))); -4541.77  -1.42363 28.3595 13.1107 25.78 -4581.38 0.269555 0.280899 0.161683 0.287863   0.243806   0.172865  0.0797102   0.012203   0.485047 0.00636925
(1,(2,3),((4,6),5)); -4544.07  -1.76579 30.9108 13.4837 27.3431 -4587.07 0.297426 0.274336 0.141043 0.287195   0.237559   0.130735  0.0970755  0.0231029   0.505613 0.00591377
(1,(2,3),(4,(5,6))); -4542.22  -1.42363 26.2203 13.5761 27.1988 -4580.64  0.29229 0.258712 0.150979  0.29802   0.251049   0.156184    0.10244  0.0204857   0.463273 0.00656692
(1,2,(3,(4,(5,6)))); -4537.1  -1.29936 29.0591 13.4416 26.7115 -4578.13 0.290203  0.27433 0.131784 0.303683   0.219692   0.133668  0.0954482  0.0181323   0.525569 0.00748977
(1,(2,3),((4,6),5)); -4556.83  -1.76579 27.2516 12.8483 18.4003 -4587.86 0.297784 0.277905 0.144712 0.279599  0.227709  0.130371 0.0784464 0.0120914  0.515313   0.03607
(1,(2,3),((4,6),5)); -4544.12  -1.76579 30.1374 13.5386 26.9272 -4585.88 0.270139 0.279032 0.151974 0.298855  0.253024  0.152791 0.0792144 0.0212105  0.480718 0.0130429
(1,2,(3,((4,6),5))); -4545.03  -1.64152 27.4301 13.5003 22.9832 -4580.3 0.295269 0.254133 0.164326 0.286273  0.258941  0.122744 0.0908952 0.0220862  0.493795 0.0115385
(1,(2,((4,6),5)),3); -4551.35  -3.10649 20.4995 13.6656 28.3995 -4583.47 0.293764  0.26815 0.145545  0.29254   0.243707    0.13909  0.0781494  0.0241438   0.506036 0.00887327
(1,2,(3,((4,6),5))); -4540.26  -1.64152 27.2999 12.9825 25.9556 -4578.89 0.288579 0.277621 0.140783 0.293018  0.204819  0.143135 0.0853814 0.0303017  0.526033 0.0103302
(1,(2,3),(4,(5,6))); -4536.88  -1.42363 31.44 13.4997 27.7816 -4581.18 0.287988 0.280522 0.138594 0.292896   0.228004   0.135515  0.0840649  0.0253181   0.519625 0.00747358
(1,(2,3),(4,(5,6))); -4543.54  -1.42363 28.1142 13.3633 25.4223 -4582.29 0.288222 0.266177 0.131844 0.313758   0.211669   0.166293  0.0820091  0.0317183   0.501165 0.00714537
(1,(2,3),(4,(5,6))); -4540.87  -1.42363 28.5646 13.0039 26.5603 -4581.56 0.278509 0.289396 0.147886 0.284209   0.220388   0.167868  0.0922811   0.026743   0.488149 0.00457098
(1,(2,3),((4,6),5)); -4546.56  -1.76579 28.4057 13.2217 25.3834 -4585.36  0.30496 0.249839 0.139644 0.305558   0.238365   0.155322  0.0871275  0.0291711   0.482689 0.00732548
(1,(2,3),(4,(5,6))); -4539.47  -1.42363 29.2759 13.6504 28.2108 -4581.88 0.299056  0.26361 0.142794  0.29454   0.240682   0.154685  0.0700945   0.022681   0.507487 0.00437095
(1,(2,3),(4,(5,6))); -4540.41  -1.42363 31.2855 13.4983 25.9119 -4582.69 0.271899 0.272026 0.146914 0.309161    0.25237   0.185102  0.0826936  0.0168707   0.458685 0.00427847
(1,(2,3),(4,(5,6))); -4542.73  -1.42363 29.1421 13.4969 25.0874 -4582.04 0.296513 0.284354 0.145131 0.274002   0.215258   0.144568  0.0910827  0.0305238   0.509222 0.00934573
(1,(2,3),((4,6),5)); -4547.57  -1.76579 29.1053 12.9809 24.8914 -4586.82 0.302698 0.253602 0.128293 0.315407   0.237477   0.151369  0.0754313  0.0223573   0.505819 0.00754689
(1,2,(3,((4,6),5))); -4538.64  -1.64152 29.7055 13.3487 25.5015 -4578.86 0.287805 0.261124  0.14249 0.308581   0.223332   0.154969   0.057491  0.0206082    0.53702 0.00658008
(1,2,(3,((4,6),5))); -4534.39  -1.64152 30.3764 13.5372 27.5965 -4577.18 0.282281 0.283573 0.147117 0.287028  0.236165  0.159144 0.0766888 0.0156628  0.499322 0.0130182
(1,(2,3),(4,(5,6))); -4541.94  -1.42363 27.0147 13.5435 26.9561 -4580.94 0.268277 0.276278 0.155659 0.299785   0.243891   0.150447  0.0741651  0.0290981   0.497169 0.00523067
(1,2,(3,((4,6),5))); -4536.27  -1.64152 29.6914 13.4518 25.3323 -4576.2 0.292898 0.274226 0.140038 0.292837   0.233425   0.185762  0.0872389   0.010372   0.481431 0.00177082
(1,(2,3),(4,(5,6))); -4539.81  -1.42363 31.2266 13.2648 24.6935 -4581.04 0.286434 0.267592 0.133509 0.312464  0.202795   0.14125 0.0949444 0.0223486  0.536699 0.0019627
(1,(2,3),((4,6),5)); -4544.3  -1.76579 28.3999 13.5381 28.5081 -4585.9 0.279726 0.272246  0.14328 0.304748    0.22253   0.161745  0.0950348  0.0148242   0.501999 0.00386777
(1,(2,3),(4,(5,6))); -4543.58  -1.42363 27.8864 13.333 23.3677 -4580.08 0.282524 0.266365 0.150778 0.300332   0.260912   0.164223  0.0495926  0.0225606   0.493304 0.00940692
(1,2,(3,((4,6),5))); -4541.77  -1.64152 26.7111 13.633 23.5855 -4576.8 0.266648 0.277677 0.142476 0.313199    0.23739   0.128734  0.0793149 0.00895621   0.540787 0.00481814
(1,2,(3,((4,6),5))); -4537.89  -1.64152 29.5163 13.9167 26.304 -4578.15  0.30227 0.267003 0.129745 0.300983   0.241923   0.136381  0.0799864  0.0138388   0.520594 0.00727643
(1,2,(3,((4,6),5))); -4540.08  -1.64152 27.2747 13.3279 26.7706 -4579.16 0.284339 0.263298 0.153287 0.299076   0.251838   0.128657  0.0901121   0.026105   0.494378 0.00891014
(1,2,(3,((4,6),5))); -4539.17  -1.64152 25.4683 13.0768 26.7639 -4576.69 0.289022 0.271985  0.15818 0.280814   0.225914   0.169954  0.0962371  0.0145152   0.484017 0.00936274
(1,(2,(4,(5,6))),3); -4538.72  -2.76434 29.2133 13.2775 28.5099 -4580.4 0.280143 0.275198 0.145794 0.298866   0.226227   0.155026  0.0998396  0.0209156   0.488976 0.00901567
(1,2,(3,(4,(5,6)))); -4534.29  -1.29936 29.2238 13.0719 28.7434 -4577.89 0.285751 0.260736 0.147839 0.305674   0.238008   0.158021  0.0735076   0.016884   0.508298 0.00528093
(1,(2,3),((4,6),5)); -4548.04  -1.76579 27.7936 13.1159 24.6948 -4585.65 0.280519 0.284735 0.157502 0.277244  0.216272  0.170989 0.0786869 0.0157348  0.503409 0.0149082
(1,2,(3,(4,(5,6)))); -4534.39  -1.29936 30.7513 13.754 26.8648 -4576.95 0.293434  0.26214 0.146196 0.298229   0.230361   0.179356   0.100417  0.0198851   0.465927 0.00405347
(1,(2,3),(4,(5,6))); -4540.38  -1.42363 27.3764 13.5508 28.2349 -4581.01 0.277483 0.271819 0.156988 0.293711   0.227674   0.157755  0.0909611  0.0257666   0.490735 0.00710781
(1,2,(3,((4,6),5))); -4537.41  -1.64152 27.8948 13.5047 28.1299 -4578.29 0.282366 0.269338 0.143073 0.305223   0.25215  0.143004 0.0962268 0.0245558  0.478954 0.0051093
(1,2,(3,(4,(5,6)))); -4533.65  -1.29936 31.2543 13.4219 26.9591 -4577.14 0.293439 0.275245 0.155067 0.276249   0.257911   0.153415  0.0760273  0.0147238   0.489768 0.00815453
(1,(2,3),(4,(5,6))); -4538.06  -1.42363 30.1893 12.9872 27.0349 -4580.87 0.274092 0.290858 0.142123 0.292926  0.228185  0.155364 0.0818226 0.0247007  0.499814  0.010113
(1,2,(3,((4,6),5))); -4536.92  -1.64152 28.3161 13.3015 26.3998 -4576.69 0.303391  0.26986 0.151331 0.275418   0.254645   0.155797  0.0944767  0.0199842   0.471624 0.00347325
(1,(2,3),(4,(5,6))); -4542.38  -1.42363 28.0494 13.4307 24.859 -4580.44 0.277247 0.276446  0.14319 0.303117    0.22858   0.121244  0.0827621  0.0315193   0.532349 0.00354581
(1,2,(3,(4,(5,6)))); -4541.41  -1.29936 29.9266 13.5498 22.7826 -4579.27 0.277563 0.281689 0.146527 0.294221  0.222101  0.161767   0.11029 0.0361333  0.456462 0.0132471
(1,2,(3,(4,(5,6)))); -4535.03  -1.29936 31.7669 13.4961 24.0835 -4576.08 0.297366 0.247512 0.156863 0.298259   0.242465    0.18086  0.0882437  0.0252185   0.459041 0.00417095
(1,(2,3),(4,(5,6))); -4539.99  -1.42363 29.7684 13.5827 27.1964 -4581.95 0.296118 0.273249 0.136818 0.293816   0.223501   0.173151   0.082031  0.0291285   0.487752 0.00443666
(1,(2,3),(4,(5,6))); -4538.98  -1.42363 30.568 13.4033 25.6441 -4580.36 0.291638 0.253852 0.155628 0.298882  0.215095  0.149196  0.100991 0.0207008  0.500845 0.0131721
(1,2,(3,(4,(5,6)))); -4536.68  -1.29936 30.7546 13.5455 26.1273 -4578.72 0.263718 0.280192 0.143458 0.312632   0.236414   0.171896  0.0780132  0.0175537   0.486845 0.00927842
(1,2,(3,((4,6),5))); -4537.2  -1.64152 28.2646 13.5195 27.0523 -4577.36 0.273788 0.292521 0.142417 0.291274   0.240402   0.145113  0.0868125  0.0201727   0.497692 0.00980805
(1,(2,3),(4,(5,6))); -4539.31  -1.42363 28.9947 13.3011 27.1026 -4580.68  0.28436 0.284701 0.141931 0.289008   0.234815   0.156004   0.104119  0.0225164   0.480223 0.00232391
(1,2,(3,((4,6),5))); -4534.28  -1.64152 30.6008 13.4624 26.886 -4576.66 0.273703 0.261193 0.154166 0.310938   0.220398   0.171302  0.0918548  0.0158428   0.496761 0.00384133
(1,2,(3,(4,(5,6)))); -4538.72  -1.29936 28.119 13.3649 26.164 -4578.34 0.290759 0.266628 0.148159 0.294453   0.231825   0.155789  0.0740712  0.0387798   0.491439 0.00809602
(1,2,(3,(4,(5,6)))); -4546.08  -1.29936 22.0038 12.8003 24.0449 -4578.03 0.273193 0.262236 0.151036 0.313535   0.215674   0.143572  0.0644164  0.0130127   0.556531 0.00679418
(1,(2,3),((4,6),5)); -4548.17  -1.76579 27.0027 13.4149 26.7788 -4586.77 0.302755 0.271782 0.141289 0.284174   0.209351   0.169465   0.084237  0.0154676   0.517175 0.00430482
(1,(2,(4,(5,6))),3); -4538.7  -2.76434 31.1517 13.2889 26.6916 -4580.49 0.286353 0.278188 0.135287 0.300172  0.238995   0.14793 0.0920076 0.0205047  0.483664 0.0168984
(1,(2,((4,6),5)),3); -4543.3  -3.10649 28.3331 12.9701 27.4444 -4583 0.291103 0.277977 0.145952 0.284968  0.216167  0.162375 0.0805797 0.0188247  0.509033   0.01302
(1,2,(3,(4,(5,6)))); -4539.24  -1.29936 28.9335 13.5126 25.5735 -4578.94 0.303676  0.25641 0.140605 0.299309   0.201675   0.166606  0.0850743  0.0175704   0.521056 0.00801881
(1,2,(3,(4,(5,6)))); -4543.16  -1.29936 29.8663 13.3125 19.8859 -4578.3  0.27435 0.261104 0.157625 0.306921  0.259759   0.17251 0.0644122 0.0395329  0.449898  0.013888
(1,2,(3,(4,(5,6)))); -4535.51  -1.29936 30.8294 13.6936 27.3238 -4578.67 0.277735 0.274576 0.136912 0.310777    0.24273   0.171457  0.0824719   0.023247   0.471884 0.00820979
(1,(2,3),(4,(5,6))); -4541.46  -1.42363 27.6507 13.1483 27.4195 -4581.96 0.286147 0.267077 0.155496  0.29128   0.214655   0.143452  0.0761146  0.0224311   0.535636 0.00771159
(1,(2,3),(4,(5,6))); -4545.15  -1.42363 25.2599 12.8622 24.7587 -4580.88 0.296693 0.279157 0.152151 0.271999   0.217322   0.179424    0.10222  0.0193604    0.47745 0.00422368
(1,2,(3,((4,6),5))); -4535.6  -1.64152 29.6512 13.5601 27.2835 -4577.34 0.278819 0.269888 0.146657 0.304637  0.218626   0.16738 0.0916735 0.0163768  0.492369 0.0135752
(1,(2,3),(4,(5,6))); -4537.04  -1.42363 31.0815 13.85 28.3207 -4581.17 0.285658 0.271201 0.138476 0.304664   0.217517   0.165175  0.0931317  0.0205812    0.49572 0.00787518
(1,2,(3,(4,(5,6)))); -4541.94  -1.29936 27.1123 13.1956 23.8118 -4578.37 0.275273 0.276977 0.144578 0.303172  0.195038   0.17065 0.0909431 0.0272417  0.500514 0.0156135
(1,(2,3),(4,(5,6))); -4543.73  -1.42363 29.6964 13.3832 23.5717 -4582.2 0.295378 0.278481 0.146508 0.279633   0.272526   0.131517   0.111705  0.0188268   0.460603 0.00482222
(1,2,(3,((4,6),5))); -4538.76  -1.64152 31.9299 13.6222 23.1853 -4578.61  0.26539 0.277337 0.142862 0.314411  0.216537  0.149196 0.0898326 0.0291509  0.496011 0.0192735
(1,2,(3,(4,(5,6)))); -4537.22  -1.29936 26.9818 13.0751 27.5759 -4577.41   0.2887 0.280717  0.13475 0.295834  0.243784  0.165857 0.0787984  0.014333  0.486637 0.0105913
(1,(2,3),((4,6),5)); -4546.14  -1.76579 29.4928 13.3581 25.3432 -4585.85 0.266339 0.269681 0.166838 0.297141   0.215893   0.168214  0.0950466  0.0225241   0.492284 0.00603865
(1,2,(3,(4,(5,6)))); -4533.07  -1.29936 31.9403 13.3659 27.3951 -4577.74 0.281989 0.271244 0.144891 0.301875  0.254316  0.131847 0.0829182 0.0150825    0.5046 0.0112369
(1,(2,3),(4,(5,6))); -4536.26  -1.42363 32.4195 13.5836 27.6734 -4581.34 0.289738 0.287597 0.138148 0.284517    0.25374   0.144192  0.0872558  0.0182888   0.491136 0.00538806
(1,(2,3),((4,6),5)); -4547.83  -1.76579 28.3044 13.0205 24.0215 -4585.37 0.279981 0.254292 0.143293 0.322433   0.233691    0.12998  0.0962869  0.0213633   0.517077 0.00160187
(1,(2,3),(4,(5,6))); -4537.16  -1.42363 31.1235 13.7898 28.4025 -4581.47 0.285957 0.274757 0.142476  0.29681  0.229386  0.163033 0.0920383 0.0276502  0.480745  0.007147
(1,(2,((4,6),5)),3); -4543.83  -3.10649 26.1116 12.8877 28.6257 -4582.57 0.287336 0.281455 0.138748 0.292461  0.225427  0.144338 0.0888428 0.0192005  0.517963 0.0042282
(1,(2,3),(4,(5,6))); -4537.68  -1.42363 28.9555 12.9148 28.7194 -4581.02 0.282732 0.280562 0.145334 0.291372   0.230829   0.152207  0.0970226  0.0216515   0.494787 0.00350271
(1,(2,((4,6),5)),3); -4541.81  -3.10649 30.2712 13.3303 27.677 -4583.32 0.287415 0.266373 0.148022  0.29819   0.239573   0.134677   0.103721  0.0241063   0.491736 0.00618719
(1,(2,3),((4,6),5)); -4543.9  -1.76579 29.6204 13.3453 27.862 -4586.27   0.2744 0.274929 0.153067 0.297604   0.242229    0.15095  0.0900778  0.0284334   0.480804 0.00750637
(1,2,(3,(4,(5,6)))); -4542.92  -1.29936 23.9985 12.8676 26.6621 -4579.41 0.286496 0.269023 0.154155 0.290326    0.23999   0.132778  0.0857862  0.0122835   0.527132 0.00203122
(1,(2,3),((4,6),5)); -4542.43  -1.76579 30.0197 13.6558 28.896 -4585.92 0.276471 0.269586 0.153559 0.300384   0.227751   0.152314   0.089346  0.0169071   0.509765 0.00391641
(1,(2,3),((4,6),5)); -4546.72  -1.76579 29.8744 13.443 25.0178 -4586.41 0.278508 0.281492 0.167694 0.272306  0.221554   0.16138 0.0873434 0.0195074   0.50142 0.0087959
(1,(2,3),(4,(5,6))); -4540.49  -1.42363 30.4402 13.527 26.1922 -4582.17 0.266407 0.266254 0.162321 0.305018   0.238328   0.138157   0.092869  0.0232617   0.503323 0.00406113
(1,(2,3),((4,6),5)); -4545.55  -1.76579 28.7798 13.0223 25.7605 -4585.3 0.273046 0.292525 0.136514 0.297915  0.235822   0.13716 0.0999356 0.0140517  0.507116 0.0059145
(1,(2,3),(4,(5,6))); -4540.79  -1.42363 32.3528 13.8177 22.6972 -4580.59 0.306668 0.277579 0.152623  0.26313   0.256848   0.149981   0.105793  0.0199084   0.460577 0.00689237
(1,(2,(4,(5,6))),3); -4545.7  -2.76434 30.8559 13.4867 19.5815 -4579.89  0.28747 0.271222 0.157335 0.283972   0.244023   0.192815  0.0767417  0.0423407   0.434265 0.00981483
(1,2,(3,(4,(5,6)))); -4537.9  -1.29936 29.9565 13.8021 25.1991 -4577.96 0.271083 0.285309   0.1542 0.289408  0.221996  0.162466 0.0775756  0.022723  0.498122 0.0171172
(1,2,(3,((4,6),5))); -4538.78  -1.64152 28.1076 13.3082 25.3276 -4577.27 0.296758 0.291623 0.132838 0.278781  0.239657  0.156829 0.0907742 0.0214016  0.479924  0.011415
(1,2,(3,(4,(5,6)))); -4539.21  -1.29936 28.1394 13.5067 25.6493 -4578.19 0.294054   0.2713 0.157138 0.277507   0.227705   0.153178   0.101108  0.0311668   0.483576 0.00326667
(1,(2,3),(4,(5,6))); -4542.4  -1.42363 25.2005 12.6417 27.1817 -4580.72 0.289827 0.277521 0.149094 0.283558   0.229998   0.184198  0.0830563  0.0217026    0.47505 0.00599504
(1,(2,((4,6),5)),3); -4543.05  -3.10649 27.8141 13.1552 27.5996 -4582.2  0.28332 0.266791 0.148829 0.301059   0.221579   0.152813   0.107513  0.0136655   0.500099 0.00433069
(1,2,(3,(4,(5,6)))); -4542.8  -1.29936 25.2028 14.1557 26.4752 -4579.02 0.291133  0.25987 0.153985 0.295012   0.238944   0.133412   0.076335  0.0270648   0.521878 0.00236506
(1,2,(3,(4,(5,6)))); -4538.41  -1.29936 26.8036 12.8195 26.6017 -4577.69 0.273543 0.276042 0.154219 0.296197   0.23891  0.160119 0.0966133  0.019003  0.470726 0.0146284
(1,2,(3,((4,6),5))); -4545.69  -1.64152 25.6251 13.6023 23.233 -4579.3 0.298525 0.251241 0.134761 0.315472   0.239708   0.121454  0.0973019  0.0174844   0.519866 0.00418531
(1,2,(3,(4,(5,6)))); -4536.57  -1.29936 27.405 12.8984 28.2634 -4578.04  0.29457 0.274175 0.137797 0.293458  0.229216  0.160183 0.0718211 0.0198015  0.515915 0.0030639
(1,(2,(4,(5,6))),3); -4542.28  -2.76434 27.7545 13.4823 26.6693 -4580.45 0.283243 0.271569 0.147633 0.297555  0.231688  0.128086 0.0978102  0.017277  0.512088  0.013051
(1,(2,3),(4,(5,6))); -4546.53  -1.42363 27.4256 13.4539 22.4132 -4581.49 0.295188 0.275543  0.14024 0.289028  0.219225  0.174988 0.0911288 0.0261127  0.463585 0.0249598
(1,2,(3,(4,(5,6)))); -4543.97  -1.29936 23.0151 13.5431 24.7901 -4576.94 0.288356 0.273888 0.165083 0.272673   0.233576   0.178002  0.0949953  0.0194522   0.467074 0.00690056
(1,2,(3,(4,(5,6)))); -4541.81  -1.29936 24.8965 13.0219 25.7495 -4578.13  0.28124 0.283832 0.145715 0.289213  0.211441  0.165556 0.0883369 0.0234802  0.494564 0.0166224
(1,(2,3),((4,5),6)); -4553.96  -5.1531 28.8539 13.9614 24.4484 -4588.15 0.284422 0.252499 0.145465 0.317614  0.209478  0.152672 0.0754587 0.0283583  0.523232 0.0108007
(1,2,(3,((4,6),5))); -4542.1  -1.64152 27.6588 13.5692 25.2826 -4579.83 0.287813 0.271495 0.133572 0.307121  0.216666  0.162156   0.08655 0.0253067  0.490955 0.0183662
(1,(2,3),(4,(5,6))); -4545.46  -1.42363 24.6185 13.292 26.1788 -4581.54 0.280355 0.258271 0.143165  0.31821   0.249632   0.154458  0.0646504   0.016357   0.507289 0.00761464
(1,(2,(4,(5,6))),3); -4540.46  -2.76434 30.0082 13.259 25.3278 -4579.78 0.277718 0.262177 0.143624  0.31648   0.20809  0.150116  0.105466 0.0213733   0.50386 0.0110948
(1,(2,(4,(5,6))),3); -4539.39  -2.76434 28.7233 13.4404 27.6303 -4579.54   0.2864 0.268137 0.157405 0.288058  0.250095  0.146313 0.0786668 0.0149979  0.498261 0.0116662
(1,(2,3),(4,(5,6))); -4540.47  -1.42363 30.9393 13.6341 24.3587 -4580.71  0.26855 0.260079 0.145926 0.325445   0.24187  0.146183 0.0917843 0.0164002  0.488783 0.0149795
(1,(2,3),(4,(5,6))); -4545.52  -1.42363 26.4291 13.621 24.0023 -4580.91 0.263521  0.27028 0.145925 0.320274   0.207381   0.173323   0.101188    0.02314   0.490195 0.00477328
(1,2,(3,(4,(5,6)))); -4536.54  -1.29936 29.8402 13.9362 26.7692 -4577.92 0.282097 0.257121  0.15205 0.308732   0.238078   0.154972   0.103178  0.0207448   0.473247 0.00978119
(1,(2,3),(4,(5,6))); -4540.28  -1.42363 26.6569 13.0676 28.4948 -4580.94 0.283574 0.271923 0.143679 0.300823   0.252966   0.158027   0.068683  0.0213494   0.492047 0.00692751
(1,(2,3),((4,6),5)); -4545.13  -1.76579 32.4709 13.3386 24.6773 -4587.17 0.300715 0.255256 0.131884 0.312145   0.233045   0.131906  0.0857017  0.0282279   0.515921 0.00519824
(1,(2,((4,6),5)),3); -4542.57  -3.10649 29.0135 13.1094 27.4417 -4582.81 0.294753 0.281934 0.132875 0.290438  0.237557  0.146118 0.0810078 0.0230711  0.501665 0.0105817
(1,2,(3,((4,6),5))); -4535.89  -1.64152 30.3022 13.26 25.7254 -4577.01 0.273291 0.280488 0.145688 0.300533    0.24237   0.156041  0.0597091  0.0196713   0.520356 0.00185357
(1,2,(3,((4,6),5))); -4536.16  -1.64152 28.8596 13.455 26.4968 -4576.42 0.294372    0.275  0.13172 0.298908   0.270152   0.157454  0.0839773  0.0164059   0.464238 0.00777243
(1,2,(3,(4,(5,6)))); -4540.82  -1.29936 26.4144 13.6728 25.7789 -4578.05 0.279713 0.263784 0.136786 0.319717   0.241758   0.158071  0.0648855  0.0274006    0.50218 0.00570438
(1,2,(3,(4,(5,6)))); -4540.13  -1.29936 29.3216 13.0139 24.0003 -4579.14 0.292907 0.267836 0.134204 0.305052  0.202998  0.176476 0.0846147 0.0200669  0.497733 0.0181102
(1,(2,((4,6),5)),3); -4540.44  -3.10649 30.2914 13.5165 27.4661 -4581.57 0.292173 0.265394 0.150045 0.292388   0.214513   0.171659  0.0843486  0.0249088    0.50196 0.00261038
(1,(2,3),((4,6),5)); -4544.26  -1.76579 29.3468 13.3278 28.0116 -4586.52 0.296795 0.266202 0.144862 0.292141   0.252097   0.138529  0.0895286  0.0251777   0.487912 0.00675509
(1,2,(3,(4,(5,6)))); -4536.29  -1.29936 29.0481 13.5721 27.3146 -4577.78 0.299727 0.273032 0.133453 0.293788    0.24598   0.151034  0.0989542  0.0238781   0.474647 0.00550708
(1,2,(3,(4,(5,6)))); -4538.08  -1.29936 29.5435 14.01 25.6016 -4577.91 0.274948 0.261697 0.143894 0.319461   0.233967   0.147731  0.0667562  0.0279522   0.515206 0.00838816
(1,2,(3,(4,(5,6)))); -4540.38  -1.29936 27.7334 13.2892 25.1516 -4578.68 0.299525 0.254817  0.15362 0.292038  0.224525  0.137454  0.101048   0.01845  0.504425 0.0140991
(1,(2,3),((4,6),5)); -4544.84  -1.76579 27.6645 13.0266 27.6005 -4585.31 0.285755 0.260995 0.149069 0.304181   0.219492   0.179802  0.0783536   0.019599   0.497888 0.00486635
(1,(2,(4,(5,6))),3); -4540.81  -2.76434 29.8877 13.6526 26.2572 -4580.53 0.299591 0.271008 0.130879 0.298521   0.229614   0.138365   0.104803  0.0186896   0.499149 0.00937981
(1,2,(3,((4,6),5))); -4536.57  -1.64152 30.6153 13.2246 26.0589 -4578.38 0.277153 0.268802 0.154306 0.299739   0.212587   0.130989  0.0832983  0.0259744    0.53992 0.00723222
(1,2,(3,(4,(5,6)))); -4535.71  -1.29936 30.3794 13.2327 25.933 -4577.49   0.2958 0.251351 0.146559  0.30629   0.236897   0.163674  0.0812031  0.0318374   0.480091 0.00629706
(1,2,(3,((4,5),6))); -4541.43  -5.02883 30.7695 13.7496 27.7 -4581.12 0.285742 0.275615 0.137093 0.301549   0.258918   0.149015  0.0758796  0.0274547   0.482806 0.00592669
(1,2,(3,(4,(5,6)))); -4540.92  -1.29936 27.6163 13.2419 24.6647 -4578.66 0.292152 0.255532 0.142328 0.309988   0.204593   0.175056  0.0666197  0.0194654   0.528928 0.00533749
(1,(2,3),(4,(5,6))); -4535.81  -1.42363 32.1161 13.3849 28.1678 -4581.28 0.284572 0.268311 0.147974 0.299143   0.239124   0.136844  0.0813976  0.0283617   0.506663 0.00760996
