tree logl logTop logBL logPrior logQ logWt pi1 pi2 pi3 pi4 s1 s2 s3 s4 s5 s6
(1,(2,3),((4,6),5)); -4547.91  -1.76579 27.025 13.8481 26.1084 -4585.43 0.297861 0.277853 0.139348 0.284938   0.255825    0.13656  0.0838621  0.0275282   0.494361 0.00186455
(1,(2,3),((4,6),5)); -4541.79  -1.76579 31.0573 13.4222 28.1257 -4585.79 0.283304 0.263004 0.139674 0.314018   0.221772    0.16254  0.0838552  0.0173105   0.509694 0.00482857
(1,(2,3),((4,6),5)); -4547.22  -1.76579 28.6292 13.4708 25.5508 -4586.16 0.263509 0.281716 0.158095  0.29668  0.255331   0.15103 0.0736718 0.0224151  0.486726 0.0108256
(1,(2,(4,(5,6))),3); -4538.12  -2.76434 30.87 13.6853 28.2464 -4580.79 0.285799 0.272946 0.147186 0.294069   0.231234   0.142198   0.105358  0.0191992   0.494087 0.00792456
(1,(2,3),((4,6),5)); -4548.13  -1.76579 27.6362 13.0863 24.7812 -4585.7 0.283348 0.290773 0.141145 0.284734   0.229513   0.135206    0.10888  0.0292028   0.490935 0.00626366
(1,2,(3,(4,(5,6)))); -4537.35  -1.29936 28.0655 14.0195 26.8732 -4576.97 0.292068  0.26365 0.154045 0.290236  0.250886  0.166712 0.0923061 0.0156284  0.463138 0.0113294
(1,2,(3,((4,6),5))); -4538.93  -1.64152 27.7084 13.8267 27.3408 -4578.52 0.291458 0.273858 0.147446 0.287238   0.223136   0.139968  0.0887086  0.0310321   0.509142 0.00801268
(1,2,(3,(4,(5,6)))); -4538.47  -1.29936 28.8961 13.4735 25.984 -4578.57 0.289799 0.275618 0.140822  0.29376   0.222969   0.160025   0.120279   0.020068   0.471525 0.00513363
(1,(2,3),((4,6),5)); -4546.07  -1.76579 27.8124 13.4787 25.3234 -4583.96  0.29991 0.248449 0.155304 0.296338   0.238772   0.167099  0.0974944   0.014073    0.47508 0.00748189
(1,(2,3),((4,6),5)); -4543.03  -1.76579 29.107 13.3773 27.6831 -4584.68 0.289812 0.279794 0.146465 0.283929    0.24638   0.167614  0.0930213   0.022378   0.466957 0.00365009
(1,(2,3),(4,(5,6))); -4538.97  -1.42363 30.6359 13.2228 26.5751 -4581.53 0.285353 0.280142 0.149997 0.284507   0.261555   0.149036  0.0970352  0.0128585   0.477102 0.00241316
(1,2,(3,(4,(5,6)))); -4539.25  -1.29936 29.2346 13.4584 25.5651 -4579.29 0.287352 0.290758 0.145515 0.276376    0.20462   0.165811  0.0820458  0.0199005   0.522198 0.00542524
(1,(2,3),(4,(5,6))); -4545.12  -1.42363 30.5653 13.6841 21.4574 -4582.03 0.267546 0.299913 0.135469 0.297072  0.216146  0.153423   0.11516 0.0223876  0.480684 0.0121986
(1,2,(3,(4,(5,6)))); -4540.56  -1.29936 30.1087 13.596 23.5446 -4579.32  0.28692 0.279807 0.135855 0.297419  0.209362  0.154295  0.106087 0.0268268  0.484145 0.0192849
(1,(2,((4,6),5)),3); -4539.65  -3.10649 30.8998 13.7456 27.4455 -4581.14 0.284671 0.284262 0.136332 0.294734   0.251578   0.154178  0.0790482  0.0112135   0.499672 0.00431078
(1,2,(3,(4,(5,6)))); -4538.7  -1.29936 26.5233 12.9554 27.1536 -4578.12 0.288363 0.264302 0.156646 0.290689   0.225506    0.15266  0.0652839    0.01867   0.530223 0.00765629
(1,(2,(4,(5,6))),3); -4546.88  -2.76434 28.623 13.0838 23.1101 -4582.76 0.292132 0.284655 0.123867 0.299345  0.220135  0.161509 0.0993546 0.0309041  0.475646 0.0124507
(1,(2,3),(4,(5,6))); -4538.78  -1.42363 28.8777 13.1796 27.7196 -4580.78 0.283254 0.281455 0.152237 0.283054  0.227824  0.155778 0.0967774 0.0193205  0.489977 0.0103223
(1,(2,3),(4,(5,6))); -4541.25  -1.42363 31.0222 13.6617 24.1073 -4581.3 0.272478 0.268586 0.151899 0.307037   0.214434   0.177627    0.11277  0.0247889   0.467153 0.00322717
(1,(2,3),(4,(5,6))); -4541.08  -1.42363 30.6541 13.6771 25.3595 -4581.99 0.278526 0.286429  0.15765 0.277395   0.257825    0.13557  0.0702287  0.0193022   0.512039 0.00503465
(1,(2,3),((4,6),5)); -4547.53  -1.76579 29.4262 13.6513 24.165 -4585.7 0.277725 0.288433 0.162132  0.27171   0.267943   0.149939  0.0872604   0.019456   0.471206 0.00419574
(1,2,(3,(4,(5,6)))); -4538.33  -1.29936 29.9427 13.5398 24.7071 -4578.14 0.301244  0.25997 0.128821 0.309965  0.234543  0.149251  0.073189 0.0229202  0.505444 0.0146525
(1,2,(3,((4,6),5))); -4538.29  -1.64152 27.9421 13.3241 26.587 -4577.85 0.278948 0.275141 0.145984 0.299927  0.239322  0.138047 0.0666888 0.0118778  0.537983 0.0060821
(1,2,(3,(4,(5,6)))); -4545.29  -1.29936 22.5023 12.7981 25.3265 -4579.02 0.285234 0.279729 0.135466  0.29957    0.26302   0.183494  0.0755377  0.0179942   0.452597 0.00735769
(1,(2,3),((4,6),5)); -4546.67  -1.76579 29.4035 13.5783 24.7666 -4585.5 0.259522 0.276196 0.161033 0.303249   0.23525  0.161941  0.072846 0.0209802  0.496293 0.0126885
(1,(2,3),(4,(5,6))); -4542.86  -1.42363 28.264 13.2034 24.2189 -4580.71 0.275669 0.262508 0.160655 0.301168   0.237179   0.187807  0.0634654    0.02524   0.480094 0.00621501
(1,(2,3),((4,6),5)); -4542.21  -1.76579 30.6867 13.1107 27.7873 -4585.81 0.288785 0.264578 0.158399 0.288238   0.244951   0.151053  0.0803117  0.0284167   0.489786 0.00548135
(1,(2,((4,6),5)),3); -4545.2  -3.10649 27.4301 13.615 25.8021 -4581.71 0.273759 0.271144  0.15477 0.300327  0.230865   0.16635 0.0962405 0.0136732  0.476879 0.0159923
(1,(2,3),(4,(5,6))); -4536.29  -1.42363 31.0669 13.2264 28.1042 -4580.81 0.292736 0.270775 0.140407 0.296082   0.253381   0.135546  0.0792283  0.0243956   0.500378 0.00707113
(1,2,(3,((4,6),5))); -4536.04  -1.64152 29.6482 13.5512 27.1478 -4577.64 0.285542 0.260365 0.150938 0.303155    0.20707   0.169952   0.082941   0.015856   0.520046 0.00413539
(1,(2,3),((4,6),5)); -4546.77  -1.76579 30.8393 13.2757 24.6255 -4587.2 0.299275 0.261785 0.160195 0.278745   0.256832   0.137248  0.0662946  0.0257286   0.509198 0.00469926
(1,2,(3,(4,(5,6)))); -4542.21  -1.29936 25.0085 13.4105 25.7196 -4578.23 0.291208 0.269146 0.136937  0.30271   0.203511   0.150154   0.100366  0.0117205   0.525855 0.00839292
(1,(2,3),((4,6),5)); -4543.87  -1.76579 29.0966 13.2749 27.3767 -4585.3 0.273098 0.289876  0.14442 0.292606   0.239616   0.156875  0.0864446  0.0129427   0.500274 0.00384832
(1,(2,3),(4,(5,6))); -4541.83  -1.42363 29.4262 13.1502 25.4837 -4582.17 0.281817 0.276722 0.138129 0.303332   0.208171   0.181108  0.0874253  0.0111109   0.509242 0.00294294
(1,(2,3),(4,(5,6))); -4539.32  -1.42363 31.5706 13.7503 26.281 -4581.99  0.28481  0.27795 0.131031 0.306209   0.250047   0.157045  0.0893081  0.0305575   0.469398 0.00364504
(1,(2,3),(4,(5,6))); -4550.88  -1.42363 24.0027 13.0837 22.2777 -4582.65 0.264755 0.258106 0.159206 0.317933   0.243182   0.127591  0.0939637  0.0126822   0.520787 0.00179384
(1,(2,3),((4,6),5)); -4547.82  -1.76579 30.7815 13.5684 23.59 -4586.85   0.3097 0.273328 0.152168 0.264804   0.213742   0.156078  0.0879549  0.0265108   0.512713 0.00300113
(1,(2,3),((4,5),6)); -4549.18  -5.1531 30.3555 13.6331 28.0003 -4588.75 0.267117 0.279899 0.151977 0.301006   0.236366   0.145219  0.0836835  0.0186454    0.50955 0.00653531
(1,(2,3),(4,(5,6))); -4537.7  -1.42363 30.1604 13.4151 28.4761 -4581.5   0.2855 0.259481 0.153266 0.301752   0.236256   0.141298  0.0904064  0.0219746   0.503959 0.00610595
(1,(2,3),(4,(5,6))); -4539.22  -1.42363 29.7672 13.6048 26.7258 -4580.69 0.274252 0.276621 0.157122 0.292005  0.244159  0.167811 0.0777308 0.0175673  0.479179 0.0135528
(1,(2,3),((4,6),5)); -4547.86  -1.76579 26.8259 13.7467 27.3189 -4586.49 0.289105 0.267475 0.157609 0.285811  0.220931  0.149347  0.104088 0.0235486  0.496671 0.0054144
(1,2,(3,(4,(5,6)))); -4537.1  -1.29936 26.7245 13.6943 28.1395 -4576.98 0.294063 0.268611 0.153957 0.283369   0.252094    0.15498  0.0829438  0.0217371   0.480025 0.00821933
(1,(2,3),((4,6),5)); -4542.49  -1.76579 31.0569 13.52 27.0846 -4585.35 0.288366 0.263481 0.135471 0.312682   0.239366   0.165601  0.0802389  0.0152607   0.497661 0.00187251
(1,(2,3),(4,(5,6))); -4537.96  -1.42363 31.4761 13.4089 27.8837 -4582.49 0.284739 0.264582 0.158056 0.292623   0.251961    0.14057  0.0921903  0.0143054   0.495378 0.00559484
(1,(2,(4,(5,6))),3); -4537.64  -2.76434 30.1303 13.561 28.2215 -4579.67 0.288301 0.274634 0.138529 0.298537   0.232557   0.151317  0.0678703    0.02378   0.518114 0.00636137
(1,2,(3,((4,6),5))); -4538.04  -1.64152 28.3582 13.8211 27.0869 -4578.02 0.293108 0.257316 0.133881 0.315694   0.243908   0.158651  0.0833053  0.0216616   0.486938 0.00553648
(1,(2,(4,(5,6))),3); -4541.04  -2.76434 29.0928 13.0664 25.0299 -4579.34 0.278454 0.256255 0.142636 0.322655   0.249474   0.165038   0.063692  0.0224497   0.492752 0.00659455
(1,2,(3,(4,(5,6)))); -4535.7  -1.29936 30.4908 13.5976 27.0411 -4578.33 0.278089  0.28818 0.148556 0.285175   0.235519   0.159156  0.0892732  0.0256692   0.488097 0.00228537
(1,2,(3,(4,(5,6)))); -4533.51  -1.29936 30.7244 13.7828 28.645 -4577.8 0.283971 0.282982 0.135039 0.298008   0.235177   0.148583  0.0840615  0.0165018   0.510275 0.00540168
(1,2,(3,((4,6),5))); -4543.78  -1.64152 27.6862 13.0556 23.5608 -4580.33 0.280246  0.28035 0.128399 0.311005   0.230054   0.180068  0.0983799  0.0274234   0.454709 0.00936589
(1,2,(3,((4,6),5))); -4539.19  -1.64152 29.3253 13.6038 22.0208 -4575.29   0.2831 0.264703 0.170908 0.281289   0.254288   0.185194  0.0885453  0.0262889   0.441804 0.00387955
(1,2,(3,(4,(5,6)))); -4542.6  -1.29936 27.0115 12.8004 23.5774 -4579.09 0.302115 0.260535 0.134719 0.302631  0.210562  0.140717  0.066692 0.0268654   0.54444 0.0107235
(1,(2,((4,6),5)),3); -4549.33  -3.10649 26.3798 13.7534 25.1878 -4584.04 0.291015  0.25541 0.158384 0.295191    0.23544   0.147045  0.0743326  0.0366277   0.499064 0.00749073
(1,(2,((4,6),5)),3); -4544.92  -3.10649 29.9682 13.6988 26.0337 -4584.11 0.303991  0.25502 0.146471 0.294518   0.21637  0.146833 0.0884723 0.0150709  0.521849 0.0114055
(1,2,(3,(4,(5,6)))); -4535.83  -1.29936 29.6165 13.5386 26.4742 -4577.09   0.2932 0.264228 0.156336 0.286236   0.260897   0.153964  0.0939535  0.0263234   0.459383 0.00547904
(1,2,(3,(4,(5,6)))); -4538.86  -1.29936 27.2747 12.8477 24.651 -4576.64 0.300648 0.271663 0.145833 0.281857   0.237381    0.19297  0.0881475  0.0241301   0.453257 0.00411371
(1,(2,3),((4,6),5)); -4545.68  -1.76579 31.1204 13.1647 25.2266 -4587.1 0.305982 0.256399 0.127859  0.30976    0.23148   0.143573  0.0828533  0.0160172   0.520927 0.00514966
(1,2,(3,((4,6),5))); -4539.05  -1.64152 27.0229 13.4057 26.1942 -4577.22 0.273497 0.280732 0.139533 0.306238   0.257706   0.167442  0.0688352  0.0121755   0.489271 0.00456968
(1,2,(3,(4,(5,6)))); -4534.48  -1.29936 31.0448 13.759 27.6194 -4578.09  0.28052 0.262309 0.147164 0.310007   0.232159   0.153368   0.101594  0.0185103   0.484397 0.00997174
(1,2,(3,((4,6),5))); -4537.55  -1.64152 27.416 13.0391 26.6462 -4576.93 0.284607 0.289988 0.140349 0.285055   0.259488   0.150068  0.0945575  0.0154279   0.473172 0.00728685
(1,2,(3,(4,(5,6)))); -4540.35  -1.29936 29.5191 13.0872 22.8426 -4578.33 0.270598 0.284544 0.130711 0.314147   0.272678   0.155613  0.0643307  0.0233895   0.481614 0.00237495
(1,2,(3,(4,(5,6)))); -4548.09  -1.29936 20.6297 13.5232 21.0601 -4574.96 0.295437 0.267123 0.151502 0.285938   0.226651   0.174093  0.0790249 0.00420762   0.504854  0.0111688
(1,2,(3,(4,(5,6)))); -4541.07  -1.29936 26.7692 13.6823 25.4911 -4578.35 0.287403 0.257585 0.135787 0.319225   0.234414   0.132436  0.0749818  0.0198358   0.534298 0.00403371
(1,(2,((4,6),5)),3); -4543.88  -3.10649 29.1602 13.3052 25.6607 -4582.29 0.276848 0.272547 0.131281 0.319324   0.240775    0.15781  0.0983495  0.0122434   0.482791 0.00803052
(1,2,(3,(4,(5,6)))); -4534.49  -1.29936 30.5055 13.4989 27.7671 -4577.96 0.284063  0.28117 0.134467   0.3003   0.225857    0.15186   0.102298  0.0199105   0.492887 0.00718822
(1,2,(3,((4,6),5))); -4544.27  -1.64152 28.0649 14.0078 21.0026 -4577.68 0.274038 0.268022  0.13391  0.32403   0.198425     0.1747   0.096865 0.00892681    0.51052  0.0105625
(1,2,(3,(4,(5,6)))); -4538.81  -1.29936 29.4812 13.5456 25.553 -4579 0.285293 0.272193 0.139899 0.302615   0.255911   0.144126   0.104867  0.0303799   0.456335 0.00838191
(1,(2,3),((4,6),5)); -4549.08  -1.76579 24.3985 13.6344 28.128 -4586.21 0.280156 0.268689 0.143607 0.307549   0.230277   0.146666  0.0826193   0.029976   0.504915 0.00554745
(1,2,(3,(4,(5,6)))); -4532.83  -1.29936 30.8489 13.3065 28.1054 -4577.17 0.286162 0.270819 0.151889  0.29113  0.231046  0.153531 0.0890385 0.0219501    0.4906 0.0138338
(1,(2,3),(4,(5,6))); -4540.07  -1.42363 28.1695 13.1054 27.2475 -4580.96 0.280192 0.290574 0.148121 0.281112   0.244594   0.155872  0.0889524  0.0237461   0.482259 0.00457617
(1,2,(3,(4,(5,6)))); -4536.34  -1.29936 28.2912 13.7155 28.3167 -4577.94 0.282764 0.274431 0.140965  0.30184   0.239991   0.138992  0.0976537  0.0172901   0.496988 0.00908507
(1,(2,(4,(5,6))),3); -4539.95  -2.76434 31.2 13.8155 24.3896 -4578.96 0.280215 0.268724 0.137611 0.313449  0.224633  0.164875 0.0831004 0.0113443  0.496021 0.0200268
(1,2,(3,(4,(5,6)))); -4539.2  -1.29936 28.2273 13.3497 25.1865 -4577.96 0.285521 0.282623 0.135201 0.296654   0.230016   0.130101  0.0891953  0.0356825   0.507704 0.00730081
(1,2,(3,(4,(5,6)))); -4538.88  -1.29936 29.3258 13.9255 25.4533 -4578.43 0.299588 0.261011 0.150816 0.288585   0.223447   0.168105  0.0687335 0.00981383   0.524814 0.00508603
(1,(2,((4,6),5)),3); -4543.37  -3.10649 28.8316 13.4844 26.7981 -4582.41 0.274605 0.267583 0.147615 0.310197   0.217263   0.145734  0.0848454  0.0163083   0.533977 0.00187253
(1,(2,3),((4,6),5)); -4544.08  -1.76579 30.9332 13.3616 26.1041 -4585.99 0.284903 0.278387 0.159019  0.27769   0.210399   0.170307  0.0872565  0.0247452   0.503298 0.00399417
(1,(2,3),(4,(5,6))); -4543.02  -1.42363 31.4082 13.4731 22.9114 -4582.45 0.290689  0.27502  0.13952 0.294772  0.244009  0.154984 0.0739696 0.0351026  0.469243 0.0226909
(1,(2,3),(4,(5,6))); -4538.12  -1.42363 31.6302 13.777 27.5977 -4582.15 0.274717 0.264582 0.158545 0.302156   0.257211   0.142491  0.0880907  0.0165292   0.490822 0.00485622
(1,2,(3,(4,(5,6)))); -4543.87  -1.29936 23.102 12.6278 24.9942 -4578.04 0.293232 0.270734 0.155952 0.280082  0.227089   0.15818 0.0736401 0.0213392  0.499432 0.0203195
(1,2,(3,(4,(5,6)))); -4538.54  -1.29936 28.5153 13.8307 26.4274 -4578.35 0.294586 0.256821 0.146956 0.301637   0.251407   0.130663  0.0851629  0.0259361   0.497153 0.00967753
(1,2,(3,(4,(5,6)))); -4534.95  -1.29936 31.565 13.6693 26.9666 -4578.51 0.280392 0.260242 0.147289 0.312077   0.247503   0.133647  0.0954156  0.0145979    0.50488 0.00395687
(1,(2,3),((4,5),6)); -4548.38  -5.1531 30.6073 13.3882 28.1451 -4588.59  0.27898 0.274646 0.138107 0.308267   0.243903   0.156546  0.0810752  0.0273937   0.486163 0.00491913
(1,2,(3,(4,(5,6)))); -4539.36  -1.29936 29.0595 13.4166 23.9102 -4577.61 0.301914 0.251504  0.12669 0.319893   0.239987   0.143453  0.0888043  0.0159852   0.504744 0.00702604
(1,(2,3),((4,6),5)); -4548.73  -1.76579 25.584 13.3931 26.1619 -4585.32 0.289278 0.278037 0.135487 0.297198    0.25835   0.157177  0.0644399  0.0109075   0.503988 0.00513806
(1,2,(3,((4,6),5))); -4536.27  -1.64152 30.6444 13.987 25.0535 -4576.34 0.302564 0.250372 0.149746 0.297319   0.239527   0.176697  0.0744265   0.022955   0.484307 0.00208753
(1,(2,3),(4,(5,6))); -4544.54  -1.42363 25.7311 13.5422 26.4338 -4581.74  0.27051 0.279567 0.165797 0.284126   0.234599   0.152986  0.0845668  0.0190303   0.499672 0.00914689
(1,2,(3,(4,(5,6)))); -4534.8  -1.29936 29.044 13.1552 28.3801 -4577.77 0.271887 0.272029 0.144109 0.311975   0.229044   0.147945  0.0864812  0.0190609   0.512454 0.00501564
(1,(2,3),((4,6),5)); -4546.24  -1.76579 30.9042 13.9844 25.0165 -4586.41 0.275543 0.260768 0.133046 0.330642   0.223346   0.153909  0.0818594  0.0226186   0.512398 0.00586853
(1,(2,(4,(5,6))),3); -4538.83  -2.76434 28.9116 13.7053 28.478 -4579.75 0.279487 0.259891 0.153252  0.30737   0.244374   0.150257  0.0879345  0.0177477   0.495519 0.00416796
(1,2,(3,((4,6),5))); -4534.83  -1.64152 30.1953 13.2459 27.5734 -4577.72 0.287066 0.273129 0.154611 0.285194   0.255917   0.144533  0.0720786  0.0251421   0.494756 0.00757402
(1,(2,3),((4,6),5)); -4546.54  -1.76579 28.9072 13.2281 25.1451 -4585.6 0.294353  0.28007 0.143426 0.282151   0.238042   0.168956  0.0981835   0.032204   0.460003 0.00261164
(1,2,(3,((4,6),5))); -4534.76  -1.64152 30.4872 13.5909 28.4896 -4578.5 0.294095   0.2641 0.142048 0.299757   0.226664   0.150638   0.073579  0.0200444   0.521012 0.00806259
(1,(2,3),((4,6),5)); -4547.87  -1.76579 28.7 13.3857 24.8619 -4586.28   0.2846 0.273131 0.132331 0.309937 0.227103 0.158454 0.110787 0.017622  0.47173 0.014303
(1,(2,3),((4,6),5)); -4547.33  -1.76579 30.5874 13.3199 23.9508 -4586.78 0.274009 0.262892 0.152312 0.310787   0.204303   0.145125   0.089431  0.0115229   0.547776 0.00184252
(1,2,(3,(4,(5,6)))); -4537.59  -1.29936 28.849 13.4962 26.3633 -4578 0.268258 0.260064 0.161919 0.309759  0.227161   0.15936 0.0762564 0.0203428  0.512327  0.004553
(1,2,(3,((4,6),5))); -4534.43  -1.64152 30.6763 13.1478 26.7742 -4577.09 0.275424 0.267374 0.142756 0.314446   0.225655   0.140455  0.0771555  0.0132224   0.537008 0.00650497
(1,(2,3),(4,(5,6))); -4541.94  -1.42363 25.6951 13.1773 26.9857 -4580.02 0.298816 0.259843 0.150462 0.290879  0.226482  0.176669 0.0783231 0.0188209  0.489433 0.0102716
(1,2,(3,((4,6),5))); -4536.82  -1.64152 28.2468 13.39 27.5418 -4577.58 0.277964 0.277676  0.14402 0.300341  0.265391  0.161368 0.0756191 0.0228386  0.468722 0.0060621
(1,(2,3),((4,6),5)); -4545.05  -1.76579 30.8175 13.5685 27.0447 -4587.58 0.291843 0.265885 0.135767 0.306505   0.214526    0.17057   0.072198  0.0182019   0.516863 0.00764127
(1,(2,3),(4,(5,6))); -4544.53  -1.42363 24.6944 13.0159 26.7328 -4581.52 0.287712 0.288972 0.148724 0.274592   0.218609   0.155897  0.0844901  0.0234007   0.512268 0.00533468
(1,(2,((4,6),5)),3); -4545.99  -3.10649 27.3676 13.2393 23.7665 -4580.78 0.295576 0.261511 0.148954 0.293959  0.229456  0.180486  0.101432 0.0183127  0.452774 0.0175386
(1,2,(3,((4,6),5))); -4541.3  -1.64152 28.1816 13.0393 23.7322 -4578.53 0.268627 0.286907 0.145945 0.298521  0.210272    0.1594  0.106932  0.030907  0.481779 0.0107096
(1,(2,3),((4,6),5)); -4543.13  -1.76579 29.5283 13.3091 25.8418 -4583.42 0.295966 0.272005 0.136371 0.295658    0.234069    0.165795   0.0868774   0.0199401    0.492778 0.000540411
(1,(2,3),(4,(5,6))); -4540.1  -1.42363 30.9074 13.9136 24.1092 -4579.77 0.300634 0.255495  0.15245 0.291421  0.243224  0.156223 0.0988935 0.0152355  0.467575 0.0188497
(1,(2,3),(4,(5,6))); -4540.29  -1.42363 30.1177 13.4258 25.8754 -4581.43 0.270185   0.2768 0.150585  0.30243   0.215237   0.176702    0.06705  0.0186035   0.513501 0.00890569
(1,(2,3),((4,6),5)); -4548.12  -1.76579 28.213 12.8665 25.5583 -4587.25 0.286388 0.262579 0.132808 0.318225   0.221389   0.173488  0.0755122  0.0279687    0.49543 0.00621212
(1,(2,((4,6),5)),3); -4544.3  -3.10649 26.9073 13.753 26.7845 -4581.14 0.281273 0.293195 0.147169 0.278363   0.243743    0.15661  0.0751243  0.0169302    0.50361 0.00398224
(1,(2,3),((4,6),5)); -4542.78  -1.76579 31.6883 13.1234 26.1464 -4585.73  0.27499 0.289331 0.149499  0.28618  0.221351  0.155683 0.0979357  0.014111  0.499637 0.0112823
(1,2,(3,((4,6),5))); -4537.22  -1.64152 28.6099 13.5973 27.304 -4577.9 0.284693 0.267232 0.143007 0.305068   0.238737   0.140364  0.0800291 0.00985037   0.524374 0.00664525
(1,2,(3,(4,(5,6)))); -4540.19  -1.29936 28.2777 13.3894 24.3811 -4578.16 0.313677 0.274108 0.147449 0.264766   0.241271   0.152691  0.0815434  0.0152226   0.506018 0.00325431
(1,(2,(4,(5,6))),3); -4540.04  -2.76434 29.6831 13.4783 25.8974 -4579.38 0.287687 0.283254 0.128465 0.300595  0.246557  0.149247 0.0767222 0.0178451  0.494548 0.0150801
(1,(2,3),(4,(5,6))); -4543.62  -1.42363 29.5701 13.0852 24.2221 -4582.9 0.281995 0.284272 0.134362 0.299371   0.204328   0.164427  0.0675417  0.0120631   0.543587 0.00805275
(1,2,(3,((4,6),5))); -4538.25  -1.64152 27.6984 13.4939 26.3441 -4577.15 0.288238 0.266154 0.154103 0.291505   0.240387   0.173613  0.0809964  0.0312119   0.464515 0.00927605
(1,2,(3,(4,(5,6)))); -4537.77  -1.29936 27.7943 13.3363 27.4996 -4578.43 0.288191 0.270782 0.144917  0.29611  0.253114  0.134464  0.102172 0.0157182  0.486369 0.0081624
(1,(2,3),(4,(5,6))); -4540.24  -1.42363 26.8926 13.5264 28.2159 -4580.4 0.297494 0.275138 0.139852 0.287516   0.238648   0.161927  0.0956647  0.0219853   0.476027 0.00574753
(1,(2,3),(4,(5,6))); -4544.07  -1.42363 23.3337 12.3336 27.4495 -4581.09 0.285338 0.258858 0.155558 0.300247    0.23128   0.160426  0.0684744   0.021408   0.515305 0.00310666
(1,(2,(4,(5,6))),3); -4542.57  -2.76434 25.8857 13.3433 26.9798 -4579.32 0.274292 0.274009 0.159355 0.292344   0.238343   0.177449  0.0777428  0.0143041   0.488401 0.00375982
(1,2,(3,(4,(5,6)))); -4538.25  -1.29936 26.9643 14.0362 27.9775 -4577.86 0.290286 0.283469 0.137501 0.288745   0.240437   0.142573   0.086791  0.0133951   0.512164 0.00464065
(1,2,(3,(4,(5,6)))); -4541.22  -1.29936 30.9962 13.6872 23.3501 -4580.58 0.299537 0.274837 0.145215 0.280412   0.209541   0.122759   0.106612  0.0258666   0.530022 0.00519873
(1,(2,3),(4,(5,6))); -4540.2  -1.42363 30.1205 13.158 25.3216 -4581.06 0.289072 0.272137 0.141573 0.297219   0.23737  0.152637 0.0589579 0.0186087  0.515645 0.0167819
(1,(2,3),((4,6),5)); -4545.12  -1.76579 30.8683 13.2691 23.2629 -4584.21 0.317671  0.26706 0.137244 0.278026   0.240356   0.161754    0.10623  0.0242643   0.460619 0.00677735
(1,2,(3,(4,(5,6)))); -4538.82  -1.29936 26.0688 12.6633 26.9224 -4577.85 0.282621 0.284788 0.149274 0.283317    0.24373   0.133924  0.0921745  0.0272735   0.497921 0.00497818
(1,(2,((4,6),5)),3); -4544.72  -3.10649 24.8946 13.2157 28.8895 -4582.19 0.291239 0.275551 0.143875 0.289335   0.243893   0.141657  0.0909133  0.0222575   0.497203 0.00407524
(1,(2,((4,6),5)),3); -4539.57  -3.10649 30.9547 13.4951 26.8295 -4580.76 0.284736 0.267503 0.144348 0.303413   0.267394    0.17157  0.0739334  0.0157841   0.468205 0.00311446
(1,(2,(4,(5,6))),3); -4538.58  -2.76434 29.5844 13.176 27.9502 -4580.17 0.300743 0.269987   0.1337 0.295569   0.242625   0.151119  0.0847987  0.0228781   0.495677 0.00290225
(1,2,(3,(4,(5,6)))); -4535.97  -1.29936 27.873 13.0776 28.702 -4578.16 0.290615 0.266324 0.146829 0.296232   0.249683    0.14783  0.0975807  0.0160004   0.482695 0.00621088
(1,2,(3,((4,6),5))); -4537.1  -1.64152 27.9304 12.9407 27.3347 -4577.78 0.287083 0.272514 0.144864 0.295539   0.238459   0.143789  0.0687697  0.0311734   0.514036 0.00377353
(1,(2,((4,6),5)),3); -4544.47  -3.10649 29.6108 13.5007 24.5748 -4582.04  0.28142 0.293665 0.128384 0.296531  0.229107  0.149951 0.0745784 0.0188485  0.512563 0.0149527
(1,2,(3,((4,6),5))); -4539.94  -1.64152 30.1647 13.492 25.4308 -4580.41 0.288647 0.268363 0.160958 0.282032   0.241359   0.133833  0.0758562  0.0108057   0.534042 0.00410357
(1,(2,3),(4,(5,6))); -4536.99  -1.42363 31.2028 13.2451 27.7289 -4581.26 0.282844 0.267702 0.140629 0.308825  0.244185  0.145535 0.0829861 0.0260386  0.489703 0.0115522
(1,(2,((4,6),5)),3); -4546.41  -3.10649 30.4222 13.193 23.0033 -4583.54 0.294605 0.272655 0.139497 0.293243   0.235864   0.148292   0.121046  0.0351277   0.456507 0.00316364
(1,(2,((4,6),5)),3); -4542.03  -3.10649 29.4021 13.963 27.3728 -4581.73 0.297167  0.26938 0.139938 0.293515   0.270601   0.152955  0.0850873  0.0194344   0.465257 0.00666499
(1,(2,3),((4,6),5)); -4545.01  -1.76579 29.1169 12.8892 26.9437 -4586.41 0.285096   0.2703 0.160112 0.284492   0.224984   0.162016  0.0801026  0.0106898   0.516285 0.00592194
(1,2,(3,((4,6),5))); -4536  -1.64152 29.9786 13.6985 27.0089 -4577.65 0.281954 0.273351 0.150082 0.294612  0.249181   0.13791 0.0710721 0.0174923  0.510182 0.0141632
(1,2,(3,(4,(5,6)))); -4537.02  -1.29936 27.5265 13.5736 27.6214 -4577.3 0.287465 0.275803 0.136702  0.30003   0.254831   0.145859  0.0715671  0.0261827   0.493515 0.00804463
(1,(2,3),((4,6),5)); -4549.4  -1.76579 28.7715 13.5073 22.7747 -4585.67 0.264212 0.276459 0.134096 0.325233  0.202909   0.15965 0.0833007  0.017915  0.524272 0.0119531
(1,2,(3,(4,(5,6)))); -4538.51  -1.29936 30.768 13.6403 24.6089 -4578.94 0.280133 0.271861 0.166242 0.281765   0.215647   0.146121  0.0871192  0.0329233   0.508503 0.00968689
(1,(2,3),(4,(5,6))); -4539.64  -1.42363 29.7041 13.7561 26.914 -4581.08 0.275246 0.281427 0.147021 0.296306    0.23074    0.15136  0.0649116  0.0246328   0.518876 0.00947961
(1,(2,3),((4,6),5)); -4552.93  -1.76579 21.6025 13.6767 27.1046 -4586.19 0.272308 0.267693 0.146718 0.313281  0.243684  0.153737 0.0762838 0.0285091  0.489294 0.0084919
(1,2,(3,((4,6),5))); -4537.73  -1.64152 27.9466 13.0198 26.5527 -4577.57 0.293218 0.267375 0.136937 0.302471  0.226064  0.140899  0.109875 0.0132618  0.502726 0.0071742
(1,(2,3),((4,6),5)); -4543.38  -1.76579 30.1874 13.3662 27.0858 -4585.52 0.290091 0.286852 0.143254 0.279803   0.249353    0.16395  0.0749901  0.0133392   0.493393 0.00497431
(1,2,(3,((4,6),5))); -4542.75  -1.64152 31.57 13.4858 21.5135 -4580.71 0.281362 0.277515 0.136085 0.305037  0.211242  0.187291 0.0913549 0.0425049  0.461876 0.0057313
(1,2,(3,((4,6),5))); -4534.99  -1.64152 28.911 13.1713 28.7574 -4577.84 0.284616 0.263624  0.15418  0.29758   0.232321   0.151572  0.0736402  0.0214433   0.514626 0.00639689
(1,2,(3,(4,(5,6)))); -4534.49  -1.29936 32.0417 13.52 25.7058 -4577.42 0.281228 0.260281 0.138777 0.319714   0.214795   0.155215   0.107922  0.0199014   0.495474 0.00669286
(1,(2,3),((4,6),5)); -4544.79  -1.76579 30.1398 13.3469 26.4396 -4586.26 0.288343 0.268078  0.14767 0.295909  0.259427  0.147101 0.0781456 0.0219196  0.476053 0.0173544
(1,2,(3,(4,(5,6)))); -4532.51  -1.29936 31.5439 13.4608 28.0357 -4577.33 0.281984 0.278146 0.132104 0.307766    0.22665   0.146999  0.0835901  0.0196551   0.518053 0.00505339
(1,(2,3),(4,(5,6))); -4546.72  -1.42363 27.876 13.7775 24.1766 -4583.58 0.272414 0.264413 0.152459 0.310715   0.284414   0.139952  0.0816886  0.0254798   0.465374 0.00309185
(1,(2,3),((4,6),5)); -4544.12  -1.76579 29.0176 13.2884 28.0163 -4586.1  0.28234 0.278151 0.146181 0.293329  0.214233  0.158262 0.0808103 0.0228709  0.512947 0.0108767
(1,2,(3,((4,6),5))); -4539.54  -1.64152 25.2651 12.9576 27.023 -4577.23 0.277772 0.281815 0.138709 0.301704  0.256832  0.149305 0.0744343 0.0138314  0.494326 0.0112708
(1,2,(3,((4,6),5))); -4536.34  -1.64152 28.2144 13.2131 27.3387 -4577.04 0.269404 0.283957 0.136215 0.310424   0.241807   0.150501  0.0892701  0.0180523   0.495273 0.00509638
(1,(2,3),((4,6),5)); -4544.59  -1.76579 30.8735 13.6428 26.4276 -4586.48 0.283554 0.266143 0.138051 0.312251   0.244868   0.144022  0.0845375  0.0345261   0.485395 0.00665099
(1,2,(3,((4,6),5))); -4537.8  -1.64152 28.6036 13.8369 26.6408 -4577.57 0.292945 0.273593 0.139075 0.294387   0.252362   0.161679   0.104557  0.0239201   0.452188 0.00529352
(1,2,(3,(4,(5,6)))); -4541.55  -1.29936 27.5186 13.8768 24.1298 -4578.02 0.275347 0.263534 0.163616 0.297503  0.247402  0.160448 0.0847876 0.0360371  0.461074 0.0102511
(1,(2,3),(4,(5,6))); -4535.63  -1.42363 31.4498 13.2532 29.115 -4581.52 0.286133  0.27831 0.144176 0.291381  0.245162  0.159088 0.0768547 0.0169604  0.498378 0.0035573
(1,2,(3,(4,(5,6)))); -4537.14  -1.29936 31.8233 13.5551 24.9512 -4579.06 0.286616 0.286496 0.132859 0.294029   0.244409   0.176118   0.062443  0.0267942   0.484768 0.00546774
(1,(2,3),(4,(5,6))); -4540  -1.42363 28.1725 13.6781 28.1394 -4581.21 0.287472 0.274794 0.137666 0.300068   0.240184   0.156853  0.0802024  0.0250115   0.495879 0.00187031
(1,2,(3,(4,(5,6)))); -4539.31  -1.29936 31.4465 13.374 20.9213 -4577.01 0.276757 0.295515 0.155735 0.271994   0.228327   0.173349   0.065821  0.0286365   0.502822 0.00104523
(1,(2,3),(4,(5,6))); -4539.25  -1.42363 30.8326 13.2541 26.2955 -4581.7  0.28011 0.268316  0.15393 0.297644   0.242774   0.161198  0.0611889  0.0117725    0.51504 0.00802628
(1,2,(3,((4,6),5))); -4537.75  -1.64152 28.5959 14.1214 26.949 -4577.53 0.284882 0.270217 0.145849 0.299053   0.276543   0.160513  0.0753683  0.0200087   0.460894 0.00667354
(1,(2,3),((4,6),5)); -4541.34  -1.76579 30.7543 13.3315 29.1845 -4586.18 0.278831 0.276048 0.149254 0.295868   0.226723   0.158964  0.0849513  0.0161573    0.50587 0.00733456
(1,(2,3),(4,(5,6))); -4543.77  -1.42363 29.2621 13.3476 23.1487 -4581.41 0.294827 0.258013 0.145549 0.301611  0.226604  0.147764 0.0638988 0.0120869    0.5294 0.0202463
(1,(2,3),((4,6),5)); -4551.17  -1.76579 23.483 13.4866 26.7391 -4586.14 0.284539  0.26051 0.155153 0.299798  0.252381  0.140618 0.0735998 0.0207052  0.499075 0.0136211
(1,2,(3,((4,6),5))); -4536.54  -1.64152 29.39 12.932 26.1128 -4577.47 0.268728 0.282719 0.152855 0.295698   0.210557   0.141913  0.0902153  0.0213699   0.532739 0.00320617
(1,2,(3,((4,6),5))); -4540.39  -1.64152 28.8821 13.2875 24.979 -4579.32 0.285621  0.26197  0.15356 0.298849  0.211778  0.138365 0.0923564 0.0271161  0.513439 0.0169457
(1,2,(3,((4,6),5))); -4535.2  -1.64152 31.2467 13.2621 25.6022 -4577.15  0.28991 0.281751 0.126537 0.301802   0.258534    0.13891  0.0765034  0.0254475   0.492012 0.00859376
(1,(2,(4,(5,6))),3); -4542.77  -2.76434 25.3363 13.1985 27.7693 -4579.92 0.284642 0.263183 0.140877 0.311298   0.227373   0.144467  0.0979759  0.0175205   0.509727 0.00293722
(1,(2,3),(4,(5,6))); -4542.65  -1.42363 30.591 13.2024 22.2081 -4580.82 0.284704 0.282458 0.159152 0.273685   0.24678  0.147204 0.0547667 0.0212189  0.515843 0.0141877
(1,(2,3),(4,(5,6))); -4535.3  -1.42363 32.3288 13.5236 28.1774 -4580.86 0.287267 0.270387 0.159138 0.283208   0.239845   0.159092   0.090613  0.0203559   0.482604 0.00749011
(1,(2,3),((4,6),5)); -4542.87  -1.76579 30.7679 13.9151 27.9307 -4585.89 0.289564 0.277548 0.138246 0.294642   0.231816    0.15281   0.107541  0.0196279   0.482918 0.00528617
(1,2,(3,((4,6),5))); -4539.47  -1.64152 27.4165 13.8974 26.2717 -4577.62 0.278972 0.265378 0.164654 0.290996   0.250925   0.155392  0.0736224  0.0279241   0.489193 0.00294393
(1,(2,3),((4,6),5)); -4546.41  -1.76579 29.8616 13.1063 24.3329 -4585.74 0.282778 0.291222 0.132847 0.293153   0.243665   0.142282   0.112633  0.0267083   0.469999 0.00471314
(1,(2,3),((4,6),5)); -4547.26  -1.76579 30.7374 13.1446 22.9851 -4586.08 0.271781 0.290414 0.156086 0.281718   0.284038   0.144273  0.0758935  0.0117675   0.479053 0.00497472
(1,(2,3),(4,(5,6))); -4541.26  -1.42363 28.1353 12.8519 26.1216 -4581.24 0.289405 0.287613 0.143273 0.279709   0.250161   0.130189  0.0785339  0.0210007   0.517088 0.00302745
(1,(2,3),((4,6),5)); -4560.49  -1.76579 22.4932 13.5843 19.8221 -4587.46 0.321035 0.270382 0.135334 0.273249   0.225978   0.178461  0.0590681  0.0120431   0.520918 0.00353215
(1,2,(3,((4,6),5))); -4539.04  -1.64152 29.5735 13.1051 23.398 -4577.26 0.269733 0.282069 0.165318  0.28288  0.258631  0.141998 0.0756754 0.0120383   0.49793 0.0137276
(1,2,(3,((4,6),5))); -4532.46  -1.64152 31.5576 13.4017 29.3981 -4578.38 0.291706 0.268461 0.145897 0.293937   0.228469   0.152328  0.0793988  0.0209452   0.511871 0.00698712
(1,(2,3),((4,6),5)); -4546.72  -1.76579 31.0277 13.5 24.4452 -4586.93 0.292889 0.282348  0.15748 0.267283   0.24073  0.137319 0.0906439 0.0185118  0.499278 0.0135177
(1,2,(3,(4,(5,6)))); -4537.3  -1.29936 31.2892 13.2761 24.6781 -4578.69 0.282066 0.295328 0.135483 0.287123  0.218872  0.162297 0.0895141 0.0178307  0.495589 0.0158968
(1,(2,3),(4,(5,6))); -4539.93  -1.42363 29.3505 13.3048 25.9627 -4580.52 0.261715 0.280315 0.153602 0.304369   0.231012   0.143663  0.0720386  0.0231508   0.525631 0.00450362
(1,(2,(4,(5,6))),3); -4542.8  -2.76434 27.5444 13.4778 25.1985 -4579.3 0.295643 0.266725  0.15404 0.283592  0.239834  0.147125 0.0727209 0.0118846  0.511002 0.0174336
(1,2,(3,((4,6),5))); -4535.44  -1.64152 28.0775 13.6072 28.9625 -4577.23 0.286061  0.27712 0.140208 0.296612   0.226726   0.151263   0.092628  0.0212316   0.504939 0.00321265
(1,2,(3,((4,6),5))); -4539.25  -1.64152 31.4693 13.5669 24.3463 -4579.85   0.2901 0.264439 0.146091  0.29937   0.195516   0.140909  0.0869627   0.034333   0.536716 0.00556329
(1,2,(3,(4,(5,6)))); -4537.47  -1.29936 28.0107 13.359 27.9674 -4578.79 0.291052 0.271631 0.143547 0.293769   0.215524   0.153946  0.0737835  0.0266465   0.523798 0.00630207
(1,2,(3,((4,6),5))); -4535.44  -1.64152 29.1412 13.7388 27.8636 -4577.06 0.295966 0.268378 0.146467 0.289189  0.256514  0.147867 0.0897738  0.016085  0.479046 0.0107137
(1,(2,3),(4,(5,6))); -4538.74  -1.42363 29.4342 13.0518 27.2809 -4580.98 0.274993 0.270583 0.140403  0.31402  0.232952  0.142003 0.0856071 0.0218958  0.505551 0.0119908
(1,2,(3,(4,(5,6)))); -4536.13  -1.29936 31.4282 13.5464 25.2019 -4577.92 0.266266 0.256674 0.157721 0.319339   0.234713   0.157515  0.0870695  0.0128831   0.503776 0.00404335
(1,(2,3),(4,(5,6))); -4538.78  -1.42363 29.8378 13.6292 27.3203 -4580.89 0.285366 0.259815  0.14468 0.310139  0.234778  0.143015 0.0966059 0.0233058  0.491226 0.0110695
(1,(2,3),((4,6),5)); -4545.72  -1.76579 27.483 13.2397 27.1286 -4585.33 0.296531 0.281617 0.139399 0.282453    0.24712   0.153084  0.0879398  0.0288918   0.477166 0.00579816
(1,2,(3,((4,6),5))); -4538.55  -1.64152 28.4383 13.2902 26.5187 -4578.58 0.294252 0.265817 0.134324 0.305607  0.224586  0.169188 0.0862552 0.0182318  0.487081 0.0146583
(1,2,(3,((4,6),5))); -4541.39  -1.64152 26.63 13.4547 24.6351 -4577.55  0.27402 0.282116 0.137702 0.306161   0.268573   0.144474  0.0634421  0.0278441   0.487799 0.00786713
(1,(2,3),((4,6),5)); -4544.85  -1.76579 30.3236 13.3361 25.7454 -4585.82 0.278689 0.292651 0.142079 0.286581  0.248967  0.157224 0.0742792 0.0211841  0.484139 0.0142065
(1,(2,3),((4,6),5)); -4549.48  -1.76579 30.3445 13.0893 21.9828 -4586.96 0.269342 0.289814 0.143344   0.2975  0.188891  0.158779 0.0826819  0.028515  0.527496 0.0136371
(1,(2,3),(4,(5,6))); -4539.89  -1.42363 31.8078 13.4727 25.5355 -4582.33 0.289527 0.284659  0.14882 0.276994   0.204724   0.173052   0.085331  0.0203392   0.513939 0.00261449
(1,2,(3,(4,(5,6)))); -4536.7  -1.29936 29.2657 13.4769 26.9787 -4578.17 0.301948 0.266903 0.152442 0.278707   0.237787   0.147548   0.101551   0.015363   0.492616 0.00513614
(1,(2,3),(4,(5,6))); -4541.24  -1.42363 30.0636 13.3228 22.1854 -4578.74 0.286907 0.253878 0.156587 0.302628   0.24348  0.173449  0.105934 0.0102651   0.45214 0.0147327
(1,(2,3),(4,(5,6))); -4543.4  -1.42363 28.0815 13.101 22.9386 -4579.89  0.30066 0.257055 0.167607 0.274679  0.225691  0.176769 0.0755825 0.0146945   0.49608 0.0111828
(1,2,(3,((4,6),5))); -4538.57  -1.64152 31.5722 13.2898 23.4262 -4578.63 0.270553 0.263812 0.150968 0.314667   0.250851    0.17491  0.0664316  0.0341817   0.467406 0.00622004
(1,(2,3),(4,(5,6))); -4541.16  -1.42363 26.6096 13.6116 28.0962 -4580.83 0.280271 0.259563 0.146012 0.314154   0.223012   0.156608  0.0875147  0.0200919   0.505973 0.00680037
(1,2,(3,(4,(5,6)))); -4535.72  -1.29936 31.1573 13.3382 25.7949 -4578.04 0.282626 0.290196 0.148372 0.278806   0.232864   0.143428  0.0880017  0.0328627   0.496845 0.00599918
(1,2,(3,(4,(5,6)))); -4534.06  -1.29936 29.9483 13.8738 28.5182 -4577.35 0.289841 0.268174  0.14572 0.296265   0.237196   0.176157  0.0809853  0.0144922    0.48623 0.00494039
(1,(2,3),((4,6),5)); -4543.52  -1.76579 32.093 13.4561 24.7965 -4585.18 0.301244 0.263333 0.134363  0.30106   0.220957   0.175029  0.0868719  0.0298217    0.48578 0.00154006
(1,(2,3),(4,(5,6))); -4541.63  -1.42363 29.6551 13.6069 25.7436 -4582 0.293057 0.275003 0.124062 0.307879   0.261965   0.160258  0.0806632  0.0170568   0.474213 0.00584424
(1,2,(3,((4,6),5))); -4539.48  -1.64152 26.766 13.172 26.8553 -4578.29 0.284077  0.27102 0.137538 0.307364   0.265446   0.158108  0.0848894  0.0252547   0.458679 0.00762272
(1,2,(3,((4,6),5))); -4537.51  -1.64152 32.7145 13.4595 22.6195 -4577.74  0.30776 0.249972 0.160129 0.282139   0.255736   0.148428  0.0910987 0.00927227   0.492275 0.00319043
(1,(2,3),(4,(5,6))); -4541.12  -1.42363 29.2094 13.3532 25.5834 -4581.14 0.271435 0.278239 0.158452 0.291875   0.234673   0.184126  0.0906623  0.0169245   0.464522 0.00909176
(1,(2,3),((4,6),5)); -4545.83  -1.76579 28.3155 13.8072 26.9395 -4585.51 0.269633  0.26955 0.151713 0.309104   0.224139   0.169524  0.0804763  0.0134984   0.503017 0.00934525
(1,(2,3),(4,(5,6))); -4539.24  -1.42363 30.9564 13.7753 26.7617 -4581.76 0.268548 0.264423 0.153822 0.313206   0.245677    0.13809  0.0896815  0.0155271   0.503581 0.00744439
(1,(2,3),((4,6),5)); -4553.42  -1.76579 27.0868 13.4987 19.8694 -4585.11 0.273935 0.258108 0.149709 0.318248  0.187651   0.17438 0.0986224  0.024721   0.49592 0.0187064
(1,2,(3,(4,(5,6)))); -4535.42  -1.29936 29.2003 13.4697 27.6362 -4577.49 0.273258 0.279379 0.148271 0.299091    0.24693   0.162347  0.0659029  0.0211628   0.498287 0.00537035
(1,(2,3),((4,6),5)); -4543.89  -1.76579 30.2158 13.4884 27.1095 -4585.96 0.293834 0.279328 0.142651 0.284187  0.230576  0.170304  0.080972  0.025103  0.481386 0.0116589
(1,(2,3),((4,6),5)); -4546.76  -1.76579 25.7194 13.0663 27.7672 -4585.41 0.282297 0.260383 0.150907 0.306413   0.223258   0.161281   0.094418  0.0264715    0.48853 0.00604046
(1,2,(3,(4,(5,6)))); -4536.65  -1.29936 29.4938 13.3531 26.045 -4577.54 0.291658  0.26551 0.162302  0.28053  0.247018  0.146687 0.0779949 0.0162744  0.497977 0.0140497
(1,(2,3),(4,(5,6))); -4542.47  -1.42363 27.8672 13.2309 24.5373 -4580.22 0.291502 0.257553 0.138643 0.312302  0.222551  0.187806 0.0845444 0.0118887  0.483149 0.0100616
(1,(2,((4,6),5)),3); -4544.24  -3.10649 24.4601 12.9578 28.5084 -4581.14 0.289368 0.266942 0.142408 0.301282   0.228057    0.16452   0.094478  0.0224386   0.487637 0.00286889
(1,2,(3,((4,6),5))); -4540.59  -1.64152 29.4793 13.1197 22.8249 -4578.13 0.280074  0.30123 0.123724 0.294971    0.22813   0.147497   0.102655  0.0226145   0.490768 0.00833545
(1,2,(3,(4,(5,6)))); -4535.07  -1.29936 30.3809 13.4147 26.5578 -4577.29 0.278231 0.281694 0.142507 0.297569  0.243604  0.126701   0.07912 0.0238233  0.516406 0.0103463
(1,2,(3,(4,(5,6)))); -4537.57  -1.29936 28.4708 13.1618 26.6201 -4578.2 0.301234 0.275262 0.137153 0.286351   0.230528   0.131759  0.0847081  0.0167074   0.526565 0.00973162
(1,2,(3,(4,(5,6)))); -4535.16  -1.29936 30.6465 13.8616 27.4772 -4578.12  0.27733 0.277679 0.155051  0.28994   0.241674   0.141365  0.0781112  0.0262935   0.509985 0.00257121
(1,(2,3),(4,(5,6))); -4547.77  -1.42363 22.5655 13.9074 25.5497 -4580.56 0.283156 0.269699 0.147499 0.299647   0.25896  0.146552 0.0649941 0.0191163  0.492618 0.0177599
(1,2,(3,((4,6),5))); -4534.95  -1.64152 30.7166 13.7443 27.6699 -4577.95 0.283261 0.272652 0.148891 0.295196   0.219235   0.160405   0.073282  0.0303235   0.512336 0.00441755
(1,(2,((4,6),5)),3); -4542.19  -3.10649 31.7845 13.631 20.4633 -4577.7 0.300953 0.249119  0.16404 0.285888   0.226668   0.194836   0.099841   0.012908   0.462954 0.00279326
(1,2,(3,(4,(5,6)))); -4535.71  -1.29936 29.3829 12.9136 26.2725 -4577.15  0.28762 0.277296 0.145726 0.289358  0.248326  0.145824 0.0652022 0.0151305  0.510501 0.0150158
(1,2,(3,(4,(5,6)))); -4537.54  -1.29936 31.0155 13.5036 24.2898 -4578.04 0.294134 0.277814 0.134117 0.293934   0.237009   0.125778   0.102449 0.00953784   0.517048 0.00817762
(1,(2,3),((4,6),5)); -4546.37  -1.76579 27.9581 13.28 27.1691 -4586.45 0.300438 0.263386 0.138659 0.297518  0.221036  0.160493 0.0829023 0.0266903  0.498132 0.0107463
(1,(2,((4,6),5)),3); -4543.59  -3.10649 26.5542 13.4286 28.3893 -4582 0.280569 0.269255 0.149385 0.300791  0.242393  0.154706 0.0821738 0.0164862  0.491184 0.0130567
(1,(2,3),((4,6),5)); -4546.16  -1.76579 28.2981 13.4028 27.1406 -4586.43 0.283801 0.265449 0.152037 0.298713   0.256473   0.138026   0.102755  0.0204629    0.47411 0.00817253
(1,(2,3),((4,6),5)); -4544.49  -1.76579 30.5094 13.4073 25.4791 -4585.31 0.279348 0.276298 0.144401 0.299953    0.22177   0.149407   0.110883 0.00867467   0.503421 0.00584525
(1,(2,(4,(5,6))),3); -4546.86  -2.76434 23.7803 12.9484 24.2916 -4579.22 0.274405 0.281139 0.154724 0.289732  0.225225  0.143109 0.0977775 0.0100397  0.507187 0.0166619
(1,(2,(4,(5,6))),3); -4545.81  -2.76434 30.6741 13.4649 20.6509 -4580.91 0.300031 0.265753 0.150369 0.283847  0.243095  0.158296  0.117698 0.0332837  0.433632 0.0139937
(1,2,(3,(4,(5,6)))); -4541.06  -1.29936 27.111 13.0141 24.9599 -4578.82 0.298017 0.278254 0.148158 0.275571   0.243384   0.120985   0.090962  0.0251812   0.513673 0.00581494
(1,(2,3),((4,6),5)); -4546.65  -1.76579 30.8732 13.199 22.4308 -4584.99 0.273268 0.283588 0.159996 0.283148     0.2073   0.171064   0.106342 0.00889259    0.50282 0.00358207
(1,(2,(4,(5,6))),3); -4540.73  -2.76434 30.6882 13.6277 23.8556 -4578.88 0.296131 0.268049 0.154541 0.281279  0.228978  0.180506  0.115376 0.0169516  0.452884 0.0053051
(1,(2,3),(4,(5,6))); -4538.54  -1.42363 31.3523 13.5714 26.8747 -4581.78 0.290208 0.265142 0.132058 0.312592   0.249922   0.169541  0.0769848  0.0178502   0.477756 0.00794608
(1,2,(3,(4,(5,6)))); -4538  -1.29936 28.1065 13.3788 24.7831 -4576.21 0.267985 0.286819 0.136461 0.308735  0.228712   0.13089 0.0884923 0.0132658  0.530385 0.0082547
(1,2,(3,(4,(5,6)))); -4537.71  -1.29936 31.469 13.6476 24.9165 -4579.14 0.290595 0.291542 0.127541 0.290321  0.213147  0.163816 0.0881356 0.0189705  0.504351 0.0115804
(1,2,(3,(4,(5,6)))); -4536.78  -1.29936 27.5234 13.0189 27.2438 -4577.23 0.283917 0.272186 0.155224 0.288674  0.258766  0.165236 0.0659642 0.0164869   0.48754 0.0060071
(1,(2,3),(4,(5,6))); -4538.98  -1.42363 29.4702 13.9344 28.2349 -4581.32 0.271892 0.276716 0.159053 0.292339   0.236639   0.159393  0.0817449  0.0199256   0.497378 0.00491984
(1,2,(3,((4,6),5))); -4543.96  -1.64152 23.6938 13.1084 24.6623 -4577.57 0.281189 0.251235  0.16694 0.300636   0.243664   0.151458   0.102352  0.0189251   0.473721 0.00988016
(1,(2,3),((4,6),5)); -4545.95  -1.76579 29.6698 13.3071 25.1373 -4585.68 0.276187 0.291018 0.140671 0.292124   0.252405   0.133244  0.0995429  0.0109676   0.498139 0.00570134
(1,2,(3,(4,(5,6)))); -4544.93  -1.29936 30.3157 13.3927 18.9728 -4579.53 0.287676 0.258049 0.141715  0.31256  0.198355   0.20731 0.0609407 0.0223693  0.498971 0.0120538
(1,2,(3,(4,(5,6)))); -4539.59  -1.29936 29.04 13.1906 22.6482 -4576.79 0.270442 0.259053 0.168133 0.302371   0.253529   0.173213  0.0573018  0.0164092   0.493741 0.00580531
(1,(2,3),(4,(5,6))); -4541.75  -1.42363 29.8605 13.6369 24.7222 -4581.28 0.300816 0.264024 0.128672 0.306489  0.251468   0.13054 0.0725942 0.0212575  0.513603 0.0105373
(1,2,(3,(4,(5,6)))); -4537.97  -1.29936 28.1864 13.6443 26.9966 -4578.21 0.295675   0.2629 0.152799 0.288625   0.222519   0.148977   0.104438  0.0226823   0.491534 0.00985076
(1,2,(3,(4,(5,6)))); -4540.82  -1.29936 26.6557 13.8416 26.0377 -4578.38 0.272982 0.281118 0.153004 0.292896   0.251625   0.149061   0.108875  0.0196161    0.46264 0.00818281
(1,(2,3),(4,(5,6))); -4542.78  -1.42363 28.1109 13.2287 24.772 -4581.01 0.276564 0.264067 0.155926 0.303443   0.251101   0.148694  0.0730376  0.0397763   0.481561 0.00582905
(1,2,(3,((4,6),5))); -4545.88  -1.64152 28.4327 13.282 21.0173 -4580.41 0.281003 0.266921 0.129924 0.322152  0.215687  0.173064 0.0634406 0.0354629  0.500142 0.0122029
(1,2,(3,((4,6),5))); -4533.76  -1.64152 29.8509 13.3218 28.0971 -4576.74 0.288108 0.270566 0.141317 0.300009   0.231516   0.148407    0.09393  0.0183553   0.506359 0.00143326
(1,(2,(4,(5,6))),3); -4544.88  -2.76434 28.2096 13.4936 23.4941 -4580.33 0.279807 0.274433 0.124366 0.321394  0.237573   0.16658 0.0664029 0.0197701  0.497136 0.0125393
(1,(2,3),(4,(5,6))); -4544.03  -1.42363 28.2556 13.6424 24.8277 -4582.05 0.300068 0.247567 0.145129 0.307236  0.257451  0.140099 0.0692231 0.0198523  0.504449  0.008926
(1,(2,3),((4,6),5)); -4543.7  -1.76579 30.6769 13.597 27.7312 -4586.74 0.286353  0.27207 0.139547  0.30203  0.231113  0.142555 0.0706815 0.0275629  0.521117 0.0069698
