tree logl logTop logBL logPrior logQ logWt pi1 pi2 pi3 pi4 s1 s2 s3 s4 s5 s6
(1,(2,3),((4,6),5)); -4542.53  -1.76579 30.1737 13.1979 28.7243 -4586.47 0.286911 0.274626 0.147849 0.290615  0.237711  0.150115 0.0912321 0.0123736  0.504893  0.003676
(1,2,(3,(4,(5,6)))); -4533.63  -1.29936 30.7137 13.2961 27.7242 -4577.48  0.28072 0.261003 0.143811 0.314466   0.227366   0.163212  0.0811997  0.0133561   0.508452 0.00641453
(1,2,(3,((4,6),5))); -4537.67  -1.64152 30.0808 13.6798 26.5209 -4578.95 0.287579 0.254275 0.151057 0.307089   0.216038   0.143433  0.0765999  0.0226902   0.532879 0.00835959
(1,2,(3,((4,6),5))); -4540.53  -1.64152 27.3305 13.3276 25.432 -4578.32 0.263516 0.281754 0.153293 0.301437   0.261139   0.160904  0.0826049  0.0265631    0.46253 0.00625983
(1,(2,3),((4,6),5)); -4545.1  -1.76579 29.1635 13.7581 27.9968 -4586.74 0.289856 0.269015  0.13969  0.30144   0.24387  0.145441 0.0875346 0.0254814  0.485988  0.011686
(1,2,(3,(4,(5,6)))); -4539.01  -1.29936 30.7776 13.3362 23.6361 -4578.79  0.26865 0.291949 0.141714 0.297688    0.21328   0.175478  0.0823245  0.0334659   0.492532 0.00291957
(1,(2,3),((4,6),5)); -4548.49  -1.76579 29.1842 12.8152 23.5346 -4586.62 0.292979 0.282408 0.136347 0.288267   0.230084   0.199908   0.093214  0.0214106   0.448538 0.00684588
(1,2,(3,(4,(5,6)))); -4536.8  -1.29936 29.5233 13.8195 26.7182 -4577.93 0.299487 0.282278 0.134571 0.283664    0.25649   0.148285   0.079105  0.0250374   0.483976 0.00710666
(1,2,(3,(4,(5,6)))); -4539.64  -1.29936 28.5844 13.8735 24.1518 -4577.2 0.293504 0.262478 0.149295 0.294724   0.210323   0.189524  0.0939938  0.0316558    0.46938 0.00512271
(1,2,(3,((4,6),5))); -4539.17  -1.64152 29.2527 13.124 24.0847 -4577.75 0.274427 0.265066 0.149027  0.31148  0.229427  0.132036 0.0640935 0.0231539  0.537377 0.0139128
(1,(2,((4,6),5)),3); -4542.98  -3.10649 28.1971 13.1683 26.162 -4581.07 0.280584 0.262245 0.167425 0.289746  0.259353  0.164341 0.0836543 0.0177728  0.470069 0.0048091
(1,2,(3,((4,6),5))); -4541.26  -1.64152 30.2711 13.7987 22.2185 -4578.31 0.266541 0.266126 0.156079 0.311254    0.24266   0.192933  0.0693168  0.0272194   0.457873 0.00999817
(1,2,(3,(4,(5,6)))); -4541.45  -1.29936 31.1351 13.905 22.1014 -4579.48 0.268249 0.274846 0.149759 0.307146  0.265357  0.118469  0.104145   0.02375  0.475771 0.0125069
(1,(2,3),(4,(5,6))); -4546.81  -1.42363 30.3015 13.3365 20.191 -4582.54 0.269802 0.267377 0.128165 0.334657   0.199044   0.183907  0.0848137  0.0157946   0.511672 0.00476889
(1,(2,(4,(5,6))),3); -4542.24  -2.76434 25.1207 12.9756 28.4266 -4580.05 0.293906 0.271241 0.140885 0.293969   0.221858   0.163511  0.0827152  0.0257128   0.502846 0.00335613
(1,2,(3,(4,(5,6)))); -4541.99  -1.29936 28.6333 13.2948 21.218 -4577.25 0.280945 0.267325 0.163555 0.288174  0.275995  0.159529  0.063064 0.0287782  0.456614 0.0160204
(1,2,(3,((4,6),5))); -4534.16  -1.64152 31.1999 13.4256 28.1728 -4578.46 0.297356 0.273327 0.143349 0.285969  0.232538  0.143627 0.0918731 0.0187426  0.502516  0.010703
(1,2,(3,(4,(5,6)))); -4534.32  -1.29936 31.6354 13.5323 28.0303 -4579.16 0.296081 0.265153 0.140607 0.298159   0.211617   0.153214     0.0873  0.0164342   0.524698 0.00673661
(1,(2,(4,(5,6))),3); -4542.19  -2.76434 28.7489 13.3412 25.129 -4579.97 0.270961 0.284776 0.151016 0.293247   0.241045   0.126687  0.0890255  0.0111587   0.523836 0.00824699
(1,2,(3,(4,(5,6)))); -4535.34  -1.29936 31.9544 13.7232 25.1252 -4577.4 0.292424 0.284352 0.135938 0.287287   0.246571   0.150405   0.108894  0.0161662   0.476629 0.00133483
(1,(2,3),((4,6),5)); -4555.72  -1.76579 24.4138 12.8326 22.6595 -4588.19  0.30167 0.274749  0.12962 0.293961  0.225059   0.15986 0.0586625 0.0327134  0.511637 0.0120684
(1,2,(3,(4,(5,6)))); -4535.5  -1.29936 28.7509 13.0204 27.1707 -4577.1 0.271032 0.271625 0.147938 0.309405  0.223384  0.171821 0.0803371 0.0175264  0.495967 0.0109649
(1,(2,((4,6),5)),3); -4550.38  -3.10649 28.0254 13.9115 23.6926 -4585.08 0.277294  0.26179 0.144319 0.316597   0.275151   0.139316  0.0913479  0.0299541   0.455712 0.00851817
(1,2,(3,(4,(5,6)))); -4537.58  -1.29936 29.7151 13.4742 25.3914 -4577.91 0.271976 0.276732 0.155915 0.295377   0.215195   0.169458   0.107809  0.0208983   0.484561 0.00207861
(1,2,(3,(4,(5,6)))); -4535.74  -1.29936 30.5015 13.8657 26.5706 -4577.65 0.286305 0.262551 0.143052 0.308091  0.265668  0.132756   0.08471 0.0207786   0.48559 0.0104975
(1,(2,3),(4,(5,6))); -4539.04  -1.42363 28.9564 13.4507 28.2244 -4581.35 0.278218 0.275454 0.142896 0.303432    0.25804   0.144236  0.0718463  0.0193692   0.501841 0.00466767
(1,(2,3),(4,(5,6))); -4539.53  -1.42363 29.7657 13.2843 26.3455 -4580.93 0.291656 0.288946 0.142814 0.276584   0.244902   0.150121  0.0979014  0.0227746   0.475976 0.00832476
(1,(2,3),(4,(5,6))); -4541.65  -1.42363 26.56 13.2799 27.8155 -4581.33 0.294008 0.269333  0.14683  0.28983   0.234381   0.144556   0.108685  0.0165654   0.490268 0.00554497
(1,(2,3),(4,(5,6))); -4543.64  -1.42363 27.7093 13.7065 24.893 -4581.12 0.302617   0.2829 0.135369 0.279113  0.247649  0.132179 0.0826589 0.0232314  0.501497 0.0127847
(1,2,(3,(4,(5,6)))); -4533.16  -1.29936 31.7998 13.3519 27.8887 -4578.19 0.289099 0.279725 0.131079 0.300096   0.218341   0.155093  0.0850642   0.020918   0.513877 0.00670697
(1,2,(3,(4,(5,6)))); -4535.45  -1.29936 29.3951 12.8604 27.3155 -4578 0.278803 0.278918 0.146326 0.295953   0.223909   0.141978  0.0733388   0.015354   0.542456 0.00296479
(1,(2,3),(4,(5,6))); -4544.94  -1.42363 28.4834 13.3835 23.0442 -4581.66 0.286345  0.26925 0.131142 0.313263   0.266398   0.140011  0.0788351  0.0367684   0.475994 0.00199321
(1,2,(3,(4,(5,6)))); -4540.45  -1.29936 27.843 13.2155 24.3609 -4578.14 0.278025 0.273843 0.153179 0.294953  0.218043  0.156926  0.112368 0.0180703  0.476328 0.0182648
(1,2,(3,(4,(5,6)))); -4541.37  -1.29936 30.9428 13.4251 22.4091 -4580 0.281762 0.292051 0.137564 0.288623   0.230088   0.202616  0.0704251  0.0141907   0.473701 0.00897862
(1,(2,((4,6),5)),3); -4550.66  -3.10649 25.814 13.3377 22.4893 -4582.52 0.272227 0.272369  0.17955 0.275854   0.245955   0.147133  0.0854273   0.023267   0.496086 0.00213131
(1,2,(3,(4,(5,6)))); -4532.17  -1.29936 32.2851 13.6596 28.5285 -4578.03 0.282028 0.269488 0.147175  0.30131    0.25253   0.156197  0.0908671  0.0125628   0.482822 0.00502092
(1,2,(3,(4,(5,6)))); -4537.8  -1.29936 28.1522 13.357 26.3277 -4577.62 0.279363 0.263609 0.152061 0.304967  0.251297  0.167601 0.0851875 0.0223506  0.459739 0.0138256
(1,2,(3,((4,6),5))); -4534.79  -1.64152 28.0626 13.0106 29.0086 -4577.21 0.281672 0.273246 0.147503 0.297579   0.224508   0.162142  0.0736481  0.0202083   0.513433 0.00606007
(1,2,(3,((4,6),5))); -4538.24  -1.64152 29.0728 12.9177 24.0025 -4576.75 0.279226 0.288004 0.140578 0.292192   0.215259   0.157035  0.0858672 0.00665595    0.53052 0.00466309
(1,2,(3,((4,6),5))); -4536.36  -1.64152 27.7188 13.3229 28.0839 -4577.2 0.286345 0.274797 0.144754 0.294104   0.254576   0.138134  0.0775658  0.0242134   0.495978 0.00953298
(1,2,(3,((4,6),5))); -4536.71  -1.64152 30.3021 13.8068 26.696 -4578.26 0.283671 0.267024 0.160347 0.288957  0.252869  0.145361  0.100167  0.019117  0.472102 0.0103842
(1,(2,3),((4,6),5)); -4547.28  -1.76579 30.2409 13.6579 24.9304 -4587.03 0.287188 0.279709  0.13717 0.295932  0.222771  0.171206 0.0945276 0.0257993  0.467953 0.0177426
(1,(2,3),((4,6),5)); -4544.53  -1.76579 29.2836 13.0018 25.5757 -4584.62 0.301795 0.270735 0.141444 0.286026   0.258254   0.148263   0.105462  0.0258117   0.458494 0.00371496
(1,2,(3,(4,(5,6)))); -4531.75  -1.29936 32.025 13.3218 28.5328 -4577.68 0.295748 0.265955 0.138374 0.299923   0.230319   0.168232  0.0898187  0.0195867   0.487976 0.00406717
(1,(2,3),(4,(5,6))); -4544.21  -1.42363 25.8314 14.164 27.2114 -4581.67 0.305656 0.268051 0.135247 0.291046   0.240958   0.145094  0.0735791  0.0208945   0.516084 0.00339018
(1,(2,3),(4,(5,6))); -4547.18  -1.42363 25.5127 12.9704 22.5578 -4580.86 0.301077 0.278014 0.122584 0.298326    0.22515   0.137532   0.101792 0.00898253   0.522445 0.00409873
(1,(2,3),(4,(5,6))); -4543.57  -1.42363 30.621 13.754 24.3695 -4583.38 0.309393 0.256527 0.153501 0.280579  0.224391  0.137357 0.0924711 0.0172791   0.52659 0.0019116
(1,2,(3,(4,(5,6)))); -4538.73  -1.29936 28.5279 13.6278 26.0085 -4578.34 0.302633 0.266342 0.136894 0.294131  0.212905  0.155567 0.0970839 0.0141879  0.507471 0.0127856
(1,2,(3,((4,6),5))); -4536.63  -1.64152 29.4838 13.527 26.8152 -4577.76 0.295713 0.269057 0.141969 0.293261   0.238108   0.159581    0.10503  0.0285096   0.464308 0.00446301
(1,2,(3,((4,6),5))); -4538.46  -1.64152 30.6571 13.7069 23.4392 -4577.21 0.290147 0.264543 0.149504 0.295806   0.23974  0.177306 0.0982021 0.0311077   0.43919  0.014454
(1,2,(3,(4,(5,6)))); -4537.1  -1.29936 29.2026 13.4935 26.0219 -4577.53 0.311714  0.26857 0.137854 0.281862   0.253713   0.150007  0.0743669   0.014999   0.498802 0.00811208
(1,2,(3,((4,6),5))); -4536.04  -1.64152 29.8539 13.3878 26.6105 -4577.47 0.268472  0.26915 0.160322 0.302056   0.230102   0.167075  0.0763324  0.0265032   0.492434 0.00755362
(1,(2,3),((4,6),5)); -4543.45  -1.76579 30.8194 13.3459 26.4228 -4585.58 0.289122 0.263932 0.157443 0.289503   0.23194  0.158143 0.0887702 0.0181375  0.485267 0.0177419
(1,2,(3,((4,6),5))); -4538.75  -1.64152 26.4661 13.7775 28.5113 -4578.31 0.283981 0.268674 0.156976 0.290369   0.224518   0.154097  0.0962269  0.0220378    0.49707 0.00605106
(1,(2,3),(4,(5,6))); -4541.4  -1.42363 25.8996 13.2641 28.5861 -4581.19 0.298014 0.259359 0.144365 0.298262   0.244351   0.155465  0.0785196  0.0196215   0.494587 0.00745558
(1,(2,3),((4,6),5)); -4543.64  -1.76579 29.4028 13.0295 27.9272 -4586.17 0.287956 0.268944 0.153806 0.289295   0.215815   0.163586  0.0754839  0.0252881   0.514834 0.00499301
(1,2,(3,((4,6),5))); -4541.24  -1.64152 25.3111 13.213 26.3822 -4578.08  0.30473 0.251079 0.148958 0.295232  0.239207  0.151067 0.0786355 0.0199566   0.49996 0.0111735
(1,(2,3),(4,(5,6))); -4539.06  -1.42363 31.1949 13.8712 26.1047 -4581.07 0.281668  0.26486 0.166628 0.286843   0.226305    0.16547  0.0799593  0.0294949   0.494273 0.00449758
(1,2,(3,((4,6),5))); -4532.39  -1.64152 31.2937 13.0938 28.7489 -4577.7 0.277467 0.272251 0.149638 0.300644   0.226187   0.155895  0.0860905  0.0248904   0.498344 0.00859272
(1,2,(3,((4,6),5))); -4541.78  -1.64152 27.6392 13.5354 24.0846 -4578.33 0.304997 0.258701 0.130083 0.306218  0.233162  0.141796 0.0652283 0.0182447  0.530386 0.0111826
(1,(2,3),(4,(5,6))); -4538.17  -1.42363 30.3243 13.4766 27.706 -4581.3 0.281804 0.260822 0.141585 0.315789  0.228534  0.170267 0.0877292 0.0199807  0.488245 0.0052449
(1,(2,3),((4,6),5)); -4548.24  -1.76579 29.6707 13.4085 24.1389 -4586.88  0.27996 0.269843 0.139108 0.311088   0.26287  0.186979 0.0756946 0.0168663  0.447285 0.0103056
(1,2,(3,((4,6),5))); -4539.47  -1.64152 28.84 13.7709 23.881 -4576.78 0.292219 0.247255    0.148 0.312525   0.227997   0.180471  0.0866566   0.029874   0.468615 0.00638655
(1,2,(3,((4,6),5))); -4537.59  -1.64152 30.3149 13.9056 26.2249 -4578.58   0.2764 0.256875 0.154134 0.312591   0.233981   0.133003  0.0935466  0.0180243   0.512104 0.00934158
(1,2,(3,((4,6),5))); -4537.62  -1.64152 28.1387 13.6409 26.986 -4577.46 0.285477  0.25369 0.146404 0.314429   0.221631   0.160252  0.0741928  0.0178727   0.520339 0.00571324
(1,2,(3,((4,6),5))); -4536  -1.64152 30.0502 13.7781 26.6924 -4577.32  0.28977 0.268012 0.150098 0.292121  0.230093  0.174149 0.0962481 0.0275903   0.46252 0.0093997
(1,(2,3),(4,(5,6))); -4537.36  -1.42363 30.574 13.1393 28.1335 -4581.5  0.29507 0.267556 0.153189 0.284185   0.233324   0.167349  0.0734674  0.0162649   0.503528 0.00606674
(1,(2,3),(4,(5,6))); -4542.62  -1.42363 25.2594 13.5915 27.3799 -4580.24 0.296859 0.267547 0.133533  0.30206    0.24287   0.150756   0.102293  0.0188155   0.477465 0.00779938
(1,(2,3),(4,(5,6))); -4538.85  -1.42363 30.0447 13.4798 27.6779 -4581.67 0.279048 0.273253 0.151204 0.296495  0.250446  0.174502 0.0766381 0.0144175  0.480928 0.0030684
(1,(2,3),((4,6),5)); -4545.38  -1.76579 30.9088 13.4628 25.9206 -4586.98 0.291536 0.271515 0.128831 0.308118  0.231745  0.162658  0.072501 0.0181196  0.500319 0.0146574
(1,(2,3),(4,(5,6))); -4546.53  -1.42363 28.1332 13.3328 21.404 -4581.31 0.282397 0.273101 0.144053  0.30045  0.185892  0.174558  0.089626 0.0236962  0.504027 0.0221999
(1,(2,3),((4,6),5)); -4550.98  -1.76579 28.186 13.0412 23.4044 -4587.76 0.278547 0.278166 0.130153 0.313134   0.259931   0.182865  0.0630496  0.0201864   0.467028 0.00693983
(1,(2,3),(4,(5,6))); -4549.04  -1.42363 23.53 13.8635 24.0393 -4581.32 0.270443 0.286775 0.152001 0.290781   0.262003   0.130099  0.0876866  0.0278855   0.490761 0.00156547
(1,(2,3),(4,(5,6))); -4544.84  -1.42363 28.8309 13.271 22.3948 -4581.37 0.252698  0.26988 0.154352  0.32307   0.242148   0.170594    0.07561  0.0126828   0.490084 0.00888102
(1,(2,3),((4,6),5)); -4546.38  -1.76579 28.3307 13.7555 25.8766 -4585.06 0.293175 0.272776 0.149345 0.284704   0.224716   0.161222   0.109645  0.0297242   0.470762 0.00393091
(1,(2,3),((4,6),5)); -4552.04  -1.76579 27.2239 13.5208 23.9769 -4587.95 0.299182 0.244147 0.141682 0.314988   0.234852    0.14494   0.070218  0.0249802   0.516693 0.00831691
(1,(2,3),(4,(5,6))); -4538.67  -1.42363 32.6496 13.4884 25.2363 -4581.64 0.287667 0.264692 0.154862 0.292779   0.209264   0.156014  0.0681904  0.0321106   0.524644 0.00977719
(1,(2,(4,(5,6))),3); -4544.82  -2.76434 28.0146 13.5545 24.7611 -4581.28 0.300588 0.254505 0.141297  0.30361   0.210255   0.153537  0.0891997  0.0353108    0.50602 0.00567764
(1,2,(3,(4,(5,6)))); -4538.15  -1.29936 28.9595 13.4269 24.0843 -4576.47 0.291316 0.256228 0.161501 0.290955   0.251122   0.158927  0.0761905 0.00722332   0.498418 0.00811869
(1,(2,3),((4,6),5)); -4546.15  -1.76579 27.2812 13.3861 26.9539 -4585.23 0.275776  0.28046 0.141216 0.302548   0.223079   0.144451  0.0882409    0.03256   0.507056 0.00461348
(1,2,(3,((4,6),5))); -4538.14  -1.64152 28.924 13.2132 24.8388 -4577.05 0.300401 0.281186 0.127319 0.291094   0.254234    0.17094  0.0921623  0.0146252   0.459777 0.00826194
(1,(2,3),((4,6),5)); -4544.88  -1.76579 28.6779 13.7268 27.1662 -4585.23 0.285708 0.270427 0.154933 0.288932   0.268922   0.151001  0.0833566    0.01221   0.477952 0.00655812
(1,(2,3),((4,6),5)); -4549.04  -1.76579 26.2367 13.7485 26.7434 -4586.5 0.277906 0.277021 0.144865 0.300209   0.199649   0.157972  0.0936327  0.0249292   0.516422 0.00739604
(1,(2,3),(4,(5,6))); -4538.32  -1.42363 30.0699 13.015 26.7182 -4580.67 0.305825 0.276923 0.136968 0.280283   0.234798   0.147233  0.0964592  0.0162825   0.496459 0.00876875
(1,2,(3,((4,6),5))); -4537.22  -1.64152 26.8773 13.352 28.9417 -4578.04 0.294711 0.269088 0.140538 0.295663   0.227838    0.15154  0.0855683  0.0148446   0.516226 0.00398238
(1,(2,3),(4,(5,6))); -4541.58  -1.42363 28.8761 13.1139 25.8121 -4581.73 0.291173 0.271369 0.130724 0.306734    0.24181   0.175097  0.0673061  0.0132595   0.493485 0.00904282
(1,(2,3),((4,5),6)); -4550.4  -5.1531 29.1774 12.9742 26.092 -4587.54 0.288644 0.261153 0.166858 0.283344  0.236185  0.155776  0.083676 0.0258404  0.488292 0.0102302
(1,(2,(4,(5,6))),3); -4538.38  -2.76434 30.7914 13.1506 26.4492 -4579.7 0.285537 0.271336 0.158677  0.28445   0.228059   0.171288  0.0849397  0.0301568   0.476741 0.00881539
(1,(2,(4,(5,6))),3); -4540.92  -2.76434 28.12 13.5443 25.9298 -4578.66 0.278699 0.268253  0.14901 0.304038  0.214674  0.180131 0.0797699 0.0124356  0.500507  0.012482
(1,(2,(4,(5,6))),3); -4539.61  -2.76434 26.8256 12.829 28.8085 -4579.65 0.283194 0.270121 0.144578 0.302106   0.242268   0.163471  0.0895373  0.0227695   0.474022 0.00793158
(1,2,(3,((4,6),5))); -4536.03  -1.64152 29.1052 13.3109 25.9426 -4576.13 0.304266  0.26841 0.150071 0.277253   0.243445   0.171991  0.0911078  0.0251864   0.462808 0.00546149
(1,2,(3,(4,(5,6)))); -4536.89  -1.29936 30.1601 13.2244 25.3832 -4577.91 0.282547  0.27892  0.15263 0.285903  0.246384  0.162645 0.0755864 0.0299603  0.469867 0.0155572
(1,(2,3),((4,6),5)); -4541.65  -1.76579 32.3883 13.7953 27.6618 -4586.14 0.285963 0.262701 0.151891 0.299445   0.263856   0.151087  0.0825824  0.0251722   0.470554 0.00674834
(1,2,(3,((4,6),5))); -4535.72  -1.64152 28.3484 13.2969 28.13 -4577.26 0.288028 0.277533   0.1318  0.30264   0.233595    0.14598  0.0797859  0.0208102   0.516362 0.00346631
(1,(2,(4,(5,6))),3); -4539.84  -2.76434 29.904 13.6881 27.3855 -4580.67  0.28844 0.279805  0.14095 0.290805   0.246156   0.159944   0.104213  0.0191407   0.462647 0.00789932
(1,2,(3,((4,6),5))); -4537.54  -1.64152 29.6037 13.741 25.459 -4577.22  0.29095 0.276871 0.152695 0.279484   0.274221   0.141189  0.0679491  0.0154945    0.49816 0.00298621
(1,(2,3),(4,(5,6))); -4544.03  -1.42363 26.7056 13.3135 24.73 -4580.73 0.270616 0.269893 0.129979 0.329512   0.239874   0.148958  0.0791724   0.016147   0.507467 0.00838163
(1,(2,3),(4,(5,6))); -4539.43  -1.42363 30.2855 13.696 27.0546 -4581.65 0.282917 0.284547 0.154075 0.278461   0.255906   0.160295  0.0770741   0.020881   0.482163 0.00368031
(1,(2,(4,(5,6))),3); -4544.25  -2.76434 25.3214 13.3825 27.5113 -4580.94 0.287865 0.276362 0.148306 0.287467  0.212187  0.165048 0.0949483 0.0172681  0.499566  0.010982
(1,(2,3),((4,6),5)); -4545.01  -1.76579 28.8487 13.5172 27.7367 -4586.31 0.297418 0.271129 0.131983  0.29947  0.242159  0.158642 0.0792602 0.0189047  0.490302  0.010733
(1,2,(3,(4,(5,6)))); -4543.42  -1.29936 28.7069 13.2834 22.9825 -4580.53 0.272706  0.27302 0.162329 0.291945   0.245292   0.113779   0.092487   0.012966   0.527953 0.00752323
(1,2,(3,((4,6),5))); -4533.74  -1.64152 30.4386 13.1175 28.0785 -4577.5 0.268647 0.280621 0.152336 0.298396   0.225127   0.156806   0.088963  0.0172756   0.505646 0.00618151
(1,(2,3),(4,(5,6))); -4536.33  -1.42363 31.6134 13.1925 28.14 -4581.47 0.281781 0.262753 0.149439 0.306027   0.222792   0.139502  0.0856962  0.0171157   0.529297 0.00559729
(1,2,(3,(4,(5,6)))); -4536.09  -1.29936 28.1466 13.4568 27.6129 -4577.09 0.282707 0.264731 0.154897 0.297665   0.233232   0.168564  0.0792913  0.0135607   0.503358 0.00199346
(1,2,(3,(4,(5,6)))); -4540.97  -1.29936 25.3033 13.3759 26.4574 -4578.05 0.284161 0.265662  0.15135 0.298827   0.219834   0.178893  0.0632054  0.0184683     0.5125 0.00709902
(1,(2,3),(4,(5,6))); -4538.49  -1.42363 28.4869 13.1608 28.5372 -4580.93 0.289033  0.26462 0.154589 0.291758   0.239639    0.16203  0.0876722  0.0131101   0.493147 0.00440212
(1,(2,(4,(5,6))),3); -4539.46  -2.76434 29.8353 13.2714 25.9514 -4579.21 0.291459 0.271231 0.130764 0.306546   0.25884  0.152253 0.0769861 0.0162599  0.481068  0.014592
(1,(2,3),((4,6),5)); -4544.5  -1.76579 29.3061 13.1562 25.672 -4584.56 0.295043 0.275208 0.141316 0.288433   0.220742   0.187603  0.0962211  0.0195191   0.473759 0.00215564
(1,(2,(4,(5,6))),3); -4541.68  -2.76434 29.44 13.6422 25.1284 -4579.84 0.277359 0.275347 0.148411 0.298883   0.286438   0.152402  0.0689153  0.0195613   0.463798 0.00888523
(1,2,(3,(4,(5,6)))); -4539.73  -1.29936 28.6404 13.6032 24.6858 -4578.15 0.269324  0.29133 0.139431 0.299914    0.25931   0.164909  0.0627259  0.0213624   0.484629 0.00706328
(1,2,(3,((4,6),5))); -4549.13  -1.64152 19.5555 13.7247 26.1688 -4579.49 0.300579 0.270291 0.143278 0.285853   0.213897   0.144616  0.0722765  0.0281339   0.536661 0.00441649
(1,2,(3,(4,(5,6)))); -4544.75  -1.29936 28.8522 13.3874 20.862 -4579.78 0.293616 0.248502  0.15974 0.298141   0.18333  0.174534 0.0757113 0.0227031  0.538603 0.0051192
(1,2,(3,((4,6),5))); -4543.95  -1.64152 23.5232 13.5217 26.0319 -4578.34 0.278345 0.281587 0.135878  0.30419   0.203852   0.160659   0.100259  0.0182204   0.507368 0.00964206
(1,(2,3),((4,6),5)); -4542  -1.76579 32.0819 13.4869 26.6701 -4585.49 0.277279  0.28748 0.151909 0.283332   0.242241   0.176203  0.0751347  0.0211941   0.480244 0.00498326
(1,(2,3),(4,(5,6))); -4543.06  -1.42363 27.8242 12.6802 22.6553 -4579.44 0.294077 0.278975 0.150182 0.276765   0.250735   0.173667   0.110975  0.0140724   0.449231 0.00131988
(1,(2,3),(4,(5,6))); -4543  -1.42363 27.3911 13.4585 26.7411 -4582.25 0.294822  0.25727 0.147828 0.300081   0.203189   0.159285  0.0876005  0.0160077   0.527896 0.00602121
(1,(2,3),((4,5),6)); -4554.57  -5.1531 27.8698 13.405 23.4153 -4587.3   0.2647 0.266227 0.155439 0.313635  0.225222  0.184513 0.0785999 0.0153593  0.481407 0.0148994
(1,2,(3,((4,6),5))); -4541.44  -1.64152 27.0932 13.4924 23.3235 -4576.73 0.275481 0.277217 0.145106 0.302196   0.24102   0.14464 0.0568479 0.0166289  0.521447 0.0194152
(1,2,(3,(4,(5,6)))); -4537.74  -1.29936 30.2964 13.3544 25.1243 -4578.51 0.286099  0.26573 0.149522 0.298648    0.22589   0.174395  0.0838817  0.0397991   0.471906 0.00412705
(1,2,(3,(4,(5,6)))); -4533.18  -1.29936 31.4543 13.733 28.5398 -4578.14 0.281337 0.277263 0.152039 0.289361   0.225035     0.1484   0.088299  0.0224826   0.506249 0.00953424
(1,2,(3,((4,6),5))); -4537.3  -1.64152 30.3904 13.8777 26.1178 -4578.29 0.279055 0.262064 0.162479 0.296402   0.209523   0.149551  0.0824304  0.0280316   0.525284 0.00517976
(1,(2,((4,6),5)),3); -4544.54  -3.10649 27.7287 13.7385 27.5913 -4583.01 0.284479 0.276786 0.149811 0.288923   0.219415    0.14687  0.0721546  0.0159486   0.541678 0.00393415
(1,(2,3),(4,(5,6))); -4541.49  -1.42363 29.0143 13.7307 25.8088 -4581.16 0.273449 0.263051  0.15933  0.30417  0.245187  0.155655 0.0888903 0.0200316   0.47402 0.0162154
(1,(2,3),(4,(5,6))); -4544.81  -1.42363 27.8686 13.5918 24.9185 -4582.58  0.28109 0.264872  0.13818 0.315858   0.216114   0.188848  0.0758798  0.0138248   0.502264 0.00306915
(1,2,(3,(4,(5,6)))); -4536.56  -1.29936 31.9934 13.3086 24.6367 -4578.58 0.288127 0.265616 0.143159 0.303099   0.231719   0.118532   0.110848  0.0230976   0.507979 0.00782384
(1,(2,3),(4,(5,6))); -4547.01  -1.42363 26.1194 14.0449 23.6364 -4581.3 0.288046 0.294103 0.131781 0.286069  0.254356  0.135909 0.0830325 0.0306867  0.484309 0.0117069
(1,2,(3,((4,6),5))); -4536.08  -1.64152 29.0038 13.363 26.4792 -4576.56 0.298289  0.28004 0.132867 0.288804   0.242975   0.163643  0.0790449  0.0174334   0.495589 0.00131501
(1,(2,3),((4,6),5)); -4545.52  -1.76579 29.6911 13.4319 25.7123 -4585.72  0.28693 0.272997 0.158983  0.28109  0.240519  0.143285  0.105702 0.0196375  0.477653 0.0132029
(1,2,(3,(4,(5,6)))); -4532.76  -1.29936 32.0574 13.4474 27.9288 -4578 0.279119 0.279553 0.156691 0.284637   0.239034   0.170463  0.0803686  0.0197113   0.485726 0.00469669
(1,2,(3,((4,6),5))); -4534.58  -1.64152 30.8581 13.1842 27.2229 -4577.84 0.286861 0.270257 0.140995 0.301887   0.206543   0.157895   0.106079  0.0190373    0.50574 0.00470523
(1,2,(3,((4,5),6))); -4545.59  -5.02883 31.4614 13.7088 22.4839 -4580.8 0.261925 0.278973 0.129461 0.329641  0.235096  0.162581 0.0973275 0.0129775  0.485355 0.0066635
(1,2,(3,(4,(5,6)))); -4534.76  -1.29936 29.0238 13.0442 28.5911 -4578.03 0.278007 0.283238 0.145277 0.293479  0.250524  0.159512 0.0805736 0.0179416  0.487814 0.0036345
(1,(2,3),(4,(5,6))); -4539.87  -1.42363 28.8752 13.038 27.1637 -4581.45 0.276753 0.287854 0.143879 0.291515   0.229118   0.162285  0.0907699  0.0258572   0.489546 0.00242425
(1,(2,3),((4,6),5)); -4547.3  -1.76579 29.2501 13.1 24.7411 -4586.43 0.267374 0.279486 0.151888 0.301252   0.235729    0.13307  0.0728219  0.0346924   0.516874 0.00681308
(1,2,(3,(4,(5,6)))); -4539.5  -1.29936 29.0342 13.3734 25.7733 -4579.63 0.293315 0.276708 0.150787  0.27919   0.201167   0.144078  0.0962399  0.0235178   0.529896 0.00510088
(1,(2,(4,(5,6))),3); -4548.54  -2.76434 27.2847 13.2532 19.986 -4579.79 0.271693 0.286586 0.157502 0.284219  0.224847  0.195028 0.0611406  0.031841  0.475396 0.0117473
(1,2,(3,((4,6),5))); -4546.48  -1.64152 20.0831 12.1981 25.4894 -4578.21 0.295491 0.273706 0.127339 0.303463  0.209343  0.149994 0.0861268 0.0143188   0.52996 0.0102569
(1,(2,((4,6),5)),3); -4540.56  -3.10649 30.5712 13.0775 26.3304 -4581.28 0.297027 0.276495 0.129949 0.296529   0.260739   0.162304  0.0870033  0.0170691   0.463656 0.00922839
(1,(2,3),(4,(5,6))); -4540.53  -1.42363 31.3911 13.5041 25.4444 -4582.44 0.269558 0.284189 0.142979 0.303275  0.237291  0.165323  0.109534 0.0196955  0.459888 0.0082684
(1,2,(3,(4,(5,6)))); -4548.35  -1.29936 16.1779 13.1332 26.9373 -4577.04 0.291062 0.264479 0.149122 0.295336  0.261454   0.16922 0.0722754 0.0223842   0.47227 0.0023959
(1,2,(3,(4,(5,6)))); -4534.9  -1.29936 31.4928 13.7357 26.1392 -4577.5 0.290431 0.262622  0.15251 0.294436  0.236411  0.170907  0.077119 0.0287107  0.473121 0.0137306
(1,(2,3),((4,6),5)); -4546.14  -1.76579 30.4547 13.3546 24.2258 -4585.7 0.280697 0.276105 0.136666 0.306532  0.204152  0.144213  0.112506 0.0253568  0.501661 0.0121106
(1,2,(3,((4,6),5))); -4537.96  -1.64152 29.1556 13.9347 25.7937 -4577.34 0.289915 0.274778 0.150325 0.284982   0.235404   0.171941  0.0588997  0.0258096   0.499872 0.00807396
(1,2,(3,(4,(5,6)))); -4536.31  -1.29936 29.7806 13.7037 26.038 -4577.12 0.283876 0.254698 0.157404 0.304022  0.246265  0.166155 0.0671955 0.0216231  0.488365 0.0103971
(1,(2,3),(4,(5,6))); -4542.83  -1.42363 25.4232 13.7502 27.8507 -4580.93 0.282665  0.26693 0.151379 0.299026   0.218729   0.164825  0.0902555  0.0115122   0.507654 0.00702452
(1,(2,(4,(5,6))),3); -4538.74  -2.76434 31.0598 13.3801 26.4356 -4580.09 0.278893 0.259651 0.142218 0.319238   0.257351   0.164786  0.0797804  0.0211119   0.469365 0.00760594
(1,2,(3,((4,6),5))); -4539.21  -1.64152 30.6974 13.3667 23.947 -4578.85 0.290952 0.246838 0.143287 0.318923   0.216595   0.151969  0.0737259  0.0148979   0.540028 0.00278425
(1,(2,3),((4,6),5)); -4545.87  -1.76579 29.8155 13.8817 26.6464 -4586.69 0.291191 0.277665 0.133941 0.297203   0.230286   0.135952  0.0771668  0.0120821   0.539164 0.00534868
(1,(2,3),(4,(5,6))); -4545.23  -1.42363 31.0877 13.8145 21.2423 -4582.32 0.290032 0.270073 0.133307 0.306588   0.235228   0.206431  0.0813443 0.00802998   0.465025 0.00394154
(1,(2,(4,(5,6))),3); -4542.34  -2.76434 30.1006 13.4263 25.1087 -4581.35 0.268877 0.287145 0.128592 0.315386   0.236034   0.159939  0.0944058  0.0215679   0.483042 0.00501158
(1,(2,3),((4,6),5)); -4547.73  -1.76579 27.4139 13.558 26.8307 -4586.65 0.295102 0.263478 0.143043 0.298376   0.204444   0.170164  0.0788115  0.0232635   0.519706 0.00361163
(1,(2,((4,6),5)),3); -4549.35  -3.10649 21.7865 12.4166 25.3727 -4580.99 0.292397 0.278139 0.130708 0.298756   0.255163   0.143418   0.105526  0.0115904   0.476303 0.00799971
(1,(2,((4,6),5)),3); -4547.13  -3.10649 28.8286 13.85 24.4169 -4583.42 0.286993 0.261813 0.142954  0.30824   0.240179   0.129675   0.117418  0.0248184   0.485275 0.00263469
(1,2,(3,(4,(5,6)))); -4535.11  -1.29936 29.7681 13.2605 27.5403 -4577.86 0.277467   0.2797 0.158721 0.284112   0.242597   0.160721  0.0782707  0.0240147   0.486773 0.00762384
(1,2,(3,((4,6),5))); -4537.61  -1.64152 28.5934 13.1442 24.6244 -4576.04 0.290469 0.275694 0.150885 0.282952   0.23247  0.171862  0.113438 0.0111167  0.468314 0.0027998
(1,2,(3,(4,(5,6)))); -4538.82  -1.29936 27.4371 14.0913 27.8562 -4578.72 0.292217 0.274941  0.14364 0.289201   0.221822   0.144963  0.0869734  0.0297901   0.508774 0.00767628
(1,2,(3,((4,6),5))); -4545.22  -1.64152 24.8473 13.2254 24.6336 -4579.83 0.291272 0.277583 0.134889 0.296255   0.19914  0.179281 0.0876171 0.0219184  0.498389 0.0136546
(1,(2,3),((4,6),5)); -4551.8  -1.76579 30.3475 13.3378 22.1153 -4589.15 0.274523 0.277892 0.129102 0.318482   0.239552   0.180431  0.0690216  0.0342819   0.468612 0.00810123
(1,2,(3,(4,(5,6)))); -4543.37  -1.29936 23.3487 13.0689 26.3868 -4578.74 0.302706 0.274133 0.137978 0.285183    0.21177   0.174456  0.0876918  0.0253078   0.495139 0.00563484
(1,2,(3,(4,(5,6)))); -4537.7  -1.29936 30.2711 13.5937 24.6526 -4577.73 0.303711 0.244232 0.153947  0.29811   0.250175   0.142861  0.0876403  0.0235628    0.48689 0.00887049
(1,2,(3,(4,(5,6)))); -4534.94  -1.29936 30.1062 13.9895 28.1036 -4577.86 0.299889 0.266928  0.14212 0.291062   0.250175   0.155573  0.0917544  0.0240068   0.473532 0.00495977
(1,2,(3,(4,(5,6)))); -4540.48  -1.29936 25.0229 13.5326 27.31 -4577.99 0.270735 0.279775 0.150851 0.298639   0.254271   0.134782  0.0829054  0.0218764   0.502674 0.00349102
(1,(2,3),((4,6),5)); -4542.21  -1.76579 30.5886 13.1571 27.7178 -4585.59 0.279012 0.281457 0.137017 0.302515  0.235824  0.140166  0.094777 0.0245676  0.496842 0.0078235
(1,(2,3),(4,(5,6))); -4541.93  -1.42363 24.7522 12.9864 28.0259 -4580.29 0.278273 0.263411 0.156154 0.302161   0.226524   0.158813  0.0819598  0.0263107   0.498627 0.00776457
(1,(2,3),(4,(5,6))); -4546.69  -1.42363 24.8504 13.3008 25.6505 -4582.47 0.293379 0.276086 0.158783 0.271753   0.210025   0.163713  0.0782997  0.0223779   0.520889 0.00469515
(1,2,(3,(4,(5,6)))); -4536.94  -1.29936 31.0142 13.5207 24.6488 -4577.78 0.271412 0.270728 0.140268 0.317593  0.204369  0.147177 0.0821899 0.0296668   0.52718 0.0094171
(1,(2,3),(4,(5,6))); -4542.26  -1.42363 27.4364 13.384 25.7076 -4580.6 0.305392 0.278698  0.13684  0.27907   0.242486   0.154597  0.0999086  0.0268258   0.471718 0.00446442
(1,(2,3),((4,6),5)); -4546.18  -1.76579 30.4675 13.4561 24.8371 -4586.27 0.285008 0.268102 0.147149 0.299742    0.28416   0.150066   0.061809  0.0227938    0.47822 0.00295016
(1,(2,3),((4,6),5)); -4543.28  -1.76579 31.1788 13.6357 27.0511 -4586.11 0.275065 0.277584   0.1367 0.310651  0.244752  0.150345 0.0973606 0.0178429   0.47899 0.0107089
(1,2,(3,(4,(5,6)))); -4537.74  -1.29936 26.1737 13.06 27.9461 -4577.5 0.285081 0.275999 0.143014 0.295907  0.241974   0.16184 0.0970078 0.0212268  0.467121 0.0108307
(1,2,(3,(4,(5,6)))); -4538.41  -1.29936 28.6346 13.444 24.9286 -4577.23  0.29015 0.253939  0.15835 0.297561  0.266936  0.150082 0.0768874 0.0201521  0.471597  0.014346
(1,2,(3,((4,6),5))); -4543.11  -1.64152 23.2318 12.8533 25.3753 -4577.22 0.278903    0.273 0.153489 0.294608   0.278181   0.146644  0.0965942  0.0116661   0.460987 0.00592758
(1,(2,3),(4,(5,6))); -4538.21  -1.42363 28.9033 12.8956 27.4288 -4580.22 0.286961 0.270946 0.137378 0.304715  0.255918  0.138484 0.0859999 0.0194429  0.487932 0.0122227
(1,2,(3,((4,6),5))); -4542.18  -1.64152 26.778 13.4713 24.1191 -4577.97 0.269653 0.261658 0.143462 0.325227   0.228919   0.145661   0.071578   0.032773   0.514165 0.00690369
(1,2,(3,(4,(5,6)))); -4536.83  -1.29936 30.787 13.9193 25.6581 -4578.06 0.290318 0.253772 0.157343 0.298566   0.274719   0.144898  0.0850073  0.0158124   0.472198 0.00736522
(1,2,(3,(4,(5,6)))); -4534.55  -1.29936 31.2508 13.2246 27.2547 -4578.53 0.288242 0.269371 0.138837 0.303549  0.205811    0.1611 0.0923384 0.0190056  0.511013 0.0107319
(1,2,(3,((4,6),5))); -4534.67  -1.64152 29.9234 13.3324 27.6871 -4577.31 0.301536 0.269693 0.137015 0.291755   0.249245   0.145865  0.0973648  0.0158391   0.484904 0.00678088
(1,2,(3,((4,6),5))); -4535.66  -1.64152 31.026 13.1279 24.944 -4576.86 0.278978 0.272249 0.146939 0.301835   0.257048   0.135501  0.0563874  0.0251166   0.521088 0.00485823
(1,(2,3),(4,(5,6))); -4541.99  -1.42363 29.2504 13.8689 26.182 -4582.13 0.272053 0.273142 0.158356 0.296449   0.265837    0.16095  0.0695563  0.0239022   0.475618 0.00413561
(1,(2,3),((4,6),5)); -4545.27  -1.76579 30.107 13.3903 26.6672 -4586.88 0.295327 0.280789 0.134622 0.289263  0.236384  0.163322 0.0671388 0.0167735  0.505137 0.0112444
(1,2,(3,(4,(5,6)))); -4539.9  -1.29936 29.1004 12.8924 24.6875 -4579.49 0.293813 0.282898 0.139994 0.283296     0.2069   0.190179  0.0725892  0.0209639   0.502657 0.00671097
(1,(2,3),((4,6),5)); -4549.12  -1.76579 26.7165 13.1229 25.0316 -4585.98 0.296312  0.26519 0.140132 0.298365   0.236913    0.12696   0.116784  0.0159052   0.496383 0.00705509
(1,2,(3,(4,(5,6)))); -4536.8  -1.29936 27.5812 13.5269 28.2302 -4577.78 0.281636 0.271226 0.149961 0.297177   0.241369   0.143279  0.0687057  0.0180978    0.52499 0.00355822
(1,2,(3,(4,(5,6)))); -4538.18  -1.29936 27.1437 13.2357 27.5041 -4578.29 0.287272 0.276087 0.150794 0.285847   0.230412    0.13486  0.0912171  0.0284321   0.508265 0.00681393
(1,2,(3,((4,6),5))); -4542.63  -1.64152 22.47 13.0829 25.5878 -4575.96 0.301547 0.270281 0.144182  0.28399   0.250476   0.178336  0.0929444  0.0177866   0.450697 0.00975937
(1,2,(3,((4,6),5))); -4533.82  -1.64152 31.287 13.5393 27.8353 -4577.76 0.274759 0.283903 0.149217 0.292122   0.258881    0.14123  0.0835785  0.0203355   0.490438 0.00553767
(1,2,(3,(4,(5,6)))); -4540.88  -1.29936 29.0278 13.3308 23.5327 -4578.81 0.292529 0.245521 0.140638 0.321312   0.231032   0.134959  0.0784671  0.0259129   0.520287 0.00934198
(1,2,(3,((4,6),5))); -4539.87  -1.64152 25.3254 13.0314 27.6176 -4578.14 0.284533 0.275416 0.151713 0.288338   0.228778   0.142718  0.0711952  0.0263303   0.527086 0.00389339
(1,2,(3,(4,(5,6)))); -4534.04  -1.29936 31.2237 13.4834 27.9191 -4578.4 0.278795 0.284055 0.141382 0.295768  0.212821  0.155015 0.0904664 0.0230142  0.513353 0.0053307
(1,2,(3,(4,(5,6)))); -4546.34  -1.29936 20.7816 12.7156 25.6929 -4578.8 0.282927 0.284575 0.143491 0.289007  0.244357   0.12695 0.0784412  0.013039  0.525785 0.0114279
(1,(2,3),((4,6),5)); -4544.49  -1.76579 28.1008 13.2095 27.9314 -4585.55 0.290569 0.267532 0.144414 0.297485  0.221737  0.162915 0.0901525 0.0172054  0.494375 0.0136152
(1,(2,3),((4,6),5)); -4549.43  -1.76579 27.7012 13.4106 25.6348 -4587.59 0.287401 0.261307 0.156292 0.294999  0.221548  0.135399 0.0930796 0.0108314  0.528257  0.010885
(1,(2,3),((4,6),5)); -4548.06  -1.76579 30.2674 13.7459 22.0657 -4584.88 0.302387 0.244635 0.168893 0.284085    0.21772   0.177168  0.0806769  0.0210684   0.496052 0.00731503
(1,2,(3,((4,6),5))); -4534.05  -1.64152 29.9346 13.1047 26.5948 -4575.83 0.295196 0.258423 0.147706 0.298675   0.234049   0.177424   0.100973  0.0190818   0.463228 0.00524372
(1,(2,3),((4,6),5)); -4547.7  -1.76579 29.077 13.3733 24.8944 -4586.53 0.293516 0.268086 0.148028  0.29037   0.26085  0.135434  0.106696 0.0222267  0.461524 0.0132692
(1,2,(3,(4,(5,6)))); -4538.76  -1.29936 28.2821 13.3254 25.4134 -4577.83 0.283463 0.266415 0.127838 0.322284   0.229506   0.162174  0.0985287  0.0150397   0.487565 0.00718669
(1,(2,3),(4,(5,6))); -4542.78  -1.42363 25.5364 13.154 28.0596 -4581.8 0.279021 0.274622 0.155013 0.291344   0.244133   0.165066   0.093368  0.0228283   0.470373 0.00423166
(1,2,(3,((4,6),5))); -4537.3  -1.64152 31.1507 13.6877 23.8313 -4576.95 0.291045 0.249299    0.161 0.298656   0.265681   0.156352  0.0715975  0.0297355   0.469389 0.00724478
(1,2,(3,((4,6),5))); -4536.05  -1.64152 29.7584 13.2041 26.8773 -4577.84 0.287033 0.275732 0.153544 0.283691   0.21555  0.168712 0.0795079 0.0186255  0.504255 0.0133493
(1,(2,3),(4,(5,6))); -4546.82  -1.42363 26.6701 13.4375 24.3871 -4583.01 0.298112 0.261191 0.149395 0.291302  0.214885  0.122168 0.0855535 0.0232313  0.543444 0.0107172
(1,(2,3),(4,(5,6))); -4541.94  -1.42363 31.1856 13.5924 24.2836 -4582.39 0.275715 0.274214 0.175764 0.274306   0.233074   0.147349  0.0807972  0.0203779   0.511597 0.00680565
(1,(2,((4,6),5)),3); -4539.63  -3.10649 30.7769 13.274 28.1145 -4582.14 0.283557  0.27626 0.134524  0.30566   0.225567   0.156673  0.0786905   0.017057   0.519127 0.00288493
(1,2,(3,(4,(5,6)))); -4535.79  -1.29936 31.5832 13.2988 24.6595 -4577.44  0.28901 0.282122 0.130757 0.298111  0.262427  0.155258 0.0712949 0.0132319  0.482174 0.0156143
(1,(2,3),(4,(5,6))); -4543.07  -1.42363 29.6772 13.1275 22.8245 -4581.02 0.279965 0.258161 0.179742 0.282132   0.251161   0.167204  0.0795598  0.0143579   0.484031 0.00368609
(1,2,(3,(4,(5,6)))); -4540.28  -1.29936 29.1208 13.242 23.2505 -4578.11 0.283818 0.295571 0.137602 0.283009   0.266742   0.138313  0.0789567   0.032073   0.474582 0.00933364
(1,(2,((4,6),5)),3); -4545.33  -3.10649 27.7319 13.2983 25.5042 -4582.16 0.295755 0.266351 0.147952 0.289943  0.235146  0.167589 0.0683969   0.03275  0.483741 0.0123772
(1,2,(3,((4,6),5))); -4535.85  -1.64152 28.8316 13.4622 26.4233 -4576 0.297603 0.265688 0.148785 0.287925  0.258488  0.172917 0.0718215 0.0170415  0.469465 0.0102666
(1,2,(3,((4,6),5))); -4537.66  -1.64152 28.7538 13.9415 26.8434 -4577.67 0.267406 0.268192 0.151644 0.312759  0.245322  0.144042 0.0938813 0.0191595  0.495118 0.0024768
(1,(2,3),(4,(5,6))); -4540.24  -1.42363 29.2674 13.5713 27.2497 -4581.76 0.279586 0.279131 0.147558 0.293725   0.217636   0.159513  0.0694142  0.0258246   0.524372 0.00324042
(1,(2,(4,(5,6))),3); -4537.99  -2.76434 30.6743 13.0109 27.1041 -4580  0.27221 0.275749 0.156438 0.295604   0.222261   0.140554  0.0871929  0.0143017   0.526795 0.00889539
(1,2,(3,(4,(5,6)))); -4538.09  -1.29936 28.5618 13.4938 25.5237 -4577.38 0.288869 0.273438 0.151601 0.286092  0.253456   0.16291 0.0755985 0.0280124  0.464305 0.0157177
(1,(2,3),((4,6),5)); -4549.08  -1.76579 28.7163 13.4724 23.4835 -4586.04 0.280879 0.281376 0.143584 0.294162   0.188145   0.176366   0.107299  0.0145296   0.508935 0.00472488
(1,(2,3),(4,(5,6))); -4539.09  -1.42363 29.6838 14.0118 28.3172 -4581.65 0.296641 0.267812 0.144258 0.291289   0.224971   0.152408  0.0772852  0.0265005   0.514954 0.00388144
(1,(2,3),(4,(5,6))); -4540.68  -1.42363 28.0981 13.194 27.1114 -4581.27 0.289513 0.270977 0.142815 0.296695   0.260669   0.174018  0.0832653  0.0130056   0.465573 0.00346973
(1,(2,((4,6),5)),3); -4541.57  -3.10649 31.9401 13.3632 25.4002 -4582.44 0.275949 0.267364 0.156119 0.300568  0.259221  0.143534 0.0822948 0.0166594  0.479737 0.0185543
(1,(2,3),(4,(5,6))); -4539.94  -1.42363 28.747 13.0853 26.5732 -4580.76 0.290264 0.267124 0.133647 0.308965   0.242083      0.151   0.102361  0.0110776   0.486797 0.00668159
(1,2,(3,((4,6),5))); -4534.26  -1.64152 30.085 13.4669 27.586 -4576.83  0.29299 0.280231 0.134906 0.291872   0.258994   0.150004   0.073283   0.015012   0.495908 0.00679937
(1,(2,3),((4,6),5)); -4545.39  -1.76579 30.1842 13.4053 24.1369 -4584.54 0.284934 0.257529 0.151788  0.30575  0.236342  0.170159 0.0918686 0.0162931  0.464109 0.0212279
(1,2,(3,(4,(5,6)))); -4534.64  -1.29936 31.1187 13.9774 27.403 -4577.88 0.285744 0.261177 0.145306 0.307773   0.228634   0.158383   0.104871  0.0212308   0.478089 0.00879151
(1,(2,3),(4,(5,6))); -4541.79  -1.42363 29.9539 13.5089 23.604 -4580.41 0.282314 0.265408 0.132256 0.320021   0.22191  0.137491  0.100717 0.0223953  0.500171 0.0173161
(1,(2,3),(4,(5,6))); -4543.48  -1.42363 26.3239 14.054 26.759 -4581.08 0.290348 0.276223 0.154676 0.278753  0.237246   0.15667 0.0902049  0.023865  0.478578 0.0134357
(1,(2,(4,(5,6))),3); -4544.72  -2.76434 27.2442 13.2544 24.4258 -4580.38 0.274085 0.261858  0.15218 0.311876  0.268137  0.149885 0.0838128 0.0151055    0.4665 0.0165598
(1,2,(3,((4,6),5))); -4536.49  -1.64152 30.8317 13.2576 23.6102 -4576.04 0.283497 0.287598 0.137208 0.291697   0.279637   0.151064  0.0938007  0.0163462   0.458015 0.00113646
(1,(2,3),(4,(5,6))); -4544.67  -1.42363 27.5325 13.4196 24.4155 -4581.78 0.288248 0.279248  0.14005 0.292453   0.224288   0.123699  0.0694189  0.0298867   0.545804 0.00690385
(1,(2,(4,(5,6))),3); -4548.91  -2.76434 28.477 12.8889 20.0343 -4581.77 0.299864 0.302256 0.135591 0.262289  0.231064  0.129366 0.0967042  0.015349  0.519103 0.0084138
(1,(2,3),(4,(5,6))); -4541.42  -1.42363 28.0961 13.4245 26.9654 -4581.63 0.287949 0.259261 0.160931 0.291859  0.222091  0.150371 0.0773856 0.0215127  0.517649 0.0109914
(1,2,(3,((4,6),5))); -4536.78  -1.64152 30.4343 13.5478 24.3294 -4576.35 0.286962 0.250253 0.157043 0.305742   0.253935   0.165459  0.0845884 0.00963528   0.475896  0.0104856
(1,(2,3),((4,6),5)); -4542.78  -1.76579 30.899 13.5688 27.7316 -4586.08  0.29078 0.274672 0.142436 0.292113  0.243344  0.141827 0.0729484 0.0218278   0.50714 0.0129136
(1,(2,3),(4,(5,6))); -4539.33  -1.42363 31.7236 13.541 24.4159 -4580.5 0.270061 0.276105 0.130863  0.32297   0.223366   0.143564  0.0786377   0.015105   0.536527 0.00279965
(1,(2,3),((4,6),5)); -4544.2  -1.76579 30.5147 13.2803 25.8522 -4585.52  0.29428 0.264369 0.145215 0.296136   0.252515   0.165474  0.0559962  0.0221619   0.499153 0.00469992
(1,(2,3),(4,(5,6))); -4537.17  -1.42363 30.6016 13.1975 27.2975 -4580.44 0.291757 0.257615 0.143624 0.307003   0.239747   0.162874  0.0915986  0.0255574   0.471363 0.00885954
(1,(2,3),(4,(5,6))); -4536.22  -1.42363 32.2487 13.542 27.7486 -4581.25  0.29921 0.264379 0.139157 0.297254   0.222008   0.171535  0.0898711  0.0210685   0.487544 0.00797333
(1,2,(3,(4,(5,6)))); -4540.43  -1.29936 25.0609 13.446 27.1293 -4577.88 0.300603 0.279605  0.13615 0.283642  0.249303  0.155175 0.0716418  0.018555  0.502378 0.0029471
(1,(2,3),((4,5),6)); -4555.12  -5.1531 29.5732 13.7356 25.3635 -4591.17 0.287748 0.271669 0.152511 0.288072   0.239117   0.119444  0.0760526  0.0150436   0.542339 0.00800346
(1,2,(3,(4,(5,6)))); -4539.12  -1.29936 23.0454 13.1823 28.8987 -4576.58 0.293719 0.264448 0.142213  0.29962    0.22931   0.165536  0.0885547  0.0177198   0.491375 0.00750378
(1,(2,3),((4,6),5)); -4542.99  -1.76579 30.6277 12.9358 27.5348 -4586.45 0.287958 0.283102 0.133887 0.295053  0.220611  0.153851 0.0833991  0.021616  0.509327  0.011195
(1,2,(3,((4,6),5))); -4538.76  -1.64152 28.2734 13.071 25.0193 -4577.34   0.2862 0.276463   0.1309 0.306437  0.255209  0.149435 0.0968703 0.0138687  0.469081 0.0155361
(1,2,(3,(4,(5,6)))); -4540.77  -1.29936 29.514 13.7469 23.7331 -4578.97 0.262955 0.276668 0.166009 0.294368   0.240387   0.134501  0.0829217  0.0101977   0.524631 0.00736094
(1,2,(3,(4,(5,6)))); -4545.83  -1.29936 22.8112 13.7107 25.0502 -4578.68 0.276904 0.269826 0.143741  0.30953  0.250336  0.173313 0.0911141  0.018346  0.450825 0.0160661
(1,2,(3,(4,(5,6)))); -4538.15  -1.29936 27.9375 13.2536 26.6579 -4578.19 0.268951 0.279027 0.145524 0.306498   0.240598    0.14468   0.102273   0.026213   0.479428 0.00680799
(1,(2,3),((4,6),5)); -4546.65  -1.76579 29.5341 12.9954 24.9191 -4586.34 0.312006 0.272037 0.142786 0.273171   0.253072   0.150465  0.0699729    0.01332    0.50687 0.00629995
(1,2,(3,((4,6),5))); -4539.89  -1.64152 28.5183 13.5418 25.2607 -4578.49 0.290122 0.274988 0.154567 0.280323  0.226447  0.139117 0.0956568 0.0105411  0.514718 0.0135209
(1,(2,3),((4,6),5)); -4557.7  -1.76579 25.1927 13.6463 19.2395 -4586.72 0.293775 0.280253 0.157197 0.268776  0.274466  0.126502 0.0818333 0.0291992   0.46854   0.01946
(1,2,(3,(4,(5,6)))); -4535.45  -1.29936 29.9153 13.9376 27.4674 -4577.59 0.277896 0.269042 0.153849 0.299213    0.24433   0.173056  0.0920727  0.0130897   0.473665 0.00378633
(1,(2,3),(4,(5,6))); -4541.87  -1.42363 25.9964 13.1626 28.0097 -4581.29 0.275671 0.268072 0.148091 0.308166   0.249309     0.1657  0.0789857  0.0179987   0.478702 0.00930486
(1,(2,(4,(5,6))),3); -4543.7  -2.76434 26.7565 13.0198 25.9118 -4580.59 0.291123 0.255943 0.149152 0.303781   0.209615   0.156405  0.0713267  0.0285208   0.527134 0.00699866
(1,2,(3,((4,6),5))); -4533.12  -1.64152 30.8296 13.1798 28.4475 -4577.57 0.288709 0.270084 0.139708 0.301499   0.236452   0.150129   0.094559  0.0277399   0.485317 0.00580355
(1,2,(3,(4,(5,6)))); -4535.63  -1.29936 29.5212 13.1679 26.9036 -4577.59 0.266293 0.291222  0.14153 0.300955  0.246478  0.151062 0.0842428 0.0193824  0.492477  0.006358
(1,2,(3,(4,(5,6)))); -4538.27  -1.29936 29.3419 13.2867 24.8 -4577.83 0.275067 0.270083 0.151839  0.30301   0.226277   0.155525   0.102318  0.0366017   0.477224 0.00205461
(1,(2,3),((4,6),5)); -4550.27  -1.76579 22.1916 12.6358 28.1016 -4586.16    0.291 0.274292 0.142103 0.292605  0.234896  0.174908 0.0765867 0.0252574  0.481717  0.006635
