translate
       1 camel_dromedary,
       2 dolphin,
       3 giant_sperm_whale,
       4 bowhead_whale,
       5 fin_whale,
       6 blue_whale,
       7 hippo,
       8 pig,
       9 cow,
      10 sheep,
      11 goat,
      12 giraffe,
      13 chevrotain;
((((1,7),(2,(3,(4,(5,6))))),8),(9,((10,11),12)),13); 335904
(((1,8),((2,(3,(4,(5,6)))),7)),(9,((10,11),12)),13); 78159
(((1,((2,(3,(4,(5,6)))),7)),8),(9,((10,11),12)),13); 2184
((((1,7),(2,(3,(4,(5,6))))),8),((9,12),(10,11)),13); 1517
((((1,7),(2,(3,(4,(5,6))))),(9,((10,11),12))),8,13); 1085
(((1,8),(((2,3),(4,(5,6))),7)),(9,((10,11),12)),13); 369
((((1,7),((2,3),(4,(5,6)))),8),(9,((10,11),12)),13); 295
((((1,8),(2,(3,(4,(5,6))))),7),(9,((10,11),12)),13); 280
((((1,7),8),(2,(3,(4,(5,6))))),(9,((10,11),12)),13); 50
(((1,8),(((2,(4,(5,6))),3),7)),(9,((10,11),12)),13); 22
(((1,8),((2,(3,(4,(5,6)))),7)),((9,12),(10,11)),13); 20
((((1,7),(2,(3,(4,(5,6))))),8),((9,(10,11)),12),13); 17
((((1,7),((2,(4,(5,6))),3)),8),(9,((10,11),12)),13); 16
(((1,7),((2,(3,(4,(5,6)))),8)),(9,((10,11),12)),13); 16
((((1,(2,(3,(4,(5,6))))),7),8),(9,((10,11),12)),13); 12
((((1,7),(2,(3,(4,(5,6))))),((9,12),(10,11))),8,13); 11
(((1,((2,(3,(4,(5,6)))),7)),8),((9,12),(10,11)),13); 11
((((1,7),(2,((3,4),(5,6)))),8),(9,((10,11),12)),13); 10
((((1,8),7),(2,(3,(4,(5,6))))),(9,((10,11),12)),13); 9
((((1,7),((2,3),(4,(5,6)))),8),((9,12),(10,11)),13); 4
(((1,(((2,3),(4,(5,6))),7)),8),(9,((10,11),12)),13); 4
(((1,((2,(3,(4,(5,6)))),7)),(9,((10,11),12))),8,13); 2
(((1,(2,(3,(4,(5,6))))),(7,8)),(9,((10,11),12)),13); 1
(((1,8),(((2,3),(4,(5,6))),7)),((9,12),(10,11)),13); 1
((1,(((2,(3,(4,(5,6)))),7),8)),(9,((10,11),12)),13); 1
