tree logl logTop logBL logPrior logQ logWt pi1 pi2 pi3 pi4 s1 s2 s3 s4 s5 s6
(1,(((2,3),(4,(5,6))),7),((8,13),((9,12),(10,11)))); -7677.25  -2.99274 83.8961 39.3302 29.9441 -7748.77 0.244182 0.244845 0.176369 0.334605   0.205017   0.174517  0.0626466  0.0130141   0.540601 0.00420447
(1,((2,(3,(4,(5,6)))),7),(8,(((9,12),(10,11)),13))); -7669.88  -3.65845 80.3637 39.5241 30.4321 -7737.49 0.253105 0.236727 0.159912 0.350256    0.18086   0.200572  0.0612261  0.0175469    0.53747 0.00232455
(1,(((2,3),(4,(5,6))),(8,(((9,12),(10,11)),13))),7); -7671.54  -2.65568 80.0483 40.0966 29.0059 -7737.84 0.250983 0.239703 0.163002 0.346313    0.18923   0.176297   0.071631  0.0155669   0.539869 0.00740697
(1,((2,(3,(4,(5,6)))),(8,(((9,12),(10,11)),13))),7); -7673.45  -2.81023 79.8541 39.2759 19.2828 -7730.5 0.225635 0.266996  0.13883  0.36854   0.195987   0.177812  0.0516814  0.0119322   0.554547 0.00804105
(1,((2,(3,(4,(5,6)))),((8,13),(9,((10,11),12)))),7); -7658.55  -2.90577 85.2912 39.4209 29.9513 -7731.46 0.264172 0.242961 0.161543 0.331323   0.211169   0.179924  0.0554082  0.0186154   0.532519 0.00236468
(1,((2,(3,(4,(5,6)))),7),((8,13),(9,((10,11),12)))); -7670.01  -3.75399 79.4612 39.3864 28.2453 -7734.58 0.246551 0.230523  0.15537 0.367556     0.2077   0.182404  0.0605474  0.0110157   0.534985 0.00334829
(1,(((2,3),(4,(5,6))),7),((8,13),((9,12),(10,11)))); -7681.34  -2.99274 78.498 38.7342 30.573 -7748.68 0.249347 0.252697 0.169246 0.328711   0.184112   0.190365  0.0644647  0.0137303   0.544917 0.00241052
(1,(((2,3),(4,(5,6))),((8,13),(9,((10,11),12)))),7); -7670.55  -2.75121 81.0034 38.7715 30.9355 -7740.97 0.249447 0.252472 0.158254 0.339828   0.190669   0.204143  0.0552479  0.0141187   0.532495 0.00332645
(1,((2,(3,(4,(5,6)))),7),(8,(((9,12),(10,11)),13))); -7678.97  -3.65845 71.6069 39.1761 25.1335 -7732.88 0.239275 0.248973 0.156735 0.355016   0.194177   0.174689  0.0747728 0.00711689   0.547223 0.00202051
(1,((2,(3,(4,(5,6)))),(8,(((9,12),(10,11)),13))),7); -7664.71  -2.81023 80.1454 39.1465 29.8053 -7732.71 0.234391 0.252835  0.16295 0.349824   0.191773   0.197245  0.0590025  0.0145581   0.533383 0.00403836
(1,(((2,3),(4,(5,6))),7),((8,13),((9,(10,11)),12))); -7696.59  -5.99859 73.4159 39.2905 28.3156 -7753.03 0.257896 0.250294 0.148127 0.343683   0.189805    0.20247  0.0476979  0.0184187   0.537183 0.00442465
(1,((2,(3,(4,(5,6)))),((8,13),(9,((10,11),12)))),7); -7666.23  -2.90577 80.9677 40.1373 29.0417 -7733.2 0.259463 0.238633 0.169173 0.332731    0.21952   0.167951  0.0576837  0.0154363   0.536214 0.00319521
(1,(((2,3),(4,(5,6))),((8,13),((9,12),(10,11)))),7); -7673.02  -2.14452 80.1997 39.6491 30.4873 -7741.91 0.251556 0.251871 0.158709 0.337864   0.191851   0.189474  0.0653866  0.0196425   0.532397 0.00124991
(1,((2,(3,(4,(5,6)))),7),((8,13),(9,((10,11),12)))); -7675.09  -3.75399 75.0114 39.295 29.8013 -7736.85  0.24432 0.251463 0.170813 0.333404   0.193964   0.190849  0.0584024  0.0115693   0.538707 0.00650893
(1,(((2,3),(4,(5,6))),7),((8,13),(9,((10,11),12)))); -7682.32  -3.59944 74.3145 38.8558 27.9793 -7742.15  0.24987 0.243695 0.184623 0.321812   0.208427   0.183537  0.0576092  0.0148729   0.529665 0.00588898
(1,(((2,3),(4,(5,6))),((8,13),((9,12),(10,11)))),7); -7674.49  -2.14452 80.091 39.6098 28.3847 -7741.21 0.242098 0.242131  0.16292 0.352851   0.195706   0.190915  0.0569342  0.0246098   0.527696 0.00413786
(1,((2,(3,(4,(5,6)))),(8,(((9,12),(10,11)),13))),7); -7662  -2.81023 81.4503 39.3366 30.4847 -7731.79 0.245782 0.252787 0.153808 0.347623   0.191672   0.178067  0.0618946  0.0171348    0.54743 0.00380178
(1,((2,(3,(4,(5,6)))),((8,13),((9,12),(10,11)))),7); -7674.21  -2.29908 76.7031 39.5523 24.9189 -7733.98 0.265136 0.231761 0.172485 0.330617    0.206855    0.219294   0.0538046   0.0182617    0.501098 0.000686998
(1,((2,(3,(4,(5,6)))),(8,((9,((10,11),12)),13))),7); -7666.85  -3.41692 77.9098 39.4127 26.031 -7727.96 0.274836 0.244648 0.154406 0.326109   0.175235   0.179647  0.0713527  0.0166154   0.552885 0.00426574
(1,(((2,(3,(4,(5,6)))),7),(((9,12),(10,11)),13)),8); -7670.69  -4.36289 80.6583 39.5901 27.0539 -7734.45 0.266753 0.241787  0.14373 0.347731  0.206362  0.181073 0.0529572 0.0175338  0.534341 0.0077329
(1,((2,(3,(4,(5,6)))),7),(8,((9,((10,11),12)),13))); -7661.34  -4.26515 84.013 40.1906 29.0399 -7729.94 0.252446  0.24125  0.15474 0.351564   0.186105   0.172855  0.0566034  0.0128052   0.565813 0.00581815
(1,(((2,3),(4,(5,6))),7),((8,13),((9,12),(10,11)))); -7683.26  -2.99274 79.2969 40.0389 28.9658 -7748.5 0.252987 0.230739 0.164402 0.351872    0.189093    0.185668    0.068802   0.0158265     0.54012 0.000489807
(1,((2,(3,(4,(5,6)))),(8,((9,((10,11),12)),13))),7); -7672.25  -3.41692 74.4366 39.5943 24.0605 -7727.73 0.235726 0.248026 0.169674 0.346574   0.205747   0.205667  0.0384001  0.0172541   0.531877 0.00105426
(1,(((2,3),(4,(5,6))),((8,13),(9,((10,11),12)))),7); -7664.37  -2.75121 86.6759 40.0537 30.4799 -7738.72   0.2577 0.234807 0.159838 0.347655   0.204151   0.198553  0.0610148  0.0139428   0.521304 0.00103433
(1,(((2,3),(4,(5,6))),((8,13),((9,12),(10,11)))),7); -7674.85  -2.14452 84.2958 39.8291 27.6405 -7744.82 0.258505 0.242093 0.147129 0.352273   0.188532   0.209121  0.0638154  0.0211516   0.515709 0.00167023
(1,((2,(3,(4,(5,6)))),(8,(((9,12),(10,11)),13))),7); -7669.51  -2.81023 77.4757 38.9766 29.2577 -7734.45 0.260495 0.241807 0.167566 0.330133   0.191418   0.169959  0.0555814  0.0172978   0.564322 0.00142148
(1,(((2,3),(4,(5,6))),(8,((9,((10,11),12)),13))),7); -7661.31  -3.26237 85.7071 39.5897 26.5918 -7730.76  0.26212 0.229001 0.178059  0.33082   0.202625   0.192181  0.0611391  0.0241228   0.517625 0.00230715
(1,((2,(3,(4,(5,6)))),((8,13),((9,(10,11)),12))),7); -7682.01  -5.30492 76.2081 39.664 27.189 -7740.44 0.233564 0.269045 0.153088 0.344302   0.188409   0.187209  0.0613025  0.0160377   0.542563 0.00447854
(1,(((2,3),(4,(5,6))),7),((8,13),((9,12),(10,11)))); -7678.85  -2.99274 84.1541 39.2089 26.7623 -7747.57 0.231267 0.237741 0.167209 0.363783   0.190641   0.187393  0.0684536    0.01496   0.531805 0.00674705
(1,(((2,3),(4,(5,6))),(8,((9,((10,11),12)),13))),7); -7660.49  -3.26237 87.2339 39.3296 28.3977 -7733.53 0.236978 0.242752 0.176273 0.343997   0.188635   0.204232   0.054345  0.0165558   0.530176 0.00605673
(1,((2,(3,(4,(5,6)))),(8,(((9,12),(10,11)),13))),7); -7660.71  -2.81023 83.4033 39.3152 30.8331 -7732.82 0.253951 0.246434 0.169762 0.329854   0.193871   0.180888  0.0545867  0.0135172   0.555281 0.00185664
(1,(((2,3),(4,(5,6))),((8,13),(9,((10,11),12)))),7); -7678.55  -2.75121 74.4591 40.4528 28.7967 -7738.6 0.259387 0.243885 0.159175 0.337553   0.200558    0.16618  0.0501945  0.0150346   0.563564 0.00447011
(1,(2,(3,(4,(5,6)))),(7,(8,(((9,12),(10,11)),13)))); -7677.86  -5.79088 78.6674 39.6849 26.4312 -7737.48 0.246857 0.270291 0.155695 0.327157   0.209558   0.165598  0.0621841  0.0117187   0.548758 0.00218241
(1,((2,(3,(4,(5,6)))),((8,13),(9,((10,11),12)))),7); -7666.96  -2.90577 79.0796 39.0702 27.4449 -7731.51   0.2586 0.225498 0.183076 0.332826   0.206541   0.191631  0.0547638  0.0169105   0.525358 0.00479624
(1,((2,(3,(4,(5,6)))),((8,13),((9,12),(10,11)))),7); -7676.14  -2.29908 77.5579 39.5208 28.0193 -7739.9  0.24724 0.251195 0.155006 0.346559   0.193297   0.208024  0.0526357   0.022815    0.52182 0.00140804
(1,(((2,3),(4,(5,6))),(8,((9,((10,11),12)),13))),7); -7666.79  -3.26237 80.1545 39.986 28.4927 -7732.19 0.248867 0.236952 0.173633 0.340548   0.198831   0.192854  0.0617113  0.0107457   0.526916 0.00894247
(1,((2,(3,(4,(5,6)))),(8,(((9,12),(10,11)),13))),7); -7673.08  -2.81023 72.5257 38.9383 28.6486 -7732.51 0.258082 0.249411 0.157683 0.334824   0.184773    0.20255  0.0502192  0.0215178   0.537508 0.00343133
(1,(((2,3),(4,(5,6))),((8,13),((9,12),(10,11)))),7); -7675.61  -2.14452 79.8312 40.1082 29.5642 -7742.75 0.246852 0.244039 0.160738 0.348371   0.212407   0.194325  0.0665241  0.0176387   0.505747 0.00335809
(1,((2,((3,4),(5,6))),(8,((9,((10,11),12)),13))),7); -7674.16  -7.72394 79.4795 39.3435 25.9297 -7732.5  0.26272 0.254772 0.145761 0.336746  0.195735  0.185226  0.060013 0.0130585  0.533118 0.0128488
(1,(((2,3),(4,(5,6))),((8,13),((9,12),(10,11)))),7); -7684.31  -2.14452 74.8646 39.1859 25.3355 -7743.18 0.231488 0.237247 0.186687 0.344578   0.217447   0.184686  0.0634729  0.0100092   0.521145 0.00324076
(1,((2,(3,(4,(5,6)))),(8,(((9,12),(10,11)),13))),7); -7664.42  -2.81023 81.666 39.9971 28.9404 -7732.22 0.266711 0.234203 0.161581 0.337505    0.209102    0.191664   0.0554392    0.018947    0.523957 0.000891285
(1,(((2,3),(4,(5,6))),((8,13),((9,12),(10,11)))),7); -7673.75  -2.14452 79.2473 39.2848 31.4004 -7742.97 0.254037 0.241127 0.168157  0.33668   0.190274   0.182234  0.0650552  0.0158421   0.544566 0.00202816
(1,((2,(3,(4,(5,6)))),((8,13),((9,12),(10,11)))),7); -7667.42  -2.29908 83.2561 39.8069 28.1892 -7736.76 0.244722 0.252697 0.156976 0.345605   0.211302   0.172592  0.0699509  0.0194311   0.521989 0.00473379
(1,(((2,3),(4,(5,6))),((8,13),((9,12),(10,11)))),7); -7673.49  -2.14452 84.7773 39.431 27.3258 -7744.02 0.248978 0.232448 0.164548 0.354026   0.212073   0.160096  0.0565172  0.0113914   0.555742 0.00418048
(1,((((2,3),(4,(5,6))),7),(((9,12),(10,11)),13)),8); -7672.13  -4.20834 80.268 39.3584 30.7557 -7739.59 0.250642 0.253712  0.15296 0.342686   0.195088   0.189346  0.0540579  0.0134889   0.543456 0.00456285
(1,(((2,3),(4,(5,6))),(8,(((9,12),(10,11)),13))),7); -7670.38  -2.65568 81.9395 39.2151 29.3853 -7739.83 0.236246 0.248867  0.15788 0.357007   0.205898   0.196496  0.0545209   0.013139   0.526523 0.00342379
(1,(((2,3),(4,(5,6))),((8,13),((9,12),(10,11)))),7); -7676.46  -2.14452 79.3751 39.2761 28.2865 -7742.7 0.257175 0.241745 0.161265 0.339815   0.206078   0.184572  0.0441047  0.0121493   0.547424 0.00567136
(1,((2,(3,(4,(5,6)))),7),((8,13),(9,((10,11),12)))); -7671.06  -3.75399 79.2563 38.9508 29.9427 -7737.56 0.245121 0.255502 0.166533 0.332844   0.200239   0.185954   0.066018  0.0107266   0.535679 0.00138269
(1,((((2,3),(4,(5,6))),7),((9,((10,11),12)),13)),8); -7668.73  -4.81503 77.3148 39.2986 30.2297 -7732.16 0.261845 0.240216 0.173895 0.324044   0.197173   0.188963  0.0559377  0.0143538   0.540668 0.00290475
(1,(((2,3),(4,(5,6))),((8,13),((9,12),(10,11)))),7); -7674.3  -2.14452 79.0263 39.0255 28.8938 -7741.05 0.261339 0.238413  0.16702 0.333227   0.204556   0.189423  0.0591568  0.0124435   0.525521 0.00889988
(1,(((2,(3,(4,(5,6)))),7),(((9,12),(10,11)),13)),8); -7675.41  -4.36289 76.736 39.3006 27.5343 -7736.02 0.254092 0.227634 0.160158 0.358117   0.193695   0.170539   0.067375  0.0178446   0.544142 0.00640517
(1,(((2,3),(4,(5,6))),7),(8,(((9,(10,11)),12),13))); -7681.91  -6.50974 79.9046 39.5428 28.4215 -7744.19 0.237449 0.244216 0.177294 0.341041   0.214096   0.178361   0.057477  0.0162073   0.528011 0.00584796
(1,(((2,(4,(5,6))),3),(8,(((9,12),(10,11)),13))),7); -7676.04  -4.89201 79.4351 39.1154 29.6536 -7741.12 0.254022 0.248207 0.144244 0.353527   0.204575   0.193213   0.053647  0.0160694   0.529752 0.00274392
(1,(((2,3),(4,(5,6))),7),((8,13),((9,12),(10,11)))); -7683.96  -2.99274 77.1802 39.5094 29.3051 -7747.95 0.255886 0.240818 0.173434 0.329863   0.192319   0.205241  0.0629431  0.0108226   0.527626 0.00104806
(1,((2,(3,(4,(5,6)))),(8,(((9,12),(10,11)),13))),7); -7662.75  -2.81023 84.107 39.6715 28.2094 -7732.58 0.243217 0.243717 0.169278 0.343788   0.174906   0.201527  0.0628232  0.0142395   0.538457 0.00804675
(1,((2,(3,(4,(5,6)))),(8,(((9,12),(10,11)),13))),7); -7669.9  -2.81023 75.804 39.5878 28.4023 -7731.71   0.2509 0.240106 0.176724 0.332271   0.181712   0.198493  0.0589962      0.011   0.542716 0.00708238
(1,(((2,3),(4,(5,6))),7),((8,13),((9,12),(10,11)))); -7690.12  -2.99274 72.3734 39.6752 28.8262 -7748.65 0.253149 0.244761 0.175101  0.32699   0.180767   0.198936  0.0711424  0.0167861   0.530385 0.00198288
(1,(((2,3),(4,(5,6))),((8,13),((9,12),(10,11)))),7); -7675.88  -2.14452 80.9582 39.9892 27.3814 -7742.08 0.254138 0.241478  0.17518 0.329204  0.222289  0.204329 0.0562278 0.0130267  0.502908 0.0012201
(1,((2,(3,(4,(5,6)))),((8,13),(9,((10,11),12)))),7); -7663.84  -2.90577 83.3136 39.1346 25.3637 -7730.48 0.257349 0.259748 0.155402 0.327501   0.209833    0.15651  0.0520631  0.0160739   0.559484 0.00603501
(1,(((2,3),(4,(5,6))),(8,(((9,12),(10,11)),13))),7); -7678.75  -2.65568 82.3997 40.3326 19.8592 -7738.02 0.253166 0.219715 0.172201 0.354919   0.23616  0.186749 0.0659514 0.0119546  0.489472 0.0097131
(1,((2,(3,(4,(5,6)))),((8,13),((9,(10,11)),12))),7); -7690.78  -5.30492 75.0094 39.1128 20.4075 -7741.78 0.251515 0.256874 0.145436 0.346176   0.227202   0.199216  0.0691584  0.0200956   0.475535 0.00879264
(1,((2,(3,(4,(5,6)))),((8,13),(9,((10,11),12)))),7); -7666.83  -2.90577 77.2023 39.6176 29.9257 -7731.43 0.256383 0.225908 0.164657 0.353052   0.200083   0.197273  0.0599731  0.0139704   0.525898 0.00280232
(1,((2,(3,(4,(5,6)))),7),((8,13),((9,12),(10,11)))); -7680.69  -3.1473 79.4367 40.0774 24.2934 -7741.2 0.264254 0.241183 0.171346 0.323217    0.19079   0.219571  0.0568263  0.0204805   0.504253 0.00807875
(1,(((2,3),(4,(5,6))),(8,(((9,12),(10,11)),13))),7); -7672.42  -2.65568 76.3893 39.0543 30.7786 -7737.88 0.245142    0.251  0.15429 0.349567   0.188644   0.185771  0.0628188  0.0153041   0.546111 0.00135114
(1,(((2,(3,(4,(5,6)))),7),8),(((9,12),(10,11)),13)); -7678.48  -5.18453 81.5149 39.6215 29.5673 -7744.75 0.263152 0.238534 0.158909 0.339405  0.195339  0.186886 0.0596341 0.0168782  0.533098 0.0081657
(1,((2,(3,(4,(5,6)))),7),(8,((9,((10,11),12)),13))); -7656.81  -4.26515 87.6726 39.8429 28.8698 -7729.25 0.259069 0.239633 0.165471 0.335826    0.199969    0.182043   0.0604933   0.0124236     0.54488 0.000191371
(1,(((2,3),(4,(5,6))),((8,13),((9,12),(10,11)))),7); -7674.93  -2.14452 82.1953 39.2194 25.9833 -7741.74 0.262306 0.252241 0.163026 0.322426  0.199432  0.183089 0.0584789 0.0167206  0.528956  0.013324
(1,((2,(3,(4,(5,6)))),((8,13),((9,12),(10,11)))),7); -7669.09  -2.29908 83.3034 40.6848 27.7906 -7737.2 0.242485 0.238265 0.162309 0.356941   0.210971   0.199501  0.0650307   0.009267   0.511519 0.00371196
(1,(((2,3),(4,(5,6))),(8,(((9,12),(10,11)),13))),7); -7667.59  -2.65568 83.1616 39.1338 29.6773 -7738.64 0.259623 0.246971 0.155896  0.33751   0.197033   0.194248  0.0543517  0.0157752   0.530594 0.00799822
(1,((2,(3,(4,(5,6)))),((8,13),(9,((10,11),12)))),7); -7663.56  -2.90577 78.7093 39.3972 31.3764 -7731.34 0.254997 0.245078 0.164715  0.33521  0.202075  0.178521 0.0606256 0.0129953  0.541694 0.0040899
(1,(((2,3),(4,(5,6))),(8,((9,((10,11),12)),13))),7); -7660.93  -3.26237 84.7595 39.8317 29.9387 -7732.53 0.265104 0.234822 0.163094 0.336981   0.211265    0.18651  0.0566929  0.0114226   0.531004 0.00310517
(1,(((2,3),(4,(5,6))),(8,(((9,12),(10,11)),13))),7); -7666.39  -2.65568 84.124 39.3152 30.1599 -7738.71 0.260338 0.242218 0.160866 0.336577   0.188007   0.184119  0.0586144  0.0215323   0.545348 0.00237951
(1,(((2,3),(4,(5,6))),7),(8,(((9,12),(10,11)),13))); -7674.02  -3.5039 80.7777 39.7598 30.3902 -7741.92 0.249932 0.247151  0.15982 0.343096   0.201503   0.185149  0.0648116 0.00944209   0.537452 0.00164178
(1,((((2,3),(4,(5,6))),7),(((9,12),(10,11)),13)),8); -7670.74  -4.20834 83.0384 39.6122 29.2146 -7739.17 0.232345 0.247239 0.174339 0.346077   0.202765   0.188523  0.0586688  0.0147012   0.530613 0.00472886
(1,((2,(3,(4,(5,6)))),(8,(((9,12),(10,11)),13))),7); -7661.42  -2.81023 83.4667 39.2227 28.7291 -7731.59 0.254527 0.251301 0.170417 0.323755   0.190166   0.178425  0.0621912  0.0155451   0.545737 0.00793562
(1,((2,(3,(4,(5,6)))),(8,((9,((10,11),12)),13))),7); -7666.38  -3.41692 75.8766 39.5892 26.8288 -7726.08 0.248842 0.259689 0.150115 0.341355   0.201936   0.181833  0.0459817 0.00996226   0.559011 0.00127576
(1,((2,(3,(4,(5,6)))),7),((8,13),((9,12),(10,11)))); -7676.05  -3.1473 81.058 39.5998 30.0079 -7744.37 0.246015 0.249533 0.164286 0.340167   0.185108   0.178741  0.0554648  0.0116353   0.565698 0.00335222
(1,(((2,3),(4,(5,6))),((8,13),((9,12),(10,11)))),7); -7673.65  -2.14452 83.2025 39.3937 26.1429 -7741.45 0.259465 0.256765 0.162811 0.320959    0.224953    0.197983   0.0603154   0.0115769    0.504248 0.000923897
(1,(2,(3,(4,(5,6)))),(7,((8,13),(9,((10,11),12))))); -7675.22  -5.88642 80.218 39.2239 26.1091 -7736.43 0.264898 0.244792 0.170198 0.320112   0.218709   0.173358   0.060882  0.0195396    0.52072 0.00679161
(1,(((2,3),(4,(5,6))),(8,(((9,12),(10,11)),13))),7); -7667.89  -2.65568 81.8781 39.1255 29.0683 -7737.06 0.238123 0.243837 0.165881 0.352159   0.190194   0.193988  0.0528174  0.0179637   0.538762 0.00627453
(1,(((2,3),(4,(5,6))),(8,(((9,12),(10,11)),13))),7); -7666.1  -2.65568 83.9435 39.6565 29.9578 -7737.69 0.256197  0.23605 0.156864  0.35089    0.20401    0.17633  0.0603275  0.0168732   0.536422 0.00603716
(1,((2,(3,(4,(5,6)))),8),(7,(((9,12),(10,11)),13))); -7688.39  -6.32118 82.3625 39.1576 27.7421 -7753.01 0.248106 0.239957 0.168877  0.34306  0.181889  0.208142 0.0565041 0.0243869  0.526968 0.0021093
(1,((2,(3,(4,(5,6)))),(8,(((9,12),(10,11)),13))),7); -7666.07  -2.81023 81.7454 39.8691 27.2233 -7732.36 0.244554 0.248701 0.152482 0.354263   0.190041   0.168007  0.0583793 0.00943118    0.57263  0.0015119
(1,((((2,3),(4,(5,6))),7),((9,((10,11),12)),13)),8); -7664.95  -4.81503 80.7147 39.4339 30.1072 -7731.52 0.250704 0.253542 0.167434  0.32832   0.194364   0.200809  0.0615215  0.0155978   0.522515 0.00519288
(1,((2,(3,(4,(5,6)))),((8,13),((9,12),(10,11)))),7); -7669.66  -2.29908 77.4672 38.4512 29.8861 -7736.26 0.259622 0.252926  0.14816 0.339292   0.19603  0.179282 0.0687775 0.0158603  0.537577 0.0024727
(1,((2,(3,(4,(5,6)))),(8,(((9,12),(10,11)),13))),7); -7666.2  -2.81023 82.9619 39.5618 25.1766 -7731.96 0.242845 0.255131 0.140774 0.361249   0.206308   0.176185  0.0574411  0.0223532   0.532115 0.00559792
(1,((2,((3,(5,6)),4)),((8,13),(9,((10,11),12)))),7); -7681.24  -7.96664 78.1594 38.8965 27.733 -7740.27 0.255585 0.254876 0.170747 0.318791   0.218583    0.17541  0.0632815  0.0123334   0.526171 0.00422034
(1,((2,(3,(4,(5,6)))),((8,13),((9,12),(10,11)))),7); -7668.96  -2.29908 79.1287 38.9364 30.5773 -7737.43  0.25024 0.248765  0.15765 0.343346   0.205157   0.187829  0.0495497  0.0122611   0.541922 0.00328063
(1,(((2,3),(4,(5,6))),((8,13),(9,((10,11),12)))),7); -7671.74  -2.75121 85.691 39.1235 26.84 -7742.4 0.269193 0.254466 0.144029 0.332312  0.175386   0.19113 0.0658318 0.0163167  0.550003 0.0013322
(1,((2,(3,(4,(5,6)))),(8,(((9,12),(10,11)),13))),7); -7679.62  -2.81023 73.5075 38.589 23.3561 -7735.08 0.241486 0.277355 0.167949 0.313209   0.181791   0.205447  0.0611464  0.0120168    0.53544 0.00415842
(1,((2,(3,(4,(5,6)))),((8,13),((9,12),(10,11)))),7); -7664.36  -2.29908 83.8174 39.3662 31.1187 -7737.63 0.245995 0.241506 0.167188 0.345312   0.204806   0.187362  0.0599634   0.018505   0.527417 0.00194702
(1,((2,(3,(4,(5,6)))),((8,13),((9,12),(10,11)))),7); -7673.01  -2.29908 77.2714 39.6257 28.2442 -7736.6 0.239653 0.232218 0.169556 0.358573   0.204242   0.203248  0.0565411  0.0136714   0.517112 0.00518557
(1,((2,(3,(4,(5,6)))),((8,13),(9,((10,11),12)))),7); -7662.66  -2.90577 82.6617 39.1948 29.8843 -7733.11 0.259489 0.251374 0.163779 0.325358   0.190437   0.190966  0.0667643  0.0117721   0.538844 0.00121769
(1,(((2,3),(4,(5,6))),7),((8,13),((9,12),(10,11)))); -7683.8  -2.99274 76.5366 38.8425 29.0413 -7747.54 0.255457 0.263604 0.152795 0.328144   0.200133   0.175601  0.0587953  0.0176774   0.545268 0.00252448
(1,(((2,3),(4,(5,6))),((8,13),((9,12),(10,11)))),7); -7684.6  -2.14452 73.9084 39.345 26.3918 -7743.41 0.274754 0.235987 0.138208 0.351051   0.207301   0.183025  0.0597918  0.0148148   0.533534 0.00153374
(1,((2,(3,(4,(5,6)))),7),((8,13),((9,12),(10,11)))); -7674.19  -3.1473 83.0723 40.342 30.6139 -7744.39 0.266128 0.238323 0.159386 0.336163  0.189121  0.195494 0.0596848 0.0166336  0.535563 0.0035034
(1,((2,((3,4),(5,6))),7),((8,13),(9,((10,11),12)))); -7683.34  -8.061 79.2662 39.3764 30.3598 -7745.53 0.244875 0.249753 0.155841 0.349532  0.185923  0.198334  0.064372 0.0130118   0.53394 0.0044188
(1,(((2,3),(4,(5,6))),(8,(((9,12),(10,11)),13))),7); -7668.86  -2.65568 82.7489 39.3681 28.8461 -7738.43 0.238596 0.257076 0.170983 0.333346   0.202572   0.196842   0.056544  0.0101372   0.530454 0.00345029
(1,((2,(3,(4,(5,6)))),((8,13),(9,((10,11),12)))),7); -7664.96  -2.90577 82.6677 39.0237 28.3037 -7734 0.244069 0.247907 0.153996 0.354028   0.172663   0.202388  0.0557316  0.0129132   0.551637 0.00466771
(1,(((2,(4,(5,6))),3),7),(8,(((9,12),(10,11)),13))); -7683.7  -5.74023 74.294 39.728 29.126 -7741.65 0.243585 0.235273 0.173367 0.347775   0.195758   0.191878   0.070638  0.0151968   0.521127 0.00540271
(1,(((2,3),(4,(5,6))),(8,((9,((10,11),12)),13))),7); -7673.6  -3.26237 81.5314 39.3789 22.7367 -7735.23 0.242688 0.252589 0.168913  0.33581   0.220259   0.142448  0.0531601  0.0142469   0.567293 0.00259369
(1,(((2,3),(4,(5,6))),(8,(((9,12),(10,11)),13))),7); -7674.42  -2.65568 81.3207 40.202 22.2552 -7735.14 0.267911 0.234948   0.1593 0.337841    0.20761    0.21664  0.0630028  0.0265218   0.484304 0.00192162
(1,((2,(3,(4,(5,6)))),7),((8,13),((9,12),(10,11)))); -7682.83  -3.1473 75.1521 39.9519 28.0131 -7742.89 0.254859 0.236077  0.17299 0.336074   0.185112   0.192292  0.0677464  0.0153459   0.529907 0.00959632
(1,((2,(3,(4,(5,6)))),7),((8,13),(9,((10,11),12)))); -7669.48  -3.75399 80.7435 39.7443 30.2687 -7736.99 0.244533  0.24973 0.157143 0.348594   0.206042   0.192259  0.0605594  0.0155166   0.519868 0.00575419
(1,(((2,3),(4,(5,6))),(8,((9,((10,11),12)),13))),7); -7663.89  -3.26237 83.1361 38.599 28.5414 -7733.71 0.246213 0.253698 0.169107 0.330983   0.185552   0.176017  0.0622511 0.00971977   0.564694  0.0017659
(1,(((2,(4,(5,6))),3),((8,13),((9,12),(10,11)))),7); -7678.56  -4.38085 82.9343 39.992 28.9073 -7746.02  0.23785 0.258609   0.1523 0.351242   0.203155   0.189064  0.0610932  0.0112882   0.531386 0.00401357
(1,(((2,3),(4,(5,6))),(8,(((9,12),(10,11)),13))),7); -7676.98  -2.65568 76.6261 39.0596 25.9389 -7737.83 0.239453 0.243539 0.163264 0.353744   0.171345    0.18148  0.0591626  0.0183176   0.560204 0.00949085
(1,(((2,3),(4,(5,6))),7),((8,13),((9,12),(10,11)))); -7683.17  -2.99274 83.5552 39.2994 25.038 -7749.47 0.247021 0.248648 0.165416 0.338915  0.185237  0.176631 0.0449662 0.0151905  0.566473 0.0115024
(1,((2,(3,(4,(5,6)))),((8,13),((9,12),(10,11)))),7); -7678.48  -2.29908 84.9218 39.8646 19.6634 -7740.9 0.229288 0.254547 0.191568 0.324596   0.229975   0.185263  0.0684316  0.0172611   0.493872 0.00519695
(1,(((2,3),(4,(5,6))),((8,13),((9,12),(10,11)))),7); -7677.62  -2.14452 82.2255 39.9334 24.6625 -7742.43 0.239816 0.250057 0.168813 0.341313   0.197649   0.164553  0.0827197  0.0215176   0.530747 0.00281288
(1,((2,(3,(4,(5,6)))),((8,13),((9,12),(10,11)))),7); -7671.23  -2.29908 81.9341 39.7627 28.8015 -7739.9 0.256269 0.240037 0.176956 0.326737    0.181268    0.186864   0.0627409   0.0140246    0.554402 0.000700404
(1,((2,(3,(4,(5,6)))),7),((8,13),(9,((10,11),12)))); -7670.46  -3.75399 79.4518 39.1133 28.6876 -7735.73 0.258179 0.244961 0.162612 0.334248    0.200526    0.176679   0.0687408    0.020041    0.533536 0.000477118
(1,(((2,3),(4,(5,6))),7),((8,13),((9,12),(10,11)))); -7684.39  -2.99274 80.6381 39.8698 28.7068 -7750.87 0.258731 0.251408 0.152724 0.337137   0.183993   0.214256  0.0641708   0.013637   0.519592 0.00435185
(1,(((2,3),(4,(5,6))),7),(8,((9,((10,11),12)),13))); -7671.06  -4.11059 83.2143 39.8274 28.4795 -7738.82 0.258643 0.246865 0.153671  0.34082   0.177194   0.199842  0.0548948  0.0211894   0.542126 0.00475456
(1,((((2,3),(4,(5,6))),(((9,12),(10,11)),13)),7),8); -7688.65  -8.32629 76.7294 39.8689 30.2462 -7747.43 0.263527 0.235958  0.16561 0.334905   0.207153   0.184112  0.0580345  0.0179659   0.528819 0.00391656
(1,(((2,3),(4,(5,6))),7),((8,13),(9,((10,11),12)))); -7675.86  -3.59944 81.2315 39.6246 26.7809 -7740.65 0.246824 0.226353 0.164891 0.361931   0.195943   0.192948  0.0662358  0.0143595   0.521402 0.00911287
(1,((2,(3,(4,(5,6)))),((8,13),((9,12),(10,11)))),7); -7667.41  -2.29908 83.1304 39.5311 27.3514 -7736.06 0.247209 0.235053 0.155374 0.362364   0.207139   0.164869  0.0664228  0.0159072   0.539527 0.00613471
(1,(((((2,3),(4,(5,6))),7),8),((9,12),(10,11))),13); -7690.88  -7.78676 82.236 39.2613 27.0316 -7753.09 0.243055 0.241363 0.166289 0.349293   0.210436   0.169587  0.0492831  0.0141829   0.547577 0.00893479
(1,(((2,3),(4,(5,6))),(8,((9,((10,11),12)),13))),7); -7666.53  -3.26237 80.824 39.6461 28.5106 -7732.95 0.236901 0.249083 0.153691 0.360325   0.192364   0.190095  0.0556369  0.0130887   0.542433 0.00638285
(1,((2,(3,(4,(5,6)))),7),(8,(((9,12),(10,11)),13))); -7666.63  -3.65845 82.1106 39.2222 29.8604 -7735.72 0.239394 0.254466 0.170785 0.335356  0.204315  0.182784 0.0556556 0.0172324  0.535882 0.0041308
(1,(2,(3,(4,(5,6)))),(7,((8,13),((9,12),(10,11))))); -7682.24  -5.27973 74.2062 39.3563 30.6739 -7742.49 0.245788 0.235674 0.168031 0.350507    0.19758   0.179019  0.0590858  0.0120372   0.548889 0.00338876
(1,((2,(3,(4,(5,6)))),((8,13),(9,((10,11),12)))),7); -7668.33  -2.90577 82.1428 39.394 27.1738 -7735.35  0.24566 0.242536 0.156512 0.355292   0.181432   0.221228  0.0504752  0.0171855   0.528281 0.00139794
(1,(((2,3),(4,(5,6))),(8,(((9,12),(10,11)),13))),7); -7669.61  -2.65568 80.8527 40.0691 29.0614 -7736.79 0.236033 0.235937 0.173449 0.354581   0.196824    0.18412  0.0663233  0.0160741   0.532497 0.00416199
(1,(((2,3),(4,(5,6))),(8,((9,((10,11),12)),13))),7); -7670.48  -3.26237 76.7301 39.6218 28.8135 -7733.14 0.247561 0.246818 0.155875 0.349746    0.201726    0.197028   0.0660331   0.0195119    0.515167 0.000534004
(1,((2,((3,(5,6)),4)),((8,13),(9,((10,11),12)))),7); -7686.14  -7.96664 75.4172 38.9252 27.2415 -7741.91 0.235629  0.24828 0.175266 0.340825   0.180223   0.183971  0.0611962  0.0114312   0.555603 0.00757666
(1,((2,(3,(4,(5,6)))),(8,((9,((10,11),12)),13))),7); -7655.4  -3.41692 80.7748 38.9567 30.9961 -7724.79 0.249649 0.245729 0.161789 0.342834   0.187335   0.187126  0.0698646  0.0159517   0.536376 0.00334717
(1,((2,(3,(4,(5,6)))),((8,13),(9,((10,11),12)))),7); -7671.27  -2.90577 76.3286 39.9685 28.1592 -7732.89 0.256284 0.239448 0.174298  0.32997   0.196491   0.178479  0.0766958  0.0109736   0.534689 0.00267156
(1,(((2,(4,(5,6))),3),((8,13),((9,12),(10,11)))),7); -7689.07  -4.38085 70.3472 39.9171 28.5395 -7743.66 0.251614 0.239334 0.165264 0.343788    0.22667   0.184802  0.0536263  0.0188446   0.513317 0.00274061
(1,(((2,(3,(4,(5,6)))),7),8),(((9,12),(10,11)),13)); -7687.71  -5.18453 72.9323 38.9549 27.3172 -7743.82 0.243959 0.253391 0.163266 0.339384  0.200908  0.192158 0.0536036 0.0135365  0.527437  0.012358
(1,(((2,3),(4,(5,6))),7),(8,(((9,12),(10,11)),13))); -7678.21  -3.5039 77.9416 39.3697 29.8147 -7743.09 0.245816 0.248679 0.173957 0.331548  0.206234  0.183438 0.0588032 0.0102835  0.539804 0.0014379
(1,((((2,3),(4,(5,6))),8),(((9,12),(10,11)),13)),7); -7680.6  -5.38956 84.3111 39.8368 28.0163 -7747.71 0.241703 0.239039 0.181987 0.337271  0.217577   0.18733 0.0497726 0.0143847  0.527588 0.0033481
(1,(((2,3),(4,(5,6))),((8,13),(9,((10,11),12)))),7); -7674.48  -2.75121 81.3043 39.7873 28.9523 -7742.2   0.2416 0.261426 0.159788 0.337186   0.194022    0.20585  0.0638316  0.0119633   0.520729 0.00360425
(1,((2,(3,(4,(5,6)))),((8,13),((9,12),(10,11)))),7); -7672.17  -2.29908 81.2002 40.3131 29.1145 -7739.87 0.256438 0.230267 0.162463 0.350832   0.201195    0.17276  0.0501641  0.0159987   0.557367 0.00251536
(1,(((2,3),(4,(5,6))),7),((8,13),((9,12),(10,11)))); -7683.05  -2.99274 79.6233 39.8902 28.5271 -7748.32 0.243987 0.242123  0.18317  0.33072   0.196901    0.18317  0.0613792  0.0144589   0.536828 0.00726319
(1,(((2,3),(4,(5,6))),((8,13),(9,((10,11),12)))),7); -7673.64  -2.75121 83.7004 39.6392 26.079 -7741.03 0.258837 0.244916 0.156357  0.33989  0.178655  0.195568 0.0492905 0.0117466  0.553441 0.0112989
(1,(((2,3),(4,(5,6))),(8,((9,((10,11),12)),13))),7); -7663.88  -3.26237 82.1898 38.9763 29.8353 -7733.66 0.260337 0.253653 0.150531 0.335479   0.184675   0.201226  0.0639003  0.0156409   0.532895 0.00166304
(1,(((2,3),(4,(5,6))),((8,13),((9,12),(10,11)))),7); -7671.79  -2.14452 82.1648 39.9045 29.7129 -7741.62 0.246721 0.237359 0.176553 0.339367    0.20079   0.183078  0.0609932   0.020894   0.530954 0.00329073
(1,((((2,3),(4,(5,6))),7),(((9,12),(10,11)),13)),8); -7675.68  -4.20834 78.0773 39.241 29.5032 -7739.81 0.258047  0.25232 0.165452 0.324181    0.187013    0.186607   0.0635555   0.0133352    0.548813 0.000676797
(1,(((2,3),(4,(5,6))),8),(7,(((9,12),(10,11)),13))); -7695.35  -6.16662 82.0768 39.2997 30.1405 -7762.1 0.250704 0.258507 0.149565 0.341223   0.196956   0.192958  0.0663923  0.0148173   0.527001 0.00187512
(1,((2,(3,(4,(5,6)))),((8,13),(9,((10,11),12)))),7); -7667.36  -2.90577 78.9511 39.4447 28.7073 -7732.66 0.243097 0.252286 0.147462 0.357155     0.20157    0.189596   0.0578216   0.0130779    0.537365 0.000569298
(1,((2,(3,(4,(5,6)))),7),(8,((9,((10,11),12)),13))); -7663.16  -4.26515 81.477 39.4209 28.9391 -7729.89 0.240516 0.237298 0.174672 0.347515   0.176272   0.199629  0.0662455  0.0146457   0.540976 0.00223228
(1,((2,(3,(4,(5,6)))),((8,13),((9,12),(10,11)))),7); -7680.52  -2.29908 69.9525 38.7922 29.7587 -7739.14 0.257718 0.234801  0.16913 0.338351  0.184746  0.183316 0.0540088 0.0123579  0.561301 0.0042706
(1,(((2,(4,(5,6))),3),((8,13),(9,((10,11),12)))),7); -7677.17  -4.98755 76.0987 39.3614 31.089 -7740.01 0.251744 0.246298 0.166881 0.335078   0.192773   0.192528  0.0649037  0.0113426   0.536919 0.00153354
(1,(((2,3),(4,(5,6))),(8,(((9,12),(10,11)),13))),7); -7672.33  -2.65568 75.65 39.4638 31.4427 -7737.3 0.248556 0.244402 0.172135 0.334907   0.201588    0.19206  0.0587837  0.0134314   0.530947 0.00318973
(1,((2,(3,(4,(5,6)))),((8,13),((9,12),(10,11)))),7); -7672.88  -2.29908 82.4273 39.5967 25.9971 -7739.41 0.255192  0.23087 0.155845 0.358093   0.175028   0.199311  0.0579938  0.0247019   0.541656 0.00130937
(1,(((2,3),(4,(5,6))),(8,(((9,12),(10,11)),13))),7); -7668.73  -2.65568 81.1076 39.3567 29.5967 -7737.42 0.239837 0.254121 0.153134 0.352908   0.202597   0.179771  0.0631332  0.0132379   0.536657 0.00460413
(1,((2,(3,(4,(5,6)))),7),(8,((9,((10,11),12)),13))); -7664.17  -4.26515 81.2616 39.7606 28.6426 -7730.05  0.25917 0.237775 0.145109 0.357946   0.207681   0.192924  0.0513804  0.0146963   0.531831 0.00148671
(1,(((2,3),(4,(5,6))),(8,(((9,12),(10,11)),13))),7); -7673.85  -2.65568 83.1505 39.4245 28.4379 -7743.36 0.246557 0.250081 0.151111 0.352251   0.180886   0.213577  0.0542647  0.0118947   0.536304 0.00307397
(1,(((2,3),(4,(5,6))),((8,13),((9,12),(10,11)))),7); -7674.74  -2.14452 84.9666 39.6099 27.6926 -7745.64 0.251534 0.222842 0.182897 0.342728   0.188166   0.185852  0.0544087  0.0158963   0.554146 0.00153124
(1,(((2,3),(4,(5,6))),7),((8,13),(9,((10,11),12)))); -7676.92  -3.59944 85.9443 39.8006 21.0847 -7740.55 0.266298 0.231007 0.167641 0.335053  0.205983  0.179429 0.0523678 0.0251946  0.521687 0.0153379
(1,((2,(3,(4,(5,6)))),((8,13),(9,((10,11),12)))),7); -7663.54  -2.90577 82.9813 39.1964 28.303 -7732.72 0.264436 0.242228 0.148495 0.344841   0.181956   0.181361  0.0579459   0.021583   0.554315 0.00283938
(1,(((2,3),(4,(5,6))),7),(8,(((9,12),(10,11)),13))); -7681.16  -3.5039 77.3289 38.8169 26.6521 -7742.82 0.257823 0.237874 0.166333 0.337971  0.182095  0.196979  0.047729 0.0154706  0.546955 0.0107716
(1,(((2,3),(4,(5,6))),((8,13),((9,12),(10,11)))),7); -7678.21  -2.14452 78.0387 38.8066 29.3572 -7744.66 0.240839 0.257542 0.151489  0.35013   0.203009   0.197816  0.0525954  0.0148905   0.528507 0.00318204
(1,((2,(3,(4,(5,6)))),(8,((9,((10,11),12)),13))),7); -7661.19  -3.41692 81.1816 39.3224 26.5346 -7726.17  0.25723 0.250311 0.173658   0.3188   0.208034   0.174226  0.0446815  0.0159189   0.553667 0.00347159
(1,(((2,(4,(5,6))),3),((8,13),((9,12),(10,11)))),7); -7677.76  -4.38085 81.857 39.2555 28.876 -7744.86 0.265908  0.25278 0.143937 0.337375   0.210141   0.180647  0.0564329  0.0153862   0.534416 0.00297655
(1,(((2,3),(4,(5,6))),((8,13),((9,12),(10,11)))),7); -7671.51  -2.14452 84.0985 39.7216 26.7651 -7740.51 0.255405  0.23019 0.183403 0.331003   0.221775   0.192838   0.060747  0.0137917   0.507119 0.00373028
(1,(((2,3),(4,(5,6))),(8,(((9,12),(10,11)),13))),7); -7669.86  -2.65568 84.1373 39.735 27.8376 -7739.44 0.262986 0.252606  0.16947 0.314938  0.183941   0.19247 0.0603456 0.0110203  0.548063 0.0041594
(1,((2,(3,(4,(5,6)))),(8,((9,((10,11),12)),13))),7); -7659.47  -3.41692 78.0053 39.4866 30.4233 -7724.99 0.244212  0.23914 0.163434 0.353214   0.205866   0.187214  0.0605827  0.0152568   0.525539 0.00554226
(1,((2,(3,(4,(5,6)))),((8,13),((9,12),(10,11)))),7); -7674.97  -2.29908 75.19 39.767 29.2271 -7737.32 0.240424 0.261019 0.164384 0.334174   0.196536   0.176853  0.0622862  0.0181693   0.541899 0.00425658
(1,((2,(3,(4,(5,6)))),7),((8,13),(9,((10,11),12)))); -7670.97  -3.75399 77.5226 38.7404 30.6919 -7736.69 0.263603 0.244359  0.16107 0.330968   0.204526   0.177595  0.0621191   0.015764   0.536426 0.00357029
(1,(((2,3),(4,(5,6))),((8,13),(9,((10,11),12)))),7); -7675.29  -2.75121 76.8948 39.4608 28.5887 -7738.56 0.256227 0.252884 0.154844 0.336045   0.214566   0.204262   0.058001  0.0118247   0.506722 0.00462432
(1,((2,(3,(4,(5,6)))),(8,((9,((10,11),12)),13))),7); -7657.15  -3.41692 79.7628 39.4112 31.1698 -7725.25  0.24557 0.235915 0.170234 0.348281   0.192622   0.188961  0.0616313  0.0162484   0.537527 0.00301041
(1,(((2,3),(4,(5,6))),(8,(((9,12),(10,11)),13))),7); -7677.17  -2.65568 74.5494 39.3461 27.5048 -7737.22 0.246922 0.223791 0.167407  0.36188   0.184911   0.198542  0.0653062   0.011167   0.536245 0.00382948
(1,(((2,3),(4,(5,6))),(8,(9,((10,11),(12,13))))),7); -7697.98  -9.73698 82.9511 39.8296 31.4017 -7762.76 0.256865 0.236706 0.164927 0.341502   0.190152   0.189558  0.0557625  0.0130973   0.548904 0.00252527
(1,((2,(3,(4,(5,6)))),((8,13),((9,12),(10,11)))),7); -7679.82  -2.29908 70.2279 39.6341 28.4281 -7736.54 0.249048 0.231015 0.152709 0.367228   0.194279   0.177863  0.0629372  0.0160357   0.544278 0.00460681
(1,((2,(3,(4,(5,6)))),((8,13),(9,((10,11),12)))),7); -7661.99  -2.90577 83.6224 39.6293 29.1617 -7732.24 0.261446 0.240729  0.16301 0.334815   0.181319   0.206747   0.057794  0.0138642   0.533669 0.00660692
(1,(((2,3),(4,(5,6))),7),((8,13),(9,((10,11),12)))); -7679.27  -3.59944 82.0356 39.2693 26.4478 -7744.89 0.245038 0.241338 0.190309 0.323315   0.185207   0.198178  0.0508393  0.0120441   0.550906 0.00282537
(1,(((2,3),(4,(5,6))),7),(8,(((9,12),(10,11)),13))); -7672.61  -3.5039 82.2788 38.7888 29.5524 -7742.15 0.243861 0.256264 0.155613 0.344262   0.188292   0.190626   0.052621  0.0108237   0.555062 0.00257433
(1,(((2,3),(4,(5,6))),7),((8,13),((9,12),(10,11)))); -7688.56  -2.99274 81.404 39.6389 24.0587 -7751.39 0.246254 0.257577 0.156126 0.340043  0.188715  0.206952 0.0467746 0.0201641  0.525433 0.0119614
(1,(((2,3),(4,(5,6))),((8,13),(9,((10,11),12)))),7); -7675.2  -2.75121 77.3159 39.6899 28.5741 -7738.65 0.257703 0.257329 0.156681 0.328288   0.191175   0.173771  0.0674842  0.0187972   0.543665 0.00510756
(1,((2,(3,(4,(5,6)))),(8,(((9,12),(10,11)),13))),7); -7673.58  -2.81023 74.8706 39.4308 28.556 -7734.77 0.248458 0.261293 0.142941 0.347308   0.196766   0.198087  0.0538099  0.0144258   0.535452 0.00146016
(1,(((2,3),(4,(5,6))),(8,(((9,12),(10,11)),13))),7); -7674.41  -2.65568 74.2074 39.4098 30.5289 -7737.08 0.247626 0.245847 0.166498 0.340028    0.191975    0.198894   0.0630124   0.0155796    0.529949 0.000590381
(1,((2,(3,(4,(5,6)))),8),(7,(((9,12),(10,11)),13))); -7694.73  -6.32118 78.0162 39.6047 24.618 -7751.44 0.243249 0.242352 0.173474 0.340924  0.220934  0.200279 0.0516318 0.0112254   0.50509   0.01084
(1,((2,(3,(4,(5,6)))),((8,13),((9,12),(10,11)))),7); -7673.83  -2.29908 80.2427 40.718 28.4763 -7739.53 0.243845 0.228815 0.173109 0.354231   0.212438   0.177111  0.0605832  0.0122805   0.533034 0.00455349
(1,(((2,3),(4,(5,6))),((8,13),((9,12),(10,11)))),7); -7678.26  -2.14452 80.5409 39.9192 27.2288 -7743.97 0.254631  0.25882 0.151906 0.334643    0.19976   0.196893  0.0590105  0.0250185   0.515745 0.00357246
(1,((2,(3,(4,(5,6)))),7),((8,13),((9,12),(10,11)))); -7673.73  -3.1473 82.7112 39.6278 28.8785 -7742.54 0.252202 0.230578 0.176893 0.340327    0.21262   0.185675  0.0668726  0.0149013   0.515882 0.00404976
(1,((2,(3,(4,(5,6)))),((8,13),((9,12),(10,11)))),7); -7673.9  -2.29908 76.9122 40.2663 29.1906 -7737.44 0.242455  0.25134 0.170995  0.33521   0.184851   0.196082  0.0644898  0.0101447    0.53989 0.00454211
(1,((2,(3,(4,(5,6)))),((8,13),((9,12),(10,11)))),7); -7674.88  -2.29908 77.41 39.7236 24.7415 -7735.01 0.261738 0.239166 0.168293 0.330804  0.215065  0.176522 0.0541484 0.0183136  0.522219 0.0137323
(1,(((2,3),(4,(5,6))),((8,13),((9,12),(10,11)))),7); -7673.1  -2.14452 85.3146 39.4605 27.7616 -7744.58 0.243161 0.257689 0.167814 0.331336   0.195136   0.210358  0.0632094    0.01419   0.510405 0.00670156
(1,((((2,3),(4,(5,6))),7),8),((9,((10,11),12)),13)); -7675.8  -5.63667 82.2014 39.469 26.3897 -7739.29 0.262161 0.243858 0.152696 0.341284    0.212974    0.177522   0.0714241   0.0182071    0.519647 0.000226273
(1,((2,(3,(4,(5,6)))),7),(8,(((9,12),(10,11)),13))); -7673.31  -3.65845 79.0521 39.3992 28.1649 -7737.46 0.253958 0.258766 0.163936  0.32334    0.20761   0.207347  0.0537241  0.0111871   0.518181 0.00195104
(1,((2,(3,(4,(5,6)))),7),((8,13),((9,12),(10,11)))); -7682.11  -3.1473 74.1821 39.559 29.48 -7743.07 0.240193 0.240581 0.170925   0.3483   0.182554   0.202501  0.0576027  0.0145851   0.537365 0.00539291
(1,(((2,3),(4,(5,6))),7),(8,(((9,12),(10,11)),13))); -7677.33  -3.5039 78.9158 39.3918 28.7529 -7742.11 0.253464 0.239982 0.157226 0.349329   0.204448   0.159854  0.0612635  0.0186587   0.552919 0.00285653
(1,(((2,3),(4,(5,6))),(8,((9,((10,11),12)),13))),7); -7663.79  -3.26237 83.5971 39.0828 26.9861 -7732.03 0.260161  0.25672 0.139598 0.343521   0.218535   0.175793  0.0627272  0.0142056   0.527512 0.00122685
(1,(((2,3),(4,(5,6))),((8,13),(9,((10,11),12)))),7); -7679.95  -2.75121 77.052 39.6856 28.0939 -7742.66 0.254107 0.237011  0.17627 0.332612   0.189266   0.165809  0.0614838  0.0114973   0.568348 0.00359696
(1,((2,(3,(4,(5,6)))),7),(8,(((9,12),(10,11)),13))); -7667.57  -3.65845 83.731 39.15 28.1896 -7736.68 0.260661 0.248703  0.16817 0.322466    0.199669    0.181704   0.0562771  0.00998544    0.551783 0.000581255
(1,(((2,3),(4,(5,6))),(8,(((9,12),(10,11)),13))),7); -7665.98  -2.65568 83.2787 39.2122 30.3804 -7737.77  0.24714 0.248453 0.165409 0.338998    0.213849    0.186517   0.0578648    0.014018    0.527003 0.000748912
(1,(((2,(4,(5,6))),3),((8,13),((9,12),(10,11)))),7); -7679.06  -4.38085 82.1579 40.0513 29.6813 -7746.47 0.252127 0.227214 0.168291 0.352367   0.183891   0.189552  0.0606581  0.0176656   0.545732 0.00250114
(1,(((2,3),(4,(5,6))),((8,13),(9,((10,11),12)))),7); -7674.31  -2.75121 79.5336 39.6898 28.6514 -7740.06 0.259671 0.225274 0.173683 0.341372   0.179789   0.201713  0.0617649  0.0146806   0.539898 0.00215492
(1,(((2,3),(4,(5,6))),((8,13),((9,12),(10,11)))),7); -7670.54  -2.14452 85.4783 39.5893 28.3561 -7742.64 0.268236 0.231752 0.164275 0.335736   0.201636   0.183146  0.0625302  0.0106733   0.535481 0.00653342
(1,(((2,3),(4,(5,6))),(8,(((9,(10,11)),12),13))),7); -7675.52  -5.66152 76.9404 38.7741 30.6007 -7738.63 0.253741 0.254458 0.158519 0.333283   0.199174   0.183762   0.065158  0.0117084   0.535958 0.00423975
(1,(((2,3),(4,(5,6))),((8,13),((9,12),(10,11)))),7); -7681.81  -2.14452 85.9125 39.7971 22.2235 -7748 0.248347 0.234336 0.145791 0.371526   0.181123   0.216293  0.0439874  0.0196157   0.537865 0.00111505
(1,((2,(3,(4,(5,6)))),(8,((9,((10,11),12)),13))),7); -7652.1  -3.41692 85.5992 39.5275 30.9601 -7725.72  0.25021 0.249772 0.151889 0.348129     0.2068   0.189393  0.0545913  0.0135032   0.533006 0.00270689
(1,((((2,3),(4,(5,6))),7),(((9,12),(10,11)),13)),8); -7671.32  -4.20834 83.8585 39.8154 29.6004 -7740.75 0.265758 0.245559 0.150623 0.338061    0.197648    0.182448   0.0660151   0.0126988    0.540338 0.000852044
(1,((2,(3,(4,(5,6)))),((8,13),((9,12),(10,11)))),7); -7664.53  -2.29908 82.8115 38.8761 29.1852 -7735.35 0.249619 0.257516 0.154571 0.338294    0.19738   0.165123  0.0647384  0.0148922   0.554222 0.00364484
(1,(((2,3),(4,(5,6))),7),((8,13),((9,12),(10,11)))); -7677.77  -2.99274 82.278 39.7511 30.7411 -7748.04 0.248807 0.246679 0.170071 0.334442   0.189761   0.189041  0.0656641  0.0180379   0.533435 0.00406101
(1,(((2,(3,(4,(5,6)))),7),(((9,12),(10,11)),13)),8); -7666.5  -4.36289 83.0192 40.1754 29.828 -7734.8 0.247588 0.243162 0.167519 0.341731   0.194244   0.204243  0.0495415  0.0188095    0.52995 0.00321198
(1,((2,(3,(4,(5,6)))),((8,13),((9,12),(10,11)))),7); -7668.82  -2.29908 82.2274 39.6633 28.9382 -7738.02  0.25117 0.252129 0.176557 0.320145    0.209762    0.185027   0.0598258   0.0144944    0.529909 0.000981969
(1,((((2,3),(4,(5,6))),7),((9,((10,11),12)),13)),8); -7677.12  -4.81503 76.6831 38.5527 22.7142 -7733.15 0.263907 0.249238  0.15677 0.330084  0.188898  0.219954 0.0519551 0.0227947  0.506059 0.0103398
(1,(((2,3),(4,(5,6))),7),((8,13),(9,((10,11),12)))); -7678.42  -3.59944 82.1075 38.9064 27.3652 -7745.39 0.260222  0.25343 0.154496 0.331852   0.174428   0.191782  0.0591787  0.0222867   0.546954 0.00537043
(1,(((2,3),(4,(5,6))),((8,13),(9,((10,11),12)))),7); -7678.14  -2.75121 71.8559 39.854 31.3202 -7738.72 0.242826 0.243793 0.165163 0.348218   0.199755   0.187279  0.0613435  0.0119254   0.537062 0.00263572
(1,(((2,3),(4,(5,6))),((8,13),((9,12),(10,11)))),7); -7673.73  -2.14452 82.1882 39.3854 28.9224 -7743.31 0.251159 0.256507   0.1478 0.344534   0.187828   0.191739  0.0700549  0.0140462   0.530928 0.00540496
(1,(((2,3),(4,(5,6))),7),(8,(((9,12),(10,11)),13))); -7682.65  -3.5039 73.3747 39.7038 31.171 -7743.99 0.260158 0.236174 0.162743 0.340925  0.197801   0.18095 0.0554145 0.0157814  0.546779 0.0032736
(1,(((2,3),(4,(5,6))),(8,(((9,12),(10,11)),13))),7); -7672.95  -2.65568 76.4566 39.452 30.0689 -7737.36 0.260698 0.238504 0.156196 0.344601   0.184515   0.184958  0.0663641  0.0129707   0.546066 0.00512676
(1,(((2,3),(4,(5,6))),((8,13),((9,12),(10,11)))),7); -7674.14  -2.14452 81.9487 40.0502 27.7515 -7741.65 0.260466 0.241601 0.146883 0.351049   0.199304    0.17915  0.0659296  0.0222556   0.528135 0.00522593
(1,(((2,3),(4,(5,6))),7),(8,(((9,12),(10,11)),13))); -7671.44  -3.5039 83.0287 39.3157 29.4642 -7741.11 0.266415  0.25018 0.157978 0.325427   0.201547   0.195581  0.0670791  0.0137583   0.520145 0.00188893
(1,(((2,3),(4,(5,6))),((8,13),(9,((10,11),12)))),7); -7670.25  -2.75121 82.0921 39.2251 28.3732 -7738.74 0.239041 0.248049 0.178034 0.334876   0.197718   0.180199  0.0729609  0.0174159    0.52816 0.00354545
(1,((2,(3,(4,(5,6)))),7),((8,13),((9,12),(10,11)))); -7678.34  -3.1473 79.3306 39.6342 27.8497 -7742.74 0.262409 0.243779 0.161977 0.331835    0.18869   0.198576   0.057011  0.0196571   0.526593 0.00947307
(1,(((2,3),(4,(5,6))),((8,13),((9,12),(10,11)))),7); -7679.83  -2.14452 77.8915 40.367 29.2468 -7744.46 0.246149 0.256046 0.163161 0.334645   0.201757    0.18852  0.0467119  0.0138231   0.547979 0.00120966
(1,(((2,3),(4,(5,6))),((8,13),((9,12),(10,11)))),7); -7675.8  -2.14452 82.8087 39.8978 25.5786 -7742.14 0.255559 0.253235  0.16921 0.321996   0.206689   0.209982  0.0630711  0.0228182   0.495835 0.00160509
(1,(((2,3),(4,(5,6))),7),(8,(((9,12),(10,11)),13))); -7683.9  -3.5039 75.1267 39.3353 26.3179 -7742.5 0.270962 0.246372 0.148636 0.334029   0.191236    0.20589  0.0698538  0.0207685   0.509422 0.00282938
(1,((2,(3,(4,(5,6)))),7),(8,((9,((10,11),12)),13))); -7664.44  -4.26515 78.6186 39.6619 30.1749 -7729.31 0.260215 0.250979 0.166634 0.322172   0.192114   0.192247  0.0662903  0.0139977   0.532718 0.00263253
(1,(((2,3),(4,(5,6))),7),((8,13),((9,12),(10,11)))); -7675.41  -2.99274 82.716 38.6012 29.6594 -7746.19 0.248906 0.246861 0.161529 0.342704   0.211951    0.17662  0.0682697  0.0130797   0.524384 0.00569582
(1,((2,(3,(4,(5,6)))),7),(8,(((9,12),(10,11)),13))); -7676.75  -3.65845 73.8389 38.6849 27.1775 -7735.43 0.261901 0.238889 0.166006 0.333204  0.200446  0.189106 0.0504761  0.014992  0.533211 0.0117693
(1,((2,(3,(4,(5,6)))),7),(8,(((9,12),(10,11)),13))); -7679.29  -3.65845 80.3855 39.2728 25.7252 -7742.47 0.245926 0.247018 0.167838 0.339217   0.163474   0.221267   0.051946  0.0131658   0.547742 0.00240536
(1,((2,(3,(4,(5,6)))),((8,13),(9,((10,11),12)))),7); -7666.97  -2.90577 80.4048 39.7289 28.9084 -7733.65 0.250364 0.233737 0.174665 0.341234   0.186649    0.18531  0.0550108  0.0101947    0.55797 0.00486593
(1,((2,(3,(4,(5,6)))),(8,(((9,12),(10,11)),13))),7); -7668.34  -2.81023 77.5567 39.3312 28.2379 -7731.99 0.245006 0.243135 0.158394 0.353465   0.209958    0.16586  0.0556622   0.017209   0.544542 0.00676828
(1,((2,(3,(4,(5,6)))),7),((8,13),(9,((10,11),12)))); -7680.01  -3.75399 70.7401 39.5287 30.0399 -7737.51 0.254572 0.230042 0.170581 0.344805   0.183551   0.187437  0.0577165  0.0173526   0.552031 0.00191208
(1,((2,(3,(4,(5,6)))),7),((8,13),((9,12),(10,11)))); -7671.88  -3.1473 85.4173 39.3459 28.4319 -7743.23 0.246066 0.236036 0.164656 0.353243    0.20179   0.192239  0.0597316  0.0240651   0.518473 0.00370094
(1,((2,(3,(4,(5,6)))),(8,(((9,(10,11)),12),13))),7); -7667.53  -5.81607 84.778 39.4313 27.6958 -7734.76 0.262018 0.240657 0.167646 0.329679   0.213297   0.167829  0.0520855  0.0138718   0.546035 0.00688093
(1,((2,(3,(4,(5,6)))),7),((8,13),((9,12),(10,11)))); -7676.99  -3.1473 81.5158 39.5993 27.7701 -7743.53  0.23364 0.255634 0.168103 0.342622   0.197082   0.195851   0.056797  0.0138574   0.527821 0.00859213
(1,((((2,(4,(5,6))),3),7),((9,((10,11),12)),13)),8); -7671.13  -7.05136 82.2471 39.0356 27.5657 -7734.85 0.239732 0.264784 0.168341 0.327143    0.17949   0.207339  0.0600213  0.0140298   0.536717 0.00240314
(1,(((2,3),(4,(5,6))),((8,13),(9,((10,11),12)))),7); -7670.29  -2.75121 81.382 39.467 29.0538 -7738.51 0.246043 0.239328 0.167347 0.347281   0.206677   0.167427  0.0727332  0.0155568    0.53509 0.00251585
(1,((2,(3,(4,(5,6)))),7),((8,13),((9,12),(10,11)))); -7679.53  -3.1473 82.1769 39.241 26.2406 -7745.55 0.251744 0.259869 0.156292 0.332095  0.175789  0.195728 0.0644019 0.0180192  0.535684 0.0103782
(1,((2,(3,(4,(5,6)))),((8,13),((9,12),(10,11)))),7); -7668.61  -2.29908 81.663 39.4503 26.1198 -7734.65 0.253767  0.24641 0.159481 0.340342   0.199693   0.200785  0.0626352  0.0055876   0.529094 0.00220589
(1,((2,(3,(4,(5,6)))),7),(8,(((9,12),(10,11)),13))); -7669.88  -3.65845 78.2474 39.0737 29.7684 -7735.17 0.266704 0.242646 0.158654 0.331996   0.211902   0.184686  0.0561673  0.0116305   0.534107 0.00150797
(1,(((2,(4,(5,6))),3),((8,13),(9,((10,11),12)))),7); -7672.46  -4.98755 82.7154 39.7722 29.5881 -7740 0.266592 0.229043 0.153157 0.351207   0.195424   0.184643  0.0623312  0.0146961   0.540529 0.00237742
(1,((2,(3,(4,(5,6)))),(8,((9,((10,11),12)),13))),7); -7659.77  -3.41692 77.1459 38.9254 30.3692 -7724.94   0.2566 0.255192 0.150145 0.338064   0.198077   0.186682   0.067803  0.0133984   0.531554 0.00248541
(1,((2,(3,(4,(5,6)))),7),((8,13),(9,((10,11),12)))); -7671.12  -3.75399 81.8816 39.0223 28.3943 -7738.62 0.260774 0.247122 0.145944  0.34616   0.186387   0.206589  0.0577555  0.0105866   0.533868 0.00481365
(1,(((2,3),(4,(5,6))),((8,13),((9,12),(10,11)))),7); -7677.39  -2.14452 75.2589 39.3495 31.3029 -7742.46 0.248483 0.247745 0.159661 0.344111   0.192262   0.177185  0.0647049  0.0138687   0.548875 0.00310387
(1,(((2,3),(4,(5,6))),((8,13),((9,12),(10,11)))),7); -7667.59  -2.14452 85.0156 39.6536 30.5092 -7741.31 0.256844 0.232881 0.166264 0.344012    0.19954   0.190723  0.0692684   0.014916   0.522729 0.00282366
(1,((2,(3,(4,(5,6)))),((8,13),(9,((10,11),12)))),7); -7665.96  -2.90577 81.7325 39.7273 29.2599 -7734.32 0.268038 0.251065 0.155825 0.325072   0.189019   0.189738  0.0597043  0.0172342   0.543199 0.00110526
(1,((2,(3,(4,(5,6)))),7),(8,(((9,12),(10,11)),13))); -7672.43  -3.65845 77.5703 39.822 28.9068 -7735.42 0.252288 0.253527  0.14656 0.347624   0.219711   0.181167  0.0539492  0.0136097   0.528685 0.00287852
(1,((2,(3,(4,(5,6)))),7),((8,13),((9,12),(10,11)))); -7677.14  -3.1473 82.0999 39.0813 27.7541 -7744.77 0.244645 0.267999 0.154456   0.3329   0.194964   0.201699  0.0561941  0.0175987   0.524195 0.00534905
(1,((2,((3,4),(5,6))),7),((8,13),((9,12),(10,11)))); -7691.98  -7.45431 76.246 39.8036 29.8857 -7750.85 0.261017 0.237673 0.176628 0.324682   0.198161   0.183676  0.0593867  0.0146872   0.540309 0.00377999
(1,(((2,3),(4,(5,6))),((8,13),((9,12),(10,11)))),7); -7670.86  -2.14452 83.7093 39.0035 28.8151 -7742.24 0.259887 0.237243  0.16071 0.342159    0.217868    0.170143   0.0657417   0.0129436    0.532392 0.000911814
(1,((((2,3),(4,(5,6))),7),(((9,12),(10,11)),13)),8); -7673.12  -4.20834 81.8019 39.3314 28.2775 -7739.66 0.238547 0.246514 0.170423 0.344516   0.184619   0.170943  0.0718001  0.0130126   0.556251 0.00337414
(1,(((2,3),(4,(5,6))),7),((8,13),((9,12),(10,11)))); -7685.3  -2.99274 79.1502 39.9511 25.6822 -7747.19 0.245423 0.243144 0.149204  0.36223   0.199901   0.175778  0.0627964  0.0268299   0.533398 0.00129684
(1,((2,(3,(4,(5,6)))),((8,13),((9,12),(10,11)))),7); -7671.02  -2.29908 81.1509 39.6391 29.0448 -7739.27 0.258944 0.236671 0.168276 0.336108   0.182367   0.182107  0.0547053  0.0118589   0.563304 0.00565797
(1,(((2,3),(4,(5,6))),(8,(((9,12),(10,11)),13))),7); -7673.63  -2.65568 77.8556 39.3407 30.5776 -7740.07 0.246196 0.250808 0.161921 0.341075   0.183181   0.201816  0.0650017  0.0125598   0.534645 0.00279646
(1,(((2,3),(4,(5,6))),7),(8,(((9,12),(10,11)),13))); -7674.84  -3.5039 80.4066 39.4736 29.3686 -7741.64 0.246816 0.258122 0.150644 0.344418   0.197854   0.185717  0.0688193  0.0185777   0.527246 0.00178502
(1,((2,(3,(4,(5,6)))),7),((8,13),(9,((10,11),12)))); -7664.29  -3.75399 85.6428 39.6956 30.3672 -7736.85 0.243369  0.25149 0.169564 0.335577  0.195772  0.189039 0.0634144 0.0197898  0.529863 0.0021224
(1,(((2,3),(4,(5,6))),7),((8,13),(9,((10,11),12)))); -7678.41  -3.59944 77.8523 39.6104 29.7209 -7742.78 0.253617 0.229111  0.16498 0.352292   0.211676   0.183883  0.0635254  0.0163004   0.523072 0.00154346
(1,((((2,3),(4,(5,6))),7),(((9,12),(10,11)),13)),8); -7670.12  -4.20834 81.7959 38.8351 29.5858 -7738.46 0.262932 0.250583 0.153912 0.332572   0.198749   0.204604  0.0643724  0.0127512   0.515966 0.00355703
(1,((2,(3,(4,(5,6)))),7),((8,13),((9,12),(10,11)))); -7681.44  -3.1473 79.7462 39.3266 24.7636 -7743.47 0.266857 0.261265  0.15345 0.318428  0.199373  0.221493 0.0585473 0.0144964  0.502655  0.003436
(1,((2,(3,(4,(5,6)))),((8,13),((9,(10,11)),12))),7); -7668.71  -5.30492 82.0841 38.8901 30.8065 -7737.41 0.257024 0.241775 0.162009 0.339193    0.20294    0.19319  0.0645632  0.0150732   0.518931 0.00530162
(1,(((2,3),(4,(5,6))),(8,(((9,12),(10,11)),13))),7); -7669.49  -2.65568 81.5963 40.0709 29.2029 -7737.56 0.250948 0.242331 0.175342  0.33138   0.190331   0.188768  0.0645674  0.0200444    0.53035 0.00593983
(1,((2,(4,(5,6))),3),((7,(((9,12),(10,11)),13)),8)); -7696.73  -9.00621 79.0961 39.3608 28.5703 -7756.03  0.26305 0.253325 0.145354 0.338271   0.197616   0.204879  0.0537143  0.0166005   0.522894 0.00429592
(1,(((2,3),(4,(5,6))),7),(8,(((9,12),(10,11)),13))); -7676.23  -3.5039 78.7108 40.2164 31.6094 -7742.83 0.249913 0.245014 0.161781 0.343291   0.200048   0.186778  0.0573742  0.0154052   0.535431 0.00496327
(1,(((2,3),(4,(5,6))),((8,13),(9,((10,11),12)))),7); -7675.01  -2.75121 76.246 39.5354 29.087 -7738.06 0.254741 0.241977 0.150832  0.35245   0.212587    0.17104  0.0558615  0.0112209   0.545752 0.00353853
