tree logl logTop logBL logPrior logQ logWt pi1 pi2 pi3 pi4 s1 s2 s3 s4 s5 s6
(1,((2,(3,(4,(5,6)))),((8,13),(9,((10,11),12)))),7); -7668.84  -2.90577 82.1326 39.9144 28.0693 -7736.23 0.250955 0.253086 0.170482 0.325477   0.177879   0.179863  0.0553615  0.0116596   0.573346 0.00189037
(1,(((2,(4,(5,6))),3),7),((8,13),((9,12),(10,11)))); -7684.48  -5.22908 78.7058 39.8267 30.5935 -7748.72 0.252818 0.251306 0.166638 0.329239   0.208211   0.189086  0.0580422  0.0158344   0.524149 0.00467734
(1,(((2,3),(4,(5,6))),((8,13),(9,((10,11),12)))),7); -7666.84  -2.75121 82.1257 39.2915 30.3871 -7737.31 0.251435 0.247274 0.154949 0.346343   0.204303   0.177456  0.0588078  0.0161985   0.536907 0.00632768
(1,((2,(3,(4,(5,6)))),((8,13),(9,((10,11),12)))),7); -7658.85  -2.90577 87.5955 39.9174 28.9895 -7732.61 0.248995 0.245245 0.166907 0.338853  0.206067  0.164831 0.0665029 0.0204538      0.54 0.0021447
(1,((2,(3,(4,(5,6)))),(8,(((9,12),(10,11)),13))),7); -7673.32  -2.81023 81.8326 38.7462 21.8728 -7735.46 0.260383 0.270771  0.14075 0.328096   0.186858   0.207072  0.0562047 0.00982448   0.530154 0.00988606
(1,((((2,3),(4,(5,6))),7),((9,((10,11),12)),13)),8); -7672.82  -4.81503 80.1806 39.4917 23.5943 -7732.28 0.274112 0.240104 0.159623 0.326161  0.196998  0.180012 0.0512981 0.0186515  0.539138 0.0139019
(1,((2,(3,(4,(5,6)))),((8,13),(9,((10,11),12)))),7); -7672.64  -2.90577 75.9183 39.8065 24.3534 -7730.2 0.259086 0.240346 0.149122 0.351446  0.226726  0.182762 0.0539062 0.0172618  0.508283 0.0110613
(1,(((2,3),(4,(5,6))),(8,(((9,12),(10,11)),13))),7); -7671.07  -2.65568 80.8662 39.6801 30.0017 -7739.61 0.249419 0.249724 0.148249 0.352607   0.210096   0.191964  0.0575541  0.0123948   0.524995 0.00299597
(1,((2,(3,(4,(5,6)))),(8,(((9,12),(10,11)),13))),7); -7667.04  -2.81023 77.4371 39.5318 30.2006 -7732.34 0.245329 0.249075 0.170967 0.334629    0.19089   0.188614  0.0529694  0.0195778   0.545076 0.00287215
(1,(((2,3),(4,(5,6))),7),((8,13),((9,12),(10,11)))); -7693.51  -2.99274 73.1829 38.5741 25.6525 -7750.78 0.263934 0.255502 0.134609 0.345955  0.191424  0.168655 0.0588546 0.0174801  0.560673 0.0029133
(1,(((2,3),(4,(5,6))),((8,13),((9,12),(10,11)))),7); -7683.3  -2.14452 75.8044 39.3714 27.5469 -7745.13 0.249201 0.259687 0.144491 0.346621  0.180768  0.187485  0.055907 0.0120203   0.55811   0.00571
(1,(((2,3),(4,(5,6))),((8,13),(9,((10,11),12)))),7); -7670.76  -2.75121 81.521 39.4722 26.8384 -7736.89 0.267118 0.241816 0.170168 0.320899   0.202648   0.205283  0.0533092  0.0143411   0.516794 0.00762437
(1,(((2,(3,(4,(5,6)))),7),((9,((10,11),12)),13)),8); -7663.84  -4.96958 79.5591 39.0264 27.0865 -7726.49 0.262527 0.254625 0.161645 0.321202   0.200222   0.165901  0.0619891  0.0198308   0.546171 0.00588654
(1,((2,(3,(4,(5,6)))),((8,13),(9,((10,11),12)))),7); -7660.28  -2.90577 83.9525 39.5412 29.5093 -7731.3 0.254304 0.252325 0.152394 0.340977   0.189261   0.181639  0.0670014  0.0149476   0.539971 0.00717928
(1,(((2,3),(4,(5,6))),7),((8,13),(9,((10,11),12)))); -7688.44  -3.59944 81.7417 39.6034 22.6224 -7749.61 0.283735 0.242855 0.155005 0.318405   0.175313   0.169391  0.0682395  0.0142314   0.569189 0.00363664
(1,(((2,3),(4,(5,6))),((8,13),((9,12),(10,11)))),7); -7684.87  -2.14452 85.2794 40.0575 20.9444 -7748.89 0.245656 0.239064 0.142223 0.373057   0.216084   0.223811  0.0507563  0.0141056   0.491169 0.00407384
(1,(((2,3),(4,(5,6))),(8,(((9,12),(10,11)),13))),7); -7672.07  -2.65568 79.9039 39.2441 27.2723 -7737.35 0.245992 0.264605 0.149123  0.34028   0.192847   0.176558  0.0723517  0.0107187   0.544453 0.00307134
(1,((2,(3,(4,(5,6)))),((8,13),((9,12),(10,11)))),7); -7669.7  -2.29908 82.0845 40.2893 26.9458 -7736.14 0.259117   0.2431 0.142949 0.354834    0.214286     0.16885   0.0662401   0.0135502    0.536334 0.000739817
(1,((2,((3,4),(5,6))),((8,13),((9,12),(10,11)))),7); -7680.6  -6.60609 78.8686 40.418 29.8897 -7742.34 0.258028 0.240686 0.163566  0.33772   0.202013   0.177544  0.0731579  0.0120145   0.533343 0.00192773
(1,((2,(3,(4,(5,6)))),((8,13),(9,((10,11),12)))),7); -7669.32  -2.90577 79.9581 39.7351 25.9761 -7732.61 0.231629  0.26332  0.16214 0.342911  0.212347  0.179458 0.0484148 0.0112391  0.547229 0.0013122
(1,((2,(3,(4,(5,6)))),((8,13),(9,((10,11),12)))),7); -7667.23  -2.90577 76.2813 39.6944 27.9449 -7728.86 0.271939 0.241088 0.159583  0.32739   0.211464   0.192701  0.0667634  0.0166221   0.508868 0.00358209
(1,((2,(3,(4,(5,6)))),(8,(((9,12),(10,11)),13))),7); -7664.01  -2.81023 80.1457 38.7695 29.3632 -7731.94  0.26614 0.245129 0.154158 0.334573   0.202858   0.189462   0.050886  0.0179659   0.533998 0.00483027
(1,((2,(3,(4,(5,6)))),(8,(((9,12),(10,11)),13))),7); -7664.58  -2.81023 83.5435 39.6157 24.9289 -7730.63 0.275535 0.241614 0.144391 0.338461   0.190256   0.177008  0.0702766  0.0146094   0.538576 0.00927483
(1,((2,(3,(4,(5,6)))),7),((8,13),((9,12),(10,11)))); -7678.06  -3.1473 82.4194 39.1853 26.9914 -7745.13 0.229156 0.247515 0.168053 0.355276   0.182437   0.212314  0.0592642  0.0121154   0.531427 0.00244168
(1,(((2,3),(4,(5,6))),7),(8,(((9,12),(10,11)),13))); -7683.46  -3.5039 76.4313 39.3229 28.5547 -7745.62 0.250428 0.245117 0.153044  0.35141   0.192012   0.218611  0.0537029  0.0166562   0.515529 0.00348856
(1,((2,(3,(4,(5,6)))),(8,(((9,12),(10,11)),13))),7); -7677  -2.81023 76.4377 39.575 23.303 -7734.36 0.271173 0.224506 0.175038 0.329283   0.231232   0.169567  0.0628881  0.0122067   0.519607 0.00449989
(1,(((((2,3),(4,(5,6))),8),13),(9,((10,11),12))),7); -7700.92  -10.0181 79.1166 39.4999 27.7635 -7758.28 0.248375 0.244931 0.169198 0.337497   0.179079   0.201415  0.0771901  0.0145775   0.522637 0.00510157
(1,(((2,3),(4,(5,6))),(8,(((9,12),(10,11)),13))),7); -7667.42  -2.65568 81.4444 39.4001 31.4508 -7738.26 0.253113 0.239993 0.160935 0.345959   0.195803   0.179181   0.057953  0.0160588   0.549561 0.00144449
(1,(2,(3,(4,(5,6)))),(7,(8,((9,((10,11),12)),13)))); -7672.81  -6.39757 74.3517 38.6334 29.9098 -7732.04  0.25055 0.259539 0.157609 0.332302    0.20824   0.188422  0.0532451  0.0152251   0.530432 0.00443543
(1,(((2,3),(4,(5,6))),((8,13),(9,((10,11),12)))),7); -7672.66  -2.75121 77.4351 39.3421 29.9034 -7737.91 0.251253 0.247811 0.160728 0.340208   0.196582   0.172196  0.0573153  0.0108358   0.558063 0.00500842
(1,((2,(3,(4,(5,6)))),7),((8,13),((9,12),(10,11)))); -7676.9  -3.1473 80.3102 39.8082 29.3716 -7743.63 0.251416 0.233928  0.15998 0.354676   0.187923   0.199858  0.0595585  0.0168701   0.528949 0.00684177
(1,(((2,3),(4,(5,6))),(8,(((9,12),(10,11)),13))),7); -7669.67  -2.65568 83.3884 39.7782 28.2681 -7738.89 0.242406 0.245039 0.155691 0.356864   0.208194   0.194232  0.0538483  0.0219175   0.518068 0.00374011
(1,(((2,3),(4,(5,6))),7),((8,13),((9,12),(10,11)))); -7674.98  -2.99274 85.0655 38.9862 29.0642 -7747.13 0.252886 0.249866 0.149077 0.348171   0.199078   0.182937  0.0652449  0.0107439   0.535316 0.00668011
(1,((2,(3,(4,(5,6)))),7),((8,13),(9,((10,11),12)))); -7668.94  -3.75399 83.2188 39.0415 27.6839 -7737.05 0.254909 0.248317 0.176802 0.319973   0.194684   0.211918  0.0631199  0.0113053   0.517453 0.00151976
(1,(((2,(4,(5,6))),3),7),((8,13),((9,12),(10,11)))); -7686.22  -5.22908 81.4132 39.3683 27.945 -7750.98 0.248496 0.254781 0.160847 0.335877   0.196112   0.212334  0.0670489  0.0160329   0.502688 0.00578406
(1,(((2,3),(4,(5,6))),7),(8,(((9,12),(10,11)),13))); -7682.63  -3.5039 81.0067 39.535 24.3602 -7744.95 0.251697  0.22167 0.166088 0.360546   0.196981   0.157151  0.0619399  0.0197085   0.558641 0.00557847
(1,(((2,(3,(4,(5,6)))),7),(9,((10,11),12))),(8,13)); -7683.12  -7.80644 82.5329 39.8316 28.0954 -7746.11 0.239244 0.267467 0.159922 0.333368    0.20905   0.189902   0.053912  0.0137814   0.528947 0.00440725
(1,((2,(3,(4,(5,6)))),7),((8,13),(9,((10,11),12)))); -7669.89  -3.75399 78.6858 39.7673 30.3806 -7735.44 0.249392 0.240961 0.175097  0.33455   0.202531   0.193348  0.0646316  0.0145033   0.520339 0.00464814
(1,(((2,3),(4,(5,6))),((8,13),(9,((10,11),12)))),7); -7665.35  -2.75121 84.833 39.8009 30.6338 -7738.27 0.253135 0.241158 0.169146 0.336561    0.20486   0.194284   0.057486  0.0142429   0.523168 0.00595905
(1,(((2,3),(4,(5,6))),((8,13),((9,(10,11)),12))),7); -7686.07  -5.15036 82.2156 40.4635 25.8253 -7748.5 0.256251 0.230304 0.173445 0.339999   0.192874   0.159379  0.0673981  0.0172425   0.562666 0.00044077
(1,((2,(3,(4,(5,6)))),(8,(((9,12),(10,11)),13))),7); -7672.75  -2.81023 79.4447 39.9355 22.7494 -7732.2 0.237198 0.254645 0.141574 0.366583  0.206386  0.182675 0.0589566 0.0111836  0.528879 0.0119203
(1,((2,(3,(4,(5,6)))),((8,13),(9,((10,11),12)))),7); -7666.03  -2.90577 79.5432 40.0304 31.0622 -7733.7 0.250415 0.249847 0.160266 0.339472   0.198136   0.203251  0.0533042   0.014653   0.528922 0.00173402
(1,(((2,3),(4,(5,6))),7),((8,13),(9,((10,11),12)))); -7679.69  -3.59944 80.8209 39.3868 28.8596 -7746.38 0.266685 0.235559 0.167684 0.330071  0.181549  0.188321 0.0522973 0.0164748  0.559184 0.0021729
(1,((2,(3,(4,(5,6)))),((8,13),(9,((10,11),12)))),7); -7662.78  -2.90577 81.1099 39.1285 28.2688 -7730.12  0.25615  0.22958 0.165125 0.349146    0.19097   0.205046  0.0692947  0.0117454   0.517646 0.00529773
(1,((2,(3,(4,(5,6)))),(8,(((9,12),(10,11)),13))),7); -7665.68  -2.81023 78.1324 39.4358 30.8114 -7732.38 0.253017 0.249212 0.153725 0.344046   0.194295   0.179432  0.0537531  0.0173492   0.552485 0.00268487
(1,((2,(3,(4,(5,6)))),(8,((9,((10,11),12)),13))),7); -7657.54  -3.41692 82.4972 39.3213 28.4387 -7725.74 0.253607 0.237744 0.148149 0.360499   0.199431   0.183177    0.06127  0.0177838   0.531217 0.00712103
(1,(((2,3),(4,(5,6))),((8,13),((9,12),(10,11)))),7); -7686.6  -2.14452 74.2642 39.3867 26.1985 -7745.53  0.25439   0.2508 0.152901 0.341909   0.183249   0.203643  0.0440443 0.00984731   0.553823 0.00539332
(1,(((2,(3,(4,(5,6)))),7),8),((9,((10,11),12)),13)); -7672.33  -5.79122 83.7619 39.1533 24.0003 -7735.15 0.255582  0.25477 0.150449 0.339199     0.2101   0.181484   0.083137 0.00928974    0.51047 0.00551996
(1,(((2,3),(4,(5,6))),((8,13),((9,12),(10,11)))),7); -7679.51  -2.14452 78.1329 39.374 26.9533 -7743.08 0.227443 0.242005  0.17948 0.351073   0.198001   0.174187  0.0556363  0.0135138   0.556457 0.00220492
(1,(((2,3),(4,(5,6))),(8,((9,((10,11),12)),13))),7); -7675.28  -3.26237 76.0585 39.665 24.6978 -7733.11 0.247969 0.237241 0.159991 0.354799    0.179339    0.212667   0.0776272   0.0204848    0.508927 0.000955694
(1,(((2,(3,(4,(5,6)))),7),(((9,12),(10,11)),13)),8); -7668.37  -4.36289 84.5116 39.6162 24.7625 -7733.66 0.265673 0.230032 0.169956 0.334339   0.201353   0.189375  0.0479118 0.00716131   0.548752  0.0054466
(1,(((2,3),(4,(5,6))),((8,13),((9,12),(10,11)))),7); -7679.8  -2.14452 80.9445 38.897 24.2856 -7743.99 0.243439  0.24377 0.165882 0.346908   0.209645   0.142331  0.0626204  0.0146699   0.568564 0.00216941
(1,((2,(3,(4,(5,6)))),((8,13),((9,12),(10,11)))),7); -7671.71  -2.29908 81.233 40.216 25.4141 -7735.85 0.250384   0.2478 0.163335 0.338481  0.204226  0.184383 0.0717806 0.0216267  0.506871 0.0111122
(1,((2,(3,(4,(5,6)))),7),((8,13),((9,12),(10,11)))); -7680.81  -3.1473 80.6286 38.8237 20.087 -7739.56 0.236296 0.258683 0.147174 0.357847    0.18643   0.150084  0.0544528  0.0144961   0.586431 0.00810535
(1,(((2,3),(4,(5,6))),7),(8,(((9,12),(10,11)),13))); -7677.98  -3.5039 76.23 39.08 27.7276 -7739.35 0.269039 0.251974 0.151506 0.327481   0.211085   0.182199  0.0632352  0.0188958   0.519714 0.00487174
(1,(((2,(4,(5,6))),3),((8,13),(9,((10,11),12)))),7); -7671.65  -4.98755 82.0733 39.5635 30.843 -7740.02 0.249461  0.25597 0.160568 0.334001   0.197999   0.188104   0.066321   0.013573   0.530108 0.00389514
(1,(((2,3),(4,(5,6))),7),(8,(((9,12),(10,11)),13))); -7674  -3.5039 84.633 39.3098 25.8236 -7741.64 0.240298 0.243361 0.168393 0.347948   0.213014   0.212014  0.0499767 0.00814277    0.51433 0.00252328
(1,(((2,3),(4,(5,6))),(8,(((9,12),(10,11)),13))),7); -7668.04  -2.65568 81.0592 39.1639 30.4955 -7737.77  0.26536 0.248049  0.15345  0.33314   0.188636   0.191716  0.0636013  0.0142842   0.538386 0.00337655
(1,(((2,3),(4,(5,6))),((8,13),(9,((10,11),12)))),7); -7678.55  -2.75121 76.3868 39.4047 27.4788 -7740.25 0.239345 0.241944 0.178753 0.339958   0.205243   0.193682  0.0469255 0.00981566   0.541946  0.0023881
(1,(((2,3),(4,(5,6))),7),((8,13),((9,12),(10,11)))); -7684.78  -2.99274 78.2418 38.7046 28.2666 -7749.59 0.238366 0.249981 0.165234 0.346419   0.201357   0.215672  0.0598725  0.0138156   0.505372 0.00391041
(1,(((2,3),(4,(5,6))),((8,13),((9,12),(10,11)))),7); -7673.76  -2.14452 80.4204 40.2172 31.055 -7742.88 0.248196 0.239919 0.162554  0.34933   0.194021   0.190182  0.0679151  0.0156244   0.528417 0.00384071
(1,(((2,3),(4,(5,6))),((8,13),((9,12),(10,11)))),7); -7677.73  -2.14452 78.88 39.4442 28.6766 -7743.7 0.254685  0.24683  0.17001 0.328475   0.185371    0.18707  0.0618304  0.0113212   0.545942 0.00846496
(1,(((2,3),(4,(5,6))),(8,(((9,12),(10,11)),13))),7); -7670.15  -2.65568 79.5772 39.1276 30.0064 -7737.95 0.246912 0.238911 0.166638 0.347539   0.190388   0.204602  0.0630173  0.0186722    0.51941 0.00391018
(1,((2,(3,(4,(5,6)))),((8,13),(9,((10,11),12)))),7); -7661.59  -2.90577 83.7458 39.7785 29.21 -7731.86 0.247745  0.23685 0.175436 0.339969   0.193144   0.187363  0.0605789  0.0208071   0.532144 0.00596256
(1,(((2,3),(4,(5,6))),((8,13),((9,12),(10,11)))),7); -7676.29  -2.14452 80.0458 39.5083 28.8885 -7743.57  0.27283 0.234531 0.163416 0.329222   0.204298   0.176551  0.0607173  0.0167811   0.538614 0.00303831
(1,(((2,3),(4,(5,6))),7),(8,((9,((10,11),12)),13))); -7663.7  -4.11059 86.6442 39.3291 28.3852 -7735.29 0.243267 0.236754 0.173448 0.346531   0.192251   0.174236  0.0571561  0.0145014   0.553407 0.00844863
(1,(((2,3),(4,(5,6))),(8,(((9,12),(10,11)),13))),7); -7671.62  -2.65568 78.6097 39.1851 29.0073 -7737.4 0.252832 0.245701 0.167544 0.333924   0.200815   0.177934  0.0639544 0.00862589   0.543512 0.00515842
(1,((2,(3,(4,(5,6)))),(8,((9,((10,11),12)),13))),7); -7654.44  -3.41692 85.3981 39.3861 29.2009 -7726.23 0.241264 0.249194 0.177296 0.332246   0.191358   0.192804  0.0559225  0.0137269   0.539671 0.00651716
(1,((2,(3,(4,(5,6)))),((8,13),((9,12),(10,11)))),7); -7673.75  -2.29908 77.538 39.1548 29.4578 -7739.29 0.256598 0.233511 0.159716 0.350174   0.190167   0.205346  0.0488939    0.01455   0.539359 0.00168508
(1,((2,(3,(4,(5,6)))),((8,13),((9,12),(10,11)))),7); -7671.1  -2.29908 80.6928 39.857 28.8647 -7738.51 0.246592   0.2499  0.14668 0.356828   0.181646   0.197578  0.0661251  0.0165387   0.536504 0.00160843
(1,(((2,3),(4,(5,6))),7),((8,13),(9,((10,11),12)))); -7675.65  -3.59944 79.6576 38.9575 28.291 -7741.04 0.245633 0.256301 0.163429 0.334636   0.223841   0.178808  0.0494608  0.0157503   0.529201 0.00293926
(1,(((2,(4,(5,6))),3),7),((8,13),(9,((10,11),12)))); -7678.78  -5.83577 80.1462 39.5233 29.3085 -7742.87 0.272683 0.241028 0.151371 0.334918   0.192821   0.190426  0.0638723  0.0158876   0.535621 0.00137179
(1,((2,(3,(4,(5,6)))),7),((8,13),((9,12),(10,11)))); -7671.23  -3.1473 87.3819 39.5956 27.786 -7743.66 0.248353 0.244049 0.170636 0.336962  0.196519  0.179046 0.0557115 0.0144534   0.54201   0.01226
(1,(((2,(4,(5,6))),3),7),((8,13),((9,12),(10,11)))); -7690.43  -5.22908 79.6576 39.483 23.2223 -7748.6  0.25668   0.2386 0.156436 0.348284   0.233541   0.165964   0.042364   0.018765   0.534524 0.00484207
(1,((2,(3,(4,(5,6)))),7),(8,((9,((10,11),12)),13))); -7661.65  -4.26515 85.6331 39.5072 27.2026 -7730.71 0.257059 0.242417 0.160583 0.339941   0.183746   0.168814  0.0620836  0.0241759   0.555688 0.00549204
(1,(((2,(4,(5,6))),3),7),((8,13),((9,12),(10,11)))); -7684.57  -5.22908 81.241 39.3655 28.6926 -7749.91 0.252939  0.24838 0.146215 0.352465  0.192701  0.190124 0.0572867 0.0220597  0.533415 0.0044138
(1,(((2,3),(4,(5,6))),((8,13),((9,12),(10,11)))),7); -7674.07  -2.14452 80.648 39.838 29.1358 -7741.87 0.262099 0.244971 0.170752 0.322178   0.205019   0.195739  0.0605755  0.0160853   0.517311 0.00526957
(1,(((2,3),(4,(5,6))),((8,13),((9,12),(10,11)))),7); -7677.75  -2.14452 74.8648 39.2312 31.526 -7742.77 0.250722 0.250512 0.163516 0.335251  0.190828  0.182383 0.0625351 0.0133212   0.54832 0.0026122
(1,((2,(3,(4,(5,6)))),7),((8,13),(9,((10,11),12)))); -7669.27  -3.75399 82.4923 39.4413 29.0847 -7737.65 0.252177 0.237834 0.163299  0.34669   0.185178   0.214037  0.0525833  0.0141998   0.528719 0.00528291
(1,(((2,3),(4,(5,6))),((8,13),((9,12),(10,11)))),7); -7678.22  -2.14452 80.4002 39.8669 25.7677 -7742.37 0.271298 0.231039 0.161922 0.335741   0.18499  0.185998 0.0809017 0.0132659   0.53017 0.0046741
(1,(((2,3),(4,(5,6))),7),((8,13),((9,12),(10,11)))); -7678.96  -2.99274 83.8714 39.5494 26.423 -7746.72 0.252144 0.222162 0.168013 0.357682   0.215462   0.190313   0.055413  0.0145854   0.516778 0.00744879
(1,((2,(3,(4,(5,6)))),((8,13),((9,12),(10,11)))),7); -7672.63  -2.29908 77.7035 39.6881 30.2947 -7738.64 0.253183  0.25082  0.16696 0.329037   0.185828   0.198011  0.0591315  0.0116529   0.544156 0.00122156
(1,(((2,3),(4,(5,6))),(8,((9,((10,11),12)),13))),7); -7666.42  -3.26237 80.5923 40.163 29.9717 -7733.56  0.24999 0.243022 0.169101 0.337887   0.192523   0.210331  0.0533156  0.0146272   0.524489 0.00471404
(1,((2,(3,(4,(5,6)))),(8,((9,((10,11),12)),13))),7); -7662.08  -3.41692 82.0521 39.4174 24.3561 -7725.65 0.238508 0.253365 0.165208  0.34292   0.20622  0.163892 0.0574917 0.0162198  0.541954 0.0142229
(1,((2,(3,(4,(5,6)))),7),((8,13),((9,12),(10,11)))); -7670.08  -3.1473 85.4083 39.1286 29.6287 -7742.84 0.252667 0.243696 0.163732 0.339906   0.189165   0.183893  0.0489898  0.0128874   0.559318 0.00574604
(1,(((2,3),(4,(5,6))),7),(8,(((9,12),(10,11)),13))); -7681.26  -3.5039 74.9713 39.1354 28.1847 -7741.78  0.25806 0.243269 0.157865 0.340807   0.211671   0.166678  0.0549098  0.0220206   0.540476 0.00424376
(1,((2,(3,(4,(5,6)))),(8,(((9,12),(10,11)),13))),7); -7658.78  -2.81023 83.8685 39.4977 30.4866 -7730.83 0.248914 0.239617 0.166425 0.345044   0.209947     0.1842  0.0601272  0.0116332   0.528848 0.00524392
(1,(((2,3),(4,(5,6))),(8,((9,12),((10,11),13)))),7); -7693.46  -8.4027 80.4778 39.119 29.476 -7755.89 0.243547  0.24876 0.164602 0.343091    0.18844   0.205931  0.0645342  0.0099333   0.527659 0.00350156
(1,(((2,3),(4,(5,6))),(8,(((9,12),(10,11)),13))),7); -7674.74  -2.65568 74.5684 39.6465 29.2953 -7736.3  0.26252 0.240851 0.162615 0.334014   0.192104   0.200427  0.0650735  0.0104394   0.526324 0.00563237
(1,((2,(3,(4,(5,6)))),((8,13),(9,((10,11),12)))),7); -7668.72  -2.90577 75.9921 39.3205 29.4378 -7731.93 0.247447 0.257434 0.163522 0.331597    0.21394   0.173469  0.0597918  0.0138379   0.534195 0.00476576
(1,(((2,3),(4,(5,6))),7),((8,13),((9,12),(10,11)))); -7692.86  -2.99274 78.9241 38.988 20.3771 -7750.18 0.246049 0.249927  0.17058 0.333445     0.1688    0.16077  0.0599431  0.0290481   0.575644 0.00579456
(1,((2,(3,(4,(5,6)))),7),(8,((9,((10,11),12)),13))); -7672.33  -4.26515 76.6658 39.9862 27.8224 -7732.57  0.26652 0.229836 0.148231 0.355414   0.183924    0.20059  0.0562807  0.0120115   0.545109 0.00208457
(1,(((2,3),(4,(5,6))),((8,13),((9,12),(10,11)))),7); -7676.72  -2.14452 78.9783 40.0978 29.1478 -7742.6 0.244593 0.242963 0.166618 0.345826   0.202069   0.192115  0.0623656  0.0198851   0.516484 0.00708138
(1,((2,(3,(4,(5,6)))),(8,(((9,(10,11)),12),13))),7); -7666.94  -5.81607 82.4213 39.4369 30.2161 -7734.32  0.25738 0.233683 0.167885 0.341052   0.194916   0.187846  0.0531051   0.019424   0.540923 0.00378608
(1,(((2,3),(4,(5,6))),((8,13),((9,(10,11)),12))),7); -7680.62  -5.15036 76.4327 39.4548 31.2966 -7743.74 0.250317 0.239588 0.171169 0.338925   0.202673   0.180617  0.0591933  0.0172872   0.537301 0.00292864
(1,((2,(3,(4,(5,6)))),((8,13),((9,12),(10,11)))),7); -7669.15  -2.29908 79.6154 39.7204 30.7363 -7737.49 0.254016 0.236528 0.170156   0.3393   0.201433   0.177698  0.0572418  0.0165036    0.54235 0.00477295
(1,((2,(3,(4,(5,6)))),((8,13),((9,12),(10,11)))),7); -7671.74  -2.29908 76.1506 39.2429 29.4138 -7735.76 0.252998 0.234946 0.150553 0.361503   0.199083   0.197108  0.0632837  0.0133451   0.523118 0.00406297
(1,((2,(3,(4,(5,6)))),((8,13),((9,12),(10,11)))),7); -7667.93  -2.29908 80.971 39.9651 30.7836 -7737.43  0.24834 0.234355 0.172345  0.34496  0.200085  0.193524 0.0577006 0.0170222  0.527976 0.0036924
(1,((2,(3,(4,(5,6)))),7),((8,13),((9,12),(10,11)))); -7676.22  -3.1473 79.9662 39.8011 28.6908 -7741.93 0.250749 0.230587 0.164147 0.354517   0.189342   0.192799  0.0607888  0.0162902   0.532162 0.00861798
(1,(((2,3),(4,(5,6))),(8,((9,((10,11),12)),13))),7); -7670.18  -3.26237 77.6035 39.283 27.12 -7732.35 0.239126 0.242025 0.170738 0.348111   0.206123   0.163295  0.0619596  0.0140597   0.545998 0.00856449
(1,(((2,(4,(5,6))),3),7),(8,(9,(((10,11),12),13)))); -7696.78  -11.2106 82.6522 38.8044 26.6227 -7756.04 0.241931 0.253349 0.166695 0.338025   0.219162    0.17228  0.0530378  0.0203893   0.527798 0.00733338
(1,((2,(3,(4,(5,6)))),((8,13),(9,((10,11),12)))),7); -7667.25  -2.90577 78.837 39.8493 27.511 -7730.84 0.245889 0.234887 0.172184  0.34704   0.217934   0.178793  0.0608105  0.0190001   0.516146 0.00731595
(1,(((2,3),(4,(5,6))),((8,13),((9,12),(10,11)))),7); -7675.12  -2.14452 77.6666 38.7544 30.4297 -7742.32 0.254793 0.247731 0.157208 0.340268   0.196471   0.195443  0.0591949   0.021379    0.52559 0.00192208
(1,((2,(3,(4,(5,6)))),(8,((9,((10,11),12)),13))),7); -7659.03  -3.41692 80.7424 39.3369 28.2118 -7725.23 0.25945 0.24486 0.16797 0.32772   0.207939   0.207951  0.0470639  0.0160056   0.518108 0.00293229
(1,((2,(3,(4,(5,6)))),(8,((9,((10,11),12)),13))),7); -7659.98  -3.41692 85.3191 40.069 26.5125 -7728.33 0.264765 0.234387 0.161897 0.338951   0.185359   0.166244  0.0610142  0.0176948   0.560625 0.00906275
(1,((2,(3,(4,(5,6)))),7),((8,13),((9,12),(10,11)))); -7677.36  -3.1473 82.5708 39.2625 28.1892 -7745.71 0.251369 0.258842 0.162348 0.327441   0.176431   0.190191  0.0577632   0.020991   0.550902 0.00372249
(1,(((2,3),(4,(5,6))),7),((8,13),(9,((10,11),12)))); -7676.04  -3.59944 79.6362 38.9981 29.9828 -7743.06 0.252376 0.236541 0.167376 0.343707   0.184027   0.174112  0.0647161   0.017733   0.557406 0.00200623
(1,((2,(3,(4,(5,6)))),((8,13),((9,12),(10,11)))),7); -7676.26  -2.29908 76.246 38.6253 26.9638 -7738.54 0.253259 0.242348 0.150772 0.353621    0.196561    0.183812    0.043631   0.0127179    0.562589 0.000688323
(1,((2,(3,(4,(5,6)))),(7,(((9,12),(10,11)),13))),8); -7686.08  -6.15448 75.7227 38.7413 25.041 -7741.95 0.242637 0.268076 0.147021 0.342266   0.189671   0.181996  0.0726979  0.0230941    0.53007 0.00247168
(1,(2,(3,(4,(5,6)))),(7,((8,13),((9,12),(10,11))))); -7682.47  -5.27973 72.6799 37.9818 28.8229 -7740.71 0.262836 0.242991 0.152199 0.341974  0.196375  0.191689 0.0714418  0.012578  0.521587 0.0063294
(1,((2,(3,(4,(5,6)))),(8,(((9,12),(10,11)),13))),7); -7664.65  -2.81023 83.3067 39.7256 26.1906 -7731.61 0.264162 0.222752 0.155942 0.357144   0.192291   0.175598  0.0730689  0.0126727   0.541266 0.00510301
(1,(2,(3,(4,(5,6)))),(7,(8,((9,((10,11),12)),13)))); -7667.69  -6.39757 80.7848 39.7914 30.6762 -7732.97 0.257193 0.249638 0.161012 0.332156   0.185401   0.192548   0.063864  0.0183231   0.536306 0.00355785
(1,((2,(3,(4,(5,6)))),((8,13),((9,12),(10,11)))),7); -7668.79  -2.29908 79.4181 39.4673 29.3775 -7735.82 0.262104  0.25124 0.155956   0.3307   0.205936   0.199019  0.0659986  0.0169731   0.509258 0.00281592
(1,(((2,3),(4,(5,6))),7),(8,((9,((10,11),12)),13))); -7670.97  -4.11059 81.6517 39.511 29.4734 -7738.47 0.248656 0.248009 0.159401 0.343934   0.177253   0.193898  0.0596391  0.0110563   0.552497 0.00565704
(1,((2,(3,(4,(5,6)))),7),((8,13),(9,((10,11),12)))); -7670.41  -3.75399 81.9111 39.7848 27.7098 -7736.49 0.258955 0.246782 0.152966 0.341297   0.203349     0.2052  0.0641963  0.0153276   0.503429 0.00849867
(1,((2,(3,(4,(5,6)))),((8,13),(9,((10,11),12)))),7); -7663.25  -2.90577 83.4285 39.4092 28.424 -7732.79 0.246502 0.246098 0.161381  0.34602    0.20076   0.209428  0.0634356 0.00848568   0.515426 0.00246565
(1,(((2,3),(4,(5,6))),(8,(((9,12),(10,11)),13))),7); -7674.8  -2.65568 78.3918 38.6902 26.3605 -7738.21 0.258778 0.249614 0.156248  0.33536   0.174317   0.194137  0.0824789  0.0151055   0.532645 0.00131707
(1,((2,(3,(4,(5,6)))),7),((8,13),((9,12),(10,11)))); -7675.82  -3.1473 83.8716 39.6376 26.7011 -7743.61  0.26707 0.221975 0.167195  0.34376   0.194121   0.180525  0.0695114  0.0141839   0.534551 0.00710774
(1,(((2,3),(4,(5,6))),7),(8,(((9,12),(10,11)),13))); -7677.92  -3.5039 76.4726 39.1656 29.9825 -7741.7 0.248306 0.237059 0.159125  0.35551   0.195124   0.188454  0.0505746   0.015563   0.545155 0.00512875
(1,((2,(3,(4,(5,6)))),(8,(((9,12),(10,11)),13))),7); -7664.3  -2.81023 83.8713 39.9302 24.7225 -7730.15 0.250714 0.246641  0.15686 0.345784   0.221425   0.184397  0.0602891 0.00591013   0.527218 0.00076141
(1,((2,(3,(4,(5,6)))),((8,13),((9,12),(10,11)))),7); -7670.61  -2.29908 80.8567 38.797 26.9431 -7737.31  0.26129 0.264157 0.153476 0.321077   0.209423   0.184793  0.0490332   0.016769   0.538685 0.00129652
(1,((2,(3,(4,(5,6)))),((8,13),(9,((10,11),12)))),7); -7668.22  -2.90577 75.4947 39.3175 29.6567 -7731.15 0.254378 0.254077 0.154757 0.336788   0.200675   0.185477  0.0600897   0.020123   0.527748 0.00588759
(1,((2,((3,(5,6)),4)),7),((8,13),((9,12),(10,11)))); -7691.55  -8.20817 82.4435 39.5319 26.8936 -7753.15 0.246277 0.252465 0.167631 0.333627  0.224835  0.161318    0.0508 0.0162465  0.544377 0.0024238
(1,(((2,3),(4,(5,6))),((8,13),((9,12),(10,11)))),7); -7677.67  -2.14452 80.127 39.7702 27.4504 -7743.34  0.23304 0.260872 0.170963 0.335126   0.200835   0.189516  0.0518282   0.010173   0.545048 0.00260065
(1,(((2,3),(4,(5,6))),7),(8,((9,((10,11),12)),13))); -7672.59  -4.11059 78.5886 40.0622 30.1391 -7737.15 0.256063 0.254556 0.148589 0.340792   0.194537    0.18977  0.0690709  0.0147757   0.529151 0.00269535
(1,(2,(3,(4,(5,6)))),((7,(((9,12),(10,11)),13)),8)); -7691.89  -6.92443 76.857 38.8836 25.5064 -7748.45 0.252964 0.268967 0.152324 0.325745   0.197135   0.196486  0.0601513  0.0208767   0.517525 0.00782671
(1,(((2,3),(4,(5,6))),((8,13),((9,12),(10,11)))),7); -7669.52  -2.14452 86.6799 40.1513 29.3567 -7743.26 0.241403 0.237669 0.176939 0.343989    0.19133   0.201344  0.0682101  0.0127884    0.52397 0.00235817
(1,(((2,3),(4,(5,6))),7),((8,13),((9,12),(10,11)))); -7690.1  -2.99274 79.4098 39.0425 24.2887 -7751.77  0.23533 0.255873 0.169282 0.339516  0.159339  0.194296 0.0730241 0.0162024  0.553772 0.0033672
(1,(((2,3),(4,(5,6))),7),((8,13),((9,12),(10,11)))); -7679.15  -2.99274 83.6922 40.0679 29.101 -7748.88 0.247569 0.236906 0.165118 0.350407   0.205386   0.166797  0.0648388  0.0111873   0.547418 0.00437286
(1,(((2,3),(4,(5,6))),7),(8,(((9,12),(10,11)),13))); -7675.67  -3.5039 82.219 39.5145 26.6717 -7741.55 0.274385 0.242293 0.152551 0.330772   0.209485   0.168736  0.0678598  0.0168361   0.531705 0.00537842
(1,(((2,3),(4,(5,6))),((8,13),((9,12),(10,11)))),7); -7677.76  -2.14452 80.6822 39.524 28.0282 -7744.8 0.276609 0.232075 0.156283 0.335034   0.196923   0.176159  0.0638656  0.0127546   0.547363 0.00293463
(1,(((2,3),(4,(5,6))),(8,(((9,12),(10,11)),13))),7); -7668.92  -2.65568 83.5034 39.7523 27.9588 -7737.98 0.249952 0.237734 0.171987 0.340327   0.179143   0.201148  0.0713051  0.0153324   0.525873 0.00719939
(1,(((2,(4,(5,6))),3),7),(8,((9,((10,11),12)),13))); -7665.54  -6.34693 86.0233 39.6404 30.6412 -7736.22  0.26084 0.245043 0.151289 0.342828   0.202034   0.188154  0.0607744  0.0150661   0.528743 0.00522828
(1,(((2,(4,(5,6))),3),(8,((9,((10,11),12)),13))),7); -7668.93  -5.4987 78.0126 38.3432 30.014 -7733.11 0.253301 0.244991  0.16021 0.341497   0.207337   0.170444   0.050755  0.0154957   0.552397 0.00357173
(1,((2,(3,(4,(5,6)))),7),((8,13),((9,12),(10,11)))); -7678.29  -3.1473 78.6474 38.6747 28.7937 -7743.91 0.253818 0.257516 0.149845  0.33882   0.209435   0.202686  0.0512489  0.0120989   0.522767 0.00176399
(1,(((2,3),(4,(5,6))),7),(8,(((9,12),(10,11)),13))); -7676.3  -3.5039 78.7227 39.5671 29.6542 -7741.6 0.260568 0.237314 0.149445 0.352672   0.208046   0.184567  0.0658638  0.0147699   0.525331 0.00142216
(1,((2,(3,(4,(5,6)))),7),(8,(((9,12),(10,11)),13))); -7669.91  -3.65845 82.33 39.3117 26.8841 -7736.15 0.249934 0.266058 0.153693 0.330314  0.199434  0.196276 0.0466056 0.0101624  0.544949 0.0025725
(1,((2,(3,(4,(5,6)))),(8,((9,((10,11),12)),13))),7); -7661.84  -3.41692 76.2732 39.3079 29.8309 -7725.22 0.253901 0.248025 0.161668 0.336405   0.216983   0.186545  0.0519455  0.0185659   0.524227 0.00173321
(1,((2,(3,(4,(5,6)))),7),(8,((9,((10,11),12)),13))); -7667.62  -4.26515 78.6128 39.4893 28.0064 -7730.48 0.252861 0.249493 0.156598 0.341049   0.183377   0.168256  0.0735835  0.0177416   0.552129 0.00491258
(1,(((2,3),(4,(5,6))),(8,((9,((10,11),12)),13))),7); -7679.06  -3.26237 75.2393 39.2802 22.3253 -7734.08 0.248636 0.242657   0.1729 0.335807   0.16838  0.213351 0.0703197 0.0159698  0.518263 0.0137155
(1,(((2,(4,(5,6))),3),7),(8,(((9,12),(10,11)),13))); -7676.2  -5.74023 83.3538 39.5534 29.9011 -7744.16 0.256376 0.240463  0.16789 0.335271   0.182526   0.191387  0.0698575  0.0175909   0.537402 0.00123605
(1,((((2,3),(4,(5,6))),7),(((9,12),(10,11)),13)),8); -7670.28  -4.20834 84.5457 39.753 30.163 -7741.02 0.244453 0.258041 0.161651 0.335855    0.18946   0.199441  0.0642914  0.0136035   0.531974 0.00122996
(1,(((2,3),(4,(5,6))),((8,13),((9,12),(10,11)))),7); -7681.73  -2.14452 78.0485 39.7101 25.6065 -7743.53 0.226383 0.245118 0.176008 0.352492   0.204857   0.196853  0.0474523  0.0190877   0.529548 0.00220255
(1,(((2,3),(4,(5,6))),(7,((9,((10,11),12)),13))),8); -7680.32  -6.60662 79.2514 39.7357 26.8071 -7740.04 0.243525 0.256627 0.173274 0.326573   0.179053    0.17391  0.0567257  0.0110526   0.576012 0.00324683
(1,(((2,3),(4,(5,6))),(8,((9,((10,11),12)),13))),7); -7669.34  -3.26237 75.3254 39.2665 30.1449 -7732.28 0.249173 0.247565  0.16766 0.335602   0.192646   0.185893  0.0514595  0.0112841   0.554094 0.00462313
(1,((2,(3,(4,(5,6)))),((8,13),(9,((10,11),12)))),7); -7670.03  -2.90577 82.5476 40.0789 24.68 -7734.28 0.236565 0.230751 0.157101 0.375583  0.174105  0.208995 0.0562829 0.0139806  0.544898 0.0017377
(1,((2,(3,(4,(5,6)))),7),(8,(((9,12),(10,11)),13))); -7668.06  -3.65845 81.6522 39.4198 30.2041 -7736.84 0.235143 0.248863 0.165353 0.350641  0.193475  0.195804   0.06115 0.0156404  0.530496 0.0034346
(1,(((2,(3,(4,(5,6)))),7),(((9,12),(10,11)),13)),8); -7666.81  -4.36289 83.9085 39.9452 28.3368 -7734.74  0.26238  0.23398 0.153097 0.350543   0.184947   0.206085  0.0652433  0.0198386   0.521628 0.00225892
(1,((2,(3,(4,(5,6)))),(8,(((9,12),(10,11)),13))),7); -7665.24  -2.81023 78.1861 39.0548 30.2537 -7731.81 0.244601 0.237472 0.161246 0.356682   0.188083   0.197027   0.061278   0.014234    0.53434 0.00503725
(1,(((2,3),(4,(5,6))),7),(8,((9,((10,11),12)),13))); -7672.54  -4.11059 75.5573 39.0987 30.3923 -7735.28 0.244222 0.240724 0.172168 0.342887   0.201054   0.186663  0.0551811  0.0125848   0.538839 0.00567809
(1,((2,(3,(4,(5,6)))),((8,13),((9,12),(10,11)))),7); -7668.18  -2.29908 80.5784 39.3565 29.6829 -7736.79 0.245931 0.254925 0.156104  0.34304   0.195282   0.180583  0.0558569  0.0103808   0.553225 0.00467341
(1,((2,(3,(4,(5,6)))),(8,(((9,12),(10,11)),13))),7); -7663.58  -2.81023 80.7322 39.8754 30.8694 -7732.49  0.25093 0.241021   0.1662 0.341849   0.187524    0.18919  0.0668954    0.01545   0.535709 0.00523213
(1,(((2,3),(4,(5,6))),((8,13),(9,((10,11),12)))),7); -7672.5  -2.75121 81.1311 39.4649 29.1395 -7740.56 0.263331 0.245566 0.154399 0.336704    0.18623     0.1878  0.0502768  0.0151435   0.554564 0.00598512
(1,((2,((3,(5,6)),4)),(8,((9,((10,11),12)),13))),7); -7682.02  -8.4778 73.817 39.1789 29.666 -7737.84 0.257132 0.238479 0.168063 0.336326   0.177709   0.188215  0.0551882  0.0156528   0.558135 0.00510054
(1,(((2,3),(4,(5,6))),(8,(((9,12),(10,11)),13))),7); -7679.8  -2.65568 76.7157 38.9801 26.4238 -7741.3 0.274873 0.233135 0.167552 0.324439  0.185286   0.18713 0.0489851 0.0171017  0.559781 0.0017155
(1,(((2,(4,(5,6))),3),((8,13),((9,12),(10,11)))),7); -7679.64  -4.38085 82.7833 39.5551 25.6937 -7744.19 0.259919 0.242398 0.167968 0.329715   0.230255   0.164561  0.0583877 0.00945425   0.532871 0.00447159
(1,((((2,(4,(5,6))),3),7),8),((9,((10,11),12)),13)); -7678.84  -7.873 82.9142 38.72 27.9185 -7743.08 0.265404 0.239772 0.149966 0.344858   0.209509   0.177842  0.0574871 0.00902981   0.541281 0.00485123
(1,(((2,3),(4,(5,6))),7),((8,13),((9,12),(10,11)))); -7677.62  -2.99274 84.4794 39.2263 28.0123 -7747.89 0.252068 0.255836 0.156896   0.3352   0.201433   0.171192  0.0642223  0.0168199   0.536931 0.00940181
(1,((2,(3,(4,(5,6)))),(8,((9,((10,11),12)),13))),7); -7655.63  -3.41692 83.7838 39.6818 30.3239 -7726.64 0.252625 0.245315 0.163882 0.338178   0.186802   0.209936   0.059356  0.0176164   0.524728 0.00156156
(1,(((2,(4,(5,6))),3),((8,13),((9,12),(10,11)))),7); -7674.98  -4.38085 81.5493 39.5973 30.3138 -7742.87 0.242474  0.24428 0.167721 0.345526   0.210125   0.178489  0.0599629  0.0184305   0.531481 0.00151239
(1,((2,(3,(4,(5,6)))),7),(8,(((9,12),(10,11)),13))); -7680.95  -3.65845 77.6017 39.6393 21.3409 -7736.6  0.25856 0.265931 0.165377 0.310131   0.214705   0.164318  0.0817046  0.0159069   0.520241 0.00312373
(1,(((2,(4,(5,6))),3),(8,((9,((10,11),12)),13))),7); -7665.11  -5.4987 82.8164 39.2511 31.0446 -7734.22 0.239655 0.245845 0.169841 0.344659   0.194709   0.187829  0.0606422  0.0168461   0.536965 0.00300964
(1,(((2,3),(4,(5,6))),(8,(((9,12),(10,11)),13))),7); -7675.87  -2.65568 77.0643 38.5997 26.6844 -7738.36 0.262172 0.264617 0.149272 0.323939   0.201882   0.191865  0.0643975  0.0212909   0.517977 0.00258817
(1,(2,(3,(4,(5,6)))),(7,(8,(((9,12),(10,11)),13)))); -7674.73  -5.79088 81.1974 39.7936 28.6727 -7739.02  0.24761 0.243838 0.165053 0.343498   0.203039   0.211359  0.0563122  0.0170271   0.506011 0.00625182
(1,((2,(3,(4,(5,6)))),(8,(((9,12),(10,11)),13))),7); -7663.65  -2.81023 80.2345 39.3702 29.3092 -7731.02 0.254719 0.233017 0.169205 0.343059   0.187178   0.190761  0.0682136 0.00985551   0.540027 0.00396574
(1,(((2,(3,(4,(5,6)))),7),8),((9,((10,11),12)),13)); -7671.35  -5.79122 82.2843 39.3128 29.439 -7737.97 0.252068    0.241 0.169501  0.33743  0.178677  0.203504 0.0526376 0.0171847   0.54325 0.0047475
(1,(((2,3),(4,(5,6))),7),((8,13),((9,12),(10,11)))); -7684.9  -2.99274 80.2306 39.1979 29.1053 -7752.05 0.246515 0.249075 0.167689 0.336722   0.172987   0.187339  0.0626268  0.0115287    0.56191 0.00360847
(1,((((2,3),(4,(5,6))),7),(((9,12),(10,11)),13)),8); -7671.06  -4.20834 83.4353 39.6598 29.6588 -7740.28 0.258078 0.230189 0.172508 0.339224   0.198999   0.180192  0.0701416  0.0157428   0.532079 0.00284548
(1,(((2,3),(4,(5,6))),((8,13),(9,((10,11),12)))),7); -7672.05  -2.75121 81.9933 39.5267 27.0896 -7738.85 0.251857 0.234984 0.178151 0.335008    0.179516    0.199143   0.0556514   0.0212331    0.543937 0.000519762
(1,((2,(3,(4,(5,6)))),((8,13),((9,12),(10,11)))),7); -7670.54  -2.29908 79.6308 40.3419 28.3665 -7735.89 0.272363  0.24664 0.151315 0.329682   0.203033   0.186622  0.0689062  0.0147521   0.525491 0.00119522
(1,((2,(3,(4,(5,6)))),((8,13),((9,12),(10,11)))),7); -7672.05  -2.29908 78.4169 40.178 29.0331 -7737.02 0.265517 0.242516 0.158134 0.333833   0.218937   0.172079  0.0617807  0.0124832   0.531381 0.00333996
(1,(((2,3),(4,(5,6))),((8,13),((9,12),(10,11)))),7); -7675.36  -2.14452 83.3426 39.7257 27.5927 -7744.43 0.261464 0.237184 0.152571 0.348781   0.189928   0.218673  0.0535943   0.015177   0.517074 0.00555342
(1,(2,(3,(4,(5,6)))),(7,((8,13),(9,((10,11),12))))); -7674.84  -5.88642 80.624 38.941 27.5636 -7738.2 0.252045 0.256799 0.164842 0.326315   0.187116   0.170446  0.0680004  0.0110563   0.557455 0.00592557
(1,(((2,3),(4,(5,6))),((8,13),((9,12),(10,11)))),7); -7685.77  -2.14452 73.7556 38.4438 23.4463 -7742.38 0.261015  0.26063 0.136335  0.34202    0.21094   0.170257  0.0679831  0.0143679   0.527049 0.00940291
(1,(((2,(3,(4,(5,6)))),7),(((9,12),(10,11)),13)),8); -7672.06  -4.36289 81.4063 38.6625 24.8224 -7735.26 0.258751 0.255503 0.145834 0.339912   0.189069   0.163973  0.0463633   0.015208   0.580761 0.00462531
(1,(((2,3),(4,(5,6))),7),(8,(((9,12),(10,11)),13))); -7679.08  -3.5039 75.1932 39.5595 30.22 -7741.43 0.245214 0.242936  0.15994 0.351909   0.193201   0.186182  0.0620249  0.0106829   0.542486 0.00542381
(1,(((2,3),(4,(5,6))),((8,13),(9,((10,11),12)))),7); -7667.84  -2.75121 83.0366 39.8781 30.1 -7738.35 0.243923 0.241181 0.157317 0.357579   0.210525   0.186465  0.0541199  0.0122127   0.534465 0.00221209
(1,(((2,3),(4,(5,6))),(8,(((9,12),(10,11)),13))),7); -7674.38  -2.65568 79.0476 39.8054 28.5084 -7739.48 0.250916 0.237224 0.176524 0.335336   0.191677   0.170938  0.0723966  0.0117199   0.551027 0.00224198
(1,(((2,3),(4,(5,6))),((8,13),((9,12),(10,11)))),7); -7678.2  -2.14452 77.7784 39.7 29.4722 -7743.61 0.246552 0.253391  0.17247 0.327586   0.205007   0.202145   0.061951  0.0123644   0.515413 0.00311985
(1,((2,(3,(4,(5,6)))),((8,13),(9,((10,11),12)))),7); -7663.24  -2.90577 82.4912 39.6425 29.9034 -7733.08 0.244002 0.247353 0.157356 0.351289   0.179315   0.192261  0.0579234  0.0190851    0.54857 0.00284466
(1,((2,(3,(4,(5,6)))),7),((8,13),(9,((10,11),12)))); -7669.23  -3.75399 82.2246 39.1661 29.1024 -7737.64 0.248627 0.262327 0.154638 0.334409   0.192027   0.190793  0.0529218  0.0150926   0.543021 0.00614565
(1,(((2,3),(4,(5,6))),8),(7,((9,((10,11),12)),13))); -7689.64  -6.77332 82.154 39.3615 24.5677 -7750.23 0.253411 0.271295 0.153857 0.321437    0.202186    0.188319   0.0736719   0.0152042    0.520241 0.000377272
(1,((2,(3,(4,(5,6)))),7),((8,13),((9,12),(10,11)))); -7677.86  -3.1473 79.3009 39.5665 28.9569 -7743.4 0.239489 0.241437 0.166101 0.352972   0.186349   0.171116    0.06427  0.0122973   0.562662 0.00330585
(1,(((2,3),(4,(5,6))),7),((8,13),(9,((10,11),12)))); -7675.99  -3.59944 80.682 38.8684 29.7807 -7743.98 0.254074 0.249055 0.159884 0.336987   0.186258   0.183281  0.0543062  0.0100321   0.562797 0.00332584
(1,((2,(3,(4,(5,6)))),((8,13),(9,((10,11),12)))),7); -7664.97  -2.90577 79.1738 39.4717 29.8741 -7731.64 0.239164  0.23918 0.178027 0.343629   0.20249  0.185242 0.0581515 0.0174994  0.533043 0.0035733
(1,((2,(3,(4,(5,6)))),((8,13),((9,12),(10,11)))),7); -7671.22  -2.29908 78.7452 39.6786 30.148 -7738.14 0.265367  0.23267 0.162807 0.339156   0.197028   0.177452  0.0630842  0.0126263   0.546477 0.00333292
(1,(((2,3),(4,(5,6))),7),(8,(((9,12),(10,11)),13))); -7682.86  -3.5039 80.0817 39.7345 24.6916 -7744.4 0.265207 0.230165 0.147773 0.356854   0.192939   0.156647  0.0623092  0.0146126   0.567873 0.00561946
(1,(((2,3),(4,(5,6))),((8,13),((9,12),(10,11)))),7); -7680  -2.14452 74.1597 39.083 28.4272 -7741.36  0.25104 0.234596 0.155611 0.358753    0.201668    0.185815   0.0568285   0.0204709    0.534719 0.000498575
(1,((2,(3,(4,(5,6)))),((8,13),((9,(10,11)),12))),7); -7671.17  -5.30492 86.094 39.73 29.6535 -7741.88 0.257656 0.230552 0.178642  0.33315     0.2062   0.185319  0.0557456  0.0137448   0.536279 0.00271198
(1,((2,(3,(4,(5,6)))),7),(8,((9,((10,11),12)),13))); -7659.2  -4.26515 85.1699 39.619 30.6102 -7731.1 0.251459 0.247295 0.159077 0.342169   0.184993   0.203469  0.0542168  0.0146569   0.541567 0.00109721
(1,(((2,3),(4,(5,6))),((8,13),(9,((10,11),12)))),7); -7677.44  -2.75121 74.2148 39.2833 28.887 -7738.51 0.242688 0.252538 0.164629 0.340145   0.189573   0.188924  0.0493329   0.019142   0.547219 0.00580958
(1,((2,(3,(4,(5,6)))),7),((8,13),(9,((10,11),12)))); -7667.69  -3.75399 83.7707 39.3478 28.824 -7737.18  0.24358 0.239372 0.152566 0.364482   0.182082   0.192641  0.0662112  0.0125526   0.544191 0.00232203
(1,(((2,3),(4,(5,6))),(8,(((9,12),(10,11)),13))),7); -7675.56  -2.65568 76.7978 38.9823 26.6373 -7737.36 0.265674 0.237052 0.140752 0.356522  0.198887   0.17463 0.0597697 0.0176927  0.542492 0.0065283
(1,(((2,3),(4,(5,6))),7),((8,13),(9,((10,11),12)))); -7676.91  -3.59944 78.7618 39.8605 30.2094 -7742.43  0.25352 0.236024 0.163942 0.346514   0.193627   0.202615  0.0492505  0.0166369   0.535391 0.00247963
(1,((2,(3,(4,(5,6)))),7),((8,13),(9,((10,11),12)))); -7669.47  -3.75399 81.0267 38.7653 29.3926 -7737.37 0.256773 0.252943 0.161238 0.329046  0.195782  0.202915 0.0656451 0.0193805  0.514345 0.0019327
(1,(((2,3),(4,(5,6))),((8,13),(9,((10,11),12)))),7); -7673.93  -2.75121 78.5509 39.1896 29.1826 -7739.72 0.246707 0.253972 0.155508 0.343813   0.179242   0.197217  0.0499605  0.0146095   0.555184 0.00378729
(1,(((2,3),(4,(5,6))),((8,13),((9,12),(10,11)))),7); -7678.67  -2.14452 78.9549 39.9771 26.5077 -7742.01 0.226811 0.239853 0.178218 0.355117  0.192401  0.195775 0.0653784  0.013436  0.527711 0.0052985
(1,(((2,3),(4,(5,6))),(8,((9,((10,11),12)),13))),7); -7676.8  -3.26237 76.3504 38.6002 25.5484 -7736.83 0.255197 0.243507 0.167996   0.3333  0.158087  0.197756 0.0545946 0.0134627   0.57112 0.0049797
(1,(((2,3),(4,(5,6))),((8,13),((9,12),(10,11)))),7); -7669.33  -2.14452 85.5192 39.6143 29.1606 -7742.25 0.249527 0.237081 0.163304 0.350087   0.198714   0.185026  0.0487763  0.0195634    0.54239 0.00553042
(1,((((2,3),(4,(5,6))),7),8),(((9,12),(10,11)),13)); -7686.07  -5.02997 81.0512 39.5706 26.4827 -7749.01 0.262609 0.249397 0.144317 0.343676   0.214317   0.192802  0.0711252  0.0117643   0.504815 0.00517692
(1,((2,(3,(4,(5,6)))),((8,13),(9,((10,11),12)))),7); -7664.61  -2.90577 80.0344 39.5223 30.35 -7732.57 0.246957   0.2505 0.170547 0.331997   0.201866    0.17269  0.0584168  0.0160679   0.546889 0.00406967
(1,(2,(3,(4,(5,6)))),(7,(8,(((9,12),(10,11)),13)))); -7670.89  -5.79088 83.3321 39.56 29.7954 -7738.67 0.256022 0.252115 0.159823  0.33204   0.190769   0.186892  0.0691173  0.0102534   0.541411 0.00155717
(1,((2,(3,(4,(5,6)))),(8,((9,((10,11),12)),13))),7); -7667.4  -3.41692 73.0704 39.2291 29.1511 -7726.98 0.243391 0.243108 0.161806 0.351695   0.195668   0.212131  0.0645395  0.0159167   0.510446 0.00129866
(1,(((2,3),(4,(5,6))),((8,13),((9,12),(10,11)))),7); -7673.59  -2.14452 80.2609 39.0707 29.3434 -7741.98 0.251577 0.246261 0.179248 0.322914   0.194746   0.200341  0.0582657  0.0158773   0.526417 0.00435347
(1,((2,(3,(4,(5,6)))),((8,13),(9,((10,11),12)))),7); -7670.51  -2.90577 77.0476 39.9802 28.9901 -7733.66 0.248732 0.257906 0.149692 0.343669   0.203182    0.19042  0.0614426  0.0214102    0.52154 0.00200581
(1,(2,(3,(4,(5,6)))),((7,(((9,12),(10,11)),13)),8)); -7685.49  -6.92443 79.7344 38.7463 28.2045 -7747.75 0.250522 0.262014   0.1662 0.321263   0.178064   0.185868  0.0608861  0.0158616   0.555097 0.00422273
(1,(((2,3),(4,(5,6))),7),(8,(((9,12),(10,11)),13))); -7677.31  -3.5039 79.7526 39.732 29.0991 -7742.92 0.251079 0.236245 0.171281 0.341396     0.19406    0.175804   0.0547525   0.0209159    0.553499 0.000968641
(1,(((2,3),(4,(5,6))),((8,13),((9,12),(10,11)))),7); -7676.32  -2.14452 81.3701 39.6143 26.4103 -7742.34  0.26622 0.238738 0.155058 0.339985   0.194346   0.201629  0.0484465  0.0101801   0.536471 0.00892698
(1,(((2,3),(4,(5,6))),(8,(((9,(10,11)),12),13))),7); -7671.87  -5.66152 83.5983 38.9951 28.3035 -7739.11 0.260361 0.245252 0.158832 0.335555   0.207446   0.193078  0.0505939 0.00861325   0.535264  0.0050046
(1,(((2,3),(4,(5,6))),7),((8,13),(9,((10,11),12)))); -7671.21  -3.59944 84.8631 39.5429 28.7956 -7741.72 0.251131  0.24039 0.162317 0.346162  0.198513  0.198513 0.0571572 0.0133516  0.522124 0.0103417
(1,(((2,3),(4,(5,6))),((8,13),((9,12),(10,11)))),7); -7680.12  -2.14452 80.0866 39.0553 22.4771 -7741.48 0.257897 0.259798 0.163943 0.318361   0.21425  0.175558 0.0621164 0.0244301  0.513079 0.0105653
(1,((2,(3,(4,(5,6)))),(8,((9,((10,11),12)),13))),7); -7657.78  -3.41692 85.5445 39.7913 25.2595 -7725.38 0.252502 0.250151 0.179936  0.31741   0.194665   0.201922  0.0639028  0.0245258   0.511042 0.00394225
(1,((2,(3,(4,(5,6)))),((8,13),((9,12),(10,11)))),7); -7672.53  -2.29908 77.6498 39.6632 29.7129 -7737.93 0.252281 0.247617  0.15127 0.348833   0.186725    0.18104  0.0676364  0.0197813     0.5429 0.00191692
(1,(((2,3),(4,(5,6))),7),(8,((9,((10,11),12)),13))); -7666.95  -4.11059 80.7201 39.2692 30.5743 -7734.87 0.257158 0.241469 0.159732 0.341641   0.199169   0.176126  0.0628804  0.0202732   0.538553 0.00299793
(1,(((2,3),(4,(5,6))),7),((8,13),(9,((10,11),12)))); -7684.39  -3.59944 73.5692 39.7562 27.9217 -7742.52 0.250017 0.253113 0.161051 0.335819   0.210503   0.205508  0.0670034  0.0189746   0.496315 0.00169636
(1,(((2,3),(4,(5,6))),((8,13),((9,12),(10,11)))),7); -7674.43  -2.14452 79.6922 39.7245 30.8403 -7743.1 0.246289 0.241703  0.17186 0.340148   0.201612   0.179615  0.0553417  0.0179167   0.542262 0.00325257
(1,((2,(3,(4,(5,6)))),7),((8,13),(9,((10,11),12)))); -7667.51  -3.75399 81.9059 39.1414 30.843 -7737.37 0.243888 0.253392 0.164278 0.338442   0.192224   0.179163  0.0633088  0.0141474   0.547092 0.00406513
(1,((2,(3,(4,(5,6)))),(8,(((9,12),(10,11)),13))),7); -7668.53  -2.81023 78.9226 39.5211 26.1189 -7731.24 0.250218 0.257777 0.155962 0.336042   0.178371   0.177387  0.0824761  0.0165877   0.543657 0.00152093
(1,(((2,3),(4,(5,6))),7),((8,13),((9,12),(10,11)))); -7682.88  -2.99274 80.9064 38.6389 28.9057 -7751.06 0.258174 0.244787 0.170425 0.326614   0.175524   0.201216  0.0578206  0.0140684   0.546073 0.00529809
(1,((2,(3,(4,(5,6)))),(8,((9,((10,11),12)),13))),7); -7664.55  -3.41692 76.8552 39.4372 27.8486 -7726.4 0.240668 0.250746 0.181744 0.326843   0.192295    0.17173  0.0622248  0.0136914   0.555176 0.00488246
(1,((2,(3,(4,(5,6)))),(8,(((9,12),(10,11)),13))),7); -7669.28  -2.81023 79.6249 39.6162 26.7278 -7733.2 0.253464 0.244548 0.164914 0.337074   0.172011   0.174341  0.0580625  0.0237991   0.568398 0.00338946
(1,((2,(3,(4,(5,6)))),7),((8,13),((9,12),(10,11)))); -7678.77  -3.1473 81.5809 40.0506 28.7738 -7745.93 0.267301 0.224403 0.167452 0.340845  0.187244  0.190388 0.0587391 0.0140721   0.54527 0.0042869
(1,((2,(3,(4,(5,6)))),((8,13),((9,12),(10,11)))),7); -7667.35  -2.29908 84.6674 40.0163 29.9034 -7739.6 0.257925 0.251598   0.1507 0.339778  0.177826  0.193948 0.0649687  0.015681  0.544666 0.0029108
(1,(((2,3),(4,(5,6))),7),((8,13),((9,12),(10,11)))); -7684.66  -2.99274 79.1314 39.022 28.306 -7750.08 0.249349 0.259751 0.167454 0.323446    0.19713   0.174606  0.0547718  0.0105394   0.560283 0.00267046
(1,(((2,(3,(4,(5,6)))),7),(((9,12),(10,11)),13)),8); -7677.63  -4.36289 71.6215 39.7146 29.9377 -7735.11  0.25565 0.247946 0.157665 0.338738   0.194144   0.169404  0.0703314  0.0135782   0.550583 0.00195938
(1,(((2,3),(4,(5,6))),((8,13),((9,12),(10,11)))),7); -7676.92  -2.14452 80.0138 39.5916 27.9241 -7743.12 0.255708 0.262083 0.154959 0.327249   0.197413   0.188823  0.0692406  0.0174444   0.520734 0.00634439
(1,(((2,3),(4,(5,6))),7),(8,(((9,12),(10,11)),13))); -7675.94  -3.5039 80.0495 39.2542 28.8839 -7742.11 0.239241 0.251573 0.173268 0.335918    0.199741    0.204163   0.0546312   0.0151202    0.525678 0.000666821
(1,(((2,3),(4,(5,6))),((8,13),((9,12),(10,11)))),7); -7672.69  -2.14452 83.4015 39.6189 28.6913 -7743.02 0.248682 0.253804 0.155334  0.34218   0.192071   0.183997  0.0466451  0.0181038   0.558051 0.00113218
(1,((2,(3,(4,(5,6)))),((8,13),(9,((10,11),12)))),7); -7667.12  -2.90577 76.2017 39.362 30.9895 -7732.05 0.249404  0.24734 0.164031 0.339225   0.196857   0.170945  0.0584467  0.0145564   0.556955 0.00223994
(1,(((2,3),(4,(5,6))),((8,13),((9,12),(10,11)))),7); -7678.29  -2.14452 76.4194 39.6464 30.0465 -7742.97 0.250634 0.236449 0.174567 0.338349    0.19244    0.20828  0.0539445  0.0135652   0.529264 0.00250694
(1,(((2,3),(4,(5,6))),((8,13),(9,((10,11),12)))),7); -7675.38  -2.75121 73.7351 39.1579 30.5465 -7737.75 0.257668 0.248464 0.155198  0.33867   0.202816   0.188682  0.0568441  0.0137533   0.531418 0.00648681
(1,((2,(3,(4,(5,6)))),7),(8,(((9,12),(10,11)),13))); -7667.87  -3.65845 82.7303 39.9049 30.0846 -7737.12 0.251999 0.252762 0.153438 0.341801  0.205186  0.192255 0.0482227 0.0135893  0.537846 0.0029018
(1,((2,(3,(4,(5,6)))),((8,13),(9,((10,11),12)))),7); -7668.1  -2.90577 81.9874 39.099 26.4711 -7734.56  0.26332 0.253337 0.159529 0.323813    0.178085    0.171538   0.0724196   0.0152243    0.561808 0.000925017
(1,(((2,3),(4,(5,6))),7),((8,13),((9,12),(10,11)))); -7682.91  -2.99274 82.0351 39.1069 26.6883 -7749.53 0.253448 0.241906 0.153681 0.350965   0.184135   0.188493  0.0526514 0.00767183   0.560998 0.00604986
(1,(((2,3),(4,(5,6))),7),((8,13),(9,((10,11),12)))); -7676.85  -3.59944 80.1316 40.0563 28.0508 -7741.38 0.253336 0.240198 0.160974 0.345492    0.188356    0.185926   0.0731096   0.0229838    0.528637 0.000986767
(1,(((2,(3,(4,(5,6)))),7),8),(((9,12),(10,11)),13)); -7685.07  -5.18453 77.0496 40.1498 28.0115 -7744.79 0.258675 0.236386 0.172867 0.332073   0.182622   0.177763  0.0745736  0.0126657    0.54784 0.00453479
(1,((2,(3,(4,(5,6)))),7),((8,13),((9,12),(10,11)))); -7670.97  -3.1473 82.0095 39.4371 31.6488 -7742.05 0.253155 0.240504 0.158079 0.348262   0.195623   0.189665  0.0620566  0.0139005   0.534695 0.00406014
(1,((2,(3,(4,(5,6)))),((8,13),((9,12),(10,11)))),7); -7664.49  -2.29908 83.8229 40.0093 30.3632 -7736.37 0.248364 0.235481 0.164442 0.351713   0.196074   0.192342  0.0647087  0.0189662   0.524121 0.00378823
(1,(((2,3),(4,(5,6))),7),((8,13),(9,((10,11),12)))); -7677.92  -3.59944 81.5482 39.8226 27.1643 -7743.21 0.244464   0.2396 0.162572 0.353365   0.180348   0.172584  0.0602146  0.0147156   0.562512 0.00962568
(1,(((2,3),(4,(5,6))),(8,(((9,12),(10,11)),13))),7); -7678.46  -2.65568 74.9325 39.265 26.983 -7738.46 0.263561 0.259926 0.144985 0.331529    0.21329   0.189924  0.0619451  0.0165314   0.512635 0.00567512
(1,(((2,3),(4,(5,6))),(8,(((9,12),(10,11)),13))),7); -7670.5  -2.65568 81.3489 39.1517 29.7685 -7739.81  0.25561 0.234458  0.17771 0.332222    0.20314    0.17748  0.0570025   0.012062   0.548044 0.00227147
(1,(((2,3),(4,(5,6))),((8,13),(9,((10,11),12)))),7); -7675.3  -2.75121 78.7408 39.3424 28.5036 -7740.45 0.247798 0.243065 0.157079 0.352058   0.172605   0.198659  0.0554827  0.0179143    0.54963 0.00570874
(1,(((2,3),(4,(5,6))),7),(8,((9,((10,11),12)),13))); -7667.88  -4.11059 86.2651 39.4531 26.6354 -7737.22  0.23885  0.25329 0.187264 0.320597   0.198966   0.173021  0.0606227  0.0169787   0.548343 0.00206839
(1,((2,(3,(4,(5,6)))),(8,(((9,12),(10,11)),13))),7); -7667.64  -2.81023 80.4294 39.6158 28.0946 -7733.74 0.275237 0.227923 0.165832 0.331008   0.191701   0.181893  0.0602047  0.0154511   0.548831 0.00192001
(1,((((2,3),(4,(5,6))),7),(((9,12),(10,11)),13)),8); -7670.12  -4.20834 83.045 39.4222 29.1483 -7738.68 0.248583   0.2446   0.1724 0.334417   0.189186   0.209512  0.0537021   0.011733   0.530391 0.00547527
(1,(((2,3),(4,(5,6))),((8,13),((9,12),(10,11)))),7); -7679.31  -2.14452 74.5092 40.2242 28.6968 -7740.15  0.26687 0.243041 0.156877 0.333211   0.209738    0.18433  0.0661525  0.0150546   0.517983 0.00674145
(1,((2,(3,(4,(5,6)))),((8,13),((9,(10,11)),12))),7); -7669.99  -5.30492 83.4458 39.9103 31.1483 -7739.37 0.257036 0.241828   0.1604 0.340736   0.206254   0.195304    0.05613  0.0170401   0.521935 0.00333766
(1,(((2,3),(4,(5,6))),((8,13),(9,((10,11),12)))),7); -7675.54  -2.75121 75.653 39.6488 28.9076 -7737.7 0.249453  0.23845 0.171427 0.340669   0.215115   0.192726  0.0563294  0.0204363   0.514255 0.00113786
(1,(((2,(4,(5,6))),3),(8,((9,((10,11),12)),13))),7); -7669.12  -5.4987 80.863 38.9523 29.6672 -7735.2 0.243289 0.254499  0.15816 0.344052  0.181887  0.198568 0.0535573 0.0162192  0.548606 0.0011635
(1,((2,(3,(4,(5,6)))),((8,13),((9,12),(10,11)))),7); -7672.4  -2.29908 76.7445 39.2228 29.4648 -7737.08 0.246087 0.261129 0.165383 0.327402   0.193568   0.184354  0.0632615  0.0176073   0.536446 0.00476234
