tree logl logTop logBL logPrior logQ logWt pi1 pi2 pi3 pi4 s1 s2 s3 s4 s5 s6
(1,((2,(3,(4,(5,6)))),((8,13),((9,12),(10,11)))),7); -7677.27  -2.29908 74.9358 39.2761 27.4004 -7738.03 0.261373 0.237843 0.162285   0.3385   0.211092   0.162908  0.0689362  0.0156505   0.534255 0.00715793
(1,((2,(3,(4,(5,6)))),7),(8,(((9,12),(10,11)),13))); -7675.57  -3.65845 77.9834 40.2746 27.4833 -7737.11 0.247019 0.239557 0.158405 0.355019   0.219247   0.159721  0.0560095  0.0160694   0.544433 0.00452055
(1,((2,(3,(4,(5,6)))),7),(8,(((9,12),(10,11)),13))); -7670.59  -3.65845 81.1005 39.5876 29.2408 -7737.69 0.243759 0.255887 0.158529 0.341824    0.17581   0.189627  0.0693299  0.0156955    0.54664 0.00289734
(1,(((2,3),(4,(5,6))),((8,13),(9,((10,11),12)))),7); -7669.89  -2.75121 79.5173 39.6227 30.1194 -7737.15 0.257014 0.229333 0.167024 0.346629   0.204247   0.189938  0.0656047  0.0129951   0.523533 0.00368249
(1,(((2,3),(4,(5,6))),(8,(((9,12),(10,11)),13))),7); -7675.28  -2.65568 80.3069 39.3508 24.6752 -7738.25 0.268669 0.243314 0.149484 0.338533   0.192901   0.191472  0.0469062 0.00813211   0.552947 0.00764176
(1,((2,(3,(4,(5,6)))),((8,13),(9,((10,11),12)))),7); -7668.05  -2.90577 81.5912 39.2353 26.0854 -7733.58 0.257349  0.25107 0.161344 0.330236   0.231452   0.159701  0.0620426  0.0114597   0.532266 0.00307805
(1,(((2,3),(4,(5,6))),7),((8,13),((9,12),(10,11)))); -7691.49  -2.99274 75.6704 37.7803 24.722 -7751.11 0.248174 0.255192 0.177975 0.318659   0.166126   0.211556  0.0688542  0.0149367   0.535254 0.00327367
(1,(((2,3),(4,(5,6))),((8,13),((9,12),(10,11)))),7); -7668.12  -2.14452 84.9525 39.4477 31.0195 -7742.5  0.25864 0.237629 0.168333 0.335398   0.205166   0.190627  0.0603887  0.0172081   0.523956 0.00265404
(1,(((2,3),(4,(5,6))),(8,((9,((10,11),12)),13))),7); -7662.38  -3.26237 86.3502 39.1807 26.8524 -7733.14 0.235875 0.251047 0.171682 0.341397   0.198137    0.18839  0.0449543  0.0101003   0.556864 0.00155485
(1,(((2,3),(4,(5,6))),(8,(((9,12),(10,11)),13))),7); -7673.37  -2.65568 78.2267 40.3206 29.4789 -7738.1 0.254758 0.231342 0.159061  0.35484   0.184585    0.18687  0.0625873  0.0139941   0.545762 0.00620178
(1,((2,(3,(4,(5,6)))),((8,13),((9,12),(10,11)))),7); -7672.35  -2.29908 82.9964 39.5949 25.1992 -7738.66 0.237158 0.240458 0.177269 0.345115   0.183276   0.201577   0.050051  0.0252835   0.535097 0.00471526
(1,(((2,3),(4,(5,6))),8),(7,((9,((10,11),12)),13))); -7688.17  -6.77332 77.9531 40.3318 30.1521 -7749.17 0.256613  0.24459 0.156793 0.342004   0.200903   0.174044  0.0665714  0.0169088   0.535926 0.00564754
(1,(((2,3),(4,(5,6))),7),(8,(((9,(10,11)),12),13))); -7675.95  -6.50974 85.0526 39.5772 28.4318 -7743.35 0.245027 0.240283 0.152286 0.362403   0.185252   0.171697  0.0595239  0.0134968   0.567444 0.00258698
(1,(((2,3),(4,(5,6))),7),((8,13),((9,12),(10,11)))); -7686.35  -2.99274 81.5297 39.2628 23.7987 -7749.42 0.254113 0.254477 0.146358 0.345052   0.174036   0.164718  0.0811012  0.0138685   0.564481 0.00179526
(1,((2,(3,(4,(5,6)))),7),(8,(((9,(10,11)),12),13))); -7672.94  -6.6643 84.4763 39.0983 29.3703 -7741.02 0.260568 0.250037 0.152697 0.336698   0.181668   0.195552  0.0542858  0.0107346   0.555569 0.00219071
(1,((2,(3,(4,(5,6)))),((8,13),((9,12),(10,11)))),7); -7674.07  -2.29908 78.1256 39.5076 28.0531 -7738.44 0.251718 0.234494 0.165092 0.348696    0.178955    0.179726   0.0701748   0.0179319    0.552661 0.000551858
(1,((2,(3,(4,(5,6)))),7),(8,(9,(((10,11),13),12)))); -7695.55  -11.6653 82.4972 39.1578 30.6985 -7757.92 0.262233 0.241267 0.160713 0.335788   0.181734   0.198112  0.0569481  0.0146654   0.546368 0.00217297
(1,(2,(3,(4,(5,6)))),(7,((8,13),((9,12),(10,11))))); -7701.41  -5.27973 64.5245 39.8828 24.5265 -7745.3 0.242474 0.254379 0.168637 0.334511   0.168627   0.209906  0.0692314  0.0100033   0.534344 0.00788875
(1,(((2,3),(4,(5,6))),(7,(((9,12),(10,11)),13))),8); -7688.84  -5.99993 75.4267 38.7582 29.4156 -7748.92 0.261193 0.249081 0.159361 0.330366   0.178818   0.183069  0.0635882  0.0165203    0.55272 0.00528449
(1,(((2,3),(4,(5,6))),((8,13),((9,12),(10,11)))),7); -7671.15  -2.14452 81.4593 39.1743 31.2116 -7742.5 0.245096 0.249609 0.169457 0.335838   0.203861    0.19497  0.0574559  0.0148742   0.525984 0.00285462
(1,((2,(3,(4,(5,6)))),7),((8,13),((9,12),(10,11)))); -7677.72  -3.1473 81.5241 39.7613 26.846 -7743.18 0.251037 0.254865   0.1522 0.341898   0.207602   0.194759  0.0498918  0.0195732   0.519083 0.00909049
(1,((2,(3,(4,(5,6)))),((8,13),(9,((10,11),12)))),7); -7662.78  -2.90577 82.5622 39.2362 30.6733 -7733.87 0.257887 0.246945 0.160189  0.33498   0.180282   0.197198   0.054793   0.014819   0.550354 0.00255417
(1,((2,(3,(4,(5,6)))),((8,13),(9,((10,11),12)))),7); -7665.06  -2.90577 82.6916 39.5179 29.4743 -7734.8 0.262273 0.250443 0.150283 0.337002     0.1782   0.195127  0.0553667  0.0147478   0.553203 0.00335602
(1,(((2,3),(4,(5,6))),((8,13),((9,12),(10,11)))),7); -7676.68  -2.14452 81.4975 39.3835 27.5555 -7744.21 0.264575 0.249578  0.15469 0.331157   0.178682   0.188733  0.0662665   0.021953   0.539041 0.00532451
(1,(((2,3),(4,(5,6))),(8,(((9,12),(10,11)),13))),7); -7671.39  -2.65568 82.628 39.2612 28.3009 -7740.4 0.237736   0.2672 0.150535 0.344529   0.205581   0.188874  0.0573806  0.0149152   0.531091 0.00215875
(1,(((2,3),(4,(5,6))),(8,(((9,12),(10,11)),13))),7); -7680.97  -2.65568 71.066 38.9299 27.5675 -7738.02 0.257117 0.256855 0.156264 0.329764   0.219008    0.16097  0.0582502  0.0128026   0.546219 0.00275049
(1,(((2,3),(4,(5,6))),((8,13),(9,((10,11),12)))),7); -7677.85  -2.75121 72.6017 39.6474 28.2997 -7736.36 0.266742  0.23566 0.162981 0.334617   0.201876   0.200284  0.0540397  0.0219621   0.518725 0.00311337
(1,(((2,3),(4,(5,6))),((8,13),((9,12),(10,11)))),7); -7676.45  -2.14452 76.5768 38.8299 30.7018 -7742.76 0.253518 0.251849 0.163106 0.331527   0.201029    0.20283  0.0592462  0.0139412   0.519107 0.00384594
(1,(((2,3),(4,(5,6))),(8,((9,((10,11),12)),13))),7); -7663.08  -3.26237 82.6927 39.4297 28.4978 -7731.58 0.257731 0.244383 0.167078 0.330808   0.187508    0.19938  0.0671835  0.0146501   0.522439 0.00883889
(1,(((2,(4,(5,6))),3),((8,13),(9,((10,11),12)))),7); -7680.72  -4.98755 76.0712 40.1952 27.2965 -7738.91 0.246278  0.22539 0.180224 0.348108  0.213688  0.201005 0.0542864 0.0150022  0.514291 0.0017272
(1,(((2,(3,(4,(5,6)))),8),(((9,12),(10,11)),13)),7); -7675.11  -5.54411 83.0625 40.2445 29.7289 -7742.11  0.25109 0.236488 0.168202 0.344221   0.187867    0.18277  0.0659513  0.0123225   0.544173 0.00691682
(1,(((2,3),(4,(5,6))),(8,(((9,12),(10,11)),13))),7); -7675.58  -2.65568 76.5844 39.5201 28.9428 -7738.93 0.260251 0.243894 0.157787 0.338067   0.186873   0.195827  0.0554741  0.0191855   0.534547 0.00809337
(1,((2,(3,(4,(5,6)))),7),((8,13),((9,12),(10,11)))); -7675.29  -3.1473 79.6774 39.5417 27.3529 -7739.63  0.26369 0.243673 0.171092 0.321545   0.202229   0.213267  0.0628308  0.0163606   0.503862 0.00145064
(1,(((2,3),(4,(5,6))),(8,((9,((10,11),12)),13))),7); -7668.68  -3.26237 82.2367 39.4583 27.2398 -7735.44 0.252056  0.25316 0.161533 0.333251   0.173019    0.19754  0.0629124  0.0209659    0.53798 0.00758262
(1,(((2,3),(4,(5,6))),((8,13),(9,((10,11),12)))),7); -7673.37  -2.75121 78.534 39.6334 26.6959 -7736.21 0.260271 0.245457 0.161328 0.332943   0.215672   0.169265  0.0738837  0.0193149   0.516485 0.00538063
(1,(((2,3),(4,(5,6))),((8,13),((9,12),(10,11)))),7); -7679.2  -2.14452 76.8667 39.4211 28.8257 -7743.33 0.246621 0.253208 0.142989 0.357181  0.205033  0.179163 0.0552614 0.0147445  0.542746 0.0030518
(1,((2,(3,(4,(5,6)))),((8,13),((9,12),(10,11)))),7); -7687.06  -2.29908 71.2504 39.8364 22.3252 -7738.5 0.227035 0.223567 0.176096 0.373302   0.199029   0.188287  0.0595266  0.0224014   0.528279 0.00247642
(1,((2,(3,(4,(5,6)))),((8,13),((9,12),(10,11)))),7); -7668.5  -2.29908 83.5556 39.9143 28.7777 -7738.62  0.24879 0.232664 0.179662 0.338884   0.207707   0.171824  0.0652821  0.0178027   0.534179 0.00320496
(1,((2,(3,(4,(5,6)))),7),(8,(((9,12),(10,11)),13))); -7669.06  -3.65845 82.2489 39.6013 29.4718 -7737.52 0.249995  0.24467 0.157478 0.347857   0.193722   0.185102  0.0491792  0.0198191   0.547086 0.00509199
(1,((2,(3,(4,(5,6)))),(8,(((9,12),(10,11)),13))),7); -7673.77  -2.81023 78.1656 39.306 24.7989 -7734.61 0.260715 0.248764 0.131735 0.358787   0.197718   0.197937  0.0581292  0.0185412   0.521584 0.00609078
(1,(((2,3),(4,(5,6))),((8,13),((9,12),(10,11)))),7); -7667.26  -2.14452 85.5975 40.0563 31.1802 -7741.84 0.253021 0.241758 0.160435 0.344786   0.200785   0.196853  0.0608927  0.0178126    0.52001 0.00364653
(1,(((2,3),(4,(5,6))),((8,13),((9,12),(10,11)))),7); -7674.33  -2.14452 83.8125 39.8397 27.1401 -7743.3 0.231575 0.236784 0.176165 0.355476   0.218133   0.178567  0.0549054  0.0139251   0.531118 0.00335178
(1,((2,(3,(4,(5,6)))),((8,13),((9,12),(10,11)))),7); -7671.78  -2.29908 78.6226 39.4744 30.1324 -7738.76  0.24968 0.247176 0.157515  0.34563   0.177653    0.20264  0.0614607  0.0179341   0.537063 0.00324918
(1,((2,(3,(4,(5,6)))),((8,13),((9,12),(10,11)))),7); -7668.2  -2.29908 78.7974 38.8975 31.59 -7737.39 0.254226  0.24692 0.161395 0.337458   0.195539   0.196525  0.0636608  0.0124257   0.529424 0.00242503
(1,(((2,3),(4,(5,6))),((8,13),(9,((10,11),12)))),7); -7669.16  -2.75121 80.8326 39.8279 30.255 -7737.66 0.269153 0.240301 0.160157 0.330389   0.200023    0.18272  0.0597892  0.0157614   0.537905 0.00380251
(1,(((2,3),(4,(5,6))),7),(8,(((9,12),(10,11)),13))); -7675.8  -3.5039 83.6418 39.4745 24.6745 -7741.14 0.242619  0.25032  0.16844 0.338622   0.211842   0.171462  0.0590598  0.0293019   0.523661 0.00467249
(1,((2,(3,(4,(5,6)))),(8,((9,((10,11),12)),13))),7); -7659.33  -3.41692 82.3276 40.0744 28.141 -7726.3 0.248241 0.233353 0.167929 0.350478    0.1849  0.168657 0.0599464 0.0202236  0.561949 0.0043241
(1,(((2,3),(4,(5,6))),(8,(((9,12),(10,11)),13))),7); -7667.65  -2.65568 82.8387 39.5926 29.6616 -7737.9   0.2561 0.246679 0.171182 0.326039    0.21068   0.172405  0.0643733   0.016571   0.534107 0.00186362
(1,(((2,3),(4,(5,6))),(8,(((9,12),(10,11)),13))),7); -7671.32  -2.65568 79.2177 39.6867 28.4519 -7736.65 0.255196 0.244011 0.176236 0.324556   0.192773   0.182269  0.0573017  0.0201924   0.540893 0.00657142
(1,((((2,3),(4,(5,6))),8),(((9,12),(10,11)),13)),7); -7687.05  -5.38956 77.1993 39.2102 28.4724 -7748.12  0.24517 0.230254 0.172523 0.352053   0.212241   0.172031  0.0535552  0.0171208   0.541216 0.00383623
(1,(((2,(3,(4,(5,6)))),8),((9,((10,11),12)),13)),7); -7664.21  -6.1508 83.1002 39.3702 30.2331 -7732.02 0.249715 0.244098 0.153597  0.35259   0.189208   0.173277  0.0638951  0.0152583   0.554699 0.00366232
(1,(((2,3),(4,(5,6))),((8,13),(9,((10,11),12)))),7); -7671.52  -2.75121 82.4417 39.6771 28.4317 -7739.96 0.251343 0.240337 0.167422 0.340898    0.217552    0.166815   0.0645059   0.0180573    0.532327 0.000742938
(1,((2,(3,(4,(5,6)))),((8,13),((9,12),(10,11)))),7); -7671.7  -2.29908 77.9545 39.3391 29.0671 -7737.08 0.256187 0.250336 0.149086 0.344391    0.18798   0.195137  0.0626327  0.0214568   0.528276 0.00451707
(1,(((2,3),(4,(5,6))),7),((8,13),((9,12),(10,11)))); -7679.88  -2.99274 84.7427 40.0822 29.1062 -7750.65 0.258513 0.245493 0.149933 0.346061   0.192734     0.1699   0.056918  0.0113544   0.566548 0.00254499
(1,((2,(3,(4,(5,6)))),7),(8,(((9,12),(10,11)),13))); -7670.18  -3.65845 82.9985 39.8879 28.3402 -7737.98 0.268768 0.243783 0.142669  0.34478    0.19733   0.202747  0.0591187    0.01449   0.522037 0.00427691
(1,((2,3),(4,(5,6))),(7,(8,(((9,12),(10,11)),13)))); -7679.51  -5.63633 81.9516 39.4005 30.5139 -7746.94 0.258603 0.244941 0.160689 0.335767   0.199277   0.176574   0.058289  0.0204277   0.543265 0.00216699
(1,(((2,(3,(4,(5,6)))),8),7),(((9,12),(10,11)),13)); -7697.34  -6.57059 80.2808 38.9575 21.8575 -7753.95 0.254576 0.245696 0.174802 0.324926   0.244338   0.196646  0.0501661   0.010074   0.494586 0.00419019
(1,(((2,3),(4,(5,6))),(8,((9,((10,11),12)),13))),7); -7667.62  -3.26237 78.9293 39.2092 27.4478 -7731.52 0.246297 0.246645 0.168661 0.338397   0.193166   0.179067  0.0569146  0.0259211   0.538816 0.00611597
(1,(((2,3),(4,(5,6))),7),((8,13),((9,12),(10,11)))); -7695.32  -2.99274 80.4254 40.1094 20.8615 -7753.5 0.241741 0.253466 0.144155 0.360637   0.218797   0.208678  0.0710364   0.021691   0.477397 0.00240031
(1,(((2,(4,(5,6))),3),(8,((9,((10,11),12)),13))),7); -7668.71  -5.4987 83.8834 39.8205 26.0303 -7733.3 0.233695 0.239377 0.189302 0.337626   0.206715     0.1977  0.0534482  0.0149395   0.521275 0.00592253
(1,((2,(3,(4,(5,6)))),((8,13),((9,12),(10,11)))),7); -7671.13  -2.29908 76.2866 39.9892 30.7053 -7735.83 0.258388  0.23825 0.165461 0.337901   0.207132   0.194308  0.0614887  0.0159811   0.519995 0.00109518
(1,((2,(3,(4,(5,6)))),((8,13),((9,12),(10,11)))),7); -7668.45  -2.29908 80.9378 39.6575 29.6456 -7737.08 0.239622 0.257501 0.169136 0.333741   0.208849   0.180463  0.0599272  0.0137954   0.532757 0.00420864
(1,((2,(3,(4,(5,6)))),7),((8,13),((9,12),(10,11)))); -7679.01  -3.1473 82.2071 39.6543 28.2306 -7746.65 0.259882 0.248419 0.164184 0.327516   0.170404   0.190469  0.0600771  0.0150988   0.558098 0.00585338
(1,((2,(3,(4,(5,6)))),((8,13),(9,((10,11),12)))),7); -7677.33  -2.90577 74.2075 39.2158 26.6582 -7736.08 0.260372 0.249996 0.142681 0.346952   0.189477   0.216858  0.0497118  0.0113642   0.529717 0.00287241
(1,((2,(3,(4,(5,6)))),((8,13),((9,12),(10,11)))),7); -7675.11  -2.29908 74.2295 39.1097 30.423 -7738.36 0.262692 0.243317 0.156823 0.337168   0.189567    0.17702  0.0589355  0.0151327   0.554652 0.00469257
(1,((2,(3,(4,(5,6)))),(8,((9,((10,11),12)),13))),7); -7664.54  -3.41692 81.2859 39.4252 24.5796 -7727.57 0.257214 0.241346 0.158936 0.342504   0.195214   0.164457  0.0422552  0.0106099   0.583944 0.00351977
(1,(((2,3),(4,(5,6))),(8,(((9,12),(10,11)),13))),7); -7666.99  -2.65568 83.4206 39.6662 30.6251 -7738.72 0.247928 0.248339  0.15823 0.345502  0.194324  0.184098 0.0563613 0.0209336  0.541984 0.0022994
(1,((2,(3,(4,(5,6)))),((8,13),(9,((10,11),12)))),7); -7677.75  -2.90577 73.2061 39.5978 27.4164 -7735.87 0.255008 0.235456 0.160004 0.349532   0.173327   0.188724   0.055985 0.00938795   0.571239 0.00133588
(1,(((2,3),(4,(5,6))),(8,((9,((10,11),12)),13))),7); -7664.19  -3.26237 84.9349 39.6595 27.2243 -7733.43 0.252913  0.24053   0.1578 0.348757   0.193744   0.162145  0.0505012  0.0191098   0.573281 0.00121902
(1,(((2,(4,(5,6))),3),((8,13),((9,12),(10,11)))),7); -7682.86  -4.38085 83.4283 39.6363 23.9851 -7746.26  0.25967 0.250029  0.16024 0.330061   0.182588   0.171172  0.0790546 0.00892525   0.550157 0.00810324
(1,(((2,3),(4,(5,6))),(8,((9,((10,11),12)),13))),7); -7665.88  -3.26237 79.4253 40.3895 29.4443 -7731.1 0.259381 0.236701 0.156111 0.347807    0.20513   0.179695  0.0650765  0.0190925   0.525515 0.00549187
(1,((2,(3,(4,(5,6)))),((8,13),(9,((10,11),12)))),7); -7668.25  -2.90577 77.648 39.3298 26.7445 -7730.41   0.2375 0.252672 0.146099 0.363729   0.195139   0.175075  0.0512121  0.0136215   0.562822 0.00212969
(1,(((2,3),(4,(5,6))),((8,13),((9,12),(10,11)))),7); -7671.62  -2.14452 83.4147 39.216 28.7377 -7742.41 0.271013 0.247656 0.152287 0.329044  0.196908  0.171712 0.0643086 0.0153971  0.548351 0.0033234
(1,((2,(3,(4,(5,6)))),7),((8,13),((9,12),(10,11)))); -7675.54  -3.1473 81.1295 39.2649 28.576 -7742.83   0.2482  0.24777 0.174128 0.329902    0.19383   0.175558  0.0605307  0.0106016   0.552507 0.00697185
(1,(((2,3),(4,(5,6))),7),(8,((9,((10,11),12)),13))); -7667.86  -4.11059 82.6203 39.5405 29.8315 -7736.66 0.249243 0.240986 0.168654 0.341118   0.176304   0.197108  0.0630398  0.0183953   0.540881 0.00427211
(1,(((2,(3,(4,(5,6)))),7),((9,((10,11),12)),13)),8); -7672.72  -4.96958 73.2227 38.9736 26.3827 -7728.38 0.232197 0.265289 0.149372 0.353142   0.202173   0.200841  0.0531631  0.0155247   0.526914 0.00138427
(1,(((2,3),(4,(5,6))),(8,((9,((10,11),12)),13))),7); -7669.74  -3.26237 78.982 39.1207 27.3394 -7733.68 0.267822 0.244985  0.14479 0.342403    0.192525    0.181975   0.0606995   0.0116031     0.55285 0.000346627
(1,((2,(3,(4,(5,6)))),7),((8,13),((9,12),(10,11)))); -7673.89  -3.1473 82.2205 39.7531 30.6218 -7743.83 0.249469 0.245884 0.167623 0.337023   0.179117   0.191629  0.0628718  0.0126039   0.550098 0.00368006
(1,(((2,3),(4,(5,6))),(8,((9,((10,11),12)),13))),7); -7661.85  -3.26237 86.3931 39.8515 29.0166 -7734.15 0.241725 0.238092 0.174113  0.34607    0.20845   0.205353  0.0537065   0.016391    0.51434 0.00176015
(1,((2,(3,(4,(5,6)))),((8,13),(9,((10,11),12)))),7); -7666.79  -2.90577 80.0142 39.5171 29.4995 -7733.88 0.238238 0.252724 0.171688  0.33735   0.206686   0.197373  0.0572918  0.0175634   0.519458 0.00162778
(1,(((2,3),(4,(5,6))),((8,13),((9,12),(10,11)))),7); -7672.29  -2.14452 82.483 39.1852 29.3176 -7742.76 0.236837 0.255777 0.163951 0.343436   0.211283   0.185717   0.056574  0.0108393   0.533415 0.00217197
(1,(((2,3),(4,(5,6))),(7,((9,((10,11),12)),13))),8); -7674.82  -6.60662 81.9185 39.4302 27.0542 -7737.75 0.249188 0.257982 0.159308 0.333522    0.189881    0.167423   0.0717511   0.0180248    0.552409 0.000510596
(1,(((2,(4,(5,6))),3),(8,(((9,12),(10,11)),13))),7); -7687.74  -4.89201 71.9361 39.7124 26.5796 -7741.65 0.241571 0.247758 0.176057 0.334614   0.210951    0.19515  0.0771607  0.0134579   0.501778 0.00150267
(1,(((2,3),(4,(5,6))),((8,13),((9,12),(10,11)))),7); -7669.65  -2.14452 83.0627 39.6531 30.9508 -7741.87 0.250569 0.243397 0.163438 0.342596   0.202324   0.179041  0.0626996  0.0176394   0.533117 0.00517917
(1,(((2,3),(4,(5,6))),((8,13),((9,12),(10,11)))),7); -7678.57  -2.14452 76.2897 39.2926 29.3815 -7742.8 0.245593 0.253187 0.159546 0.341674  0.188239  0.181263 0.0676241 0.0138303  0.541566 0.0074781
(1,(((2,3),(4,(5,6))),((8,13),((9,12),(10,11)))),7); -7675.56  -2.14452 79.8184 39.0162 27.644 -7741.86 0.255815 0.251138 0.141723 0.351325   0.208825    0.19146  0.0706514  0.0133653   0.511877 0.00382205
(1,(((2,3),(4,(5,6))),(8,(((9,12),(10,11)),13))),7); -7677.45  -2.65568 77.8932 39.4935 26.6166 -7739.81  0.26593 0.227114 0.172436  0.33452   0.179511   0.178245  0.0613582  0.0160856   0.557331 0.00746964
(1,(((2,3),(4,(5,6))),7),(8,(((9,12),(10,11)),13))); -7669.81  -3.5039 82.6133 39.2303 31.0255 -7740.71 0.258493 0.243309 0.159199 0.338999   0.203344   0.186254  0.0591569  0.0196739   0.529118 0.00245355
(1,((2,(3,(4,(5,6)))),7),((8,13),((9,12),(10,11)))); -7673.59  -3.1473 82.6853 39.7729 27.8063 -7741.16 0.244138 0.239842 0.154863 0.361158  0.214849  0.189911 0.0489783 0.0108979  0.531148 0.0042154
(1,(((2,3),(4,(5,6))),(8,(((9,12),(10,11)),13))),7); -7672.98  -2.65568 79.9148 39.0231 28.1852 -7739.4 0.250861 0.241308 0.181352 0.326479  0.177236  0.185135 0.0642282 0.0125476  0.556677 0.0041772
(1,((2,(3,(4,(5,6)))),((8,13),((9,12),(10,11)))),7); -7681.25  -2.29908 70.3177 38.9445 27.0873 -7737.41 0.248005 0.262657 0.161964 0.327374    0.22064   0.169418  0.0514586  0.0168828   0.540022 0.00157899
(1,(((2,3),(4,(5,6))),((8,13),((9,12),(10,11)))),7); -7671.4  -2.14452 84.9773 40.1179 29.8807 -7744  0.24976 0.254058 0.148717 0.347465   0.18853  0.183181 0.0685845 0.0136191   0.54431 0.0017761
(1,(((2,3),(4,(5,6))),((8,13),(9,((10,11),12)))),7); -7671.95  -2.75121 80.2504 38.8726 30.3837 -7740.96 0.261416 0.250362 0.160188 0.328034   0.184433   0.188232  0.0558671  0.0139014   0.554985 0.00258086
(1,(((2,3),(4,(5,6))),(8,((9,((10,11),12)),13))),7); -7665.71  -3.26237 79.5019 39.0543 29.6704 -7732.56 0.250595  0.25091 0.149172 0.349322   0.196176   0.183703  0.0602802  0.0197145   0.534858 0.00526871
(1,((2,(3,(4,(5,6)))),((8,13),((9,12),(10,11)))),7); -7663.03  -2.29908 86.6546 40.0237 28.5455 -7735.91 0.254607 0.232267 0.163733 0.349393   0.211471   0.204499  0.0533713  0.0104031   0.516488 0.00376799
(1,((2,(3,(4,(5,6)))),((8,13),(9,((10,11),12)))),7); -7663.86  -2.90577 81.8883 39.5969 28.2622 -7731.5 0.243287 0.243953 0.166013 0.346746     0.1919   0.204733  0.0602878 0.00866783   0.528269 0.00614152
(1,((((2,3),(4,(5,6))),7),(((9,12),(10,11)),13)),8); -7675.47  -4.20834 77.8393 39.0813 27.6967 -7737.72 0.256065  0.24746 0.168304 0.328171   0.196595   0.203865  0.0493411  0.0113786    0.53059 0.00823121
(1,(((2,3),(4,(5,6))),((8,13),(9,((10,11),12)))),7); -7668.23  -2.75121 82.9387 39.3437 28.1212 -7737.2 0.249989 0.237947 0.157379 0.354685   0.203002   0.175718  0.0541848  0.0186659   0.539549 0.00888091
(1,((2,(3,(4,(5,6)))),((8,13),(9,((10,11),12)))),7); -7665.91  -2.90577 80.2888 39.5826 26.939 -7730.65  0.23782 0.252599 0.154118 0.355463   0.211825    0.16352  0.0642293  0.0116773   0.543827 0.00492163
(1,((2,(3,(4,(5,6)))),(8,(9,(((10,11),12),13)))),7); -7687.93  -8.28058 82.4438 39.5059 25.8088 -7748.39 0.240825 0.232396 0.183538 0.343241   0.171809   0.203163  0.0636653  0.0139428   0.540533 0.00688761
(1,((2,(3,(4,(5,6)))),7),(8,(((9,12),(10,11)),13))); -7681.38  -3.65845 73.5685 39.7545 24.3212 -7735.86 0.238074 0.235464 0.150312  0.37615   0.185536   0.185183  0.0722992  0.0187791   0.532218 0.00598407
(1,(((2,3),(4,(5,6))),((8,13),(9,((10,11),12)))),7); -7664.64  -2.75121 85.9847 40.2627 29.8515 -7737.46 0.246022 0.231766 0.167951 0.354261   0.207409   0.182155  0.0589227  0.0183926   0.529706 0.00341496
(1,((2,(3,(4,(5,6)))),(8,(((9,12),(10,11)),13))),7); -7662.7  -2.81023 80.7119 39.626 31.0901 -7732.07 0.254562 0.238844 0.159924  0.34667  0.184064   0.19897 0.0575157 0.0164278  0.541141 0.0018819
(1,((2,(3,(4,(5,6)))),((8,13),((9,12),(10,11)))),7); -7666.59  -2.29908 82.8758 39.3286 29.9128 -7737.75 0.242131 0.241543 0.169521 0.346805   0.199859   0.170569  0.0676318  0.0164084   0.542254 0.00327747
(1,((2,(3,(4,(5,6)))),(8,(((9,12),(10,11)),13))),7); -7673.82  -2.81023 77.6819 39.7274 27.3919 -7736.35 0.267595 0.222071 0.169955 0.340379   0.197725   0.175136  0.0529675  0.0144597   0.555702 0.00400983
(1,((2,3),(4,(5,6))),(7,(8,((9,((10,11),12)),13)))); -7685.19  -6.24302 77.0592 39.877 26.7718 -7742.9 0.258184 0.236158 0.185192 0.320466   0.178949    0.20538  0.0640192  0.0145753   0.533391 0.00368589
(1,((((2,3),(4,(5,6))),7),(((9,12),(10,11)),13)),8); -7672.27  -4.20834 82.0116 39.6678 29.1349 -7739.54 0.255594 0.234282  0.16695 0.343173   0.218496   0.175483  0.0612734  0.0127261   0.526455 0.00556714
(1,((2,(3,(4,(5,6)))),((8,13),((9,12),(10,11)))),7); -7674.61  -2.29908 77.9414 39.6313 25.4584 -7736.08 0.261866 0.255625 0.160654 0.321855     0.22028    0.202273   0.0659471   0.0146266    0.496301 0.000572747
(1,((2,((3,(5,6)),4)),(8,(((9,12),(10,11)),13))),7); -7678.31  -7.87111 83.6656 39.2615 26.9393 -7741.78 0.237341 0.238253 0.159729 0.364677    0.20038   0.176561  0.0618476  0.0126676   0.539533 0.00901139
(1,((2,(3,(4,(5,6)))),((8,13),((9,12),(10,11)))),7); -7665.81  -2.29908 85.1025 39.5813 28.0331 -7737.06 0.239926 0.253108 0.167723 0.339244   0.194969   0.192779  0.0557244   0.021746   0.527502 0.00727965
(1,(((2,3),(4,(5,6))),(8,(((9,12),(10,11)),13))),7); -7674.66  -2.65568 79.2217 39.8622 27.1524 -7738.51 0.264759 0.239651 0.148131 0.347459   0.203725   0.183618  0.0455075  0.0177067   0.543566 0.00587686
(1,((2,(3,(4,(5,6)))),7),((8,13),(9,((10,11),12)))); -7671.9  -3.75399 77.7472 39.7642 30.1304 -7736.26 0.262494 0.228568  0.17047 0.338468    0.19833   0.194357  0.0598197  0.0136845   0.530381 0.00342711
(1,((2,(3,(4,(5,6)))),7),((8,13),((9,12),(10,11)))); -7673.59  -3.1473 81.0162 39.1475 29.0431 -7741.35  0.26129 0.231741 0.170976 0.335994   0.203133    0.20244  0.0518527  0.0181528    0.52152 0.00290191
(1,(((2,3),(4,(5,6))),(8,((9,((10,11),12)),13))),7); -7668.86  -3.26237 76.2287 39.1433 30.3791 -7733.06 0.260708 0.241578 0.155053 0.342661   0.211408   0.185241  0.0571141  0.0108433   0.532676 0.00271846
(1,((((2,3),(4,(5,6))),8),((9,((10,11),12)),13)),7); -7672.93  -5.99625 87.1978 39.5243 26.6957 -7741.31  0.23116 0.250842 0.182257  0.33574   0.210304   0.196566  0.0548899  0.0180538   0.516482 0.00370472
(1,((2,(3,(4,(5,6)))),((8,13),(9,((10,11),12)))),7); -7667.53  -2.90577 79.1898 40.0781 30.2116 -7733.94 0.241609 0.259875 0.159735 0.338782   0.198333   0.189217  0.0653213  0.0128665   0.531015 0.00324726
(1,((2,(3,(4,(5,6)))),7),((8,13),(9,((10,11),12)))); -7669.27  -3.75399 81.8425 39.1859 29.7322 -7737.9 0.245403 0.251337 0.167548 0.335712   0.197844   0.179358  0.0713382  0.0109442   0.537537 0.00297873
(1,((2,(3,(4,(5,6)))),((8,13),(9,((10,11),12)))),7); -7665  -2.90577 80.0568 40.0078 29.8312 -7731.97  0.23819 0.250349 0.163788 0.347673   0.206551   0.181915  0.0622909  0.0120074   0.532153 0.00508305
(1,((((2,3),(4,(5,6))),7),((9,((10,11),12)),13)),8); -7661.91  -4.81503 84.2191 39.9605 30.32 -7731.67 0.255247 0.251017 0.160319 0.333417   0.191139   0.186175  0.0520493  0.0172765   0.548239 0.00512139
(1,((2,(3,(4,(5,6)))),7),(8,(((9,12),(10,11)),13))); -7670.15  -3.65845 80.4599 39.4262 29.356 -7736.88   0.2402 0.249285 0.167048 0.343467   0.175704   0.191561   0.056573    0.01749   0.554846 0.00382631
(1,((2,(3,(4,(5,6)))),((8,13),((9,12),(10,11)))),7); -7669.61  -2.29908 80.3839 38.8401 29.6532 -7738.51 0.254808 0.251474 0.141454 0.352263   0.193941   0.192292  0.0601819  0.0144185   0.536939 0.00222711
(1,((2,(3,(4,(5,6)))),7),(8,(((9,12),(10,11)),13))); -7679.94  -3.65845 72.8479 39.458 26.7895 -7736.47 0.238504 0.243772 0.157936 0.359789   0.166824   0.188572  0.0671285  0.0134193    0.56215 0.00190682
(1,((2,(3,(4,(5,6)))),((8,13),((9,12),(10,11)))),7); -7675.97  -2.29908 73.3693 39.3624 28.4817 -7736.16 0.269242 0.227192 0.166835  0.33673   0.209217   0.189867  0.0590837  0.0110625   0.527809 0.00296018
(1,((2,(3,(4,(5,6)))),((8,13),((9,12),(10,11)))),7); -7674.4  -2.29908 76.5868 39.2639 28.8312 -7738.25  0.24474 0.244585 0.157418 0.353257   0.179359   0.180726  0.0617514  0.0125623   0.558989 0.00661325
(1,((2,(3,(4,(5,6)))),(8,(((9,12),(10,11)),13))),7); -7663.26  -2.81023 83.0665 39.671 27.2259 -7731.07 0.244809 0.228682 0.171502 0.355007   0.206341   0.190099  0.0617125  0.0163862   0.516463 0.00899791
(1,((2,(3,(4,(5,6)))),(8,(((9,12),(10,11)),13))),7); -7665.54  -2.81023 78.6357 40.1942 30.1011 -7731.28 0.248905 0.241304 0.162878 0.346913   0.212988   0.182206  0.0504336  0.0139608   0.535636 0.00477535
(1,((((2,3),(4,(5,6))),8),7),(((9,12),(10,11)),13)); -7703.43  -6.41604 78.3055 38.988 28.0524 -7764.38 0.253553 0.249686 0.154635 0.342126    0.202749    0.201088   0.0594807   0.0237712    0.511913 0.000998652
(1,((((2,3),(4,(5,6))),7),8),(((9,12),(10,11)),13)); -7681.25  -5.02997 83.4163 39.5895 29.598 -7749.64 0.263616 0.242311 0.154186 0.339887   0.200226   0.191125  0.0625201  0.0209847    0.52118 0.00396373
(1,((((2,3),(4,(5,6))),7),((9,((10,11),12)),13)),8); -7660.6  -4.81503 85.6821 39.413 28.9006 -7730.96 0.260992 0.243421 0.144077  0.35151   0.209428   0.192846  0.0509161  0.0140873   0.529678 0.00304406
(1,(((2,3),(4,(5,6))),((8,13),(9,((10,11),12)))),7); -7675.5  -2.75121 80.1221 39.2838 26.9764 -7740.56 0.265667 0.247345 0.149404 0.337584  0.182771  0.187516 0.0559196 0.0166457  0.546625 0.0105229
(1,((2,3),(4,(5,6))),(7,((8,13),((9,12),(10,11))))); -7690.52  -5.12517 79.7739 39.6589 25.1719 -7750.68 0.240273 0.227156 0.157236 0.375335   0.196015   0.198336  0.0505861  0.0168374   0.531962 0.00626344
(1,(((2,(3,(4,(5,6)))),8),((9,((10,11),12)),13)),7); -7667.6  -6.1508 83.1603 39.6082 27.967 -7732.97 0.254211 0.244484  0.16545 0.335855   0.186694   0.195668  0.0557499 0.00865756   0.545153 0.00807668
(1,(((2,3),(4,(5,6))),(8,(((9,12),(10,11)),13))),7); -7666.64  -2.65568 86.729 39.3672 28.5001 -7739.84  0.25934 0.255377 0.149189 0.336094     0.1879   0.184389  0.0545248 0.00966616   0.561333  0.0021864
(1,((2,(3,(4,(5,6)))),((8,13),((9,12),(10,11)))),7); -7674.03  -2.29908 75.4902 38.8662 28.0279 -7736.38  0.25008 0.265651 0.157094 0.327176   0.202727   0.171877  0.0686809  0.0134122   0.539235 0.00406884
(1,(((2,3),(4,(5,6))),((8,13),((9,12),(10,11)))),7); -7680.84  -2.14452 82.1943 39.8031 24.4524 -7745.54 0.261922 0.227202 0.163985  0.34689  0.180318  0.163263 0.0590291 0.0241866  0.568993 0.0042096
(1,(((2,3),(4,(5,6))),7),((8,13),(9,((10,11),12)))); -7675.45  -3.59944 82.3435 39.1866 27.1404 -7742.15 0.265212   0.2609 0.158319 0.315569    0.21054   0.193747  0.0509037  0.0145782   0.527418 0.00281301
(1,(((2,3),(4,(5,6))),((8,13),((9,12),(10,11)))),7); -7684.15  -2.14452 74.7705 39.6194 24.8209 -7741.98 0.239775 0.246204 0.162887 0.351134   0.180931   0.174245  0.0823773  0.0121279   0.542882 0.00743694
(1,(((2,(3,(4,(5,6)))),7),((9,12),(10,11))),(8,13)); -7700.2  -7.19975 78.1968 39.1071 24.6307 -7756.72 0.244003 0.278001  0.14715 0.330845   0.185906   0.188349  0.0641402  0.0100265   0.549637 0.00194089
(1,(((2,3),(4,(5,6))),(8,((9,((10,11),12)),13))),7); -7665.35  -3.26237 80.4051 39.6596 28.609 -7731.44 0.258256 0.241805 0.163818 0.336121   0.224839    0.19523  0.0578742  0.0125701   0.505413 0.00407341
(1,((2,(3,(4,(5,6)))),8),(7,(((9,12),(10,11)),13))); -7684.87  -6.32118 81.1481 39.2288 30.2061 -7750.68  0.24225 0.241489 0.165217 0.351044    0.20041   0.190633  0.0706274   0.013066   0.522735 0.00252859
(1,(((2,(4,(5,6))),3),((8,13),((9,12),(10,11)))),7); -7677.88  -4.38085 84.2864 39.9108 27.4119 -7745.28 0.233039 0.235154 0.173942 0.357865    0.207169    0.183089   0.0638026     0.01529    0.530046 0.000603123
(1,((2,(3,(4,(5,6)))),(8,((9,((10,11),12)),13))),7); -7660.38  -3.41692 79.1204 39.1356 28.3917 -7725.34 0.250518 0.238606 0.173391 0.337485   0.177909   0.177136  0.0654798   0.019419   0.554677 0.00537998
(1,((2,(3,(4,(5,6)))),((8,13),(9,((10,11),12)))),7); -7673.87  -2.90577 77.0828 39.9388 26.6203 -7734.73 0.258991 0.237043 0.152199 0.351768  0.176023  0.220763  0.052035 0.0175139   0.52973 0.0039358
(1,(((2,(4,(5,6))),3),((8,13),(9,((10,11),12)))),7); -7676.18  -4.98755 79.079 39.5575 29.4391 -7740.15 0.243506  0.23978 0.158673 0.358041   0.184759   0.182692  0.0610834  0.0115336   0.555235 0.00469623
(1,((2,(3,(4,(5,6)))),7),((8,13),((9,12),(10,11)))); -7679.69  -3.1473 78.1125 39.3331 26.8958 -7742.22 0.266773 0.252548 0.171404 0.309274  0.204916  0.182347 0.0610727 0.0175693  0.530005 0.0040906
(1,((2,(3,(4,(5,6)))),7),((8,13),((9,12),(10,11)))); -7680.47  -3.1473 84.8568 39.3806 25.6649 -7748.47  0.23115 0.269252 0.161024 0.338574   0.179397   0.210312  0.0584326  0.0136989   0.534548 0.00361086
(1,(((2,3),(4,(5,6))),((8,13),((9,12),(10,11)))),7); -7679.81  -2.14452 74.8762 39.5681 29.5082 -7742.48 0.258072 0.241798 0.150501 0.349629   0.213189   0.175379  0.0530118  0.0123042   0.544026 0.00209032
(1,(((2,3),(4,(5,6))),7),((8,13),((9,12),(10,11)))); -7680.45  -2.99274 82.2727 39.2162 29.3911 -7749.91 0.243366 0.255425 0.166479  0.33473   0.182706   0.201569  0.0507859  0.0135058   0.548717 0.00271669
(1,(((2,3),(4,(5,6))),((8,13),((9,12),(10,11)))),7); -7682.34  -2.14452 76.6518 39.8279 26.1274 -7743.14 0.258522 0.235019  0.14773 0.358728     0.1869   0.191414  0.0548491  0.0219681   0.536491 0.00837845
(1,(((2,(4,(5,6))),3),(8,(((9,12),(10,11)),13))),7); -7670.9  -4.89201 81.9404 39.9099 29.5035 -7737.54 0.259471 0.239709 0.162725 0.338095    0.18782   0.196497  0.0716283  0.0178521   0.521721 0.00448218
(1,(((2,3),(4,(5,6))),((8,13),((9,12),(10,11)))),7); -7677.48  -2.14452 77.2534 40.1535 30.3479 -7742.78 0.257557 0.231204 0.170162 0.341077   0.191371   0.182417   0.068213  0.0144034   0.541188 0.00240752
(1,(((2,3),(4,(5,6))),((8,13),(9,((10,11),12)))),7); -7670.72  -2.75121 80.5153 39.2148 28.1552 -7737.43 0.252423 0.251148  0.15687 0.339559   0.208734   0.185455  0.0446307  0.0161952   0.538554 0.00643116
(1,((2,(3,(4,(5,6)))),((8,13),((9,12),(10,11)))),7); -7673.32  -2.29908 77.1808 39.4228 27.3888 -7736.17   0.2523 0.258431 0.158502 0.330767   0.216947   0.187338  0.0625808 0.00824815   0.523587 0.00129819
(1,((((2,3),(4,(5,6))),7),8),(((9,12),(10,11)),13)); -7682.2  -5.02997 84.3861 39.6371 28.6452 -7750.57 0.246608 0.249767 0.172054  0.33157  0.183136  0.172944 0.0698845 0.0187609  0.553049 0.0022251
(1,(((2,3),(4,(5,6))),((8,13),(9,((10,11),12)))),7); -7672.99  -2.75121 80.877 39.2291 25.4638 -7737.36 0.269202 0.239643 0.180881 0.310273    0.19427   0.196121  0.0553497   0.020289   0.531884 0.00208671
(1,((2,(3,(4,(5,6)))),(8,((9,((10,11),12)),13))),7); -7660.63  -3.41692 80.1554 40.1047 27.9087 -7725.17 0.257338 0.242217 0.165999 0.334446   0.184233   0.186125   0.080294  0.0122681   0.532653 0.00442631
(1,((2,(3,(4,(5,6)))),(8,(((9,12),(10,11)),13))),7); -7662.71  -2.81023 81.5562 39.5003 30.3384 -7732.29 0.250447 0.251868 0.155999 0.341687   0.184073   0.185293  0.0590339  0.0111366   0.556768 0.00369541
(1,((2,(3,(4,(5,6)))),(8,(((9,12),(10,11)),13))),7); -7666.21  -2.81023 78.707 40.0114 29.7304 -7731.82 0.243821 0.241858 0.161817 0.352504   0.199965   0.177933  0.0543306  0.0211642   0.544209 0.00239743
(1,(((2,3),(4,(5,6))),((8,13),((9,(10,11)),12))),7); -7679.44  -5.15036 79.4542 39.3577 30.0934 -7744.48 0.255023  0.24845 0.156019 0.340508  0.193585  0.203211  0.058575 0.0147767  0.523072 0.0067802
(1,((2,(3,(4,(5,6)))),8),(7,(((9,(10,11)),12),13))); -7692.7  -9.32702 84.1923 39.6446 26.3151 -7754.24 0.253962 0.224492 0.174764 0.346782   0.202688    0.19262  0.0490417  0.0131312   0.533317 0.00920266
(1,((2,(3,(4,(5,6)))),7),((8,13),((9,12),(10,11)))); -7677.31  -3.1473 82.7282 39.8533 27.7752 -7744.82 0.246097 0.253492 0.157545 0.342865   0.201117   0.200428  0.0637797  0.0243315   0.508297 0.00204646
(1,((2,(3,(4,(5,6)))),((8,13),((9,12),(10,11)))),7); -7666.79  -2.29908 82.2026 39.3056 29.0116 -7736.4 0.248081  0.25743 0.161959 0.332531   0.203743   0.182917   0.052449  0.0183284   0.535818 0.00674399
(1,(((2,3),(4,(5,6))),7),(8,(((9,12),(10,11)),13))); -7671.67  -3.5039 81.5469 39.027 31.3252 -7742.02 0.248044 0.241141 0.159943 0.350872   0.194979   0.179322  0.0609484  0.0130489   0.548315 0.00338732
(1,(((2,3),(4,(5,6))),((8,13),((9,12),(10,11)))),7); -7678.59  -2.14452 79.3107 39.2997 25.7613 -7742.22 0.267383 0.232697 0.175931 0.323988  0.193344  0.187794 0.0560968 0.0187711  0.533909 0.0100854
(1,((2,3),(4,(5,6))),(7,((8,13),(9,((10,11),12))))); -7684.39  -5.73186 75.6687 39.4163 30.8043 -7745.71  0.25379  0.24789 0.160854 0.337466   0.209483    0.18642   0.061803  0.0116907   0.529556 0.00104714
(1,(((2,3),(4,(5,6))),((8,13),((9,12),(10,11)))),7); -7671.66  -2.14452 82.4421 39.9008 30.4238 -7742.48 0.243215  0.23697  0.16855 0.351266   0.197402   0.181895  0.0543262  0.0142369   0.547577 0.00456211
(1,((2,(3,(4,(5,6)))),7),((8,13),((9,12),(10,11)))); -7681.67  -3.1473 80.0171 39.0899 26.5608 -7746.01 0.247245 0.235328  0.17309 0.344337   0.185474   0.173972  0.0453603  0.0130908   0.577728 0.00437489
(1,((2,(3,(4,(5,6)))),(8,(((9,12),(10,11)),13))),7); -7663.03  -2.81023 81.1171 39.5962 29.7456 -7731.48 0.257328 0.247671 0.161693 0.333308   0.182935   0.204693  0.0692605  0.0150121   0.526699 0.00140054
(1,(((2,3),(4,(5,6))),((8,13),(9,((10,11),12)))),7); -7667.77  -2.75121 83.212 39.5788 29.3951 -7738.04 0.243348 0.242551 0.163905 0.350196  0.190941  0.189315 0.0553777 0.0229269  0.537876 0.0035628
(1,((2,(3,(4,(5,6)))),((8,13),((9,12),(10,11)))),7); -7663.63  -2.29908 83.7997 39.3624 31.167 -7736.94 0.255358  0.23657 0.168882 0.339191   0.199156   0.183797  0.0591583  0.0172609   0.536405 0.00422308
(1,(((2,(4,(5,6))),3),((8,13),(9,((10,11),12)))),7); -7675.1  -4.98755 80.9509 39.1348 28.1624 -7740.09 0.233288 0.250048 0.174765 0.341899   0.205067    0.17668  0.0597272   0.013848   0.537894 0.00678374
(1,(((2,3),(4,(5,6))),((8,13),((9,12),(10,11)))),7); -7680.35  -2.14452 76.8325 39.1144 28.4018 -7744.32 0.262845 0.263096  0.15481 0.319248   0.194176   0.194958  0.0608697  0.0146285   0.531469 0.00389884
(1,(((2,3),(4,(5,6))),(8,((9,((10,11),12)),13))),7); -7664.44  -3.26237 84.2125 40.1796 28.9836 -7734.2  0.25067 0.235334 0.163848 0.350148   0.180389   0.200912  0.0544231  0.0153068   0.541698 0.00727026
(1,(((2,3),(4,(5,6))),7),((8,13),((9,12),(10,11)))); -7676.93  -2.99274 83.2395 38.6628 30.3224 -7748.83 0.264329 0.246202 0.156273 0.333196   0.191565   0.193845  0.0547733   0.015036   0.539549 0.00523178
(1,((2,(3,(4,(5,6)))),((8,13),((9,12),(10,11)))),7); -7674.85  -2.29908 79.0862 40.2374 25.3228 -7736.73 0.257007  0.22339 0.163541 0.356061   0.217535   0.186644  0.0574461   0.022142   0.510053 0.00617899
(1,((2,(3,(4,(5,6)))),((8,13),(9,((10,11),12)))),7); -7673.3  -2.90577 83.053 39.481 21.9242 -7735.89 0.245058 0.262492 0.169534 0.322916   0.175683   0.220095  0.0776354  0.0152478   0.505137 0.00620217
(1,(((2,3),(4,(5,6))),((8,13),(9,((10,11),12)))),7); -7666.21  -2.75121 86.9183 39.6094 26.9627 -7737.73 0.247568 0.234694 0.173512 0.344227   0.225974   0.182346   0.064025  0.0160967    0.50521 0.00634771
(1,(((2,3),(4,(5,6))),7),(8,(((9,12),(10,11)),13))); -7678.21  -3.5039 83.6583 39.9763 23.0985 -7741.48 0.254218 0.231749 0.177154 0.336879  0.198659  0.171762  0.079556 0.0190187  0.519915 0.0110902
(1,(((2,3),(4,(5,6))),(8,(((9,12),(10,11)),13))),7); -7667.47  -2.65568 82.1743 40.1983 30.7059 -7737.49 0.250271 0.238218 0.169249 0.342262   0.195589   0.199818  0.0606277  0.0191344   0.522223 0.00260841
(1,((2,(3,(4,(5,6)))),(8,(((9,12),(10,11)),13))),7); -7660.67  -2.81023 84.9971 39.6584 28.5601 -7731.76 0.257868 0.251685 0.168109 0.322338   0.202898    0.17854  0.0534634  0.0142173   0.543393 0.00748781
(1,((((2,3),(4,(5,6))),7),(((9,12),(10,11)),13)),8); -7678.38  -4.20834 81.9973 40.025 27.2621 -7743.4 0.246217 0.236998 0.175463 0.341322   0.166971   0.184899  0.0584077  0.0126291   0.574078 0.00301617
(1,(((2,3),(4,(5,6))),((8,13),(9,((10,11),12)))),7); -7668.17  -2.75121 82.447 39.7023 28.9091 -7737.07  0.26044 0.240243 0.155532 0.343785    0.20456   0.183319  0.0757041  0.0120097   0.521003 0.00340421
(1,((2,(3,(4,(5,6)))),(((9,12),(10,11)),13)),(7,8)); -7690.11  -9.66415 86.9551 39.9458 21.9736 -7749.43 0.247835 0.216989 0.172341 0.362835   0.216641   0.186378  0.0590282  0.0265019   0.509643 0.00180865
(1,(((2,3),(4,(5,6))),(8,(((9,12),(10,11)),13))),7); -7675.99  -2.65568 74.057 39.4673 29.2649 -7737.19 0.248264 0.238452 0.166799 0.346486   0.184698   0.205536  0.0590074  0.0197539   0.525592 0.00541155
(1,((2,(3,(4,(5,6)))),((8,13),((9,12),(10,11)))),7); -7665.93  -2.29908 83.9803 39.9249 29.8531 -7737.54 0.258447 0.228756 0.167038 0.345759   0.191241   0.189501  0.0671808  0.0174542   0.533171 0.00145204
(1,((2,(3,(4,(5,6)))),((8,13),(9,((10,11),12)))),7); -7670.77  -2.90577 80.3703 39.7538 19.3694 -7727.85 0.261564 0.225981 0.168434 0.344022  0.202681  0.194824 0.0748921 0.0125204  0.496349 0.0187342
(1,(((2,3),(4,(5,6))),((8,13),((9,12),(10,11)))),7); -7679.05  -2.14452 79.1983 39.6149 28.2185 -7744.7  0.24852 0.233361 0.166384 0.351735    0.177721    0.190495    0.054077   0.0143799    0.562833 0.000493624
(1,((((2,3),(4,(5,6))),7),(((9,12),(10,11)),13)),8); -7673.1  -4.20834 81.4992 39.1327 28.002 -7739.26 0.254709 0.236606 0.167588 0.341098   0.182302   0.191901  0.0747316  0.0211106   0.528668 0.00128682
(1,((2,(3,(4,(5,6)))),7),((8,13),((9,12),(10,11)))); -7685.98  -3.1473 70.4481 39.8447 30.1477 -7743.58  0.25369 0.238343 0.157136 0.350831    0.20877   0.185305   0.051565  0.0124371   0.540819 0.00110398
(1,((2,(3,(4,(5,6)))),((8,13),((9,12),(10,11)))),7); -7676.3  -2.29908 75.4974 39.1328 26.845 -7737.21 0.246987 0.251822 0.155903 0.345287  0.190122  0.193387 0.0568849 0.0220258  0.526842 0.0107387
(1,(((2,3),(4,(5,6))),7),((8,13),((9,12),(10,11)))); -7682.76  -2.99274 78.7546 39.2271 30.3099 -7749.6  0.26098 0.232442 0.164578    0.342   0.193673   0.178573  0.0575967  0.0171874   0.551633 0.00133748
(1,(((2,4),(3,(5,6))),((8,13),((9,12),(10,11)))),7); -7698.09  -8.54808 85.0992 39.9669 29.6267 -7764.3  0.24657 0.237582 0.181522 0.334327   0.207322   0.176064  0.0570682  0.0149682   0.542389 0.00218886
(1,((2,(3,(4,(5,6)))),(8,(((9,12),(10,11)),13))),7); -7658.67  -2.81023 84.7199 39.096 30.4966 -7731.98 0.256702 0.248796 0.151033 0.343468    0.19234   0.187982   0.057172  0.0182473   0.539337 0.00492268
(1,(((2,3),(4,(5,6))),((8,13),((9,12),(10,11)))),7); -7668.61  -2.14452 83.5563 39.4338 30.6378 -7741.22 0.259383 0.249547 0.160091 0.330979   0.214023   0.187247  0.0585745  0.0150394   0.522562 0.00255467
(1,((2,(3,(4,(5,6)))),((8,13),((9,12),(10,11)))),7); -7667.72  -2.29908 83.9577 39.4785 26.2113 -7736.11 0.249536 0.235564 0.161511 0.353389  0.187294   0.19101 0.0606761  0.007165  0.545772 0.0080832
(1,(((2,3),(4,(5,6))),(8,(((9,12),(10,11)),13))),7); -7670.16  -2.65568 82.5024 39.2261 27.4069 -7738.19 0.237814 0.250217 0.177363 0.334606   0.219818   0.189125   0.055529  0.0194007   0.512805 0.00332214
(1,((2,(3,(4,(5,6)))),(8,(((9,12),(10,11)),13))),7); -7665.83  -2.81023 77.8623 39.9871 31.3041 -7732.2 0.249181 0.241492 0.161277  0.34805   0.204292    0.18937  0.0553273  0.0124527   0.534496 0.00406232
(1,(((2,3),(4,(5,6))),7),(8,(((9,12),(10,11)),13))); -7675.78  -3.5039 80.1189 40.3186 29.4763 -7741.55  0.25695 0.246065 0.146338 0.350646   0.209329   0.184441  0.0573155  0.0185251   0.526374 0.00401571
(1,(((2,3),(4,(5,6))),7),((8,13),((9,12),(10,11)))); -7688.49  -2.99274 75.5606 39.4498 26.4005 -7748.01 0.273009 0.245541 0.152283 0.329167    0.200212    0.210785   0.0581109   0.0194055    0.510626 0.000861258
(1,(((2,3),(4,(5,6))),(8,(((9,(10,11)),12),13))),7); -7675.29  -5.66152 80.0425 39.1233 29.7576 -7740.31 0.251668 0.245946 0.171455 0.330931   0.181298   0.196813  0.0670531  0.0175847   0.532981 0.00427067
(1,((2,(3,(4,(5,6)))),(8,(((9,12),(10,11)),13))),7); -7662.39  -2.81023 84.5712 40.2746 28.8603 -7732.74 0.238799 0.242217 0.162832 0.356152   0.214959   0.189658  0.0520946  0.0124578   0.526303 0.00452778
(1,(((2,(4,(5,6))),3),((8,13),(9,((10,11),12)))),7); -7678.16  -4.98755 78.0996 39.7306 28.2847 -7739.82 0.241076  0.23915 0.177708 0.342066   0.182466   0.202099  0.0611362  0.0142624   0.532691 0.00734572
(1,(((2,3),(4,(5,6))),(8,((9,((10,11),12)),13))),7); -7669.67  -3.26237 75.2709 39.6141 30.1889 -7732.25 0.242458 0.239209 0.169822 0.348511   0.193187   0.177052  0.0592169  0.0193201   0.548724 0.00250027
(1,((2,(3,(4,(5,6)))),(8,((9,((10,11),12)),13))),7); -7654.33  -3.41692 86.8951 40.2786 28.28 -7725.81 0.251337 0.225406  0.17854 0.344717   0.202727     0.2011  0.0618051  0.0115345   0.521418 0.00141496
(1,((2,(3,(4,(5,6)))),((8,13),((9,12),(10,11)))),7); -7672.4  -2.29908 75.4063 39.2922 30.4036 -7736.62 0.250109 0.243904 0.154155 0.351832   0.190135   0.182865  0.0687977  0.0136184   0.540126 0.00445775
(1,(((2,3),(4,(5,6))),((8,13),(9,((10,11),12)))),7); -7669.51  -2.75121 82.8661 40.0047 27.9786 -7737.6  0.24807 0.236852 0.161608 0.353471   0.206209   0.183169  0.0728583  0.0131651   0.517035 0.00756318
(1,((2,(3,(4,(5,6)))),7),((8,13),((9,12),(10,11)))); -7684.66  -3.1473 77.181 39.5913 25.0313 -7744.13 0.247402  0.24821 0.176403 0.327985   0.177585   0.170882  0.0715085  0.0173431   0.552966 0.00971528
(1,(((2,3),(4,(5,6))),((8,13),((9,12),(10,11)))),7); -7676.85  -2.14452 79.9634 39.961 28.0075 -7742.72  0.25941 0.245535 0.157872 0.337183    0.212618    0.202543   0.0699411   0.0151549    0.498784 0.000958688
(1,(((2,3),(4,(5,6))),7),((8,13),(9,((10,11),12)))); -7672.97  -3.59944 82.672 39.5373 29.8159 -7742.32  0.26376 0.248205 0.150324  0.33771    0.203635     0.19519   0.0606221    0.011974    0.527606 0.000973388
(1,((2,(3,(4,(5,6)))),((8,13),((9,12),(10,11)))),7); -7677.49  -2.29908 74.1415 39.0732 26.7437 -7737.01 0.254511  0.25353 0.168799  0.32316   0.187058   0.200731  0.0458893   0.016615   0.542309 0.00739757
(1,((2,(3,(4,(5,6)))),7),(8,(((9,12),(10,11)),13))); -7668.91  -3.65845 79.9629 39.1374 29.865 -7735.94  0.25147 0.241687 0.163915 0.342928   0.192649   0.187329  0.0542015  0.0231847   0.540323 0.00231213
(1,((2,(3,(4,(5,6)))),7),(8,(((9,12),(10,11)),13))); -7671.36  -3.65845 84.1886 40.0287 28.1037 -7739.97 0.266623 0.226211 0.162139 0.345027   0.190421    0.17894   0.056234  0.0118079   0.557228 0.00536927
(1,(((2,3),(4,(5,6))),((8,13),((9,12),(10,11)))),7); -7677.91  -2.14452 77.1928 39.6597 29.6377 -7742.94 0.252572 0.253889 0.153756 0.339783   0.200186    0.18699  0.0649319    0.01283   0.527631 0.00743049
(1,(((2,3),(4,(5,6))),7),((8,13),((9,12),(10,11)))); -7685.01  -2.99274 77.8488 39.1236 27.2767 -7748.02  0.25134 0.233393 0.174616 0.340651    0.19029   0.221422  0.0543193  0.0142712   0.514187 0.00551008
(1,(((2,3),(4,(5,6))),((8,13),((9,12),(10,11)))),7); -7679.35  -2.14452 74.9414 39.6889 29.4408 -7741.9 0.254576 0.237597 0.166571 0.341256   0.195916   0.209563  0.0557543 0.00996338   0.524874 0.00392926
(1,(((2,3),(4,(5,6))),((8,13),(9,((10,11),12)))),7); -7670.27  -2.75121 80.9641 39.3535 29.944 -7739.08 0.238104 0.256617 0.161611 0.343668   0.201513   0.179089  0.0655265  0.0129716   0.537534 0.00336638
(1,(((2,3),(4,(5,6))),((8,13),((9,12),(10,11)))),7); -7678.06  -2.14452 80.1341 39.7616 26.9484 -7743.24 0.260345 0.252963 0.160763 0.325929   0.187367   0.172997  0.0681193  0.0150177    0.54661 0.00988875
(1,(((2,3),(4,(5,6))),((8,13),((9,12),(10,11)))),7); -7676.88  -2.14452 77.9658 39.5097 29.1129 -7742.31 0.242125 0.236491 0.161727 0.359656   0.199583   0.184806   0.052499  0.0198644   0.541774 0.00147331
(1,((2,(4,(5,6))),3),((7,(((9,12),(10,11)),13)),8)); -7693.62  -9.00621 82.2916 39.5348 25.3054 -7752.68  0.25746 0.235496 0.180411 0.326633  0.206512  0.199731 0.0562456 0.0118124  0.514499 0.0111993
(1,((2,(3,(4,(5,6)))),((8,13),(9,((10,11),12)))),7); -7671.51  -2.90577 75.2407 39.8507 29.5314 -7733.53 0.251424 0.238304 0.171422  0.33885    0.20167   0.173941  0.0568052 0.00959832   0.555185 0.00280039
(1,((2,(3,(4,(5,6)))),7),(8,((9,((10,11),12)),13))); -7662.95  -4.26515 82.3501 39.4687 29.189 -7730.75 0.259005 0.231356 0.154878 0.354761   0.187472   0.184648  0.0567462  0.0198905   0.547627 0.00361633
(1,(((2,3),(4,(5,6))),7),(8,(((9,12),(10,11)),13))); -7673  -3.5039 82.5158 39.1422 27.642 -7740.51 0.256505 0.244003 0.152544 0.346948   0.215171   0.172621  0.0592649  0.0227486   0.524933 0.00526169
(1,((2,(3,(4,(5,6)))),((8,13),((9,12),(10,11)))),7); -7666.6  -2.29908 82.9071 39.9218 28.6489 -7735.93 0.267665   0.2405  0.15517 0.336665   0.209329   0.185388  0.0572554  0.0210546    0.52249 0.00448278
(1,((((2,(3,(4,(5,6)))),7),((9,12),(10,11))),13),8); -7682.02  -8.70832 83.9515 38.9235 29.9656 -7748.3 0.246942 0.249942 0.147978 0.355138  0.203352  0.195973  0.053711 0.0150337  0.529641 0.0022892
(1,(((2,3),(4,(5,6))),(8,(((9,12),(10,11)),13))),7); -7668.87  -2.65568 83.0159 39.1743 27.1499 -7737.2 0.236804 0.253813 0.174602 0.334781   0.211944   0.178211  0.0503523  0.0130193   0.539551 0.00692183
(1,((2,(3,(4,(5,6)))),(8,(((9,12),(10,11)),13))),7); -7665.59  -2.81023 77.6474 39.5692 29.6563 -7730.52  0.26467  0.23632 0.159626 0.339384  0.187023  0.188577 0.0654632 0.0194113   0.53506 0.0044651
(1,(((2,3),(4,(5,6))),((8,13),((9,12),(10,11)))),7); -7676.75  -2.14452 79.0624 38.9223 29.9644 -7744.71 0.253356 0.251522 0.150045 0.345077   0.186489   0.188827  0.0575923  0.0116958   0.554331 0.00106496
(1,(((2,3),(4,(5,6))),7),((8,13),((9,12),(10,11)))); -7693.65  -2.99274 71.515 39.4117 28.7667 -7751.52  0.26597 0.240155 0.149693 0.344182   0.175973   0.192326  0.0579443  0.0154978   0.553696 0.00456279
(1,(((2,(4,(5,6))),3),(7,((9,((10,11),12)),13))),8); -7691.96  -8.84295 71.6039 39.2414 24.922 -7740.4 0.243442 0.248701 0.182045 0.325813    0.16709   0.203083  0.0614323  0.0211327   0.542245 0.00501735
(1,((2,3),(4,(5,6))),(7,((8,13),((9,12),(10,11))))); -7684.15  -5.12517 78.9976 38.5681 30.4137 -7749.87  0.24991 0.253764  0.16281 0.333516   0.207637    0.17591  0.0586212  0.0163587   0.536579 0.00489442
(1,((2,(3,(4,(5,6)))),7),((8,13),(9,((10,11),12)))); -7675.82  -3.75399 77.2688 38.2176 27.1344 -7738.25 0.249614 0.249377 0.152248 0.348761   0.194029   0.210874  0.0478455  0.0224081   0.522338 0.00250524
(1,((2,(3,(4,(5,6)))),((8,13),((9,12),(10,11)))),7); -7666.65  -2.29908 80.7489 39.6113 31.0293 -7736.52 0.245219 0.235293 0.164726 0.354762   0.191369   0.189149  0.0607772  0.0136776   0.542227 0.00280118
(1,(((2,3),(4,(5,6))),7),((8,13),((9,12),(10,11)))); -7680.03  -2.99274 81.3994 39.5652 30.82 -7749.69 0.254583 0.233594 0.170212 0.341611   0.193824   0.183946  0.0542283  0.0170058   0.548752 0.00224339
(1,((2,(3,(4,(5,6)))),((8,13),(9,((10,11),12)))),7); -7660.41  -2.90577 84.4145 39.202 29.644 -7732.36 0.262589 0.243177 0.169041 0.325193   0.205385   0.177343  0.0561394  0.0188435   0.539296 0.00299243
(1,((((2,3),(4,(5,6))),7),((9,((10,11),12)),13)),8); -7670.47  -4.81503 74.9387 39.1048 29.7417 -7731.23 0.259845   0.2468 0.152381 0.340974   0.188611   0.189381  0.0569777  0.0214735   0.542095 0.00146229
(1,((2,(3,(4,(5,6)))),((8,13),((9,12),(10,11)))),7); -7670.64  -2.29908 81.9003 39.7004 28.9601 -7739.5 0.250081 0.243562 0.181883 0.324475   0.196539   0.176923  0.0549052  0.0176059   0.551424 0.00260261
(1,(((2,3),(4,(5,6))),7),((8,13),(9,((10,11),12)))); -7669.11  -3.59944 85.0445 39.8119 31.2942 -7742.04 0.260685 0.244992 0.161368 0.332955   0.201009   0.196986  0.0579176  0.0156035   0.526549 0.00193525
(1,(((2,3),(4,(5,6))),(8,(((9,(10,11)),12),13))),7); -7682.39  -5.66152 77.4259 38.7743 28.4569 -7743.84 0.244055 0.260912  0.15237 0.342664   0.185084   0.207098  0.0515948   0.012551   0.540563 0.00310877
(1,(((2,3),(4,(5,6))),((8,13),((9,12),(10,11)))),7); -7671.64  -2.14452 79.9861 38.7193 30.9881 -7741.75 0.256499 0.240593 0.164643 0.338266   0.197465   0.199755  0.0570008  0.0156502   0.525053 0.00507695
(1,(((2,3),(4,(5,6))),(8,(((9,12),(10,11)),13))),7); -7671.8  -2.65568 78.2987 39.6596 27.7721 -7735.56 0.256826 0.240472 0.171276 0.331425  0.217283  0.190161 0.0734074 0.0153455  0.501851 0.0019515
(1,(((2,3),(4,(5,6))),(8,(((9,12),(10,11)),13))),7); -7670.04  -2.65568 83.9976 39.8504 29.2431 -7740.78 0.247235 0.239039 0.154718 0.359008   0.180064   0.204181  0.0542021  0.0134185   0.546077 0.00205715
(1,(((2,(4,(5,6))),3),7),((8,13),((9,12),(10,11)))); -7685.03  -5.22908 81.4945 39.4301 30.1776 -7752.05 0.256864 0.245691 0.157678 0.339766   0.182539   0.204796  0.0565792  0.0111376   0.543143 0.00180479
(1,(((2,(4,(5,6))),3),7),((8,13),((9,12),(10,11)))); -7678.71  -5.22908 83.8412 39.8929 30.0152 -7747.44  0.24533   0.2326 0.169597 0.352473  0.205643  0.183938 0.0615602 0.0140336  0.529667  0.005158
(1,(((2,3),(4,(5,6))),(8,(((9,12),(10,11)),13))),7); -7667.16  -2.65568 83.5867 39.3728 29.6737 -7738.39 0.251941 0.246962 0.171205 0.329891    0.181835    0.193033   0.0637044   0.0187956    0.541659 0.000973372
(1,(((2,3),(4,(5,6))),((8,13),(9,((10,11),12)))),7); -7674  -2.75121 80.1626 39.555 28.605 -7740.46 0.254695 0.236017 0.178387 0.330901   0.212927   0.168097  0.0634788  0.0137566   0.540186 0.00155374
(1,(((2,3),(4,(5,6))),7),(8,(((9,12),(10,11)),13))); -7672.62  -3.5039 84.0922 39.6166 28.4935 -7742.09  0.25388 0.243943 0.153353 0.348824   0.183288   0.192512  0.0780031  0.0121062   0.531788 0.00230203
(1,(((2,3),(4,(5,6))),(8,(((9,12),(10,11)),13))),7); -7673.41  -2.65568 75.8535 39.8451 30.2966 -7737.06 0.241281 0.251063 0.167399 0.340257   0.204678   0.180771  0.0572586  0.0183628   0.534583 0.00434608
(1,(((2,3),(4,(5,6))),(8,(((9,12),(10,11)),13))),7); -7675.35  -2.65568 75.3869 40.1157 30.8065 -7738.77 0.250903 0.256127  0.16203  0.33094   0.190521    0.18891  0.0588914  0.0172188   0.543044 0.00141454
(1,(((2,3),(4,(5,6))),((8,13),((9,12),(10,11)))),7); -7671.95  -2.14452 85.8243 39.4375 26.9868 -7743.17  0.23053 0.252233 0.162601 0.354635   0.193807   0.192814  0.0481107  0.0181672    0.54189 0.00521084
(1,((2,(3,(4,(5,6)))),8),(7,(((9,12),(10,11)),13))); -7691.35  -6.32118 83.3234 40.3237 25.9972 -7754.03 0.248579 0.224065 0.174342 0.353014  0.214556  0.182704 0.0558803 0.0178006  0.520501 0.0085576
