tree logl logTop logBL logPrior logQ logWt pi1 pi2 pi3 pi4 s1 s2 s3 s4 s5 s6
(1,((((2,3),(4,(5,6))),7),(((9,12),(10,11)),13)),8); -7670.44  -4.20834 83.235 39.7578 28.8669 -7738.57 0.247524 0.238911 0.170742 0.342824  0.213491   0.18924 0.0706971 0.0155839  0.506634 0.0043541
(1,((2,(3,(4,(5,6)))),7),((8,13),((9,12),(10,11)))); -7680.08  -3.1473 78.0104 38.7736 27.4645 -7743.63 0.253462   0.2534  0.16786 0.325278   0.179935    0.19281  0.0570995   0.020669   0.541561 0.00792458
(1,((2,(3,(4,(5,6)))),7),((8,13),((9,12),(10,11)))); -7670.11  -3.1473 85.8811 39.7611 29.0449 -7742.13 0.245134 0.234221 0.165116 0.355529  0.198503  0.191233 0.0613056 0.0218047  0.522966 0.0041877
(1,((2,(3,(4,(5,6)))),((8,13),(9,((10,11),12)))),7); -7666.13  -2.90577 81.4341 39.5252 27.9295 -7733.06 0.236566 0.261214 0.157354 0.344865   0.201255   0.183811  0.0527833  0.0214634   0.537744 0.00294312
(1,((2,(3,(4,(5,6)))),((8,13),((9,12),(10,11)))),7); -7662.89  -2.29908 87.8323 39.6429 29.0076 -7737.79  0.26006 0.242923 0.156251 0.340766    0.20499   0.165138  0.0564191  0.0200732   0.551384 0.00199538
(1,((2,(3,(4,(5,6)))),7),(8,(((9,12),(10,11)),13))); -7674.14  -3.65845 77.6867 40.4965 29.0813 -7736.75 0.237283 0.243462 0.160093 0.359161   0.191473   0.193027  0.0668062  0.0161372   0.527305 0.00525052
(1,((2,((3,4),(5,6))),((8,13),(9,((10,11),12)))),7); -7673.51  -7.21278 83.192 39.9329 30.0925 -7739.64 0.247816 0.240613 0.161692 0.349879   0.192637    0.19297  0.0473281  0.0160497   0.549107 0.00190839
(1,(((2,3),(4,(5,6))),(8,(((9,12),(10,11)),13))),7); -7674.53  -2.65568 80.2989 39.7235 24.1388 -7736.59 0.244043   0.2511 0.168635 0.336222   0.204185   0.177642   0.052908  0.0295899   0.528426 0.00724948
(1,((2,(3,(4,(5,6)))),7),(8,(((9,12),(10,11)),13))); -7670.68  -3.65845 81.2116 39.9526 28.7558 -7737.04 0.248702 0.250944  0.16691 0.333443    0.196088    0.201159   0.0476311   0.0121716    0.542313 0.000637412
(1,(((2,3),(4,(5,6))),7),(8,((9,((10,11),12)),13))); -7665.32  -4.11059 84.2445 38.6597 27.6952 -7734.49 0.243721 0.252888 0.155392 0.347999   0.187145   0.177833  0.0522069   0.013234   0.560822 0.00875861
(1,(((2,(4,(5,6))),3),7),((8,13),((9,(10,11)),12))); -7682.82  -8.23492 84.4028 39.5533 31.1988 -7750.63 0.246338 0.250303 0.165302 0.338057   0.192976   0.180136  0.0640495  0.0174285   0.542644 0.00276536
(1,((2,(3,(4,(5,6)))),7),((8,13),((9,12),(10,11)))); -7679.45  -3.1473 76.0722 39.4455 29.3987 -7742.32 0.248384 0.245497 0.170178 0.335941   0.208605   0.192087  0.0485267  0.0104211   0.537098 0.00326235
(1,(((2,3),(4,(5,6))),(8,((9,((10,11),12)),13))),7); -7670.67  -3.26237 81.0404 39.5006 27.4812 -7736.43 0.270044 0.229539 0.176514 0.323903   0.188575   0.179452  0.0606073  0.0132223   0.555917 0.00222674
(1,(((2,3),(4,(5,6))),((8,13),((9,12),(10,11)))),7); -7672.8  -2.14452 85.5037 40.0895 26.6157 -7742.69 0.234935 0.241344 0.167727 0.355994   0.201543   0.160285  0.0577626   0.017299   0.557395 0.00571545
(1,((((2,3),(4,(5,6))),7),8),((9,((10,11),12)),13)); -7676.24  -5.63667 83.6763 39.2198 27.5086 -7742.56 0.247805 0.233515 0.175215 0.343465   0.194973   0.213344  0.0459027  0.0156064   0.528641 0.00153282
(1,(((2,3),(4,(5,6))),7),((8,13),(9,((10,11),12)))); -7678.57  -3.59944 80.9082 40.1486 28.7146 -7744.45 0.232982 0.254219 0.168114 0.344685   0.193195   0.202909   0.063717   0.017523   0.519664 0.00299272
(1,((2,(3,(4,(5,6)))),7),((8,13),((9,12),(10,11)))); -7683.5  -3.1473 76.3991 38.3088 25.9563 -7744.4  0.25134 0.250382 0.167827 0.330451   0.168832   0.213221  0.0705558  0.0135397   0.527206 0.00664582
(1,(((2,3),(4,(5,6))),7),(8,(((9,12),(10,11)),13))); -7674.72  -3.5039 80.995 39.7018 29.219 -7741.73 0.254722 0.245957 0.153798 0.345523   0.192728   0.208362  0.0709264  0.0146457   0.510445 0.00289209
(1,((2,(3,(4,(5,6)))),7),(8,((9,((10,11),12)),13))); -7672.13  -4.26515 77.0778 40.15 26.3401 -7731.13 0.256525 0.245367 0.167209 0.330899   0.215995   0.152555  0.0661317  0.0181248   0.543266 0.00392774
(1,(((2,3),(4,(5,6))),(8,(((9,12),(10,11)),13))),7); -7664.01  -2.65568 84.3938 39.379 30.8059 -7737.17 0.252179  0.24809 0.153277 0.346455   0.198191   0.180601  0.0638051   0.013863    0.53818 0.00536009
(1,(((2,3),(4,(5,6))),7),(8,(((9,12),(10,11)),13))); -7681.12  -3.5039 80.2493 40.0502 21.8322 -7739.64 0.270026  0.22706 0.160749 0.342165   0.200791   0.203039   0.068722  0.0290435   0.496725 0.00167916
(1,(((2,3),(4,(5,6))),((8,13),((9,12),(10,11)))),7); -7676.73  -2.14452 76.9597 39.1712 30.3237 -7742.7  0.25925 0.245148 0.155447 0.340155   0.196139   0.192992  0.0535689   0.011757   0.539805 0.00573824
(1,((2,(3,(4,(5,6)))),(8,(((9,12),(10,11)),13))),7); -7665.71  -2.81023 82.6949 39.5361 26.0584 -7732.11 0.264989 0.232428 0.156096 0.346487   0.189874   0.180911  0.0573513  0.0252048   0.539219 0.00743935
(1,(((2,(4,(5,6))),3),((8,13),(9,((10,11),12)))),7); -7684.7  -4.98755 77.6641 39.5126 25.1875 -7743.06 0.245276 0.254807 0.170993 0.328924   0.181692   0.218627  0.0553089  0.0244211   0.517064 0.00288719
(1,((2,(3,(4,(5,6)))),(8,(((9,12),(10,11)),13))),7); -7658.95  -2.81023 85.3162 39.8035 30.5079 -7732.16 0.251356 0.244313 0.158401  0.34593  0.187107  0.206945 0.0581876 0.0168482   0.52657 0.0043424
(1,((2,(3,(4,(5,6)))),(8,((9,((10,11),12)),13))),7); -7658.65  -3.41692 79.7796 39.7075 29.7372 -7725.05 0.247425 0.243817 0.169918  0.33884   0.190066     0.1955  0.0629786  0.0153473    0.52796 0.00814801
(1,(((2,3),(4,(5,6))),((8,13),(9,((10,11),12)))),7); -7668.77  -2.75121 83.4655 40.4385 29.8613 -7738.9 0.255346 0.233673  0.17052 0.340462   0.193679   0.204637  0.0559095  0.0121361   0.528604 0.00503444
(1,(((2,3),(4,(5,6))),(8,((9,((10,11),12)),13))),7); -7669.92  -3.26237 75.6246 39.1937 29.6293 -7732.71 0.253516 0.259484  0.16543  0.32157   0.198864   0.191599  0.0594024  0.0163151   0.529316 0.00450316
(1,(((2,3),(4,(5,6))),7),(8,((9,((10,11),12)),13))); -7664.64  -4.11059 86.4759 39.3414 29.6021 -7737.27 0.257383 0.241279 0.156503 0.344835    0.17388   0.195416  0.0689683  0.0154855    0.54362 0.00262935
(1,(2,(3,(4,(5,6)))),(7,(8,(((9,12),(10,11)),13)))); -7674.68  -5.79088 80.5936 39.4728 28.6247 -7738.64 0.244774 0.233266 0.170662 0.351297   0.206969    0.20193  0.0540141  0.0200132   0.514599 0.00247415
(1,((2,(3,(4,(5,6)))),((8,13),((9,12),(10,11)))),7); -7668.49  -2.29908 83.8185 39.9175 28.0901 -7738.18 0.246332 0.245553 0.157421 0.350694    0.17892   0.192709  0.0598129  0.0210914    0.53978 0.00768691
(1,(((2,3),(4,(5,6))),((8,13),((9,12),(10,11)))),7); -7677.07  -2.14452 77.6234 39.6712 29.368 -7742.24 0.247557 0.232636 0.162451 0.357356  0.216077  0.188443 0.0547642 0.0161643  0.523026 0.0015257
(1,(((2,3),(4,(5,6))),((8,13),((9,12),(10,11)))),7); -7677.12  -2.14452 81.3414 39.6084 28.2107 -7744.92 0.243021 0.243486 0.159669 0.353825    0.207992    0.208404   0.0588333   0.0117231    0.512464 0.000583674
(1,((2,3),(4,(5,6))),((7,(((9,12),(10,11)),13)),8)); -7687.14  -6.76988 82.6596 39.1467 29.6953 -7753.58 0.259852 0.246531 0.149576  0.34404   0.208568   0.177247  0.0650527  0.0167458   0.527726 0.00466018
(1,(((2,3),(4,(5,6))),((8,13),(9,((10,11),12)))),7); -7677.18  -2.75121 74.9736 39.542 28.9056 -7738.77 0.266369 0.229202 0.168733 0.335696   0.182777   0.198556  0.0657019  0.0165557   0.534182 0.00222704
(1,((2,(3,(4,(5,6)))),7),(8,((9,((10,11),12)),13))); -7661.01  -4.26515 81.4601 39.2077 30.357 -7729.36 0.256826 0.243809  0.15196 0.347405   0.201661   0.172766  0.0584024  0.0179025   0.547491 0.00177747
(1,((((2,3),(4,(5,6))),7),(((9,12),(10,11)),13)),8); -7675.49  -4.20834 81.8624 39.6806 27.3173 -7740.78 0.253123 0.246913 0.176443 0.323521   0.193034   0.170025   0.070799  0.0121798   0.547564 0.00639847
(1,(((2,3),(4,(5,6))),((8,13),(9,((10,11),12)))),7); -7673.49  -2.75121 79.3636 38.9635 26.2502 -7737.39 0.261726 0.242774 0.165675 0.329825    0.18458   0.185121  0.0577685  0.0240617   0.538986 0.00948352
(1,((2,(3,(4,(5,6)))),7),((8,13),(9,((10,11),12)))); -7675.36  -3.75399 75.5963 39.1772 26.0166 -7734.04 0.260105 0.235318 0.149836 0.354741   0.214484    0.19879   0.058081  0.0203199   0.501415 0.00690939
(1,(((2,3),(4,(5,6))),((8,13),((9,12),(10,11)))),7); -7680.13  -2.14452 77.8883 39.7902 26.0403 -7742.12 0.243612 0.232257 0.185445 0.338686   0.215878   0.186679  0.0480562  0.0197532   0.528196 0.00143791
(1,(((2,(4,(5,6))),3),7),(8,(((9,12),(10,11)),13))); -7680.36  -5.74023 77.9389 39.2174 29.2059 -7742.54 0.245622 0.249955 0.158632 0.345791  0.211049  0.196747 0.0486775 0.0189104    0.5222 0.0024152
(1,(((2,(4,(5,6))),3),((8,13),((9,12),(10,11)))),7); -7679.19  -4.38085 81.0238 39.5038 28.3407 -7744.67 0.239197 0.250166 0.161081 0.349555   0.192533   0.206409  0.0713118  0.0142022   0.511118 0.00442593
(1,(((2,3),(4,(5,6))),((8,13),(9,((10,11),12)))),7); -7671.79  -2.75121 79.6473 39.555 28.8996 -7738.03 0.243127 0.233762 0.182472 0.340639   0.201758   0.200655  0.0592184  0.0170743   0.519491 0.00180318
(1,(((2,3),(4,(5,6))),7),((8,13),(9,((10,11),12)))); -7677.25  -3.59944 83.1313 40.4845 25.5751 -7741.87  0.24982 0.228014 0.160092 0.362074   0.214242   0.196452  0.0727079  0.0145114   0.496842 0.00524478
(1,((2,(3,(4,(5,6)))),((8,13),((9,12),(10,11)))),7); -7672.58  -2.29908 80.433 39.9097 27.2575 -7738.06 0.238632 0.253283   0.1734 0.334685   0.20827  0.192225 0.0626572 0.0225258  0.509942 0.0043793
(1,((2,(3,(4,(5,6)))),((8,13),(9,((10,11),12)))),7); -7668.09  -2.90577 79.7311 39.9703 27.2956 -7732.24 0.246035 0.249284 0.161472 0.343209   0.199907    0.17859  0.0808563  0.0196373   0.517545 0.00346421
(1,((2,(3,(4,(5,6)))),(8,((9,((10,11),12)),13))),7); -7660.98  -3.41692 81.8094 39.4361 25.4118 -7725.34 0.246502 0.241554 0.139852 0.372092   0.204436   0.178377  0.0647424  0.0200694   0.527926 0.00444907
(1,(((2,3),(4,(5,6))),(8,(((9,12),(10,11)),13))),7); -7671.68  -2.65568 83.0428 39.1577 27.5912 -7740.5 0.259334 0.265294 0.149194 0.326178   0.209517   0.198837  0.0535272  0.0135313   0.522933 0.00165371
(1,((((2,3),(4,(5,6))),7),(((9,12),(10,11)),13)),8); -7672.44  -4.20834 82.4304 39.2113 26.9638 -7738.41 0.250055 0.235201 0.164321 0.350423   0.219885   0.185602  0.0429399  0.0113155   0.537583 0.00267411
(1,((2,(3,(4,(5,6)))),((8,13),((9,12),(10,11)))),7); -7665.6  -2.29908 81.8371 39.3789 30.7524 -7736.51 0.245442 0.246767  0.16113 0.346662   0.201738   0.178526  0.0564869  0.0108673   0.549837 0.00254428
(1,((2,(3,(4,(5,6)))),(8,(((9,12),(10,11)),13))),7); -7663.31  -2.81023 79.8291 39.205 31.0394 -7732.16 0.258404 0.238061 0.163985 0.339549   0.185729   0.180267  0.0615078  0.0145243   0.554956 0.00301558
(1,(((2,3),(4,(5,6))),((8,13),(9,((10,11),12)))),7); -7674.76  -2.75121 77.0375 39.084 26.8926 -7736.86 0.243243 0.241182  0.16723 0.348345   0.214147   0.170104  0.0434321  0.0162133   0.554327 0.00177651
(1,(((2,3),(4,(5,6))),((8,13),((9,12),(10,11)))),7); -7681.54  -2.14452 76.6048 39.737 27.9282 -7744.19 0.234934 0.256584 0.167978 0.340503   0.223418   0.183204  0.0565841  0.0152381   0.518421 0.00313465
(1,((2,(3,(4,(5,6)))),7),(8,(((9,12),(10,11)),13))); -7669.08  -3.65845 81.793 39.8702 28.4679 -7735.81 0.265601 0.248432 0.156124 0.329843    0.195554    0.196777   0.0585741   0.0198741    0.528751 0.000471046
(1,(((2,3),(4,(5,6))),7),((8,13),((9,(10,11)),12))); -7691.96  -5.99859 76.4074 39.12 25.7674 -7749.01 0.253313 0.256324 0.165681 0.324683    0.22201   0.189595  0.0631899 0.00770736   0.516338 0.00115987
(1,(((2,3),(4,(5,6))),7),(8,(((9,12),(10,11)),13))); -7680.47  -3.5039 81.0576 39.6443 23.8149 -7742.2 0.267717 0.216597  0.17734 0.338346   0.181048   0.201408  0.0716584  0.0109309   0.531014 0.00394128
(1,(((2,3),(4,(5,6))),((8,13),((9,12),(10,11)))),7); -7678.71  -2.14452 80.6851 39.1184 26.7085 -7744.84 0.251722 0.260974 0.161435 0.325869   0.185326   0.196005  0.0642863  0.0092789   0.537089 0.00801481
(1,(((2,3),(4,(5,6))),7),(8,(((9,12),(10,11)),13))); -7675.42  -3.5039 79.5231 38.8583 28.1611 -7740.75 0.258846 0.254759 0.156442 0.329953   0.213402   0.187278   0.056768   0.020106   0.516379 0.00606717
(1,((2,(3,(4,(5,6)))),((8,13),(9,((10,11),12)))),7); -7671.46  -2.90577 73.6453 39.0627 28.825 -7731.96 0.251651 0.237385 0.174636 0.336329   0.181467   0.192728  0.0593722  0.0169774   0.541421 0.00803489
(1,(((2,3),(4,(5,6))),((8,13),((9,(10,11)),12))),7); -7679.51  -5.15036 78.7471 39.0416 30.2731 -7744.34  0.26081 0.245056 0.161836 0.332298   0.191987   0.195119   0.055347  0.0205978    0.53484 0.00210933
(1,((2,(3,(4,(5,6)))),((8,13),(9,((10,11),12)))),7); -7665.14  -2.90577 79.4087 39.8412 29.2549 -7731.05 0.252891 0.247749 0.145559 0.353801   0.195655   0.183675  0.0578808  0.0147074   0.541233 0.00684924
(1,((2,(3,(4,(5,6)))),7),((8,13),(9,((10,11),12)))); -7672.1  -3.75399 78.538 39.9472 29.6615 -7736.6 0.239479 0.244753   0.1613 0.354469   0.204576   0.194982  0.0662699  0.0153967   0.514589 0.00418554
(1,((2,(3,(4,(5,6)))),(8,((9,((10,11),12)),13))),7); -7665.89  -3.41692 72.6855 40.1106 30.5969 -7725.64 0.246289 0.235317  0.17014 0.348254    0.19364   0.200748  0.0632198  0.0126724   0.526657 0.00306248
(1,((2,(3,(4,(5,6)))),7),((8,13),((9,12),(10,11)))); -7678.75  -3.1473 81.4288 39.7074 27.289 -7744.61 0.259244 0.235814 0.147944 0.356998   0.177123   0.194904   0.067301  0.0118301   0.542706 0.00613541
(1,(((2,(4,(5,6))),3),((8,13),(9,((10,11),12)))),7); -7676.74  -4.98755 81.3301 38.9866 27.2744 -7741.37 0.263512 0.255275 0.166525 0.314687    0.192874    0.200545   0.0681754   0.0127793    0.524733 0.000893107
(1,(((2,(3,(4,(5,6)))),7),((9,((10,11),12)),13)),8); -7661.92  -4.96958 82.9884 39.7197 24.5014 -7724.72 0.252865  0.23795 0.182839 0.326346   0.184131   0.220142  0.0514649 0.00951526   0.528862 0.00588544
(1,((2,(3,(4,(5,6)))),(8,(((9,12),(10,11)),13))),7); -7666.09  -2.81023 79.4124 39.478 29.7898 -7733 0.264033 0.226833 0.164008 0.345126   0.204353   0.182261  0.0599107  0.0137506   0.535943 0.00378146
(1,((2,((3,4),(5,6))),(8,(((9,12),(10,11)),13))),7); -7670.82  -7.11725 82.8779 39.5508 30.7222 -7737.76 0.248135 0.242392 0.171224 0.338249   0.194432   0.185884  0.0516899  0.0126339   0.551728 0.00363214
(1,(((2,3),(4,(5,6))),((8,13),((9,12),(10,11)))),7); -7674.28  -2.14452 81.1767 40.1124 29.4514 -7742.65 0.237909 0.243726 0.162152 0.356213    0.18923    0.17866  0.0669287   0.012396   0.549171 0.00361357
(1,(2,(3,(4,(5,6)))),(7,((8,13),(9,((10,11),12))))); -7673.51  -5.88642 80.2991 39.1921 28.4381 -7737.17 0.251237 0.234314 0.169234 0.345216   0.197632   0.182412  0.0529037  0.0245778   0.539442 0.00303277
(1,((2,(3,(4,(5,6)))),((8,13),((9,12),(10,11)))),7); -7667.5  -2.29908 84.6556 39.5338 29.1109 -7739.43 0.250381 0.254019  0.17225  0.32335   0.191788   0.173134   0.060704  0.0180262     0.5547 0.00164717
(1,(((2,3),(4,(5,6))),(8,(((9,12),(10,11)),13))),7); -7669.05  -2.65568 82.6836 39.5075 28.0652 -7737.63 0.259368 0.248973 0.154546 0.337113   0.187294   0.202531  0.0745971   0.010016   0.523397 0.00216432
(1,((2,(3,(4,(5,6)))),7),(8,((9,((10,11),12)),13))); -7662.45  -4.26515 82.1961 39.6537 29.6938 -7730.42 0.241929 0.248915 0.172888 0.336268  0.217318  0.180426 0.0554367 0.0158746  0.529025   0.00192
(1,((2,(3,(4,(5,6)))),(8,(((9,12),(10,11)),13))),7); -7673.44  -2.81023 78.2289 40.2885 24.2892 -7732.86  0.23834 0.246941 0.155137 0.359583   0.215541   0.160396   0.073721  0.0167109   0.526559 0.00707203
(1,((2,(3,(4,(5,6)))),7),((8,13),((9,12),(10,11)))); -7672.14  -3.1473 84.5729 40.1402 29.679 -7743.1 0.242355 0.243388  0.16335 0.350907   0.196575   0.185391  0.0561853  0.0146584   0.538986 0.00820487
(1,(((2,3),(4,(5,6))),7),((8,13),(9,((10,11),12)))); -7673.82  -3.59944 83.0188 39.6097 28.5554 -7742.19 0.256895 0.241327 0.145261 0.356517   0.204197   0.173099  0.0552927  0.0169261   0.545462 0.00502296
(1,(((2,3),(4,(5,6))),(8,(((9,12),(10,11)),13))),7); -7676.1  -2.65568 76.0502 39.5561 27.0296 -7736.97 0.254118  0.23281 0.182302  0.33077    0.181358    0.207731   0.0619372   0.0190745    0.529016 0.000883149
(1,(((2,3),(4,(5,6))),(8,(((9,12),(10,11)),13))),7); -7670.87  -2.65568 79.5255 39.096 29.9191 -7738.56 0.262857  0.24471 0.156226 0.336207   0.197528   0.203657   0.052808   0.012705     0.5323 0.00100202
(1,((2,(3,(4,(5,6)))),((8,13),((9,12),(10,11)))),7); -7675.49  -2.29908 74.4438 39.7351 28.0595 -7735.96 0.254559 0.235763 0.161872 0.347806   0.198818   0.182778  0.0756384   0.020541   0.517739 0.00448585
(1,((2,(3,(4,(5,6)))),(8,(((9,12),(10,11)),13))),7); -7668.3  -2.81023 83.1373 38.9474 26.883 -7736.56 0.244937 0.264202 0.150134 0.340727   0.172875   0.212388  0.0607965  0.0133227    0.53837 0.00224856
(1,((2,(3,(4,(5,6)))),(8,(((9,(10,11)),12),13))),7); -7666.91  -5.81607 84.1067 40.1768 27.5263 -7732.55  0.25598 0.236695 0.179555 0.327771   0.195974   0.207021  0.0699206  0.0121468    0.51093 0.00400756
(1,(((2,3),(4,(5,6))),(8,(((9,12),(10,11)),13))),7); -7678.05  -2.65568 79.0241 40.5559 24.9965 -7738.86 0.225773 0.240423 0.156588 0.377216   0.202875   0.190109  0.0616746  0.0163718   0.527463 0.00150655
(1,((2,((3,4),(5,6))),(8,(((9,12),(10,11)),13))),7); -7668.08  -7.11725 87.1738 39.8622 30.1436 -7738.42 0.244108 0.239337 0.172638 0.343917   0.195193   0.187056  0.0653097  0.0109308   0.536914 0.00459673
(1,((2,(3,(4,(5,6)))),((8,13),((9,12),(10,11)))),7); -7669.39  -2.29908 79.7039 39.5071 28.9881 -7736.28 0.253159 0.244913 0.166965 0.334964   0.209344   0.199633  0.0666942  0.0192017   0.501779 0.00334827
(1,(((2,3),(4,(5,6))),7),(8,(((9,12),(10,11)),13))); -7674.81  -3.5039 79.1353 39.4936 30.1256 -7741.07 0.253271  0.23205  0.16634 0.348339   0.187199   0.186821  0.0689848  0.0130102   0.539978 0.00400753
(1,(((2,3),(4,(5,6))),7),((8,13),((9,12),(10,11)))); -7678.51  -2.99274 80.7829 39.2109 31.3452 -7748.44 0.244404 0.248778   0.1644 0.342417   0.194529   0.197219  0.0536454  0.0141022   0.537839 0.00266575
(1,(((2,3),(4,(5,6))),((8,13),((9,12),(10,11)))),7); -7670.97  -2.14452 82.415 39.6189 30.1413 -7741.76 0.255942 0.237401 0.162523 0.344134   0.207151   0.185839  0.0600894  0.0147343    0.52487 0.00731566
(1,(((2,3),(4,(5,6))),7),((8,13),(9,((10,11),12)))); -7676.67  -3.59944 80.636 40.0421 30.3045 -7743.96 0.258222 0.235069 0.167807 0.338901   0.180261   0.195042  0.0601947  0.0177488   0.543462 0.00329113
(1,(((2,(4,(5,6))),3),((8,13),((9,12),(10,11)))),7); -7680.59  -4.38085 80.8083 39.3471 27.7538 -7745.42   0.2374 0.256393  0.15184 0.354367   0.184951   0.185384  0.0643172  0.0214978    0.54162 0.00222967
(1,(((2,3),(4,(5,6))),((8,13),(9,((10,11),12)))),7); -7675.2  -2.75121 77.6638 39.8844 27.8013 -7738.03 0.249474 0.253518 0.154346 0.342662   0.194808   0.192413   0.048052  0.0223664     0.5366 0.00576019
(1,((2,(3,(4,(5,6)))),((8,13),(9,((10,11),12)))),7); -7667.09  -2.90577 81.8041 39.4171 25.9587 -7732.53 0.267234  0.25914  0.16683 0.306796   0.191372   0.198159  0.0591832  0.0129555   0.533377 0.00495267
(1,(((2,3),(4,(5,6))),((8,13),((9,12),(10,11)))),7); -7687.91  -2.14452 69.4944 39.7163 27.1353 -7742.68 0.250844 0.236568 0.156575 0.356013    0.20207   0.192271  0.0465226  0.0213555   0.531415 0.00636582
(1,(((2,3),(4,(5,6))),((8,13),((9,12),(10,11)))),7); -7672.71  -2.14452 84.8804 40.6414 25.6347 -7740.44 0.263323 0.229007 0.165749 0.341921   0.210413   0.198864  0.0784533  0.0134962   0.495859 0.00291443
(1,(((2,3),(4,(5,6))),7),((8,13),((9,12),(10,11)))); -7684.23  -2.99274 82.1404 39.8932 28.6627 -7752.14 0.268871  0.22777    0.164 0.339359    0.18276   0.187495  0.0616886  0.0173888   0.549257 0.00141178
(1,(((2,3),(4,(5,6))),((8,13),((9,12),(10,11)))),7); -7670.92  -2.14452 84.9047 39.7115 30.7487 -7744.72 0.244446 0.251806 0.163853 0.339895  0.186027  0.199886 0.0598843 0.0149036  0.538172  0.001127
(1,((2,(3,(4,(5,6)))),7),(8,((9,((10,11),12)),13))); -7664.14  -4.26515 79.9142 39.3714 29.0716 -7729.49 0.264245 0.227559 0.168044 0.340152   0.205872   0.195523  0.0506946  0.0133702   0.532368 0.00217204
(1,((2,(3,(4,(5,6)))),((8,13),((9,12),(10,11)))),7); -7664.06  -2.29908 87.9798 39.7557 28.758 -7738.74 0.250282 0.248844 0.168433 0.332441   0.181946   0.213709  0.0531652  0.0126367   0.533574 0.00496905
(1,((2,(3,(4,(5,6)))),((8,13),((9,12),(10,11)))),7); -7674.7  -2.29908 78.7954 39.1391 27.5172 -7739.57 0.245325 0.250851 0.154121 0.349703   0.188466   0.218081  0.0485076  0.0136852   0.526382 0.00487886
(1,((2,(3,(4,(5,6)))),7),(8,(((9,12),(10,11)),13))); -7674.53  -3.65845 76.5165 39.0778 28.1882 -7736.5 0.265828 0.238841  0.16439 0.330941   0.195625   0.177128  0.0594665 0.00926428   0.552622 0.00589422
(1,((2,(3,(4,(5,6)))),(8,((9,((10,11),12)),13))),7); -7666.2  -3.41692 72.9924 39.198 28.9379 -7725.51  0.25582 0.249859 0.160049 0.334272   0.180591   0.208058  0.0632709  0.0115912   0.530491 0.00599801
(1,(((2,3),(4,(5,6))),7),((8,13),((9,12),(10,11)))); -7690.72  -2.99274 76.9728 39.949 26.6404 -7751.39 0.251719 0.248662 0.177743 0.321877   0.176834   0.184048  0.0725475  0.0145725   0.545372 0.00662595
(1,(((2,3),(4,(5,6))),(8,(((9,12),(10,11)),13))),7); -7674.37  -2.65568 81.5863 39.5231 27.042 -7740.82  0.26416 0.233467 0.147964 0.354409   0.182714   0.181545  0.0497215  0.0132964   0.568798 0.00392492
(1,(((2,3),(4,(5,6))),7),((8,13),((9,12),(10,11)))); -7688.06  -2.99274 73.2838 39.6974 29.8848 -7748.54 0.251533 0.230637 0.164637 0.353193   0.189376   0.192158  0.0641333  0.0107137   0.540152 0.00346676
(1,(((2,3),(4,(5,6))),7),((8,13),((9,12),(10,11)))); -7686.04  -2.99274 74.7894 39.066 29.0901 -7747.86 0.248457 0.252212 0.154402 0.344928    0.21021   0.184062   0.072772  0.0166496   0.513242 0.00306375
(1,(((2,3),(4,(5,6))),((8,13),((9,12),(10,11)))),7); -7677.33  -2.14452 78.7673 39.2751 29.72 -7744.4 0.268697 0.250041 0.148086 0.333175   0.196379   0.190944  0.0561087  0.0147678   0.539865 0.00193498
(1,((2,((3,4),(5,6))),7),((8,13),((9,12),(10,11)))); -7681.85  -7.45431 84.7521 39.8992 29.5922 -7748.84 0.258039 0.242774 0.156013 0.343173   0.206456   0.173704  0.0603942  0.0140234   0.537811 0.00761166
(1,(((2,3),(4,(5,6))),(8,((9,((10,11),12)),13))),7); -7660.81  -3.26237 83.4588 39.389 31.032 -7732.65 0.251863 0.236913 0.167931 0.343293  0.187236  0.186816 0.0619063 0.0124778  0.547378 0.0041864
(1,(((2,(4,(5,6))),3),(7,((9,((10,11),12)),13))),8); -7674.08  -8.84295 83.6265 39.5996 29.2081 -7738.47 0.246522 0.250204 0.151232 0.352041   0.191104   0.198967  0.0503618   0.010764   0.545847 0.00295508
(1,((2,3),(4,(5,6))),((7,((9,((10,11),12)),13)),8)); -7686.89  -7.37657 82.4065 39.214 28.1172 -7750.82 0.246101 0.253742 0.153094 0.347063   0.188581   0.217275  0.0624135  0.0160692   0.511089 0.00457222
(1,((((2,3),(4,(5,6))),8),(((9,12),(10,11)),13)),7); -7683.24  -5.38956 81.5589 39.9855 25.7597 -7745.18 0.237398 0.238237 0.166773 0.357592   0.187309   0.190422  0.0764687  0.0141551   0.522753 0.00889235
(1,(((2,3),(4,(5,6))),7),((8,13),((9,12),(10,11)))); -7680.18  -2.99274 83.7555 39.6033 28.627 -7749.96  0.24069 0.242017 0.181799 0.335493   0.194479    0.16908  0.0594796  0.0142683   0.559612 0.00308005
(1,((((2,3),(4,(5,6))),7),(((9,12),(10,11)),13)),8); -7674.14  -4.20834 79.6453 39.0741 29.3301 -7739.84 0.259787 0.226449 0.176775 0.336988   0.193184   0.193574  0.0588602  0.0124529   0.538544 0.00338512
(1,((((2,3),(4,(5,6))),8),7),(((9,12),(10,11)),13)); -7701.39  -6.41604 80.3837 39.0214 27.7255 -7764.07 0.244077 0.257511 0.149306 0.349105    0.182039    0.199274   0.0594553   0.0113777    0.547343 0.000511049
(1,(((2,3),(4,(5,6))),(8,((9,((10,11),12)),13))),7); -7667.1  -3.26237 81.0746 39.6188 28.2744 -7733.56 0.257007  0.24372 0.156548 0.342725  0.194603  0.196723 0.0565799  0.013023  0.527633 0.0114373
(1,(((2,3),(4,(5,6))),7),(8,(((9,12),(10,11)),13))); -7678.84  -3.5039 79.5225 39.4181 26.5093 -7741.95 0.241349 0.237364 0.167103 0.354185   0.184887   0.167379  0.0793806   0.015078   0.551202 0.00207335
(1,((2,(3,(4,(5,6)))),((8,13),((9,12),(10,11)))),7); -7665.73  -2.29908 85.2812 39.7233 27.2702 -7736.26 0.255846 0.252016 0.143439 0.348699  0.217346  0.174115 0.0532204 0.0143036  0.534548 0.0064674
(1,(((2,3),(4,(5,6))),((8,13),(9,((10,11),12)))),7); -7668.24  -2.75121 84.6207 39.5211 26.6107 -7737.2 0.256382 0.244548 0.166631 0.332439  0.205834  0.205138 0.0568685 0.0190055   0.50307 0.0100839
(1,(((2,3),(4,(5,6))),((8,13),((9,12),(10,11)))),7); -7675.32  -2.14452 79.3052 38.9406 29.3788 -7742.92 0.253616 0.234581 0.157306 0.354498   0.183453   0.182396  0.0699628  0.0133294   0.546352 0.00450731
(1,((2,(3,(4,(5,6)))),(8,(((9,(10,11)),12),13))),7); -7670.57  -5.81607 80.6357 39.3418 27.1754 -7733.23 0.249628 0.258427 0.167402 0.324543    0.20306   0.175008  0.0452869   0.017774   0.555437 0.00343408
(1,(((2,3),(4,(5,6))),(8,((9,((10,11),12)),13))),7); -7666.65  -3.26237 79.5094 39.6003 29.9454 -7733.24 0.255534 0.246544 0.160672 0.337249   0.179376   0.183572  0.0696614  0.0142718   0.548483 0.00463604
(1,(((2,3),(4,(5,6))),8),(7,(((9,12),(10,11)),13))); -7695.42  -6.16662 83.1515 39.1151 27.7888 -7761.08 0.249282 0.259788 0.144679 0.346251   0.182417   0.181583  0.0528449  0.0147143   0.564153 0.00428828
(1,((2,3),(4,(5,6))),(7,((8,13),((9,12),(10,11))))); -7688.1  -5.12517 79.5672 39.6094 28.1583 -7751.09 0.249172 0.232831 0.168324 0.349674   0.201342    0.21865  0.0538333  0.0154656   0.508618 0.00209118
(1,((2,(3,(4,(5,6)))),(8,(((9,12),(10,11)),13))),7); -7664.76  -2.81023 78.9627 38.822 28.8504 -7730.95 0.261757 0.251878 0.151667 0.334698   0.197564   0.181688  0.0543325   0.011783    0.54736 0.00727239
(1,(((2,3),(4,(5,6))),((8,13),((9,12),(10,11)))),7); -7686.72  -2.14452 71.6757 39.5151 27.886 -7744.62 0.275629  0.22584  0.15822 0.340311   0.190253   0.187572  0.0571496  0.0161462   0.545141 0.00373754
(1,((2,(3,(4,(5,6)))),7),(8,((9,((10,11),12)),13))); -7659.69  -4.26515 84.5836 39.6851 29.8991 -7730.22 0.246055 0.250633 0.165789 0.337523   0.191107   0.201922  0.0569723  0.0202485   0.528581 0.00116956
(1,((2,(3,(4,(5,6)))),(8,(((9,12),(10,11)),13))),7); -7660.65  -2.81023 83.0114 39.3483 30.6085 -7732.11 0.242276 0.244979 0.169712 0.343032   0.196638   0.190247  0.0596554  0.0141677    0.53306 0.00623193
(1,(((2,3),(4,(5,6))),((8,13),((9,12),(10,11)))),7); -7676.48  -2.14452 79.784 39.1639 29.2156 -7744.17  0.25541 0.252249   0.1447 0.347641   0.189601    0.19825  0.0669301  0.0149365   0.525857 0.00442495
(1,((2,(3,(4,(5,6)))),7),((8,13),((9,12),(10,11)))); -7676.51  -3.1473 84.6996 38.8106 22.5224 -7741.78 0.260344 0.273733 0.158359 0.307564   0.217048   0.183639  0.0558528  0.0197765   0.518799 0.00488455
(1,(((2,3),(4,(5,6))),7),((8,13),((9,12),(10,11)))); -7683.28  -2.99274 80.7541 39.3252 26.4224 -7748.14 0.258989 0.252537 0.167345 0.321129   0.185924   0.208781  0.0544949  0.0234792   0.522971 0.00434946
(1,((2,((3,4),(5,6))),7),((8,13),(9,((10,11),12)))); -7690.03  -8.061 78.6888 39.7625 25.2813 -7746.17 0.246379 0.247566 0.169694 0.336361   0.173453   0.198168  0.0518678  0.0276368   0.545489 0.00338489
(1,(((2,3),(4,(5,6))),7),(8,(((9,12),(10,11)),13))); -7676.32  -3.5039 81.2277 39.9346 28.4415 -7742.55  0.25408  0.22681 0.168515 0.350595   0.190758   0.211412  0.0582683   0.017033   0.518368 0.00415973
(1,(((2,3),(4,(5,6))),((8,13),((9,(10,11)),12))),7); -7687.42  -5.15036 76.2087 39.3576 28.6249 -7747.75 0.248304 0.246399 0.173185 0.332112   0.177308   0.210306  0.0537574   0.014136   0.539684 0.00480807
(1,(((2,3),(4,(5,6))),7),((8,13),((9,12),(10,11)))); -7676.93  -2.99274 83.2538 39.5352 29.6698 -7747.33 0.248679 0.255302 0.157131 0.338888     0.21408    0.187386   0.0537332   0.0148874    0.529185 0.000729075
(1,((2,(3,(4,(5,6)))),((8,13),(9,((10,11),12)))),7); -7666.1  -2.90577 82.1603 39.3813 26.6348 -7732.6 0.241589 0.259382 0.143888  0.35514   0.194739    0.18726  0.0482908  0.0197776   0.547259 0.00267294
(1,(((2,(4,(5,6))),3),((8,13),(9,((10,11),12)))),7); -7673.71  -4.98755 85.0461 40.5474 25.2826 -7738.5 0.258539 0.214752 0.169325 0.357384   0.202425   0.202779  0.0671491  0.0118919   0.512645 0.00311004
(1,((2,(3,(4,(5,6)))),((8,13),(9,((10,11),12)))),7); -7667.94  -2.90577 76.6123 39.5686 30.1087 -7732.19 0.244877 0.257862 0.161097 0.336164  0.205445  0.200498 0.0577001 0.0146332  0.517926 0.0037977
(1,((2,(3,(4,(5,6)))),((8,13),((9,12),(10,11)))),7); -7671.57  -2.29908 77.4498 39.9303 29.6763 -7736.46 0.243395 0.233812 0.170693 0.352101  0.202359  0.190514 0.0693947 0.0151259  0.520825 0.0017819
(1,(((2,3),(4,(5,6))),((8,13),((9,12),(10,11)))),7); -7673.77  -2.14452 83.7263 39.1854 24.8251 -7740.99 0.254736 0.252887 0.145306 0.347071   0.217685   0.159412  0.0472958  0.0152985    0.55489 0.00541872
(1,(((2,3),(4,(5,6))),7),((8,13),((9,12),(10,11)))); -7679.2  -2.99274 83.051 39.2031 30.4371 -7750.49 0.243198 0.247104 0.158103 0.351594   0.197689   0.205065  0.0541049  0.0144379   0.525683 0.00302059
(1,(((2,3),(4,(5,6))),((8,13),(9,((10,11),12)))),7); -7669.33  -2.75121 83.1765 39.4433 28.2571 -7738.57 0.249781 0.232552 0.153285 0.364382   0.208365   0.194611  0.0596939  0.0178159   0.514827 0.00468771
(1,((2,(3,(4,(5,6)))),(8,((9,((10,11),12)),13))),7); -7666.3  -3.41692 71.6727 39.3916 30.2294 -7725.39 0.253586 0.249488 0.164482 0.332444    0.19904   0.193972  0.0564714  0.0105546   0.534344 0.00561708
(1,((2,3),(4,(5,6))),(7,((8,13),(9,((10,11),12))))); -7685.68  -5.73186 74.8667 39.0662 29.218 -7744.97 0.243572 0.248105  0.15093 0.357393   0.190959    0.17453  0.0610507  0.0124276   0.556924 0.00410806
(1,(((2,3),(4,(5,6))),7),((8,13),(9,((10,11),12)))); -7679.86  -3.59944 78.8744 39.5019 26.4104 -7742.04 0.234057 0.257804 0.154508 0.353631    0.194584    0.183472   0.0657877  0.00942485    0.546171 0.000559474
(1,(((2,3),(4,(5,6))),((8,13),((9,12),(10,11)))),7); -7679.43  -2.14452 78.8945 39.0373 27.2971 -7744.44 0.237068 0.267482 0.166157 0.329292   0.190422   0.181885  0.0709964   0.015882   0.537565 0.00324961
(1,((2,(3,(4,(5,6)))),(7,(8,13))),((9,12),(10,11))); -7718.11  -8.9677 73.0995 39.2491 27.2472 -7770.24 0.253367 0.232124 0.173111 0.341397   0.179489   0.196724  0.0484025  0.0111111   0.558493 0.00578134
(1,((2,(3,(4,(5,6)))),(8,(((9,12),(10,11)),13))),7); -7664.73  -2.81023 84.1858 39.7157 27.6021 -7733.99 0.261564 0.247868 0.155134 0.335434   0.176736   0.198032  0.0584335  0.0139541   0.542926 0.00991843
(1,(((2,3),(4,(5,6))),((8,13),(9,((10,11),12)))),7); -7672.2  -2.75121 79.8656 39.3289 26.3412 -7736.33 0.252344 0.255389 0.144735 0.347532   0.194096   0.171075  0.0690413  0.0239265   0.538291 0.00357016
(1,(((2,3),(4,(5,6))),7),((8,13),(9,((10,11),12)))); -7683.38  -3.59944 79.2749 39.6832 26.9939 -7746.36 0.251845 0.231449   0.1715 0.345206   0.175935     0.1924  0.0455991  0.0172272   0.566033 0.00280496
(1,((2,(3,(4,(5,6)))),7),(8,(((9,12),(10,11)),13))); -7672.59  -3.65845 82.366 39.6208 27.9699 -7739.65 0.266969 0.242473 0.155141 0.335417   0.180854   0.201255  0.0492299  0.0197022   0.547063 0.00189527
(1,(2,(3,(4,(5,6)))),(7,(8,((9,((10,11),12)),13)))); -7665.95  -6.39757 83.5938 39.7438 29.1147 -7732.52 0.245307 0.250384 0.161008 0.343301   0.207928   0.178342  0.0501499  0.0108893   0.547342 0.00534951
(1,(((2,3),(4,(5,6))),7),(8,(((9,12),(10,11)),13))); -7683.72  -3.5039 71.9289 38.6195 27.7874 -7741.31 0.256587 0.245453 0.156254 0.341705   0.223152   0.181156   0.053442  0.0145481   0.519394 0.00830782
(1,((2,(3,(4,(5,6)))),((8,13),(9,((10,11),12)))),7); -7664.19  -2.90577 81.0029 40.3016 30.9105 -7732.9 0.250079 0.238733 0.166004 0.345185   0.208884   0.173927  0.0564603  0.0151801    0.54227 0.00327935
(1,((2,(3,(4,(5,6)))),(8,(((9,12),(10,11)),13))),7); -7657.34  -2.81023 86.9965 39.8821 30.5676 -7732.21 0.255182 0.232171 0.170501 0.342146   0.199289    0.18677  0.0583702   0.011644   0.539616 0.00431106
(1,((2,(3,(4,(5,6)))),((8,13),((9,12),(10,11)))),7); -7675.09  -2.29908 75.9149 40.496 30.2707 -7738.48 0.246709 0.239256  0.17396 0.340075    0.190899    0.189352   0.0658395   0.0119756    0.540936 0.000997686
(1,(((2,3),(4,(5,6))),((8,13),((9,12),(10,11)))),7); -7676.29  -2.14452 81.1668 38.9977 28.1581 -7744.47 0.268879 0.242737 0.144874  0.34351   0.196963   0.205635  0.0553608  0.0163994   0.524602 0.00103966
(1,((2,(3,(4,(5,6)))),7),(8,(((9,12),(10,11)),13))); -7666.03  -3.65845 84.3994 39.4618 29.6076 -7736.92   0.2639  0.23705 0.153803 0.345248   0.189054   0.198784  0.0557228  0.0174543   0.533544 0.00544115
(1,((2,(3,(4,(5,6)))),(8,(((9,12),(10,11)),13))),7); -7663.53  -2.81023 78.4398 39.1165 30.1646 -7730.21  0.25602 0.243595 0.156654 0.343731  0.188922  0.175925 0.0638166 0.0121942  0.553679 0.0054628
(1,(((2,3),(4,(5,6))),(8,(((9,12),(10,11)),13))),7); -7681.37  -2.65568 77.4658 39.4832 24.7914 -7741.49 0.251595 0.249272 0.154224 0.344909   0.198322    0.21762  0.0400254  0.0105546   0.529631 0.00384724
(1,(((2,3),(4,(5,6))),(8,(((9,12),(10,11)),13))),7); -7669.28  -2.65568 80.5509 39.9395 31.2847 -7738.52 0.251028 0.241818   0.1638 0.343354   0.188473   0.190879  0.0573262  0.0190038   0.542355 0.00196284
(1,(((2,3),(4,(5,6))),((8,13),((9,(10,11)),12))),7); -7678.39  -5.15036 79.4462 39.3373 30.7398 -7744.09 0.247585 0.246767 0.165322 0.340326   0.196192   0.179503  0.0651946  0.0181452   0.536044 0.00492232
(1,(((2,(4,(5,6))),3),((8,13),((9,12),(10,11)))),7); -7676.82  -4.38085 82.3232 38.6892 29.3786 -7745.46 0.245181 0.261399 0.162536 0.330884  0.194374  0.172413 0.0650621 0.0142789  0.550413 0.0034591
(1,(((2,3),(4,(5,6))),8),(7,(((9,12),(10,11)),13))); -7694.44  -6.16662 84.3549 39.8033 27.6821 -7760.51  0.25612 0.231274 0.159815 0.352791   0.229907   0.175953   0.058569  0.0144473   0.519637 0.00148675
(1,(((2,3),(4,(5,6))),7),(8,(((9,12),(10,11)),13))); -7676.78  -3.5039 78.5069 39.848 28.82 -7740.75 0.244553 0.230466 0.164978 0.360004   0.201399   0.178362  0.0692828  0.0168923   0.530369 0.00369508
(1,(((2,3),(4,(5,6))),(8,(((9,12),(10,11)),13))),7); -7667.71  -2.65568 84.265 40.1378 27.8579 -7737.04 0.255484  0.22765 0.154635 0.362231   0.188775   0.181077  0.0623946   0.018102   0.543417 0.00623519
(1,((2,(3,(4,(5,6)))),((8,13),(9,((10,11),12)))),7); -7667.25  -2.90577 78.1073 39.8247 29.6201 -7732.25 0.251427 0.226336 0.167045 0.355192   0.186946   0.194676  0.0606994  0.0153796   0.540943 0.00135559
(1,(((2,3),(4,(5,6))),((8,13),((9,12),(10,11)))),7); -7670.84  -2.14452 83.2375 39.8116 29.9747 -7742.09 0.265276 0.249709 0.157198 0.327816   0.204111   0.190485   0.062895  0.0155572   0.525857 0.00109537
(1,((2,(3,(4,(5,6)))),7),(8,(((9,12),(10,11)),13))); -7672.53  -3.65845 74.2789 38.5871 30.5266 -7735.09 0.256803 0.240249 0.164346 0.338603   0.194596   0.195025  0.0567221  0.0211143   0.530623 0.00191929
(1,((((2,3),(4,(5,6))),7),8),((9,((10,11),12)),13)); -7676.94  -5.63667 82.3825 39.2199 28.2823 -7742.75 0.245135 0.240779 0.165378 0.348708   0.180311   0.203915  0.0637264   0.010179   0.535053 0.00681581
(1,(((2,3),(4,(5,6))),7),((8,13),((9,12),(10,11)))); -7684.56  -2.99274 83.4513 39.4352 24.1829 -7749.76 0.236673 0.250014 0.139155 0.374157   0.194763   0.188953  0.0567512  0.0116864   0.541067 0.00677983
(1,(((2,3),(4,(5,6))),(8,(((9,12),(10,11)),13))),7); -7674.02  -2.65568 80.1424 39.8495 27.8631 -7739.52 0.234536  0.24788 0.163652 0.353932   0.190539   0.199874   0.066822  0.0129085   0.522636 0.00722081
(1,(((2,3),(4,(5,6))),((8,13),((9,12),(10,11)))),7); -7678.91  -2.14452 76.1443 39.3179 30.0316 -7743.62 0.250142 0.251351 0.147572 0.350935  0.190134  0.190437 0.0573717 0.0184451  0.539924 0.0036884
(1,(((2,3),(4,(5,6))),((8,13),((9,12),(10,11)))),7); -7680.65  -2.14452 76.4395 39.5403 29.8073 -7745.22  0.26607 0.236884 0.169174 0.327871   0.187274   0.182876  0.0606633  0.0169727   0.549873 0.00234191
(1,(((2,3),(4,(5,6))),7),(8,(((9,12),(10,11)),13))); -7680.48  -3.5039 81.468 40.8551 27.8953 -7745.48 0.264235 0.224115 0.163117 0.348533    0.184651    0.190083   0.0597191   0.0134469    0.551552 0.000548001
(1,((((2,3),(4,(5,6))),7),(((9,12),(10,11)),13)),8); -7672.87  -4.20834 84.0007 39.8599 25.9864 -7738.79 0.265707 0.249643 0.156048 0.328602  0.195886  0.180614 0.0729422 0.0138426  0.525648 0.0110671
(1,((((2,3),(4,(5,6))),7),(((9,(10,11)),12),13)),8); -7678.8  -7.21418 81.0929 38.8834 28.1509 -7741.94 0.254418 0.253123 0.152269  0.34019   0.186912   0.198644  0.0462639  0.0107842   0.553735 0.00366065
(1,((2,(3,(4,(5,6)))),7),(8,((9,((10,11),12)),13))); -7664.09  -4.26515 81.565 39.5746 29.1501 -7730.96 0.263575 0.234175 0.158748 0.343501   0.185311   0.201204  0.0540008  0.0139986   0.539078 0.00640767
(1,(((2,3),(4,(5,6))),((8,13),((9,12),(10,11)))),7); -7679.91  -2.14452 75.6544 39.5977 30.3463 -7744.17 0.245231 0.260944 0.157462 0.336362   0.195163   0.186528  0.0577052  0.0160135   0.540326 0.00426409
(1,((2,3),(4,(5,6))),((7,((9,((10,11),12)),13)),8)); -7682.84  -7.37657 80.7284 39.8476 30.6585 -7747 0.247526 0.239188 0.166022 0.347264   0.198807   0.192271  0.0633874  0.0116233   0.528611 0.00530025
(1,((2,(3,(4,(5,6)))),((8,13),(9,((10,11),12)))),7); -7663.36  -2.90577 80.2227 39.4941 30.269 -7731.45 0.249313 0.243194  0.16185 0.345643   0.189623   0.187863  0.0512075  0.0155034   0.549593 0.00621017
(1,(((2,(4,(5,6))),3),7),(8,(((9,12),(10,11)),13))); -7675.58  -5.74023 81.0051 39.0578 30.2819 -7742.07 0.245076 0.245883  0.16754 0.341501   0.205596   0.176912  0.0685079  0.0167343   0.528199 0.00405013
(1,(((2,3),(4,(5,6))),(8,(((9,(10,11)),12),13))),7); -7667.63  -5.66152 87.6608 39.8514 29.582 -7739.36 0.240975 0.246967 0.163413 0.348645   0.215163   0.172238  0.0578236  0.0163709   0.537175 0.00122989
(1,(((2,3),(4,(5,6))),((8,13),(9,((10,11),12)))),7); -7674.65  -2.75121 77.5305 38.9722 28.9107 -7739.37 0.271554 0.234847 0.150632 0.342967   0.187308   0.179568  0.0613802  0.0155555   0.554005 0.00218388
(1,(((2,3),(4,(5,6))),((8,13),((9,12),(10,11)))),7); -7679.33  -2.14452 76.5726 39.3417 28.8502 -7743.27 0.239374 0.256283 0.161658 0.342686   0.192337    0.19286  0.0654421  0.0210481   0.523987 0.00432667
(1,(((2,(3,(4,(5,6)))),7),(((9,12),(10,11)),13)),8); -7668.69  -4.36289 83.272 39.3654 27.3894 -7735.63 0.262576 0.235909 0.152426 0.349089   0.173734   0.207164  0.0671441  0.0127429   0.533763 0.00545239
(1,(((2,3),(4,(5,6))),(8,((9,((10,11),12)),13))),7); -7674.27  -3.26237 80.9032 38.4565 20.5882 -7734.04 0.253554 0.269542 0.172456 0.304448   0.216643   0.173012  0.0792998   0.014025   0.515027 0.00199219
(1,((((2,3),(4,(5,6))),7),((9,((10,11),12)),13)),8); -7671.36  -4.81503 76.9694 39.4688 29.184 -7733.23 0.254024 0.256568 0.166709 0.322699   0.182515   0.187739  0.0637568  0.0177508   0.546988 0.00125101
(1,(((2,(4,(5,6))),3),(8,((9,12),((10,11),13)))),7); -7700.99  -10.639 80.0817 39.8453 27.4101 -7757.99 0.230627  0.24021 0.177181 0.351982   0.180433    0.19348  0.0564509   0.018489   0.549023 0.00212413
(1,(((2,3),(4,(5,6))),7),((8,13),((9,12),(10,11)))); -7680.24  -2.99274 79.6561 39.1161 29.9758 -7747.77  0.23889 0.236325 0.177085   0.3477   0.191123   0.187446  0.0630729  0.0134864   0.542194 0.00267778
(1,(((2,3),(4,(5,6))),(8,(((9,12),(10,11)),13))),7); -7665.24  -2.65568 83.6122 40.2219 31.4288 -7737.4 0.257722 0.244866 0.162326 0.335086   0.201018   0.193792  0.0564912  0.0172505   0.529678 0.00177013
(1,(((2,3),(4,(5,6))),7),(8,(((9,12),(10,11)),13))); -7682.6  -3.5039 77.8903 39.3137 26.8763 -7744.55 0.237338 0.259823 0.143388 0.359451   0.193045   0.189754  0.0595437  0.0131313     0.5387 0.00582659
(1,((2,(3,(4,(5,6)))),((8,13),(9,((10,11),12)))),7); -7672.04  -2.90577 75.8627 39.0898 25.3052 -7731.22   0.2537  0.25646 0.165962 0.323878    0.19573   0.189248   0.043853  0.0235259   0.542068 0.00557522
(1,(((2,3),(4,(5,6))),((8,13),((9,12),(10,11)))),7); -7676.53  -2.14452 78.0083 39.6894 31.0431 -7743.74 0.250764 0.234943 0.166562 0.347732   0.195476   0.189195  0.0561665  0.0114788   0.544587 0.00309612
(1,((2,(3,(4,(5,6)))),((8,13),((9,12),(10,11)))),7); -7673.06  -2.29908 78.2437 39.4293 27.8105 -7737.39  0.24632  0.23582 0.159978 0.357882   0.179704   0.189033  0.0495665  0.0132499   0.562405 0.00604222
(1,((2,(3,(4,(5,6)))),((8,13),((9,(10,11)),12))),7); -7685.48  -5.30492 78.8763 39.8549 23.6771 -7742.87 0.262032 0.250754 0.137223 0.349991   0.201037   0.221446  0.0662956   0.016539   0.491999 0.00268373
(1,(((2,3),(4,(5,6))),7),(8,((9,((10,11),12)),13))); -7672.37  -4.11059 78.538 39.5612 29.699 -7736.93 0.263437 0.252043 0.147475 0.337046  0.185179  0.187331 0.0656913 0.0158075  0.543501 0.0024897
(1,(((2,3),(4,(5,6))),(8,(((9,12),(10,11)),13))),7); -7673.21  -2.65568 74.6896 38.8242 30.6255 -7737.04 0.252971  0.25572 0.160118 0.331191   0.204615   0.187053  0.0557908  0.0160897   0.531803 0.00464806
(1,(((2,3),(4,(5,6))),((8,13),((9,12),(10,11)))),7); -7680.85  -2.14452 78.3352 39.5582 25.5635 -7743.04 0.262115  0.25211 0.160168 0.325607   0.192572   0.167827  0.0840813  0.0135381   0.538879 0.00310229
(1,((2,(3,(4,(5,6)))),((8,13),((9,12),(10,11)))),7); -7670.78  -2.29908 84.1269 39.7001 24.0925 -7737 0.257149 0.255878 0.158737 0.328236  0.199784  0.168638 0.0473764 0.0216212  0.551993 0.0105876
(1,((((2,3),(4,(5,6))),7),(((9,12),(10,11)),13)),8); -7678.28  -4.20834 78.9234 39.001 28.0599 -7742.05 0.247475 0.250135 0.157711 0.344679   0.168014   0.195721  0.0628128    0.01947   0.549169 0.00481324
(1,((2,(3,(4,(5,6)))),7),((8,13),((9,12),(10,11)))); -7679.72  -3.1473 79.176 39.6735 27.561 -7743.64 0.265228 0.232151  0.17775 0.324871   0.181297    0.20333  0.0633407  0.0166196   0.533993 0.00142005
(1,(((2,3),(4,(5,6))),((8,13),(9,((10,11),12)))),7); -7677.54  -2.75121 73.662 39.1879 26.6304 -7735.89 0.267822 0.239239 0.159668 0.333271   0.198231   0.187167  0.0802952  0.0136129   0.515055 0.00564009
(1,((((2,(4,(5,6))),3),7),8),(((9,12),(10,11)),13)); -7686.73  -7.26631 81.1472 39.3461 29.055 -7750.32 0.242399 0.251617 0.172193 0.333791   0.206377   0.186444   0.062727  0.0145693   0.522349 0.00753262
(1,(((2,3),(4,(5,6))),(8,(((9,12),(10,11)),13))),7); -7671.11  -2.65568 80.2498 39.5979 28.7045 -7737.81 0.252696 0.226111 0.165629 0.355564  0.193603  0.178972 0.0557682 0.0141471  0.551244 0.0062659
(1,(((2,3),(4,(5,6))),((8,13),(9,((10,11),12)))),7); -7674.75  -2.75121 79.2513 39.3752 28.5913 -7740.47 0.244831 0.251722 0.165201 0.338247    0.18549   0.178301  0.0687015  0.0101157   0.551729 0.00566261
(1,(((2,3),(4,(5,6))),7),(8,((9,((10,11),12)),13))); -7678.09  -4.11059 77.7617 39.0827 27.514 -7740.17 0.263256 0.249075 0.149934 0.337735     0.1695   0.204672  0.0618423  0.0180207   0.541609 0.00435624
(1,((2,(3,(4,(5,6)))),((8,13),((9,12),(10,11)))),7); -7673.6  -2.29908 80.9884 39.5832 24.5442 -7737.25 0.277226 0.246796 0.169748  0.30623    0.18516    0.19489  0.0682257   0.014181   0.533646 0.00389783
(1,(((2,(4,(5,6))),3),((8,13),((9,12),(10,11)))),7); -7674.19  -4.38085 84.4013 39.5031 29.2206 -7743.93 0.235886 0.240423 0.161086 0.362605   0.199145   0.179288  0.0600048  0.0146682   0.542512 0.00438101
(1,(((2,3),(4,(5,6))),((8,13),(9,((10,11),12)))),7); -7666.67  -2.75121 83.5352 39.3635 30.7613 -7738.86 0.255289 0.245777 0.169376 0.329558   0.20242   0.17358 0.0615707 0.0140103  0.545029 0.0033903
(1,((((2,3),(4,(5,6))),7),(9,((10,11),12))),(8,13)); -7690.82  -7.65189 79.9953 39.2427 26.6242 -7750.54 0.264602 0.247667 0.144626 0.343105   0.192419   0.166388  0.0726757   0.015203   0.547437 0.00587667
(1,(((2,3),(4,(5,6))),7),(8,((9,((10,11),12)),13))); -7672.47  -4.11059 79.8418 39.7357 28.4667 -7736.94 0.246246 0.248897  0.18086 0.323998   0.213334   0.172918  0.0586286  0.0152697   0.536508 0.00334164
(1,((2,3),(4,(5,6))),(7,((8,13),((9,12),(10,11))))); -7685.91  -5.12517 82.2609 39.5421 27.0451 -7750.54 0.242267 0.246288  0.16208 0.349365    0.22695   0.186441  0.0511147  0.0174619   0.511897 0.00613518
(1,(((2,3),(4,(5,6))),((8,13),((9,12),(10,11)))),7); -7673.55  -2.14452 83.3643 39.6052 28.9973 -7744.16 0.259494 0.247935 0.151126 0.341446   0.183852   0.170128  0.0617469  0.0150303   0.564574 0.00466894
(1,(((2,3),(4,(5,6))),((8,13),(9,((10,11),12)))),7); -7674.72  -2.75121 76.7288 39.9353 30.6266 -7739.39 0.260494 0.238764 0.158381 0.342361   0.189211   0.179242  0.0644747  0.0138316   0.548539 0.00470267
(1,(((2,3),(4,(5,6))),7),(8,(((9,12),(10,11)),13))); -7681.32  -3.5039 80.251 39.0566 26.7584 -7745.77 0.269304 0.253338 0.149306 0.328052   0.171404   0.190762  0.0620606   0.013407   0.561117 0.00124971
(1,((2,(3,(4,(5,6)))),((8,13),(9,((10,11),12)))),7); -7665.02  -2.90577 79.8891 39.6389 29.7351 -7732.1 0.244141 0.257584 0.166021 0.332254   0.203067   0.176912  0.0578771   0.012694   0.544247 0.00520284
(1,((2,(3,(4,(5,6)))),(8,(((9,12),(10,11)),13))),7); -7667.36  -2.81023 79.9178 39.3156 27.5132 -7732.67 0.257838 0.245844 0.150306 0.346012   0.173185   0.183963  0.0719245  0.0201797   0.549083 0.00166487
(1,(((2,3),(4,(5,6))),7),((8,13),((9,12),(10,11)))); -7678.96  -2.99274 83.0199 39.2372 26.4295 -7746.18 0.256876 0.229086 0.156068 0.357969   0.193476   0.194921  0.0732936   0.010965   0.519965 0.00737914
(1,((2,(3,(4,(5,6)))),((8,13),(9,((10,11),12)))),7); -7660.47  -2.90577 85.3241 39.8472 29.9629 -7733.01 0.265935 0.237024  0.16441 0.332631       0.197    0.191654   0.0593246   0.0158477    0.535513 0.000659799
(1,(((2,(3,(4,(5,6)))),7),8),(((9,12),(10,11)),13)); -7674.62  -5.18453 86.3712 39.826 29.1919 -7745.18 0.249342 0.244389  0.15047 0.355799   0.212351   0.183428  0.0520921  0.0186983   0.529953 0.00347736
(1,(((2,3),(4,(5,6))),(8,(((9,12),(10,11)),13))),7); -7666.23  -2.65568 85.8778 39.6155 28.3849 -7738.22 0.250055 0.233203 0.154633 0.362109   0.192734   0.191905  0.0589851 0.00930177   0.542329 0.00474514
(1,((2,(3,(4,(5,6)))),7),(8,(((9,12),(10,11)),13))); -7663.89  -3.65845 86.9117 39.5992 29.3079 -7736.85 0.259518 0.246956 0.167314 0.326212   0.212478    0.17202  0.0650592   0.017836   0.530198 0.00240907
(1,(((2,3),(4,(5,6))),7),((8,13),((9,12),(10,11)))); -7679.51  -2.99274 81.6152 39.9339 29.628 -7747.83 0.251239 0.245643 0.161139 0.341979   0.206644   0.163977  0.0653926  0.0158046   0.543467 0.00471548
(1,((2,(3,(4,(5,6)))),(8,((9,((10,11),12)),13))),7); -7657.56  -3.41692 82.7772 39.8169 28.3194 -7725.42 0.232519 0.241765 0.178325  0.34739   0.183265   0.193219  0.0595141  0.0131563   0.546321 0.00452463
(1,(((2,3),(4,(5,6))),7),(8,(((9,12),(10,11)),13))); -7672.94  -3.5039 81.2361 39.5656 30.7412 -7741.85 0.248228 0.234058 0.166952 0.350763   0.197603    0.19854  0.0642875  0.0132504   0.523905 0.00241383
(1,((((2,3),(4,(5,6))),7),((9,((10,11),12)),13)),8); -7662.14  -4.81503 81.6142 38.997 30.5567 -7730.5 0.246014 0.242076 0.162635 0.349275   0.18494  0.191539 0.0673166 0.0124675  0.542411 0.0013254
(1,((2,(3,(4,(5,6)))),((8,13),(9,((10,11),12)))),7); -7674.07  -2.90577 71.8983 39.3025 27.6805 -7731.44 0.252578 0.253344 0.171172 0.322906   0.187916   0.188643   0.067519  0.0225988   0.532302 0.00102062
(1,((2,3),(4,(5,6))),(7,(8,(((9,12),(10,11)),13)))); -7687.83  -5.63633 73.5289 39.4089 29.2074 -7745.53 0.255145 0.249411 0.166949 0.328496   0.204152   0.188693  0.0650514  0.0117687    0.52293 0.00740534
(1,(((2,3),(4,(5,6))),7),((8,13),((9,12),(10,11)))); -7682.77  -2.99274 82.5046 39.0843 27.672 -7750.86 0.238954 0.241753 0.175321 0.343972   0.169453   0.186853  0.0629662  0.0129332   0.564086 0.00370916
(1,(((2,3),(4,(5,6))),(8,((9,((10,11),12)),13))),7); -7666.99  -3.26237 78.5437 39.3947 29.084 -7731.96  0.24736 0.238027 0.172737 0.341876   0.200085   0.180744  0.0614721  0.0143881   0.534028 0.00928306
(1,(((2,(4,(5,6))),3),((8,13),((9,12),(10,11)))),7); -7677.29  -4.38085 81.979 39.3907 29.6597 -7745.16 0.245321 0.237448 0.175403 0.341828   0.202382   0.173938  0.0687158  0.0126358   0.538977 0.00335225
(1,(((2,3),(4,(5,6))),7),((8,13),(9,((10,11),12)))); -7677.42  -3.59944 81.4071 39.7692 28.0945 -7743.55 0.249681 0.260453 0.157441 0.332425   0.224065   0.192155  0.0609031  0.0131799   0.506956 0.00274021
(1,(((2,3),(4,(5,6))),(8,(((9,12),(10,11)),13))),7); -7675.54  -2.65568 78.072 39.9314 29.1667 -7740.19 0.253471 0.247705 0.161319 0.337505   0.196354   0.208543  0.0470208  0.0112449   0.534281 0.00255668
(1,(((2,3),(4,(5,6))),((8,13),((9,12),(10,11)))),7); -7686.22  -2.14452 77.3052 39.3974 22.6197 -7744.6 0.235404 0.269199 0.159514 0.335883   0.164179   0.177748  0.0693116  0.0138732   0.568933 0.00595502
(1,((2,(3,(4,(5,6)))),(8,(((9,12),(10,11)),13))),7); -7665.06  -2.81023 82.0684 40.0313 28.2142 -7732.5 0.243281 0.243056  0.17585 0.337813   0.213295   0.202257  0.0517641  0.0101465   0.519605 0.00293268
(1,((((2,3),(4,(5,6))),8),(((9,12),(10,11)),13)),7); -7685.44  -5.38956 78.015 38.7949 27.2693 -7746.54 0.258748 0.243535  0.17054 0.327178   0.178582   0.188443  0.0749252  0.0169602    0.53436 0.00673036
(1,(((2,3),(4,(5,6))),((8,13),((9,12),(10,11)))),7); -7680.86  -2.14452 74.2349 39.0001 26.5154 -7740.46 0.260286 0.251193 0.145626 0.342896  0.205413  0.168656 0.0733245 0.0202731  0.531255 0.0010782
(1,((2,(3,(4,(5,6)))),((8,13),((9,12),(10,11)))),7); -7667.9  -2.29908 81.7064 39.9512 30.3645 -7737.72 0.246994 0.251188 0.169391 0.332427  0.198131  0.179973 0.0618974 0.0183754  0.536763 0.0048597
(1,((2,(3,(4,(5,6)))),7),((8,13),((9,12),(10,11)))); -7680.79  -3.1473 76.1591 39.2733 28.2092 -7742.74  0.25503 0.245048 0.149795 0.350128   0.182425   0.179358  0.0655699  0.0222597   0.549138 0.00124896
(1,(((2,(4,(5,6))),3),((8,13),((9,12),(10,11)))),7); -7687.52  -4.38085 78.389 39.4808 25.7939 -7747.85  0.27371 0.260512 0.147901 0.317878   0.186513    0.19228  0.0583525  0.0157371   0.541667 0.00545109
(1,(((2,(4,(5,6))),3),((8,13),(9,((10,11),12)))),7); -7682.16  -4.98755 74.8658 38.9072 28.532 -7741.66 0.244103 0.250888 0.153553 0.351456    0.203037    0.191962   0.0565876  0.00857017     0.53886 0.000984363
(1,((2,(3,(4,(5,6)))),((8,13),((9,(10,11)),12))),7); -7678.3  -5.30492 76.6616 39.4334 29.6019 -7739.82 0.244561 0.255463 0.157832 0.342144    0.19397   0.180695  0.0523265  0.0196941   0.549337 0.00397705
(1,((((2,3),(4,(5,6))),7),((9,((10,11),12)),13)),8); -7663.02  -4.81503 82.3556 39.8303 29.7089 -7730.44 0.256672  0.23502 0.164566 0.343742   0.188212   0.192656  0.0667696  0.0200572   0.527633 0.00467222
(1,(((2,3),(4,(5,6))),7),(8,((9,((10,11),12)),13))); -7669.24  -4.11059 81.9148 40.0085 30.3057 -7737.34 0.242469 0.251361  0.15873  0.34744   0.190104   0.194291  0.0699797  0.0134262   0.529467 0.00273199
(1,(((2,3),(4,(5,6))),7),((8,13),((9,12),(10,11)))); -7684.01  -2.99274 75.7867 39.2727 29.734 -7747.26 0.253552 0.258118 0.160093 0.328237   0.213636   0.188441  0.0589616  0.0172651   0.519531 0.00216491
(1,(((2,3),(4,(5,6))),((8,13),((9,12),(10,11)))),7); -7670.8  -2.14452 82.1116 39.0816 30.7739 -7742.46 0.255228 0.249192 0.154816 0.340764   0.200708   0.182654  0.0542734   0.019104   0.539975 0.00328488
(1,((2,(3,(4,(5,6)))),((8,13),(9,((10,11),12)))),7); -7664.83  -2.90577 78.9693 39.413 30.197 -7731.68 0.245479  0.24099 0.173211  0.34032  0.189834  0.188714 0.0560417 0.0193736  0.541415 0.0046222
(1,((2,(3,(4,(5,6)))),(8,(((9,12),(10,11)),13))),7); -7667.68  -2.81023 76.6401 39.8186 30.2204 -7731.91 0.245625 0.245907 0.158538  0.34993  0.187145  0.187644  0.054256 0.0185288   0.54749 0.0049368
(1,((2,(3,(4,(5,6)))),(8,(((9,12),(10,11)),13))),7); -7660.85  -2.81023 85.2606 39.9615 29.8014 -7733.14 0.239599 0.241305 0.168515 0.350582   0.182747   0.204075   0.060496  0.0170681   0.533522 0.00209093
(1,((2,(3,(4,(5,6)))),((8,13),((9,(10,11)),12))),7); -7672.59  -5.30492 79.7218 39.09 31.2518 -7739.17 0.257063 0.244459 0.164811 0.333668   0.189046   0.184876  0.0672996  0.0149065    0.54165 0.00222153
(1,((2,(3,(4,(5,6)))),7),((8,13),((9,12),(10,11)))); -7672.72  -3.1473 81.7914 39.8714 31.2586 -7742.75 0.252937 0.244291 0.159967 0.342805     0.20278    0.194023   0.0586224   0.0137836    0.529987 0.000803529
