translate
       1 Felis_catus___domestic_cat,
       2 Acinonyx_jubatus___cheetah,
       3 Neofelis_nebulosa___clouded_leopard,
       4 Uncia_uncia___snow_leopard,
       5 Panthera_pardus___leopard,
       6 Panthera_tigris___tiger,
       7 Canis_lupus_familiaris___domestic_dog,
       8 Canis_lupus___gray_wolf,
       9 Canis_latrans___coyote,
      10 Cuon_alpinus___dhole,
      11 Vulpes_vulpes___red_fox,
      12 Nyctereutes_procyonoides___raccoon_dog;
((((1,(3,((4,5),6))),2),11),(((7,8),9),10),12); 323587
((((1,2),(3,((4,5),6))),11),(((7,8),9),10),12); 65234
((((1,((3,6),(4,5))),2),11),(((7,8),9),10),12); 14142
((((1,(3,((4,5),6))),2),(((7,8),9),10)),11,12); 9129
((((1,2),((3,6),(4,5))),11),(((7,8),9),10),12); 7439
((((1,((3,6),(4,5))),2),(((7,8),9),10)),11,12); 320
((((1,2),(3,((4,5),6))),(((7,8),9),10)),11,12); 83
((((1,((3,(4,5)),6)),2),11),(((7,8),9),10),12); 30
((((1,2),((3,(4,5)),6)),11),(((7,8),9),10),12); 22
((((1,2),((3,6),(4,5))),(((7,8),9),10)),11,12); 12
((((1,(((3,6),5),4)),2),11),(((7,8),9),10),12); 1
((((1,((3,(4,5)),6)),2),(((7,8),9),10)),11,12); 1
