tree logl logTop logBL logPrior logQ logWt pi1 pi2 pi3 pi4 s1 s2 s3 s4 s5 s6
(1,(2,((((7,8),9),10),(11,12))),(3,((4,5),6))); -7689.43  -1.12078 81.6625 39.0403 31.6924 -7762.62 0.237694 0.241262  0.19114 0.329904 0.0435246  0.270367 0.0698417 0.0142808  0.592719 0.0092672
(1,(2,(((((7,8),9),10),12),11)),((3,6),(4,5))); -7695.62  -6.02774 74.1953 38.6705 30.7742 -7755.89  0.22623 0.237139 0.205042  0.33159  0.045156  0.279253 0.0656178 0.0122685  0.586918  0.010787
(1,2,((3,((4,5),6)),(((((7,8),9),10),11),12))); -7701.31  -2.41809 82.8803 38.9792 30.0279 -7772.82 0.230854 0.238043 0.191857 0.339245 0.0408673  0.305769 0.0613317 0.0156859  0.565365 0.0109807
(1,(2,((((7,8),9),10),(11,12))),(3,((4,5),6))); -7692.22  -1.12078 84.2385 38.8707 28.6888 -7765.15 0.250273 0.249745 0.184515 0.315467  0.0519064   0.298402   0.056213  0.0197985    0.56465 0.00903059
(1,(2,((((7,8),9),10),(11,12))),(3,((4,5),6))); -7689.9  -1.12078 81.2422 38.8407 27.4648 -7758.64 0.237548 0.249934 0.188343 0.324176  0.0509522   0.269328  0.0749051 0.00871124   0.586295 0.00980785
(1,(2,((((7,8),9),10),(11,12))),(3,((4,5),6))); -7693.85  -1.12078 82.2241 39.1309 29.0907 -7764.91 0.225935 0.247724 0.201662  0.32468  0.0376519   0.290229  0.0535381  0.0210031    0.58771 0.00986771
(1,2,((3,((4,5),6)),((((7,8),9),10),(11,12)))); -7702.73  -1.238 72.0946 38.7117 31.3342 -7766.21 0.235916 0.234591 0.204088 0.325405  0.0427058   0.279888  0.0611479  0.0197457   0.589509 0.00700328
(1,2,((3,((4,5),6)),(((((7,8),9),10),12),11))); -7698.37  -2.75641 76.4605 38.7415 26.126 -7759.46 0.239053 0.245874 0.187588 0.327485 0.0404856  0.300637 0.0753482 0.0254801  0.549483  0.008566
(1,(2,((((7,8),9),10),(11,12))),(3,((4,5),6))); -7695.63  -1.12078 78.1705 38.7751 31.3296 -7765.24 0.225853 0.247917 0.189861 0.336369  0.0501511   0.283628   0.060328  0.0161082   0.579895 0.00988946
(1,2,((3,((4,5),6)),((((7,8),9),10),(11,12)))); -7703.93  -1.238 73.3314 38.6199 29.9227 -7767.32 0.230148  0.24709  0.19002 0.332743  0.0528072   0.271338  0.0685633  0.0200256   0.577886 0.00938038
(1,(2,((((7,8),9),10),(11,12))),(3,((4,5),6))); -7697.52  -1.12078 73.1311 38.8479 29.5038 -7760.19 0.226277 0.232766 0.205327  0.33563 0.0378982  0.288687 0.0654456 0.0159468  0.580376 0.0116459
(1,(2,((((7,8),9),10),(11,12))),(3,((4,5),6))); -7696.18  -1.12078 74.2677 38.8893 30.978 -7761.42 0.240222 0.232231  0.19577 0.331777  0.0467814   0.277998  0.0754096  0.0186189   0.573069 0.00812289
(1,(2,((((7,8),9),10),(11,12))),(3,((4,5),6))); -7694.42  -1.12078 78.4448 38.6851 32.1846 -7765.25 0.239643 0.247158 0.182098 0.331101 0.0485785  0.287077 0.0583217 0.0134378  0.581226 0.0113588
(1,2,((3,((4,5),6)),(((((7,8),9),10),11),12))); -7709.28  -2.41809 78.4728 38.871 28.129 -7774.59 0.231472 0.252654 0.205372 0.310502 0.0480268  0.283668 0.0487907 0.0210306  0.587345 0.0111385
(1,2,((3,((4,5),6)),(((((7,8),9),10),11),12))); -7704.27  -2.41809 80.5724 38.4822 27.792 -7771.73  0.22872 0.248266 0.203742 0.319271  0.0370147   0.275057   0.052864  0.0191586   0.607355 0.00855036
(1,(2,((((7,8),9),10),(11,12))),(3,((4,5),6))); -7695.54  -1.12078 77.7047 38.9771 28.9077 -7762.06 0.246675 0.235188 0.182748 0.335389  0.0454762     0.2877  0.0577024 0.00936228   0.589006  0.0107539
(1,2,((3,((4,5),6)),((((7,8),9),10),(11,12)))); -7691.88  -1.238 82.0574 38.8913 31.1682 -7764.97 0.241542 0.232973 0.202611 0.322873 0.0403762  0.290359 0.0654737 0.0186448  0.574282 0.0108636
(1,(2,((((7,8),9),10),(11,12))),(3,((4,5),6))); -7697.5  -1.12078 82.0642 38.6994 30.3112 -7770.05 0.241839 0.244278 0.177793 0.336089 0.0498971  0.291505 0.0579738 0.0201668  0.569776 0.0106815
(1,2,((3,((4,5),6)),(((((7,8),9),10),11),12))); -7707.54  -2.41809 79.2097 39.1261 27.8197 -7773.03 0.241309 0.244343 0.190404 0.323944  0.0409937    0.27831  0.0682412  0.0275762   0.576831 0.00804777
(1,2,((3,((4,5),6)),(((((7,8),9),10),12),11))); -7688.76  -2.75641 81.5304 38.8201 30.8459 -7759.56 0.229698 0.235779 0.203276 0.331246  0.0419824   0.290464  0.0504993  0.0194917   0.589334 0.00822892
(1,2,((3,((4,5),6)),((((7,8),9),10),(11,12)))); -7695.08  -1.238 82.0802 38.628 28.7437 -7766.04 0.232034  0.22783 0.197495 0.342641  0.0416908    0.30044  0.0548334   0.012082   0.583805 0.00714854
(1,2,((3,((4,5),6)),((((7,8),9),10),(11,12)))); -7696.04  -1.238 78.8049 39.1288 32.477 -7766.96 0.237354 0.240018 0.196757 0.325872  0.0434379   0.274153  0.0665412  0.0175204   0.589622 0.00872615
(1,(2,((((7,8),9),10),(11,12))),(3,((4,5),6))); -7690.07  -1.12078 83.1831 38.8079 30.4685 -7763.79 0.239582 0.251544 0.192952 0.315921 0.0511272  0.293272 0.0620499 0.0192716  0.562587 0.0116919
(1,2,((3,((4,5),6)),(((((7,8),9),10),11),12))); -7698.56  -2.41809 81.3162 38.8993 32.1463 -7770.71 0.241776 0.245094 0.198165 0.314966   0.042957   0.278493  0.0698447   0.014035   0.585433 0.00923779
(1,2,((3,((4,5),6)),(((((7,8),9),10),11),12))); -7700.96  -2.41809 82.7498 38.7508 31.0595 -7773.6 0.240225 0.239485 0.200656 0.319634 0.0444238  0.278843 0.0522484 0.0157842  0.602354 0.0063466
(1,2,((3,((4,5),6)),(((((7,8),9),10),12),11))); -7685.11  -2.75641 82.5082 38.9235 30.1476 -7756.08 0.234006 0.229185 0.204079  0.33273  0.0445349    0.29528  0.0652166   0.012795   0.576224 0.00595006
(1,(2,(((((7,8),9),10),11),12)),(3,((4,5),6))); -7703.8  -2.30087 79.5107 39.189 30.7525 -7772.58 0.237995 0.248988 0.188522 0.324495  0.038467  0.284655 0.0689192 0.0171092  0.585209 0.0056402
(1,2,((3,((4,5),6)),(((((7,8),9),10),11),12))); -7699.82  -2.41809 84.4456 38.7075 25.9095 -7769.05 0.239602 0.235812 0.207025  0.31756 0.0360766  0.285955 0.0662916  0.014601  0.578741 0.0183354
(1,(2,((((7,8),9),10),(11,12))),(3,((4,5),6))); -7690.11  -1.12078 83.1712 39.0166 30.4437 -7763.59 0.240871 0.236492 0.186992 0.335645 0.0474068  0.299505 0.0688745 0.0146673  0.557906 0.0116411
(1,(2,((((7,8),9),10),(11,12))),(3,((4,5),6))); -7691.28  -1.12078 79.1678 38.8684 29.0166 -7759.48 0.231718 0.245246   0.1996 0.323436 0.0539577  0.284163 0.0737544 0.0108186  0.564193 0.0131125
(1,2,((3,((4,5),6)),(((((7,8),9),10),12),11))); -7686.64  -2.75641 82.3232 38.4844 32.6849 -7760.4 0.234131  0.24263 0.189886 0.333352 0.0484698  0.289621  0.056007 0.0149204  0.579098 0.0118839
(1,2,((3,((4,5),6)),(((((7,8),9),10),12),11))); -7695.16  -2.75641 79.2234 38.9042 26.5638 -7759.28  0.24674 0.243772 0.190526 0.318962 0.0527419  0.300405 0.0522752 0.0246095  0.558425 0.0115428
(1,(2,((((7,8),9),10),(11,12))),(3,((4,5),6))); -7698.18  -1.12078 75.6797 39.3116 32.5261 -7765.95 0.241867 0.246313 0.185108 0.326712 0.0434922  0.281396 0.0671655 0.0143168   0.58282 0.0108088
(1,(2,((((7,8),9),10),(11,12))),(3,((4,5),6))); -7703.3  -1.12078 78.072 39.0038 22.0067 -7763.26 0.240205  0.23967 0.167537 0.352588  0.0377039   0.265239  0.0783495  0.0163943   0.594451 0.00786239
(1,2,((3,((4,5),6)),((((7,8),9),10),(11,12)))); -7697.41  -1.238 81.0451 38.8801 28.3784 -7766.71 0.229735 0.253106 0.200099  0.31706 0.0425652  0.286156 0.0685665 0.0236018  0.568398 0.0107123
(1,(2,(((((7,8),9),10),12),11)),(3,((4,5),6))); -7692.6  -2.63919 79.2287 39.1769 29.7534 -7759.77 0.240703 0.240537 0.184266 0.334493 0.0405407  0.291815 0.0750793 0.0157813  0.563393 0.0133909
(1,(2,((((7,8),9),10),(11,12))),(3,((4,5),6))); -7691.23  -1.12078 81.7493 39.1055 32.0249 -7764.78 0.233479 0.246254 0.197836 0.322431  0.0447817   0.282936  0.0498477  0.0168187   0.597364 0.00825172
(1,(2,((((7,8),9),10),(11,12))),(3,((4,5),6))); -7686.46  -1.12078 84.2053 38.4797 31.0813 -7762.15 0.238138 0.242929  0.19453 0.324403  0.0485632   0.267806  0.0709907   0.018238   0.586281 0.00812064
(1,(2,((((7,8),9),10),(11,12))),(3,((4,5),6))); -7699.89  -1.12078 75.0659 38.7439 31.7219 -7766.82 0.238209 0.242328 0.192282 0.327181 0.0464293  0.281847 0.0499315 0.0151652  0.594024 0.0126032
(1,2,((3,((4,5),6)),((((7,8),9),10),(11,12)))); -7706.64  -1.238 83.1202 38.9536 22.38 -7771.95 0.236662 0.238429 0.172706 0.352203  0.0371441   0.306132  0.0738607   0.020846   0.552677 0.00934026
(1,(2,(((((7,8),9),10),12),11)),(3,((4,5),6))); -7696.59  -2.63919 73.426 38.8369 31.1845 -7759.73 0.232106 0.243134 0.198052 0.326708 0.0517759  0.285949 0.0579453 0.0199232   0.57182 0.0125859
(1,(2,((((7,8),9),10),(11,12))),(3,((4,5),6))); -7692  -1.12078 78.8583 38.7231 28.2185 -7759.24 0.249995 0.234786 0.186985 0.328234 0.0375292  0.295632 0.0666417 0.0105788  0.582479 0.0071395
(1,2,((3,((4,5),6)),((((7,8),9),10),(11,12)))); -7696.4  -1.238 79.0459 39.2401 28.5219 -7763.49 0.237868  0.24988 0.204401 0.307851  0.048787  0.283769 0.0687113 0.0104024  0.575375 0.0129547
(1,(2,((((7,8),9),10),(11,12))),(3,((4,5),6))); -7698.33  -1.12078 81.0393 38.7433 29.2013 -7768.7 0.248909 0.240913 0.185339 0.324838  0.0456299   0.294623  0.0454103  0.0193872   0.588203 0.00674676
(1,(2,((((7,8),9),10),(11,12))),(3,((4,5),6))); -7691  -1.12078 81.435 39.1319 31.7782 -7763.96 0.244128 0.238942 0.185544 0.331386 0.0412159  0.289918 0.0670337 0.0169299   0.57366 0.0112423
(1,2,((3,((4,5),6)),(((((7,8),9),10),11),12))); -7701.73  -2.41809 83.3256 38.8508 32.2618 -7776.05 0.236112 0.251843 0.184156 0.327889  0.0467452   0.289603  0.0557352  0.0174469    0.58213 0.00833961
(1,2,(((3,6),(4,5)),((((7,8),9),10),(11,12)))); -7697.46  -4.62655 82.582 38.8956 29.5696 -7766.09 0.235444 0.245058  0.18475 0.334747  0.0459502    0.30664  0.0672193  0.0130143    0.56081 0.00636596
(1,(2,(((((7,8),9),10),12),11)),(3,((4,5),6))); -7684.45  -2.63919 83.9989 39.1229 31.9386 -7758.62 0.241112 0.245176 0.185567 0.328144  0.0505684   0.281264  0.0731252  0.0137027   0.573969 0.00737084
(1,(2,((((7,8),9),10),(11,12))),(3,((4,5),6))); -7696.56  -1.12078 79.7386 38.7608 28.3037 -7764.73 0.227714 0.247738 0.211816 0.312732  0.0476956   0.297037  0.0496539  0.0201793   0.575689 0.00974568
(1,2,((3,((4,5),6)),((((7,8),9),10),(11,12)))); -7702.34  -1.238 85.0618 39.1155 22.7583 -7769.81 0.234015 0.225587 0.201915 0.338483 0.0472529  0.294512 0.0412812 0.0183438  0.580665  0.017945
(1,(2,(((((7,8),9),10),12),11)),(3,((4,5),6))); -7690.68  -2.63919 78.222 39.4528 30.1686 -7756.98 0.233221 0.245483 0.202121 0.319176  0.0587619   0.293955   0.053543  0.0129326   0.572578 0.00822954
(1,(2,((((7,8),9),10),(11,12))),((3,6),(4,5))); -7702.57  -4.50933 72.384 38.7979 28.8978 -7760.54 0.231469 0.231544 0.221863 0.315125   0.046922   0.291075   0.061953  0.0140307   0.578113 0.00790617
(1,(2,(((((7,8),9),10),11),12)),(3,((4,5),6))); -7704.5  -2.30087 76.9013 39.1512 32.6829 -7772.63 0.239044 0.244495  0.18622 0.330241  0.0492307   0.284896  0.0677452   0.014057   0.577235 0.00683623
(1,2,((3,((4,5),6)),(((((7,8),9),10),11),12))); -7698.77  -2.41809 81.8868 39.0515 33.1826 -7772.37 0.240279 0.238176 0.196573 0.324972 0.0487102  0.290635 0.0652668  0.015453  0.569775 0.0101593
(1,(2,((((7,8),9),10),(11,12))),(3,((4,5),6))); -7697.55  -1.12078 75.1749 38.5306 32.2016 -7765.27 0.239091 0.239019 0.193752 0.328138  0.0494368   0.275935  0.0538843  0.0148528   0.596694 0.00919792
(1,(2,((((7,8),9),10),(11,12))),(3,((4,5),6))); -7687.72  -1.12078 81.1568 39.1593 30.7888 -7759.39 0.237878 0.254857 0.198104 0.309161  0.0424524   0.290892  0.0623872  0.0136009   0.583028 0.00763867
(1,(2,(((((7,8),9),10),11),12)),(3,((4,5),6))); -7699.59  -2.30087 78.4791 39.1895 31.7206 -7768.29 0.243581 0.241779 0.200711 0.313929  0.0489317   0.291757  0.0702947  0.0148266   0.564818 0.00937157
(1,(2,((((7,8),9),10),(11,12))),(3,((4,5),6))); -7691.52  -1.12078 80.7473 38.5126 30.6238 -7763.26  0.23869 0.229688 0.191917 0.339705  0.0543445   0.282299   0.060274  0.0148577   0.578352 0.00987271
(1,(2,((((7,8),9),10),(11,12))),((3,6),(4,5))); -7700.02  -4.50933 79.9437 38.8714 31.4855 -7768.07 0.231563 0.248682 0.188044 0.331711  0.0453046     0.2884  0.0490976  0.0182457   0.589618 0.00933378
(1,2,((3,((4,5),6)),(((((7,8),9),10),11),12))); -7705.98  -2.41809 79.2248 38.7853 29.457 -7773.46 0.23444 0.24105 0.18949 0.33502 0.0455876  0.302313 0.0508595 0.0177462  0.569142 0.0143525
(1,2,((3,((4,5),6)),((((7,8),9),10),(11,12)))); -7697.25  -1.238 79.208 39.1949 28.4702 -7764.49 0.246571 0.242194 0.192376  0.31886 0.0549838  0.275007 0.0758131  0.017504  0.563707 0.0129851
(1,2,((3,((4,5),6)),((((7,8),9),10),(11,12)))); -7691.21  -1.238 82.7567 39.186 30.9845 -7764.53 0.240601 0.241697 0.191215 0.326487 0.0442745   0.29241 0.0791869 0.0132678   0.55997 0.0108911
(1,2,((3,((4,5),6)),((((7,8),9),10),(11,12)))); -7692.47  -1.238 82.2286 39.1051 30.0858 -7764.44  0.23044 0.231076 0.197706 0.340778   0.044256   0.288812  0.0675842  0.0106313   0.579342 0.00937385
(1,2,((3,((4,5),6)),((((7,8),9),10),(11,12)))); -7690.38  -1.238 83.6998 38.9118 31.8702 -7765.8 0.231334 0.239989 0.203177 0.325501 0.0488116   0.29584 0.0625727  0.016549  0.564814 0.0114125
(1,(2,(((((7,8),9),10),11),12)),(3,((4,5),6))); -7698.74  -2.30087 82.612 39.3653 32.6099 -7772.3 0.233077 0.251044 0.193889  0.32199 0.0449668  0.282817 0.0647934  0.015566  0.581181 0.0106762
(1,(2,((((7,8),9),10),(11,12))),(3,((4,5),6))); -7690.53  -1.12078 78.4308 38.7504 30.9644 -7760.05 0.236793 0.242657 0.192995 0.327554 0.0456428  0.275663 0.0596241 0.0102976  0.598125 0.0106473
(1,(2,((((7,8),9),10),(11,12))),(3,((4,5),6))); -7702.86  -1.12078 72.3298 38.3363 30.0597 -7765.79 0.238966 0.234908 0.187052 0.339075  0.0481812   0.276173  0.0558426  0.0212487   0.590449 0.00810586
(1,(2,((((7,8),9),10),(11,12))),(3,((4,5),6))); -7693.2  -1.12078 79.2749 38.5788 31.3245 -7764.1 0.239724 0.243881 0.188533 0.327862  0.0445534    0.28938  0.0599328  0.0176574   0.583669 0.00480645
(1,2,((3,((4,5),6)),(((((7,8),9),10),12),11))); -7691.21  -2.75641 80.669 38.5608 26.4522 -7757.02 0.242253 0.256001 0.195894 0.305851 0.0481793  0.287397 0.0492758  0.009045  0.596928  0.009175
(1,(2,(((((7,8),9),10),11),12)),(3,((4,5),6))); -7704.48  -2.30087 81.2932 38.6351 29.8336 -7774.67 0.252375  0.24938 0.177473 0.320772  0.0462259   0.287407   0.064627  0.0175013   0.575497 0.00874171
(1,2,((3,((4,5),6)),((((7,8),9),10),(11,12)))); -7695.4  -1.238 80.0182 38.8892 30.7177 -7766.01 0.241178  0.25048 0.182962  0.32538  0.0396737   0.276829   0.068733  0.0148596   0.592649 0.00725587
(1,2,((3,((4,5),6)),((((7,8),9),10),(11,12)))); -7695.59  -1.238 81.1894 38.7615 30.3191 -7767.1 0.241642 0.229143   0.1928 0.336415  0.0453322   0.303253  0.0573829  0.0156603   0.569847 0.00852495
(1,2,((3,((4,5),6)),(((((7,8),9),10),12),11))); -7692.91  -2.75641 78.6136 38.6973 30.456 -7760.53 0.226416 0.250539 0.188248 0.334797  0.0478164   0.291805  0.0552337  0.0145585   0.584324 0.00626236
(1,2,((3,((4,5),6)),((((7,8),9),10),(11,12)))); -7698.07  -1.238 78.9562 39.1477 31.7532 -7768.4 0.234071  0.24118 0.203634 0.321116  0.0538542   0.277954  0.0629474  0.0175769   0.580088 0.00757948
(1,(2,((((7,8),9),10),(11,12))),(3,((4,5),6))); -7690.2  -1.12078 82.5019 39.2237 30.3512 -7762.7 0.232142 0.253845 0.193903 0.320111 0.0462447  0.297832 0.0693597 0.0173855  0.559033 0.0101454
(1,(2,((((7,8),9),10),(11,12))),(3,((4,5),6))); -7700.53  -1.12078 78.6882 39.0592 30.4306 -7769.47 0.236352 0.238076 0.193384 0.332189 0.0508838  0.291885 0.0470915 0.0204113  0.578271 0.0114581
(1,(2,((((7,8),9),10),(11,12))),(3,((4,5),6))); -7689.18  -1.12078 81.6841 38.795 31.6629 -7762.61 0.241681 0.235428  0.19141 0.331481 0.0444077  0.289032 0.0739236 0.0129634     0.569 0.0106729
(1,(2,((((7,8),9),10),(11,12))),(3,((4,5),6))); -7692.93  -1.12078 81.8474 39.0831 27.186 -7761.76 0.242154 0.241136 0.200003 0.316708 0.0335164  0.273603 0.0559491 0.0187905  0.607644 0.0104969
(1,2,((3,((4,5),6)),((((7,8),9),10),(11,12)))); -7698.06  -1.238 81.6571 38.9653 29.4369 -7768.95 0.229971 0.250051  0.18392 0.336059 0.0387676  0.277649 0.0620889 0.0190191  0.591555 0.0109199
(1,2,((3,((4,5),6)),((((7,8),9),10),(11,12)))); -7700.66  -1.238 79.067 39.1718 28.0597 -7767.38 0.229837 0.231425 0.194323 0.344415 0.0366025  0.290905  0.063256 0.0199044  0.577458  0.011874
(1,2,((3,((4,5),6)),(((((7,8),9),10),11),12))); -7708.6  -2.41809 74.8706 38.3742 31.8341 -7774.52 0.241822 0.253544 0.182193 0.322441  0.0460428   0.290527  0.0561585  0.0143902   0.583888 0.00899395
(1,(2,((((7,8),9),10),(11,12))),((3,(4,5)),6)); -7706.3  -4.73143 76.4327 38.6765 32.1575 -7771.48 0.241692 0.239998 0.182338 0.335971  0.0421635   0.293042  0.0607339  0.0134475   0.581856 0.00875649
(1,(2,((((7,8),9),10),(11,12))),(3,((4,5),6))); -7687.25  -1.12078 83.8607 39.0533 28.8171 -7759.76 0.243325 0.233754  0.19729 0.325632 0.0394072  0.283335 0.0756257 0.0123321  0.575079 0.0142208
(1,(2,((((7,8),9),10),(11,12))),(3,((4,5),6))); -7695.18  -1.12078 77.3875 38.7915 31.9996 -7764.66 0.230369 0.240058 0.204475 0.325098  0.0484438   0.291431  0.0621999  0.0189694   0.571574 0.00738277
(1,(2,(((((7,8),9),10),12),11)),((3,6),(4,5))); -7699.49  -6.02774 74.0214 39.3608 27.3237 -7755.44 0.240447 0.232134 0.220438  0.30698 0.0438376    0.2803 0.0576277 0.0155118  0.591109 0.0116133
(1,(2,(((((7,8),9),10),11),12)),(3,((4,5),6))); -7700.82  -2.30087 83.2446 38.837 28.0978 -7771.02 0.228498 0.239555 0.189621 0.342326 0.0442061  0.287778 0.0698372 0.0139159  0.567937 0.0163264
(1,2,(((3,(4,5)),6),(((((7,8),9),10),12),11))); -7693.81  -6.36706 82.6507 38.8435 31.4345 -7762.68 0.240248 0.246087 0.197852 0.315813  0.0479259   0.296429  0.0641564  0.0194467   0.564668 0.00737424
(1,(2,(((((7,8),9),10),12),11)),(3,((4,5),6))); -7694.1  -2.63919 76.2529 39.2456 27.125 -7755.6 0.239534 0.242145 0.208915 0.309406 0.0624975  0.292008 0.0500946 0.0154905  0.569432 0.0104784
(1,2,((3,((4,5),6)),((((7,8),9),10),(11,12)))); -7700.08  -1.238 76.2778 38.6045 32.697 -7769.22  0.24249 0.243724 0.193861 0.319924  0.0479392   0.293238  0.0578455   0.018784    0.57324 0.00895369
(1,(2,((((7,8),9),10),(11,12))),(3,((4,5),6))); -7698.5  -1.12078 76.7407 39.3895 28.5506 -7763.28 0.252407 0.245949 0.180962 0.320682 0.0439719  0.287903 0.0562437 0.0151713  0.582003 0.0147071
(1,2,((3,((4,5),6)),((((7,8),9),10),(11,12)))); -7701.83  -1.238 80.01 38.9932 30.1415 -7771.75 0.242685 0.235105 0.184361 0.337849  0.0543019   0.288441  0.0497538  0.0173754   0.582167 0.00796078
(1,(2,((((7,8),9),10),(11,12))),((3,(4,5)),6)); -7700.98  -4.73143 79.5961 38.7916 30.3553 -7767.41 0.241699 0.245093 0.189981 0.323227  0.0390524   0.276365  0.0672827  0.0209699   0.589219 0.00711059
(1,(2,((((7,8),9),10),(11,12))),(3,((4,5),6))); -7688.7  -1.12078 82.9738 38.718 31.687 -7763.52 0.237779 0.241591 0.193997 0.326633  0.0486704   0.273185   0.055623  0.0191564   0.594196 0.00916911
(1,(2,((((7,8),9),10),(11,12))),(3,((4,5),6))); -7689.08  -1.12078 82.487 38.7235 31.6645 -7763.38 0.238817 0.242209 0.190259 0.328715 0.0472714   0.27314 0.0630691 0.0167928  0.587082 0.0126449
(1,(2,(((((7,8),9),10),12),11)),(3,((4,5),6))); -7695.1  -2.63919 82.8235 39.3525 29.7424 -7765.68 0.232195 0.249662 0.177231 0.340912 0.0414678  0.290308 0.0542613 0.0137567  0.589435 0.0107711
(1,2,((3,((4,5),6)),((((7,8),9),10),(11,12)))); -7693.13  -1.238 82.8792 38.7732 30.224 -7766.22 0.240325 0.233501 0.189934  0.33624  0.0440178    0.28987  0.0614313    0.01129   0.587939 0.00545197
(1,2,((3,((4,5),6)),((((7,8),9),10),(11,12)))); -7698.41  -1.238 77.3022 39.0032 30.7017 -7766.17 0.234452 0.239899 0.199118 0.326531  0.038283  0.274996 0.0671817 0.0168742  0.590282 0.0123837
(1,2,((3,((4,5),6)),((((7,8),9),10),(11,12)))); -7692.8  -1.238 82.278 38.8233 31.3441 -7766.36 0.238689 0.242357 0.191249 0.327705 0.0382312  0.293451 0.0666178 0.0175475  0.571726 0.0124268
(1,(2,(((((7,8),9),10),11),12)),(3,((4,5),6))); -7701.54  -2.30087 80.5077 39.2093 33.113 -7773.65 0.235002 0.245517 0.193008 0.326473 0.0421676  0.289448   0.05904 0.0162842  0.581821 0.0112399
(1,(2,((((7,8),9),10),(11,12))),((3,(4,5)),6)); -7695.8  -4.73143 80.8018 38.7789 32.7875 -7765.88 0.234079 0.243656 0.204143 0.318122  0.0449107   0.284059  0.0680727  0.0137566   0.580241 0.00895991
(1,(2,((((7,8),9),10),(11,12))),(3,((4,5),6))); -7693.3  -1.12078 77.5661 39.1694 24.929 -7755.5 0.249428 0.235387 0.196521 0.318665  0.0516545   0.308777  0.0747982    0.01146   0.546343 0.00696752
(1,2,((3,((4,5),6)),(((((7,8),9),10),11),12))); -7702.88  -2.41809 82.2212 38.9018 28.6783 -7772.46 0.244223 0.250435 0.184185 0.321157  0.0368954   0.307733  0.0634146   0.016232   0.567771 0.00795389
(1,2,((3,((4,5),6)),((((7,8),9),10),(11,12)))); -7698.17  -1.238 78.4754 38.8386 28.2328 -7764.8 0.245031 0.253647  0.19185 0.309473 0.0512923   0.27472 0.0576546 0.0191264  0.584445  0.012762
(1,(2,((((7,8),9),10),(11,12))),(3,((4,5),6))); -7698.27  -1.12078 73.1412 39.0328 29.1894 -7760.44 0.221756 0.244441 0.213069 0.320734  0.0483964   0.288003  0.0558337  0.0133005   0.586802 0.00766442
(1,2,((3,((4,5),6)),((((7,8),9),10),(11,12)))); -7700.45  -1.238 78.1378 39.0919 30.0475 -7768.3 0.241263 0.243008 0.189025 0.326705  0.0600139   0.278888   0.072028  0.0152035   0.565694 0.00817272
(1,2,((3,((4,5),6)),(((((7,8),9),10),12),11))); -7697.12  -2.75641 70.6135 38.7152 31.479 -7757.74 0.234144  0.24573 0.196744 0.323382 0.0558184  0.286377 0.0536596 0.0123552  0.581615 0.0101753
(1,(2,(((((7,8),9),10),11),12)),(3,((4,5),6))); -7700.65  -2.30087 79.672 39.0725 31.2048 -7770.15 0.245613 0.243731 0.188731 0.321925  0.0543104   0.282246  0.0695631  0.0130673   0.573469 0.00734472
(1,2,((3,((4,5),6)),((((7,8),9),10),(11,12)))); -7697.14  -1.238 79.2843 39.1552 30.806 -7766.83 0.245699 0.232558 0.193512 0.328231  0.0461734   0.289428  0.0530375  0.0114436   0.592044 0.00787354
(1,2,((3,((4,5),6)),((((7,8),9),10),(11,12)))); -7704.45  -1.238 77.006 38.5468 26.8914 -7768.56 0.247896 0.235862 0.176868 0.339375  0.0422654   0.303204  0.0650253  0.0177968   0.566122 0.00558624
(1,(2,((((7,8),9),10),(11,12))),(3,((4,5),6))); -7689.82  -1.12078 80.3809 39.0353 30.6947 -7760.74 0.231235 0.233436 0.207698 0.327631  0.0495943   0.275673  0.0725984  0.0165583   0.577859 0.00771679
(1,2,((3,((4,5),6)),(((((7,8),9),10),11),12))); -7707.42  -2.41809 72.326 38.9158 31.3708 -7769.79 0.240326 0.244549 0.203576 0.311548  0.0540998   0.286138   0.065582  0.0145371   0.571622 0.00802085
(1,(2,((((7,8),9),10),(11,12))),(3,((4,5),6))); -7692.65  -1.12078 80.7832 38.8636 26.1156 -7759.56 0.227502 0.246634 0.205538 0.320326  0.0392071   0.268819  0.0590197  0.0226816   0.603496 0.00677604
(1,(2,((((7,8),9),10),(11,12))),(3,((4,5),6))); -7697.45  -1.12078 74.0832 38.9221 31.1759 -7762.66 0.245991 0.233223  0.20175 0.319036 0.0434395  0.287552 0.0539604 0.0177967  0.587977  0.009274
(1,2,((3,((4,5),6)),((((7,8),9),10),(11,12)))); -7693.75  -1.238 80.9858 39.244 33.4278 -7767.68 0.239533 0.245717 0.195859  0.31889  0.0433309   0.290714  0.0613878  0.0161002   0.580109 0.00835824
(1,(2,((((7,8),9),10),(11,12))),(3,((4,5),6))); -7693.65  -1.12078 78.8336 38.7432 32.0227 -7764.64 0.233542 0.234795 0.202734 0.328928  0.0461129   0.287831  0.0501383   0.014027   0.592417 0.00947352
(1,(2,((((7,8),9),10),(11,12))),(3,((4,5),6))); -7685.95  -1.12078 84.7496 39.0209 30.7096 -7761.27 0.241211   0.2482 0.196905 0.313684 0.0463719  0.302986  0.061701  0.016716  0.561413 0.0108116
(1,2,((3,((4,5),6)),(((((7,8),9),10),12),11))); -7697.67  -2.75641 76.6868 38.4728 29.6259 -7762.76 0.229738  0.25276 0.183561 0.333941 0.0407374  0.289784 0.0630907 0.0127337  0.580784 0.0128695
(1,2,((3,((4,5),6)),((((7,8),9),10),(11,12)))); -7698.78  -1.238 78.2687 39.061 29.9034 -7766.65 0.234728 0.243216 0.193226  0.32883  0.0503981   0.275072  0.0641367  0.0231774   0.580873 0.00634341
(1,(2,(((((7,8),9),10),12),11)),(3,((4,5),6))); -7694.08  -2.63919 73.3266 38.7608 27.9019 -7753.91 0.249339 0.237619  0.19732 0.315722  0.0333462   0.298778  0.0678258  0.0160482   0.575001 0.00900097
(1,(2,((((7,8),9),10),(11,12))),(3,((4,5),6))); -7687.72  -1.12078 83.4138 38.9348 30.7915 -7761.87 0.233868 0.256591 0.197301 0.312241 0.0488353   0.28889 0.0616054 0.0151364  0.574932 0.0106017
(1,(2,(((((7,8),9),10),11),12)),(3,((4,5),6))); -7706.44  -2.30087 75.9512 38.6313 32.8173 -7774.28 0.244154  0.24466 0.185957 0.325229 0.0462728  0.294827 0.0610292 0.0161414  0.573315 0.0084149
(1,2,((3,((4,5),6)),((((7,8),9),10),(11,12)))); -7692.42  -1.238 80.6539 38.7534 32.5538 -7765.63 0.236671 0.233187 0.200549 0.329593 0.0488507  0.288022 0.0662258 0.0156469  0.570991 0.0102637
(1,2,((3,((4,5),6)),(((((7,8),9),10),11),12))); -7707.49  -2.41809 73.2153 38.7474 30.5735 -7770.11 0.242035 0.244933  0.19701 0.316022  0.0443763   0.300958  0.0731907  0.0148988   0.559275 0.00730151
(1,(2,((((7,8),9),10),(11,12))),(3,((4,5),6))); -7689.31  -1.12078 79.1336 38.6192 31.5694 -7760.27  0.24475 0.244132 0.193237 0.317881  0.0446529   0.293625  0.0745223   0.014706   0.563272 0.00922101
(1,2,((3,((((7,8),9),10),(11,12))),((4,5),6))); -7717.62  -8.43395 83.0964 38.7173 28.6846 -7782.25 0.238458 0.234799 0.189022 0.337721 0.0440102  0.283979 0.0468547 0.0154449  0.594688 0.0150235
(1,(2,((((7,8),9),10),(11,12))),(3,((4,5),6))); -7690.66  -1.12078 79.1929 38.4239 31.3767 -7761.68 0.235906 0.239805 0.196106 0.328183  0.0396941   0.301826  0.0685384  0.0163412   0.566118 0.00748145
(1,(2,((((7,8),9),10),(11,12))),(3,((4,5),6))); -7693.62  -1.12078 81.6301 38.9135 31.441 -7766.65 0.234987 0.243413 0.187092 0.334509 0.0444403   0.28992 0.0582553 0.0193437  0.575084 0.0129569
(1,(2,(((((7,8),9),10),11),12)),(3,((4,5),6))); -7709.28  -2.30087 79.0854 38.6662 29.5447 -7776.94 0.225834 0.249273 0.195189 0.329705  0.0513806   0.293322  0.0470297  0.0191874   0.580531 0.00854933
(1,(2,((((7,8),9),10),(11,12))),(3,((4,5),6))); -7692.21  -1.12078 81.1801 39.0131 31.1839 -7764.44 0.233165  0.23996 0.203926 0.322948 0.0445322  0.283503  0.058378 0.0223795  0.583591 0.0076159
(1,(2,((((7,8),9),10),(11,12))),(3,((4,5),6))); -7694.56  -1.12078 77.3544 38.8503 29.8335 -7761.78 0.231672 0.230101 0.201505 0.336722 0.0477282  0.272709 0.0742681 0.0151097  0.579749 0.0104364
(1,2,((3,((4,5),6)),((((7,8),9),10),(11,12)))); -7696.3  -1.238 77.0605 38.9492 31.4786 -7764.66 0.236773 0.239383 0.200721 0.323123  0.0412151   0.279375  0.0776061  0.0181412   0.574453 0.00920915
(1,(2,((((7,8),9),10),(11,12))),(3,((4,5),6))); -7696.98  -1.12078 78.2825 38.4316 26.8412 -7762.55 0.245361 0.242413 0.190356  0.32187 0.0558005   0.28077 0.0467352 0.0105206  0.600724 0.0054494
(1,(2,(((((7,8),9),10),12),11)),(3,((4,5),6))); -7687.31  -2.63919 81.8198 38.8111 30.0131 -7757.7 0.235756 0.241217 0.195686 0.327341 0.0431291  0.280904  0.088189 0.0161102  0.561538 0.0101294
(1,2,((3,((4,5),6)),(((((7,8),9),10),11),12))); -7702.33  -2.41809 78.6382 39.2891 32.4411 -7771.7 0.242073 0.245568 0.191919 0.320441  0.0511414   0.280951  0.0685906   0.017138   0.572426 0.00975291
(1,(2,(((((7,8),9),10),11),12)),((3,(4,5)),6)); -7708.48  -5.91151 82.8693 38.6529 29.9626 -7776.74 0.248196 0.245174 0.192622 0.314008  0.0468608   0.292898  0.0646385  0.0217878   0.565624 0.00819116
(1,2,((3,((4,5),6)),(((((7,8),9),10),11),12))); -7701.76  -2.41809 77.5081 38.9103 31.1039 -7769.05 0.247143 0.241858 0.195558  0.31544 0.0519962  0.289338 0.0683804 0.0126607  0.569974 0.0076503
(1,2,((3,((4,5),6)),((((7,8),9),10),(11,12)))); -7694.08  -1.238 83.2833 39.0748 28.3024 -7765.35 0.239095 0.235262 0.196934 0.328709  0.0410333   0.287167  0.0532484 0.00978414   0.593919   0.014848
(1,(2,((((7,8),9),10),(11,12))),(3,((4,5),6))); -7690.36  -1.12078 80.9893 38.6578 29.8396 -7761.41 0.232908 0.239832 0.197718 0.329543  0.0543565   0.288677  0.0611741 0.00982098   0.580089  0.0058822
(1,(2,(((((7,8),9),10),11),12)),(3,((4,5),6))); -7701.95  -2.30087 81.9595 39.1416 26.0096 -7768.48 0.232678 0.240156 0.210306  0.31686 0.0576681  0.273148 0.0756709 0.0167141  0.562056  0.014743
(1,(2,(((((7,8),9),10),11),12)),(3,((4,5),6))); -7706.72  -2.30087 79.4563 38.8358 30.2218 -7775.27 0.224095 0.240794 0.193493 0.341618  0.0415211   0.291844  0.0536287  0.0177311   0.586022 0.00925345
(1,2,((3,((4,5),6)),((((7,8),9),10),(11,12)))); -7699.33  -1.238 74.8494 38.9023 31.8336 -7765.87  0.23754 0.231698 0.202163 0.328599  0.0500166   0.289445  0.0587725  0.0189278   0.573873 0.00896559
(1,(2,((((7,8),9),10),(11,12))),(3,((4,5),6))); -7693.33  -1.12078 77.0656 38.7937 29.6107 -7760.1  0.23521 0.239586 0.206278 0.318926  0.0463104   0.274488  0.0841427  0.0177746   0.569549 0.00773458
(1,2,((3,((4,5),6)),((((7,8),9),10),(11,12)))); -7701.32  -1.238 78.2529 38.5054 29.5765 -7769.41  0.24771 0.239328 0.181649 0.331314  0.0532765   0.296576  0.0532097  0.0163273    0.57444 0.00617087
(1,(2,((((7,8),9),10),(11,12))),(3,((4,5),6))); -7695.63  -1.12078 77.5436 38.8246 28.2643 -7761.49 0.233457 0.248218  0.18758 0.330745  0.0566564   0.282481  0.0638235 0.00897826   0.581628 0.00643291
(1,2,((3,((4,5),6)),((((7,8),9),10),(11,12)))); -7705.46  -1.238 76.3248 38.5063 29.6183 -7771.66 0.238623 0.251438 0.192292 0.317648 0.0496173  0.304167 0.0457664 0.0170881   0.57584 0.0075216
(1,2,((3,((4,5),6)),((((7,8),9),10),(11,12)))); -7697.4  -1.238 80.3855 38.9218 30.8073 -7768.44 0.235453 0.239586 0.187509 0.337451 0.0473906  0.302958 0.0651326 0.0164257  0.557828 0.0102648
(1,2,((3,((4,5),6)),(((((7,8),9),10),11),12))); -7706.86  -2.41809 78.7552 38.6774 28.6719 -7773.19 0.250212 0.244297 0.175906 0.329585 0.0475432  0.281034 0.0625103 0.0112991  0.585171 0.0124422
(1,(2,((((7,8),9),10),(11,12))),(3,((4,5),6))); -7696.36  -1.12078 80.2773 39.187 31.6785 -7768 0.231084 0.239575 0.191198 0.338143 0.0496743  0.294462 0.0508179 0.0154307  0.579093 0.0105218
(1,(2,((((7,8),9),10),(11,12))),(3,((4,5),6))); -7698.48  -1.12078 74.6844 39.1302 30.9904 -7763.91 0.234799 0.234073  0.20137 0.329757  0.0465703   0.283732  0.0572791  0.0221922   0.582768 0.00745864
(1,(2,(((((7,8),9),10),11),12)),(3,((4,5),6))); -7699.16  -2.30087 83.855 38.7449 30.2018 -7772.17 0.228558 0.235606 0.204242 0.331593  0.0446719   0.292336   0.057328  0.0224263    0.57365 0.00958796
(1,(2,((((7,8),9),10),(11,12))),((3,6),(4,5))); -7700.56  -4.50933 74.8747 38.6495 32.6262 -7764.9 0.231688  0.23942 0.193276 0.335616  0.0495042    0.28958  0.0537072   0.013756   0.584304 0.00914884
(1,(2,(((((7,8),9),10),11),12)),(3,((4,5),6))); -7708.82  -2.30087 75.5529 38.3169 22.6013 -7766.35  0.24494 0.256603 0.188546 0.309911  0.0373838   0.301734  0.0764039 0.00772344   0.567181 0.00957347
(1,2,(((3,6),(4,5)),((((7,8),9),10),(11,12)))); -7698.89  -4.62655 81.8155 38.9583 31.4804 -7768.6 0.238835 0.245465 0.187999 0.327701 0.0370411  0.294967 0.0556461 0.0146038  0.586696 0.0110459
(1,2,((3,((4,5),6)),(((((7,8),9),10),11),12))); -7706.36  -2.41809 76.2311 38.7626 31.8684 -7773.27 0.245604 0.242605 0.191026 0.320765 0.0513465  0.278172 0.0556466 0.0156797  0.589012 0.0101431
(1,2,((3,((4,5),6)),((((7,8),9),10),(11,12)))); -7699.17  -1.238 77.1432 39.4225 29.7627 -7765.41 0.249926 0.240227 0.185269 0.324577  0.0435411   0.280111  0.0696345  0.0103526   0.587779 0.00858221
(1,(2,(((((7,8),9),10),11),12)),(3,((4,5),6))); -7702.66  -2.30087 76.5877 38.4057 30.3056 -7768.85 0.238197 0.235527 0.199372 0.326904 0.0421952  0.274125 0.0666085 0.0117802  0.592638 0.0126524
(1,(2,((((7,8),9),10),(11,12))),(3,((4,5),6))); -7689.72  -1.12078 80.4131 38.5602 31.1805 -7761.63  0.23507 0.244752 0.200648  0.31953  0.0397635    0.27299  0.0684437  0.0166962   0.592171 0.00993556
(1,2,((3,((4,5),6)),((((7,8),9),10),(11,12)))); -7701.42  -1.238 77.3614 39.0601 30.1273 -7768.61 0.229812 0.244419 0.186297 0.339472  0.0415269   0.299345  0.0627368  0.0121337    0.57787 0.00638837
(1,(2,(((((7,8),9),10),12),11)),(3,((4,5),6))); -7693.31  -2.63919 71.8524 38.6101 31.3381 -7755.25 0.232731 0.242609 0.191944 0.332716  0.0543047   0.280638  0.0596123  0.0110852   0.585622 0.00873725
(1,2,((3,((4,5),6)),((((7,8),9),10),(11,12)))); -7695.25  -1.238 80.6596 39.0238 30.3618 -7766.01 0.243652 0.236232 0.196389 0.323727 0.0454764  0.301905 0.0517382 0.0110903  0.578762 0.0110284
(1,(2,((((7,8),9),10),(11,12))),(3,((4,5),6))); -7701.71  -1.12078 77.7123 38.8056 27.6409 -7767.14 0.236725 0.253404 0.177148 0.332722 0.0558971  0.301756 0.0595157  0.012327  0.563642 0.0068621
(1,2,((3,((4,5),6)),((((7,8),9),10),(11,12)))); -7695.3  -1.238 80.0592 38.2205 29.6385 -7765.54 0.244474 0.234236  0.19607  0.32522 0.0385479  0.272079  0.061294 0.0172494  0.600416 0.0104134
(1,2,((3,((4,5),6)),(((((7,8),9),10),11),12))); -7703.5  -2.41809 78.6091 38.4911 30.6848 -7771.88 0.233196 0.248301 0.188857 0.329645 0.0369089  0.284743 0.0725004 0.0126897  0.582887 0.0102704
(1,2,((3,((4,5),6)),((((7,8),9),10),(11,12)))); -7697.53  -1.238 82.9883 38.8601 27.9482 -7768.36 0.237363  0.25084 0.186165 0.325632 0.0373848  0.297574 0.0503735 0.0119915  0.588114 0.0145616
(1,(2,((((7,8),9),10),(11,12))),(3,((4,5),6))); -7698.42  -1.12078 78.7546 39.2199 30.6913 -7767.53 0.247954  0.24127 0.176491 0.334286 0.0461153  0.288111 0.0646911 0.0134476  0.577279 0.0103555
(1,(2,((((7,8),9),10),(11,12))),(3,((4,5),6))); -7689.15  -1.12078 82.4383 38.7354 32.1327 -7763.87 0.237194 0.245499 0.186165 0.331141  0.0491224   0.277906  0.0712504  0.0128421   0.580694 0.00818481
(1,2,((3,((4,5),6)),((((7,8),9),10),(11,12)))); -7698.21  -1.238 79.6428 39.3493 27.4399 -7764.7 0.227952 0.239096 0.215359 0.317593 0.0474145  0.275772 0.0719026 0.0222157  0.571391 0.0113046
(1,2,((3,((4,5),6)),((((7,8),9),10),(11,12)))); -7694.65  -1.238 82.051 38.6573 29.5066 -7766.31  0.23414 0.228542 0.195853 0.341466 0.0474238  0.284174  0.070056 0.0155245  0.569653 0.0131688
(1,2,((3,((4,5),6)),(((((7,8),9),10),12),11))); -7692.04  -2.75641 77.6761 38.6173 29.9296 -7758.28 0.231869 0.245222  0.19166 0.331249 0.0371061  0.294916 0.0780276 0.0139295  0.568624 0.0073968
(1,2,(((3,(4,5)),6),((((7,8),9),10),(11,12)))); -7705.64  -4.84865 79.1669 38.3895 31.7372 -7773.31 0.243688 0.248819 0.188358 0.319135 0.0438513  0.293207  0.051461 0.0175163   0.58355 0.0104141
(1,2,((3,((4,5),6)),(((((7,8),9),10),11),12))); -7705.67  -2.41809 77.7564 38.6934 27.4959 -7769.81 0.251264 0.243522 0.185904 0.319311 0.0542881  0.281847 0.0559314  0.017889  0.574674 0.0153704
(1,2,((3,((4,5),6)),((((7,8),9),10),(11,12)))); -7699.95  -1.238 76.5631 39.6077 25.9452 -7761.61 0.233103 0.245467 0.212261 0.309169  0.0475653   0.313428  0.0657738  0.0126678   0.552273 0.00829219
(1,2,((3,((4,5),6)),((((7,8),9),10),(11,12)))); -7696.24  -1.238 76.9658 38.8943 31.3465 -7764.42 0.245311  0.24224 0.193031 0.319418  0.0416368   0.287344  0.0760786  0.0173908   0.567758 0.00979129
(1,2,((3,((4,5),6)),(((((7,8),9),10),11),12))); -7701.92  -2.41809 80.5903 39.1594 32.3001 -7773.24 0.231072 0.247686 0.197073 0.324168  0.0501591   0.291885  0.0661904  0.0165776   0.567518 0.00767051
(1,(2,(((((7,8),9),10),12),11)),(3,((4,5),6))); -7690.96  -2.63919 78.8601 39.0137 28.4911 -7756.66 0.227573 0.248627 0.203122 0.320678  0.0504992    0.28868  0.0551331   0.021995   0.578263 0.00542933
(1,2,((3,((4,5),6)),((((7,8),9),10),(11,12)))); -7699.64  -1.238 79.1361 38.9557 29.9266 -7768.51 0.237784 0.256491 0.176992 0.328733 0.0504313  0.284748 0.0651905 0.0161942  0.572295 0.0111414
(1,(2,((((7,8),9),10),(11,12))),(3,((4,5),6))); -7693.78  -1.12078 81.1746 38.7276 28.938 -7764.05  0.22706 0.236517 0.198818 0.337604 0.0351588  0.293568 0.0574762 0.0176374  0.584395 0.0117655
(1,2,((3,((4,5),6)),((((7,8),9),10),(11,12)))); -7698.23  -1.238 82.5926 38.7452 28.0134 -7768.85 0.232961 0.250263  0.17813 0.338646   0.044842   0.285228  0.0770434  0.0208533   0.565457 0.00657654
(1,(2,(((((7,8),9),10),11),12)),(3,((4,5),6))); -7704.1  -2.30087 78.8907 38.9374 27.2139 -7768.97 0.247872 0.224501 0.192778 0.334848   0.038845   0.298053  0.0714029  0.0144869   0.568785 0.00842672
(1,2,((3,((4,5),6)),((((7,8),9),10),(11,12)))); -7706.2  -1.238 73.1701 38.2592 24.9507 -7764.82 0.244603 0.243667 0.200611 0.311119 0.0587808  0.271906 0.0601973 0.0216391   0.57227 0.0152064
(1,(2,(((((7,8),9),10),11),12)),(3,((4,5),6))); -7703.19  -2.30087 78.8788 38.4806 26.8693 -7768.15 0.226049 0.254308 0.207995 0.311648 0.0472435  0.291393 0.0679215 0.0169778  0.562486 0.0139776
(1,(2,((((7,8),9),10),(11,12))),(3,((4,5),6))); -7696.53  -1.12078 77.2462 38.8486 31.4935 -7765.3 0.242345 0.239558  0.18802 0.330077 0.0527891  0.288849 0.0648216 0.0163247  0.564984 0.0122309
(1,2,((3,((4,5),6)),((((7,8),9),10),(11,12)))); -7686.84  -1.238 84.0148 39.0495 31.9663 -7762.53 0.240332 0.236373 0.200921 0.322374  0.0429431    0.28877  0.0756609  0.0144342   0.569975 0.00821747
(1,2,((3,((4,5),6)),((((7,8),9),10),(11,12)))); -7699.65  -1.238 75.7973 39.2078 32.311 -7767.31 0.239012 0.232665 0.195785 0.332538  0.0447135   0.296677  0.0614034  0.0133017   0.575283 0.00862204
(1,(2,(((((7,8),9),10),12),11)),(3,((4,5),6))); -7686.37  -2.63919 83.3747 39.0135 28.8071 -7756.9 0.245901 0.236274 0.191572 0.326253 0.0481114  0.278855 0.0856614 0.0130188  0.562864 0.0114892
(1,(2,((((7,8),9),10),(11,12))),(3,((4,5),6))); -7693.42  -1.12078 78.0581 38.7576 26.637 -7758.23 0.255109 0.239729 0.195155 0.310007 0.0351367  0.286462 0.0603807 0.0130925  0.593586 0.0113424
(1,2,((3,((4,5),6)),((((7,8),9),10),(11,12)))); -7705.44  -1.238 72.8049 38.3002 32.1076 -7770.81  0.23538 0.250561 0.183167 0.330892 0.0496456   0.28446 0.0554613 0.0167052  0.584913 0.0088144
(1,(2,((((7,8),9),10),(11,12))),(3,((4,5),6))); -7697.34  -1.12078 79.6048 38.7974 30.3179 -7767.34  0.23142 0.231423 0.194103 0.343055 0.0437456  0.293522 0.0579128  0.015687  0.583185 0.0059484
(1,(2,(((((7,8),9),10),12),11)),(3,((4,5),6))); -7688.82  -2.63919 81.6941 39.099 26.7386 -7755.51 0.245082 0.257655 0.194824 0.302438  0.0393468   0.286875  0.0600101  0.0179197   0.590165 0.00568343
(1,(2,((((7,8),9),10),(11,12))),(3,((4,5),6))); -7696.9  -1.12078 79.3906 39.0349 29.4129 -7765.55 0.237507 0.236498 0.184969 0.341025  0.0342455    0.29259  0.0633251  0.0131696   0.587191 0.00947879
(1,(2,((((7,8),9),10),(11,12))),(3,((4,5),6))); -7693.32  -1.12078 83.7797 38.9909 29.6301 -7766.62 0.223647 0.241812 0.186935 0.347605  0.0442151   0.293353  0.0609132  0.0136105   0.578751 0.00915653
(1,2,((3,((4,5),6)),(((((7,8),9),10),12),11))); -7688.95  -2.75641 78.6333 38.823 31.3846 -7757.38 0.243842 0.247282 0.194494 0.314382  0.0433631   0.277284  0.0575152  0.0159151   0.598332 0.00759044
(1,(2,(((((7,8),9),10),12),11)),(3,((4,5),6))); -7688.03  -2.63919 82.5556 38.993 30.6124 -7759.56 0.237933 0.241097 0.196012 0.324957 0.0447635  0.295863 0.0561923  0.023754  0.569402 0.0100255
(1,2,((3,((4,5),6)),((((7,8),9),10),(11,12)))); -7691.43  -1.238 81.4758 38.6407 29.9587 -7762.99 0.235684  0.23537 0.203956  0.32499  0.057851  0.275259 0.0677909 0.0134327  0.574767 0.0108994
(1,2,((3,((4,5),6)),((((7,8),9),10),(11,12)))); -7697.7  -1.238 79.6757 38.7703 32.1125 -7769.48 0.230882 0.241446 0.196846 0.330826  0.0430479   0.283124  0.0513449  0.0165423   0.597335 0.00860533
(1,2,((3,((4,5),6)),((((7,8),9),10),(11,12)))); -7695.42  -1.238 82.037 38.9716 25.2984 -7762.55 0.240882 0.244324 0.210184  0.30461  0.055685  0.270716 0.0584555 0.0155703   0.58407 0.0155029
(1,2,(((3,(4,5)),6),((((7,8),9),10),(11,12)))); -7702.79  -4.84865 76.8646 38.4543 32.5242 -7768.87  0.23908  0.23794 0.194898 0.328082 0.0419543   0.28633 0.0595655 0.0150244  0.584505 0.0126202
(1,2,((3,((4,5),6)),(((((7,8),9),10),11),12))); -7700.27  -2.41809 80.728 38.4224 32.2029 -7772.36 0.239298  0.24045 0.198314 0.321938    0.05639   0.285968  0.0608331  0.0158715   0.571605 0.00933205
(1,(2,(((((7,8),9),10),11),12)),(3,((4,5),6))); -7707.13  -2.30087 76.6631 38.9282 28.8163 -7771.38 0.237173 0.240661 0.192625  0.32954  0.0543534   0.277337   0.082092  0.0125216   0.568116 0.00557906
(1,(2,((((7,8),9),10),(11,12))),(3,((4,5),6))); -7692.58  -1.12078 76.8201 39.3772 31.9967 -7760.9 0.234408 0.244354 0.205439 0.315799  0.0413404   0.295775  0.0649365  0.0141209   0.574731 0.00909567
(1,(2,((((7,8),9),10),(11,12))),(3,((4,5),6))); -7692.88  -1.12078 79.0018 38.6143 30.9807 -7763.12 0.243397 0.229768 0.196092 0.330743    0.04972   0.285477  0.0517998  0.0137766   0.589696 0.00952971
(1,(2,((((7,8),9),10),(11,12))),(3,((4,5),6))); -7691.35  -1.12078 80.0198 38.8365 30.7288 -7762.14 0.244775 0.243988 0.203108 0.308129 0.0517399  0.288207 0.0552265 0.0150375  0.579076  0.010713
(1,(2,(((((7,8),9),10),11),12)),(3,((4,5),6))); -7698.43  -2.30087 83.6617 38.6115 31.2678 -7772.45 0.235928 0.246921 0.185431 0.331719  0.0439924   0.287264  0.0750667  0.0121376   0.574803 0.00673573
(1,(2,(((((7,8),9),10),11),12)),(3,((4,5),6))); -7706.84  -2.30087 77.7723 38.9876 27.2873 -7770.61 0.248936 0.228669 0.199798 0.322597 0.0412635  0.285063 0.0631729 0.0220663  0.575444 0.0129901
(1,2,((3,((4,5),6)),((((7,8),9),10),(11,12)))); -7699.43  -1.238 80.6711 38.9924 26.5633 -7766.44 0.219281 0.249268 0.194316 0.337134 0.0535004  0.278951 0.0600505 0.0140981  0.579343 0.0140571
(1,(2,((((7,8),9),10),(11,12))),(3,((4,5),6))); -7692.27  -1.12078 80.6414 38.409 31.8997 -7765.28 0.238991 0.245295 0.186504 0.329211  0.0501437   0.276557  0.0664978  0.0196125   0.578295 0.00889346
(1,2,((3,((4,5),6)),((((7,8),9),10),(11,12)))); -7702.33  -1.238 78.9856 38.374 27.2449 -7768.95  0.24782 0.257339 0.185446 0.309394  0.0420021   0.306383   0.052594  0.0138541   0.577261 0.00790601
(1,2,((3,((4,5),6)),(((((7,8),9),10),11),12))); -7708.39  -2.41809 77.5798 38.9945 31.4194 -7775.98 0.227953 0.245003 0.192046 0.334998    0.04359   0.292204   0.059377  0.0201972   0.575122 0.00951008
(1,(2,((((7,8),9),10),(11,12))),(3,((4,5),6))); -7701.71  -1.12078 73.0134 39.0503 30.5492 -7765.1 0.225746 0.239319 0.194927 0.340007  0.0423151     0.2955  0.0620774  0.0191783   0.572892 0.00803766
(1,(2,(((((7,8),9),10),12),11)),(3,((4,5),6))); -7684.31  -2.63919 81.0438 38.7677 30.9801 -7754.92 0.244167 0.238743 0.198976 0.318113   0.053931   0.293495  0.0595165  0.0177264    0.56863 0.00670057
(1,(2,((((7,8),9),10),(11,12))),(3,((4,5),6))); -7697.1  -1.12078 76.5594 38.7543 28.5847 -7762.37 0.229336   0.2371 0.193111 0.340453  0.0547146   0.269324  0.0769085  0.0139388   0.575338 0.00977584
(1,2,((3,((4,5),6)),((((7,8),9),10),(11,12)))); -7710.52  -1.238 74.8045 39.0826 29.1313 -7774.14 0.238126 0.246365 0.182229  0.33328 0.0463174  0.294818 0.0487533 0.0217344  0.575746 0.0126314
(1,(2,(((((7,8),9),10),11),12)),((3,6),(4,5))); -7711.67  -5.68942 75.6227 39.057 31.628 -7774.18 0.240771 0.235957 0.188954 0.334317  0.043803  0.289151 0.0639184  0.018054  0.572536 0.0125371
(1,2,((3,((4,5),6)),((((7,8),9),10),(11,12)))); -7699.29  -1.238 75.2724 39.072 28.4019 -7762.66 0.238139 0.237033 0.205724 0.319104  0.0368104   0.267938  0.0655729  0.0161412   0.604888 0.00864922
(1,2,((3,((4,5),6)),((((7,8),9),10),(11,12)))); -7701.01  -1.238 73.6778 39.0397 32.2043 -7766.61  0.24245 0.233291 0.199718 0.324541  0.051461   0.29108 0.0571375  0.014504  0.576691 0.0091263
(1,(2,((((7,8),9),10),(11,12))),(3,((4,5),6))); -7695.41  -1.12078 75.5685 39.0056 30.105 -7760.96 0.247134  0.24694 0.193128 0.312799 0.0401696   0.28088 0.0603528 0.0140032  0.591942 0.0126523
(1,2,((3,((4,5),6)),((((7,8),9),10),(11,12)))); -7690  -1.238 84.8823 39.2085 31.5386 -7765.98 0.236656 0.237568 0.203608 0.322168   0.049375   0.274429  0.0745109  0.0148289    0.57907 0.00778612
(1,2,((3,((4,5),6)),(((((7,8),9),10),12),11))); -7691.41  -2.75641 79.1839 39.0234 30.3936 -7759.2 0.243333  0.24223  0.18596 0.328476 0.0536023  0.279781 0.0733166 0.0164027   0.56466 0.0122376
(1,2,((3,((4,5),6)),((((7,8),9),10),(11,12)))); -7701.24  -1.238 75.6014 38.6809 29.9241 -7766.85 0.242116 0.252353 0.184261  0.32127  0.0503378    0.28146  0.0542096  0.0104918    0.59396 0.00954055
(1,2,((3,((4,5),6)),((((7,8),9),10),(11,12)))); -7701.03  -1.238 78.4467 38.9687 30.1832 -7769.45  0.23157 0.239488 0.191492  0.33745  0.0528509   0.288096  0.0764622  0.0176839   0.556211 0.00869531
(1,2,((3,((4,5),6)),((((7,8),9),10),(11,12)))); -7699.86  -1.238 81.2305 38.4648 30.8301 -7772.22 0.243345 0.239296  0.18397 0.333389  0.0461331    0.29358  0.0469146   0.014644   0.591709 0.00701985
(1,(2,((((7,8),9),10),(11,12))),(3,((4,5),6))); -7691.79  -1.12078 84.5298 39.1659 27.0197 -7763.05 0.242609 0.239531 0.190723 0.327137 0.0604306  0.283746 0.0627034 0.0194518  0.558519 0.0151497
(1,2,((3,((4,5),6)),(((((7,8),9),10),12),11))); -7700.88  -2.75641 74.2762 38.9944 30.1525 -7763.56 0.239639 0.252603 0.176836 0.330922 0.0397936  0.290339 0.0682953 0.0153064  0.575151 0.0111139
(1,2,((3,((4,5),6)),((((7,8),9),10),(11,12)))); -7695.88  -1.238 80.9255 39.3892 28.2702 -7764.44 0.244276 0.250707 0.198416 0.306601 0.0579947    0.2874  0.062687 0.0137576  0.566267  0.011893
(1,(2,(((((7,8),9),10),11),12)),(3,((4,5),6))); -7705.9  -2.30087 78.3194 39.0287 28.7959 -7771.68  0.23409 0.231812 0.201413 0.332685 0.0593325  0.284758 0.0648748 0.0153065  0.563056 0.0126716
(1,2,((3,((4,5),6)),((((7,8),9),10),(11,12)))); -7700.08  -1.238 80.2942 38.9946 29.3325 -7769.47 0.231815 0.241724 0.189761   0.3367 0.0382871  0.298392 0.0512615  0.013409  0.584944 0.0137062
(1,2,((3,((4,5),6)),(((((7,8),9),10),11),12))); -7703.24  -2.41809 79.678 38.7147 30.8525 -7772.63 0.232314  0.24778  0.19562 0.324286   0.046653   0.293169    0.05785   0.023034   0.570441 0.00885334
(1,2,((3,((4,5),6)),((((7,8),9),10),(11,12)))); -7696.63  -1.238 78.6467 38.8239 28.7038 -7763.92 0.235422 0.231083 0.198079 0.335416 0.0426665  0.275394 0.0817897 0.0200046  0.569894 0.0102514
(1,(2,(((((7,8),9),10),11),12)),(3,((4,5),6))); -7708.88  -2.30087 73.1892 38.7245 31.5262 -7772.57 0.226847 0.248183 0.199354 0.325616  0.0485587   0.290973  0.0514868  0.0140158   0.585504 0.00946108
(1,(2,((((7,8),9),10),(11,12))),(3,((4,5),6))); -7693.98  -1.12078 81.5759 38.9978 25.9752 -7761.41 0.220068 0.255928 0.189714 0.334289   0.048861   0.287844  0.0666328  0.0130396   0.578755 0.00486812
(1,2,((3,((4,5),6)),((((7,8),9),10),(11,12)))); -7697.38  -1.238 78.5132 38.5387 29.4257 -7765.54  0.22795 0.255763  0.19444 0.321846  0.0517437   0.271879  0.0670207  0.0159199   0.583969 0.00946728
(1,2,((3,((4,5),6)),(((((7,8),9),10),11),12))); -7702.53  -2.41809 79.7684 38.8214 28.1085 -7769.17 0.246367 0.235619  0.20549 0.312524 0.0411113  0.273414 0.0788644 0.0190544  0.579034 0.0085221
(1,(2,(((((7,8),9),10),12),11)),(3,((4,5),6))); -7684.55  -2.63919 81.5096 38.8449 32.7886 -7757.36 0.243577 0.237091 0.195492  0.32384  0.0413724   0.287615  0.0642954  0.0163217   0.580429 0.00996667
(1,(2,((((7,8),9),10),(11,12))),(3,((4,5),6))); -7703.05  -1.12078 70.6528 38.5386 28.7547 -7762.8 0.232358  0.23793 0.204812   0.3249 0.0552892  0.295018  0.069457 0.0184214  0.549996 0.0118186
(1,2,((3,((4,5),6)),((((7,8),9),10),(11,12)))); -7692.38  -1.238 83.3507 38.9029 31.8599 -7767.45 0.233276 0.246638 0.196178 0.323909  0.0454175   0.277735  0.0528689   0.014259   0.601495 0.00822423
(1,(2,((((7,8),9),10),(11,12))),(3,((4,5),6))); -7697.32  -1.12078 80.4523 39.1564 30.6956 -7768.19 0.241961 0.246027 0.183504 0.328509  0.0482604   0.273006  0.0544629  0.0183577   0.597825 0.00808863
(1,(2,(((((7,8),9),10),12),11)),(3,((4,5),6))); -7687.39  -2.63919 83.8462 38.9746 29.6309 -7759.25 0.240335 0.250262   0.1791 0.330303  0.0396019   0.288647  0.0705767  0.0113081   0.583267 0.00659934
(1,(2,((((7,8),9),10),(11,12))),(3,((4,5),6))); -7693.99  -1.12078 77.8689 38.7553 31.5622 -7763.54 0.236324 0.238547 0.201514 0.323614  0.0530542   0.277886   0.061614  0.0176531   0.583436 0.00635686
(1,(2,((((7,8),9),10),(11,12))),(3,((4,5),6))); -7695.05  -1.12078 74.3187 39.4874 31.1357 -7759.9 0.232711 0.236125 0.206154 0.325009 0.0404369  0.293762 0.0707264  0.015436  0.573021 0.0066177
(1,(2,((((7,8),9),10),(11,12))),(3,((4,5),6))); -7690.94  -1.12078 80.171 38.9752 32.3237 -7763.34 0.245134 0.245301  0.18928 0.320285  0.0419055   0.295887  0.0624418  0.0134659   0.577274 0.00902574
(1,(2,((((7,8),9),10),(11,12))),(3,((4,5),6))); -7692.77  -1.12078 77.8095 38.9236 32.1823 -7762.71  0.24564 0.241187 0.191707 0.321466 0.0503312  0.285414  0.057541 0.0175533  0.577964 0.0111962
(1,(2,(((((7,8),9),10),11),12)),(3,((4,5),6))); -7707.09  -2.30087 77.3684 39.1909 27.3011 -7770.27 0.222279 0.244007 0.198766 0.334947 0.0516364  0.290293 0.0530237 0.0158465  0.573267 0.0159335
(1,2,((3,((4,5),6)),(((((7,8),9),10),11),12))); -7709.32  -2.41809 71.3852 38.4454 31.6403 -7771.49 0.235091  0.24583 0.195775 0.323304 0.0386772  0.289584 0.0569117 0.0172364  0.585061 0.0125294
(1,(2,(((((7,8),9),10),11),12)),(3,((4,5),6))); -7696.37  -2.30087 84.6651 38.7617 31.0661 -7771.04 0.239958  0.23709 0.192918 0.330034   0.052375   0.288868  0.0691486  0.0103069    0.57072 0.00858144
(1,2,((3,((4,5),6)),((((7,8),9),10),(11,12)))); -7702.32  -1.238 80.8066 39.0357 30.668 -7773.52 0.237239 0.238552 0.183818 0.340391  0.0442874   0.297191  0.0480708  0.0130186   0.588803 0.00862897
(1,2,((3,((4,5),6)),(((((7,8),9),10),11),12))); -7700.72  -2.41809 84.1614 38.9391 30.2035 -7773.72 0.246464 0.248335   0.1834 0.321801  0.0373934   0.283302  0.0664984  0.0124554   0.591065 0.00928588
(1,2,((3,((4,5),6)),(((((7,8),9),10),11),12))); -7711.44  -2.41809 75.0298 38.4023 27.1356 -7772.78 0.254984 0.243514 0.187792  0.31371  0.0518467   0.271488  0.0705276  0.0203331    0.57661 0.00919505
(1,2,((3,((4,5),6)),(((((7,8),9),10),11),12))); -7703.06  -2.41809 80.5945 38.9993 31.902 -7774.14 0.244431 0.243853 0.186854 0.324862  0.045652  0.281707  0.055293 0.0192487  0.590465 0.0076342
(1,(2,((((7,8),9),10),(11,12))),(3,((4,5),6))); -7692.62  -1.12078 79.0222 39.1284 31.1853 -7762.58 0.241523 0.239502 0.190068 0.328907 0.0379525   0.29222 0.0738298 0.0145205  0.570723 0.0107545
(1,2,((3,((4,5),6)),((((7,8),9),10),(11,12)))); -7692.95  -1.238 85.1944 38.7739 27.6115 -7765.74 0.236322 0.238634  0.19134 0.333704 0.0397908  0.295654 0.0888137 0.0173422  0.550124 0.0082752
