tree logl logTop logBL logPrior logQ logWt pi1 pi2 pi3 pi4 s1 s2 s3 s4 s5 s6
(1,(2,(((((7,8),9),10),11),12)),(3,((4,5),6))); -7707.13  -2.30087 79.3645 38.9111 29.1657 -7774.45 0.232323 0.245615 0.185954 0.336109   0.055189   0.298587  0.0646931  0.0156437   0.560224 0.00566387
(1,2,((3,((4,5),6)),(((((7,8),9),10),11),12))); -7706.68  -2.41809 79.2352 39.3419 29.0289 -7773.18  0.23136 0.236501 0.191557 0.340581 0.0453189  0.282454 0.0724367 0.0226119  0.565614 0.0115644
(1,2,(((3,6),(4,5)),((((7,8),9),10),(11,12)))); -7692.78  -4.62655 83.8949 38.5369 28.1005 -7761.61 0.234594 0.243715 0.201532  0.32016 0.0356635  0.266526 0.0725882 0.0164204  0.599289 0.0095126
(1,2,((3,((4,5),6)),(((((7,8),9),10),11),12))); -7700.4  -2.41809 82.9834 38.8506 30.5618 -7772.68 0.235849 0.240973  0.19654 0.326638  0.0567142   0.289909  0.0526123  0.0180162   0.576907 0.00584145
(1,2,((3,((4,5),6)),((((7,8),9),10),(11,12)))); -7698  -1.238 79.1714 38.5032 31.3537 -7768.79 0.233955  0.23896 0.189289 0.337796  0.0568251   0.286713  0.0567454  0.0137156   0.577061 0.00893952
(1,(2,((((7,8),9),10),(11,12))),(3,((4,5),6))); -7704.46  -1.12078 77.3938 39.2888 30.27 -7771.71 0.239163 0.239626 0.182432  0.33878  0.0415082   0.292848  0.0467765  0.0179363   0.591144 0.00978688
(1,(2,(((((7,8),9),10),11),12)),(3,((4,5),6))); -7709.51  -2.30087 74.1498 38.9332 30.7399 -7773.16 0.245297 0.244349 0.186135 0.324218  0.0548249   0.277465  0.0528741  0.0141141   0.591998 0.00872397
(1,2,((3,((4,5),6)),((((7,8),9),10),(11,12)))); -7693.25  -1.238 80.4125 39.031 31.9101 -7765.3 0.234332 0.245472 0.191755 0.328441  0.0423988   0.291125  0.0760821   0.012921   0.569277 0.00819629
(1,2,((3,((4,5),6)),(((((7,8),9),10),11),12))); -7704.01  -2.41809 77.1536 38.5803 31.7979 -7771.96 0.237834 0.241823 0.201143   0.3192  0.0533629   0.292504   0.052295  0.0123787   0.580501 0.00895851
(1,2,((3,((4,5),6)),((((7,8),9),10),(11,12)))); -7698.23  -1.238 76.4144 38.346 30.2733 -7765.34 0.226026  0.23865 0.205073 0.330251   0.044481   0.300999  0.0574039  0.0120824   0.578023 0.00701064
(1,(2,((((7,8),9),10),(11,12))),(3,((4,5),6))); -7694.35  -1.12078 84.4624 39.3655 27.2354 -7765.56 0.231519 0.250417 0.187072 0.330992  0.0584706   0.288262  0.0663623  0.0194366   0.562615 0.00485333
(1,2,(((3,6),(4,5)),(((((7,8),9),10),12),11))); -7703.29  -6.14497 71.7909 39.2769 31.2812 -7760.94 0.236572 0.242606 0.199491 0.321332  0.0493111   0.274594  0.0532745  0.0194901   0.593759 0.00957126
(1,(2,(((((7,8),9),10),12),11)),(3,((4,5),6))); -7689.9  -2.63919 77.696 38.8731 32.0359 -7758.12 0.228824  0.24514 0.189515 0.336522    0.04675   0.287526  0.0673474  0.0127576   0.577492 0.00812705
(1,(2,((((7,8),9),10),(11,12))),((3,6),(4,5))); -7699.5  -4.50933 78.6111 39.0085 31.8153 -7766.4 0.241557 0.240254 0.189829  0.32836   0.042716   0.301458  0.0570254  0.0188159   0.571838 0.00814664
(1,2,((3,((4,5),6)),((((7,8),9),10),(11,12)))); -7690.29  -1.238 84.9199 38.9416 33.1307 -7768.16 0.242943  0.24703 0.187299 0.322728  0.0447248   0.288442  0.0652503  0.0144481   0.578479 0.00865552
(1,2,((3,((4,5),6)),((((7,8),9),10),(11,12)))); -7693.94  -1.238 82.8652 39.1516 30.3929 -7766.81 0.229213 0.231084 0.206075 0.333628 0.0487358  0.284346 0.0635386 0.0199047  0.573412 0.0100627
(1,(2,(((((7,8),9),10),11),12)),(3,((4,5),6))); -7703.74  -2.30087 81.4947 38.7232 30.8127 -7775.03 0.245966 0.235078 0.189896 0.329061 0.0447415  0.278712 0.0528071 0.0141176   0.59872 0.0109019
(1,(2,(((((7,8),9),10),11),12)),((3,(4,5)),6)); -7713.22  -5.91151 79.3218 38.7778 31.1636 -7779.02 0.231061 0.238675 0.201822 0.328442  0.0366544   0.292444   0.059469  0.0154792   0.589021 0.00693251
(1,(2,((((7,8),9),10),(11,12))),(3,((4,5),6))); -7692.67  -1.12078 81.4314 39.2575 28.8281 -7762.55 0.236934  0.25173 0.204922 0.306414 0.0524161  0.288401  0.052085 0.0200755  0.576852 0.0101701
(1,(2,(((((7,8),9),10),12),11)),(3,((4,5),6))); -7696.6  -2.63919 75.4503 39.3532 29.5019 -7759.56 0.244846 0.230272 0.184432 0.340449 0.0412863  0.286741 0.0562262 0.0133273  0.591352  0.011067
(1,(2,((((7,8),9),10),(11,12))),(3,((4,5),6))); -7690.57  -1.12078 82.1423 38.514 32.1174 -7765.19 0.242119 0.245314 0.182954 0.329614 0.0479997  0.280972 0.0562727 0.0137484  0.590349 0.0106589
(1,(2,((((7,8),9),10),(11,12))),(3,((4,5),6))); -7690.81  -1.12078 80.5432 38.9274 32.1001 -7763.41 0.230445 0.246371 0.197094  0.32609 0.0521683   0.27943 0.0566347 0.0150475  0.586434 0.0102862
(1,(2,((((7,8),9),10),(11,12))),(3,((4,5),6))); -7700.32  -1.12078 73.7789 38.8751 30.1295 -7764.23 0.236806 0.247416 0.187345 0.328434  0.0409717   0.286665  0.0507174  0.0104824   0.603306 0.00785755
(1,2,((3,((4,5),6)),(((((7,8),9),10),12),11))); -7701.37  -2.75641 70.9762 38.8605 29.0519 -7759.78 0.228749 0.251468 0.184121 0.335662  0.0421265   0.276623  0.0525019  0.0174764   0.603266 0.00800622
(1,2,((3,((4,5),6)),(((((7,8),9),10),11),12))); -7705.11  -2.41809 81.1889 39.1723 27.1762 -7771.89 0.228592 0.254516 0.199865 0.317028 0.0528567  0.288984 0.0577116 0.0236403  0.565326 0.0114816
(1,(2,(((((7,8),9),10),12),11)),(3,((4,5),6))); -7696.71  -2.63919 76.7326 38.8284 24.2405 -7756.21 0.243819 0.261407 0.195342 0.299433  0.0397449   0.294054    0.05937  0.0232727   0.575723 0.00783555
(1,2,((3,((4,5),6)),(((((7,8),9),10),11),12))); -7705.05  -2.41809 77.0855 38.5961 28.8475 -7769.97 0.248467 0.233489 0.181322 0.336722  0.0474245   0.288806  0.0650281  0.0172429   0.576223 0.00527508
(1,(2,((((7,8),9),10),(11,12))),((3,(4,5)),6)); -7706.43  -4.73143 79.9666 38.7521 29.1915 -7772.11 0.243563 0.246515 0.188331 0.321591  0.0464487   0.272121  0.0486355   0.018264   0.607056 0.00747511
(1,(2,((((7,8),9),10),(11,12))),(3,((4,5),6))); -7694.79  -1.12078 74.7858 38.4839 31.4549 -7761.43 0.228716 0.243883 0.192954 0.334447  0.0389173   0.287137  0.0692396  0.0134859   0.583553 0.00766736
(1,(2,((((7,8),9),10),(11,12))),(3,((4,5),6))); -7700.71  -1.12078 80.6013 38.578 29.1621 -7770.77 0.232611 0.235681 0.186969 0.344738  0.0447013   0.290728  0.0518882  0.0218664   0.583935 0.00688174
(1,2,((3,((4,5),6)),((((7,8),9),10),(11,12)))); -7698.35  -1.238 78.2874 38.7945 32.3301 -7768.94 0.240157 0.246483 0.189498 0.323862 0.0407318   0.28892 0.0550907 0.0132039  0.591327  0.010727
(1,2,(((3,6),(4,5)),((((7,8),9),10),(11,12)))); -7708.32  -4.62655 73.7511 39.1879 27.1761 -7765.43  0.23305 0.225256 0.214033 0.327661  0.0445094   0.301097  0.0501791  0.0194758   0.577338 0.00740096
(1,(2,((((7,8),9),10),(11,12))),(3,((4,5),6))); -7692.37  -1.12078 80.1921 38.6517 29.0625 -7761.86 0.248787 0.239923 0.194298 0.316993  0.0415662   0.294163  0.0555069  0.0129746   0.590964 0.00482529
(1,2,((3,((4,5),6)),(((((7,8),9),10),11),12))); -7707.82  -2.41809 75.5959 38.6871 30.2634 -7772.58 0.226115 0.247565 0.200902 0.325419  0.0493563   0.279987  0.0694864  0.0180613   0.577038 0.00607108
(1,(2,(((((7,8),9),10),12),11)),(3,((4,5),6))); -7684.99  -2.63919 81.849 39.0076 31.8378 -7757.03 0.228879 0.235125 0.207875  0.32812  0.0492199   0.289608  0.0602405  0.0165101   0.574752 0.00966967
(1,2,((3,((4,5),6)),((((7,8),9),10),(11,12)))); -7698.93  -1.238 80.7082 39.3004 26.8197 -7765.92 0.241412 0.241323 0.191512 0.325753  0.032758  0.290706 0.0681506 0.0209863  0.572875 0.0145239
(1,2,((3,((4,5),6)),(((((7,8),9),10),11),12))); -7707.11  -2.41809 73.9495 38.6986 30.4914 -7770.44 0.237552 0.235356 0.196973  0.33012 0.0573951  0.274264 0.0671336 0.0156515  0.574679 0.0108776
(1,(2,((((7,8),9),10),(11,12))),(3,((4,5),6))); -7689.63  -1.12078 84.0938 38.6598 30.2984 -7764.24 0.232395 0.243079  0.19097 0.333556  0.0586557   0.281877  0.0689132  0.0162231   0.567513 0.00681749
(1,2,((3,((4,5),6)),(((((7,8),9),10),12),11))); -7694.95  -2.75641 76.4187 39.1436 28.9681 -7758.43 0.255167 0.243399 0.184997 0.316437  0.0447919   0.287997  0.0585268  0.0109607   0.588349 0.00937496
(1,2,((3,((4,5),6)),(((((7,8),9),10),12),11))); -7699.32  -2.75641 73.5383 38.4422 29.5292 -7761.19 0.245097  0.24903 0.186258 0.319616 0.0502903  0.292514 0.0461605  0.013551   0.58467 0.0128149
(1,2,((3,((4,5),6)),((((7,8),9),10),(11,12)))); -7691.62  -1.238 85.4168 38.8454 28.9146 -7765.86 0.235286 0.225467 0.202864 0.336384  0.0458767   0.282312  0.0666345  0.0216598   0.574497 0.00901976
(1,2,((3,((4,5),6)),(((((7,8),9),10),11),12))); -7708.69  -2.41809 76.7433 39.0192 25.5006 -7769.49 0.229272 0.256971 0.202422 0.311336 0.0377819  0.307827 0.0672674 0.0118362  0.564969 0.0103187
(1,(2,((((7,8),9),10),(11,12))),(3,((4,5),6))); -7688.71  -1.12078 82.0577 38.9322 32.3976 -7763.11  0.23988 0.241378 0.188094 0.330648 0.0447454  0.278375 0.0637895 0.0163402  0.584635 0.0121149
(1,2,((3,((4,5),6)),((((7,8),9),10),(11,12)))); -7689.58  -1.238 82.2793 38.8545 32.7917 -7764.55  0.23858 0.240052 0.199796 0.321572 0.0451673  0.292248 0.0629806 0.0127507  0.575589 0.0112643
(1,(2,((((7,8),9),10),(11,12))),(3,((4,5),6))); -7692.84  -1.12078 83.3744 39.2558 23.9592 -7759.8 0.250065 0.234786 0.192033 0.323116 0.0584561  0.300289 0.0580793 0.0181362  0.549184 0.0158555
(1,(2,((((7,8),9),10),(11,12))),(3,((4,5),6))); -7694.85  -1.12078 76.5996 38.6947 29.7994 -7761.43  0.23819 0.243676 0.189192 0.328943  0.0417022   0.275503  0.0860488  0.0154643   0.574644 0.00663748
(1,(2,(((((7,8),9),10),11),12)),(3,((4,5),6))); -7697.55  -2.30087 83.5201 38.8936 30.2822 -7770.15 0.247531 0.231961 0.193547 0.326961  0.0486603   0.291456  0.0577681  0.0106285   0.581667 0.00982027
(1,(2,(((((7,8),9),10),12),11)),(3,((4,5),6))); -7690.55  -2.63919 80.4066 38.5917 25.8002 -7755.52 0.255106 0.239838  0.17748 0.327576 0.0557806  0.267889    0.0647 0.0161749  0.588487 0.0069691
(1,2,((3,((4,5),6)),(((((7,8),9),10),11),12))); -7703.96  -2.41809 79.4117 38.8408 32.5112 -7774.62 0.238022  0.24716 0.183631 0.331187 0.0442692  0.292444 0.0621429 0.0176993  0.573244 0.0102002
(1,2,((3,((4,5),6)),((((7,8),9),10),(11,12)))); -7697.42  -1.238 77.1599 38.7145 30.6247 -7765.26 0.243361 0.242856 0.185563  0.32822  0.0544196   0.272164  0.0682804  0.0172753   0.580384 0.00747705
(1,2,((3,((4,5),6)),((((7,8),9),10),(11,12)))); -7700.19  -1.238 78.6524 38.806 31.4367 -7770.24 0.239169  0.24557 0.187776 0.327485  0.0482748    0.28569    0.05453  0.0223217   0.579637 0.00954657
(1,(2,(((((7,8),9),10),11),12)),(3,((4,5),6))); -7714.01  -2.30087 74.1378 38.6293 27.6937 -7774.91 0.248852 0.238739 0.188625 0.323784  0.0438044     0.3053  0.0470203  0.0222505   0.572501 0.00912385
(1,2,((3,((4,5),6)),((((7,8),9),10),(11,12)))); -7700.56  -1.238 77.1791 38.9078 31.7595 -7769.35 0.235578 0.248896 0.185372 0.330153  0.0461818   0.287245  0.0663739  0.0197598   0.573466 0.00697371
(1,2,((3,((4,5),6)),((((7,8),9),10),(11,12)))); -7699.69  -1.238 76.1445 38.7442 31.9572 -7767.81 0.233793 0.248361 0.192975 0.324871  0.0372396   0.290736  0.0586561   0.016407   0.588366 0.00859475
(1,(2,((((7,8),9),10),(11,12))),(3,((4,5),6))); -7699.11  -1.12078 74.3861 38.8062 28.9721 -7762.54 0.231997 0.244274 0.204451 0.319278 0.0453651  0.273509 0.0680842 0.0201042   0.57845 0.0144872
(1,(2,(((((7,8),9),10),12),11)),((3,(4,5)),6)); -7697.45  -6.24984 79.6078 38.9988 32.3645 -7764.17 0.238504 0.252871 0.187382 0.321244  0.0435637   0.284769  0.0620651  0.0134506   0.587081 0.00907109
(1,2,(((3,(4,5)),6),(((((7,8),9),10),12),11))); -7702.44  -6.36706 79.7115 38.6144 27.571 -7764.74 0.232892 0.254441 0.179581 0.333086  0.0579972   0.291968  0.0527399  0.0108165    0.57701 0.00946813
(1,2,((3,((4,5),6)),((((7,8),9),10),(11,12)))); -7700.9  -1.238 75.4873 39.1752 29.3381 -7765.31 0.240014 0.247967 0.193262 0.318757 0.0470487   0.26402 0.0600272 0.0164809   0.60135 0.0110734
(1,2,((3,((4,5),6)),(((((7,8),9),10),11),12))); -7704.18  -2.41809 78.075 38.5086 29.2143 -7770.54 0.249681 0.241977 0.185325 0.323017  0.0512706    0.27843  0.0637726  0.0103474   0.589427 0.00675244
(1,(2,((((7,8),9),10),(11,12))),(3,((4,5),6))); -7693.55  -1.12078 78.8767 38.8413 32.5543 -7765.02 0.229313 0.239743 0.192324  0.33862  0.0433501   0.288962  0.0598838  0.0146689   0.584198 0.00893756
(1,2,((3,((4,5),6)),((((7,8),9),10),(11,12)))); -7694.62  -1.238 78.6291 38.6564 32.6594 -7766.01 0.236209 0.242394 0.196713 0.324683 0.0472651  0.294244 0.0659614  0.015483  0.565411 0.0116351
(1,(2,((((7,8),9),10),(11,12))),(3,((4,5),6))); -7696.53  -1.12078 81.2131 38.752 31.1228 -7768.99 0.238769 0.243401 0.183497 0.334333  0.0538256   0.292267  0.0507931   0.014432   0.581752 0.00693022
(1,2,((3,((4,5),6)),(((((7,8),9),10),11),12))); -7703.87  -2.41809 78.5163 39.0234 29.705 -7770.65 0.230452 0.241371 0.201811 0.326367  0.0598502   0.282573  0.0545499  0.0116531   0.582141 0.00923235
(1,(2,((((7,8),9),10),(11,12))),(3,((4,5),6))); -7696.9  -1.12078 75.3599 39.1605 30.229 -7762.2 0.238698 0.244794 0.199503 0.317005  0.0439464   0.273354  0.0504589  0.0170586   0.606969 0.00821328
(1,(2,(((((7,8),9),10),11),12)),(3,((4,5),6))); -7709.56  -2.30087 77.2828 38.8786 27.2516 -7772.91 0.229158 0.232302 0.202893 0.335647 0.0535014  0.280294 0.0634552 0.0247913  0.567143 0.0108153
(1,(2,((((7,8),9),10),(11,12))),(3,((4,5),6))); -7694.45  -1.12078 81.4648 39.2012 24.5321 -7760.12 0.223344 0.229995 0.214349 0.332312  0.0471587   0.287091  0.0534477 0.00824715   0.597046 0.00700922
(1,2,((3,((4,5),6)),((((7,8),9),10),(11,12)))); -7698.09  -1.238 77.1483 39.4632 30.2751 -7764.81 0.236192 0.237825 0.208632 0.317351  0.0425627   0.285973  0.0557494  0.0112975   0.597891 0.00652722
(1,2,((3,((4,5),6)),(((((7,8),9),10),12),11))); -7697.25  -2.75641 76.9164 38.8578 26.4124 -7758.97 0.240646 0.239581 0.189115 0.330659 0.0607462  0.273851  0.070951 0.0195502  0.560546 0.0143555
(1,(2,((((7,8),9),10),(11,12))),(3,((4,5),6))); -7692.1  -1.12078 79.4006 38.9061 27.8423 -7759.32 0.239012 0.240756 0.182886 0.337346  0.0451596   0.268962  0.0781475   0.012392   0.589936 0.00540269
(1,(2,((((7,8),9),10),(11,12))),(3,((4,5),6))); -7691.32  -1.12078 79.5212 39.0876 29.079 -7759.71 0.226132 0.237565 0.204542 0.331761 0.0462588  0.272612 0.0720715 0.0168108  0.578891 0.0133567
(1,2,((3,((4,5),6)),((((7,8),9),10),(11,12)))); -7698.91  -1.238 80.3712 38.9659 30.8924 -7769.97 0.245199 0.250495  0.18712 0.317186  0.0429288   0.292397  0.0576285  0.0205728    0.57806 0.00841358
(1,2,((3,((4,5),6)),((((7,8),9),10),(11,12)))); -7696.95  -1.238 79.4469 38.5924 29.4003 -7765.97 0.230734 0.240927  0.20381 0.324529 0.0596769  0.283952 0.0506509 0.0125287  0.582762   0.01043
(1,2,((3,((4,5),6)),((((7,8),9),10),(11,12)))); -7701.79  -1.238 75.1057 38.7481 32.1216 -7769.03 0.242527 0.243973 0.184427 0.329073  0.0537901   0.289243  0.0608375  0.0164317   0.570095 0.00960237
(1,(2,(((((7,8),9),10),11),12)),(3,((4,5),6))); -7697.77  -2.30087 84.0987 38.7232 32.9431 -7773.78 0.233205 0.243454 0.196482  0.32686  0.0477148    0.28409  0.0666332  0.0189985   0.573562 0.00900133
(1,2,((3,((4,5),6)),((((7,8),9),10),(11,12)))); -7697.98  -1.238 78.5724 38.5695 32.3729 -7769.12 0.237382 0.242699 0.185005 0.334914 0.0494422  0.282796 0.0601245 0.0156263  0.580183 0.0118276
(1,2,(((3,6),(4,5)),((((7,8),9),10),(11,12)))); -7697.39  -4.62655 78.2342 38.5296 31.7415 -7764.21 0.239607  0.23146 0.191164 0.337769 0.0473147  0.282403 0.0656577 0.0156863   0.57802 0.0109184
(1,2,(((3,6),(4,5)),((((7,8),9),10),(11,12)))); -7692.58  -4.62655 81.6846 38.9049 33.425 -7764.16 0.240576 0.238814 0.199834 0.320776  0.0451316   0.288195  0.0619818   0.014314   0.582263 0.00811426
(1,2,((3,((4,5),6)),((((7,8),9),10),(11,12)))); -7693.99  -1.238 81.7895 38.9462 32.6072 -7768.2 0.236965 0.241254 0.185429 0.336352  0.0485737   0.290014  0.0662644  0.0131279   0.573794 0.00822593
(1,(2,(((((7,8),9),10),12),11)),(3,((4,5),6))); -7697.13  -2.63919 71.4656 38.8585 30.802 -7757.9 0.235453 0.230423  0.20699 0.327134  0.0499169   0.291994  0.0533035  0.0174307   0.580466 0.00688859
(1,2,((3,((4,5),6)),((((7,8),9),10),(11,12)))); -7695.73  -1.238 82.4779 38.8706 30.4027 -7768.51 0.237213 0.248188 0.192608 0.321991 0.0492215  0.298232 0.0712068 0.0180506  0.552454 0.0108357
(1,2,((3,((4,5),6)),((((7,8),9),10),(11,12)))); -7696.08  -1.238 82.2689 38.8535 31.8852 -7770.14 0.245284 0.245049  0.17926 0.330407  0.0478593   0.290458  0.0581765  0.0147145   0.581289 0.00750246
(1,2,((3,((4,5),6)),(((((7,8),9),10),11),12))); -7704.49  -2.41809 79.4717 39.0675 29.6422 -7772.12 0.243958  0.24827 0.193633 0.314139 0.0517877  0.280186 0.0708895 0.0187466  0.565502 0.0128877
(1,2,((3,((4,5),6)),((((7,8),9),10),(11,12)))); -7696.57  -1.238 79.2341 38.8437 31.4448 -7767.17 0.241469 0.234239 0.187382 0.336909   0.052607   0.280152  0.0665243   0.014905   0.575887 0.00992411
(1,(2,(((((7,8),9),10),11),12)),(3,((4,5),6))); -7697.89  -2.30087 82.8702 38.9089 32.702 -7772.25 0.235566 0.239208 0.191554 0.333672 0.0498886   0.28298 0.0656881 0.0164731  0.578263 0.0067073
(1,2,((3,((4,5),6)),(((((7,8),9),10),11),12))); -7703.87  -2.41809 78.2171 38.4073 30.1821 -7771.44 0.243621 0.245503 0.200979 0.309897  0.0477761   0.276106  0.0576184  0.0198955   0.591041 0.00756262
(1,2,(((3,(4,5)),6),((((7,8),9),10),(11,12)))); -7712.3  -4.84865 74.1772 39.1755 30.2319 -7772.69 0.237418 0.228702 0.195701 0.338179    0.05033   0.290883  0.0539161  0.0199271   0.575878 0.00906671
(1,(2,(((((7,8),9),10),11),12)),(3,((4,5),6))); -7707.28  -2.30087 73.3022 38.9824 33.6332 -7772.93  0.23637 0.240343 0.194206  0.32908  0.0484366   0.290163  0.0571325  0.0165342   0.579508 0.00822564
(1,2,((3,((4,5),6)),(((((7,8),9),10),12),11))); -7690.63  -2.75641 77.9436 39.0254 29.5321 -7756.33 0.230686 0.227654 0.199805 0.341856  0.0477719   0.290702  0.0563492  0.0113006   0.585454 0.00842193
(1,(2,((((7,8),9),10),(11,12))),(3,((4,5),6))); -7705.94  -1.12078 67.9577 38.3283 30.6424 -7765.09 0.240252 0.255667 0.183622 0.320459 0.0525832  0.286122 0.0534446 0.0159912  0.581657 0.0102019
(1,(2,(((((7,8),9),10),12),11)),(3,((4,5),6))); -7691.66  -2.63919 81.9422 39.125 29.0633 -7760.9 0.235523  0.23493 0.190889 0.338659 0.0399791  0.274929 0.0640962 0.0214481  0.587243 0.0123045
(1,2,((3,((4,5),6)),((((7,8),9),10),(11,12)))); -7697.63  -1.238 76.2693 38.9913 29.3937 -7763.07 0.236117 0.253854 0.206463 0.303566  0.0484593   0.286778   0.063254  0.0178517   0.573919 0.00973811
(1,(2,(((((7,8),9),10),12),11)),(3,((4,5),6))); -7682.36  -2.63919 83.473 38.9096 32.3871 -7756.67 0.233927 0.242248 0.206074 0.317751 0.0438353  0.290349 0.0561154 0.0168735  0.582172 0.0106545
(1,2,((3,((4,5),6)),((((7,8),9),10),(11,12)))); -7696.35  -1.238 75.574 38.3442 32.078 -7764.42 0.237054 0.237213 0.193149 0.332584 0.0490711  0.275271 0.0720901 0.0151415  0.577975 0.0104511
(1,(2,((((7,8),9),10),(11,12))),(3,((4,5),6))); -7693.42  -1.12078 81.098 38.9542 30.9026 -7765.34 0.239922 0.250454 0.192773 0.316851  0.0377608   0.290967  0.0529683  0.0140559   0.596207 0.00804113
(1,(2,(((((7,8),9),10),11),12)),(3,((4,5),6))); -7701.05  -2.30087 83.1093 38.7971 32.4907 -7775.55 0.239332 0.248257 0.186926 0.325485  0.0416444   0.292462  0.0562822  0.0182856   0.582289 0.00903651
(1,2,((3,((4,5),6)),((((7,8),9),10),(11,12)))); -7691.3  -1.238 83.6009 38.9638 30.1678 -7764.86 0.236931 0.246746 0.187053 0.329269 0.0448224  0.281894  0.064619 0.0102802  0.584569 0.0138156
(1,2,((3,((4,5),6)),((((7,8),9),10),(11,12)))); -7697.59  -1.238 79.7666 39.6209 31.2415 -7767.74 0.231848 0.239563  0.20112 0.327469 0.0428202  0.275861 0.0556254 0.0179203  0.596452 0.0113218
(1,(2,((((7,8),9),10),(11,12))),(3,((4,5),6))); -7702.77  -1.12078 70.9023 39.0371 31.8542 -7765.37  0.24553 0.237775 0.192208 0.324488  0.0473217   0.300256  0.0526129  0.0154021   0.575956 0.00845189
(1,2,(((3,6),(4,5)),(((((7,8),9),10),12),11))); -7686.65  -6.14497 82.5783 39.0353 32.3495 -7756.4 0.230411 0.246897 0.200791 0.321902 0.0487233  0.281353  0.067149 0.0131394  0.581149  0.008486
(1,(2,((((7,8),9),10),(11,12))),(3,((4,5),6))); -7700.07  -1.12078 80.9408 38.5181 22.2642 -7763.64 0.216979 0.261054 0.183224 0.338744   0.051393   0.284429  0.0773832  0.0119224   0.566199 0.00867314
(1,(2,((((7,8),9),10),(11,12))),(3,((4,5),6))); -7692.13  -1.12078 79.5899 39.0026 32.3815 -7763.97 0.243807 0.243591 0.192031 0.320571 0.0442709   0.28991 0.0522886  0.015672  0.586509 0.0113495
(1,(2,(((((7,8),9),10),12),11)),(3,((4,5),6))); -7688.86  -2.63919 79.5082 38.7372 30.5442 -7757.53  0.23253 0.250959 0.197862 0.318649  0.0391368   0.291701  0.0650613  0.0177652   0.580425 0.00591009
(1,2,((3,((4,5),6)),(((((7,8),9),10),12),11))); -7689.3  -2.75641 78.9904 38.9451 30.1574 -7756.75 0.241338   0.2451 0.199716 0.313847  0.0407382   0.283513  0.0717812  0.0218261   0.574475 0.00766703
(1,(2,(((((7,8),9),10),11),12)),(3,((4,5),6))); -7699.05  -2.30087 81.84 38.639 28.4819 -7768.44 0.245157 0.224504  0.20767 0.322669 0.0427447  0.282361 0.0578509 0.0158512  0.589785 0.0114076
(1,2,((3,((4,5),6)),((((7,8),9),10),(11,12)))); -7697.57  -1.238 79.9522 38.6902 30.6217 -7768.21 0.243991 0.244641  0.20063 0.310738  0.0427548   0.293919  0.0521148  0.0198536   0.582052 0.00930582
(1,(2,((((7,8),9),10),(11,12))),(3,((4,5),6))); -7695.76  -1.12078 77.3807 39.0889 26.0634 -7758.99 0.237394 0.236112 0.223856 0.302638  0.0431323    0.28235  0.0651362  0.0202131   0.581942 0.00722612
(1,(2,((((7,8),9),10),(11,12))),(3,((4,5),6))); -7696.23  -1.12078 81.1516 38.9831 25.3761 -7762.65 0.218097 0.248176 0.206921 0.326806 0.0527269  0.279514 0.0511565 0.0182272  0.584551 0.0138248
(1,(2,((((7,8),9),10),(11,12))),(3,((4,5),6))); -7689.55  -1.12078 80.2588 39.1807 30.0273 -7759.53 0.234353  0.24676 0.199175 0.319713   0.054246   0.301781  0.0636786  0.0117054   0.560217 0.00837271
(1,2,(((3,(4,5)),6),(((((7,8),9),10),12),11))); -7694.14  -6.36706 83.3214 39.0875 31.4564 -7763.46 0.233895 0.239707  0.19357 0.332829 0.0518386  0.277681 0.0629972 0.0190156  0.582119  0.006349
(1,2,((3,((4,5),6)),(((((7,8),9),10),11),12))); -7706.26  -2.41809 77.8295 38.8938 29.6705 -7772.45 0.233669 0.246821 0.195929  0.32358   0.043083   0.307722   0.054168  0.0100772    0.57589 0.00905904
(1,(2,((((7,8),9),10),(11,12))),(3,((4,5),6))); -7693.51  -1.12078 75.4196 39.1226 32.1416 -7760.83 0.240919 0.244382 0.199773 0.314926  0.0452293   0.282944  0.0647886  0.0162155   0.584638 0.00618473
(1,(2,((((7,8),9),10),(11,12))),(3,((4,5),6))); -7686.91  -1.12078 82.9628 38.8651 32.432 -7762.32 0.239372 0.249005 0.193195 0.318428 0.0463002  0.283347 0.0715527 0.0157486  0.572433  0.010618
(1,(2,((((7,8),9),10),(11,12))),(3,((4,5),6))); -7695.52  -1.12078 75.6545 39.2634 30.7939 -7761.58  0.22975 0.234056 0.214504 0.321691 0.0417266  0.287188 0.0591819 0.0158728  0.586932 0.0090989
(1,2,((3,((4,5),6)),((((7,8),9),10),(11,12)))); -7696.98  -1.238 81.1815 38.8427 28.9686 -7767.05 0.234148  0.23066 0.209007 0.326185  0.0537717   0.274048  0.0537524  0.0178681    0.59315 0.00741039
(1,2,((3,((4,5),6)),((((7,8),9),10),(11,12)))); -7693.49  -1.238 82.6416 38.9953 29.8676 -7765.77 0.236774 0.249752 0.181851 0.331622  0.042213  0.271984 0.0753085 0.0131081  0.586961 0.0104254
(1,(2,((((7,8),9),10),(11,12))),(3,((4,5),6))); -7691.86  -1.12078 77.0314 38.6842 28.3389 -7757.43 0.240935 0.245815 0.199424 0.313826 0.0448924  0.289218 0.0636979  0.011566  0.573559 0.0170667
(1,2,((3,((4,5),6)),((((7,8),9),10),(11,12)))); -7697.48  -1.238 79.1085 39.0256 30.8292 -7767.15 0.226969 0.237967 0.203637 0.331427  0.0434253     0.2938  0.0534595  0.0149334   0.588274 0.00610756
(1,2,((3,((4,5),6)),(((((7,8),9),10),11),12))); -7703.6  -2.41809 78.2896 38.5355 32.8947 -7773.83 0.231248 0.242683 0.191129  0.33494  0.0452143   0.288973  0.0570424  0.0151814   0.586246 0.00734215
(1,2,((3,((4,5),6)),((((7,8),9),10),(11,12)))); -7693.05  -1.238 79.7356 38.8895 32.415 -7765.07 0.240992 0.244927 0.195745 0.318335  0.0430399   0.280186  0.0651439  0.0173235   0.587428 0.00687908
(1,(2,((((7,8),9),10),(11,12))),(3,((4,5),6))); -7685.91  -1.12078 84.6025 38.8209 32.8943 -7763.46 0.236481 0.241319 0.192557 0.329643  0.0518519   0.284298  0.0694202  0.0138593   0.572193 0.00837785
(1,(2,((((7,8),9),10),(11,12))),(3,((4,5),6))); -7693.03  -1.12078 80.7068 38.795 24.8737 -7758.69 0.242906 0.248054 0.214245 0.294795 0.0385617  0.285548 0.0578778 0.0206282  0.586919 0.0104656
(1,2,((3,((4,5),6)),(((((7,8),9),10),11),12))); -7699.99  -2.41809 81.4058 38.8683 32.9928 -7773.11 0.235107 0.241604 0.194284 0.329005  0.0422045   0.290656  0.0616077  0.0191598   0.578214 0.00815841
(1,(2,((((7,8),9),10),(11,12))),(3,((4,5),6))); -7697.35  -1.12078 75.3231 38.9927 30.3173 -7762.88 0.226541 0.242504  0.20877 0.322185 0.0480788  0.278048 0.0657886 0.0179646  0.578151 0.0119685
(1,(2,((((7,8),9),10),(11,12))),(3,((4,5),6))); -7690.4  -1.12078 79.834 38.8001 32.2603 -7762.58 0.232484 0.234584 0.195026 0.337906 0.0465659  0.290056 0.0608674 0.0130918  0.578795 0.0106239
(1,2,((3,((4,5),6)),(((((7,8),9),10),11),12))); -7704.82  -2.41809 82.6366 39.0037 30.906 -7776.94 0.233758 0.240538 0.194999 0.330705  0.0472033   0.297171  0.0447149  0.0166483   0.587602 0.00666118
(1,(2,((((7,8),9),10),(11,12))),(3,((4,5),6))); -7694.44  -1.12078 80.7066 39.0345 31.1132 -7766.11 0.243941  0.23374 0.190201 0.332118  0.0509318   0.286877   0.057176  0.0195043   0.578486 0.00702458
(1,(2,(3,((4,5),6))),(((((7,8),9),10),12),11)); -7699.48  -9.46454 77.2424 38.8191 28.8478 -7757.29 0.241483 0.237287 0.206898 0.314333  0.0460895   0.288664  0.0767234 0.00989112   0.568011  0.0106218
(1,(2,((((7,8),9),10),(11,12))),(3,((4,5),6))); -7702.44  -1.12078 77.6041 39.0609 28.3668 -7768.23 0.248492  0.24717 0.173781 0.330558  0.0431277   0.304569  0.0650647  0.0145047   0.563175 0.00955946
(1,(2,((((7,8),9),10),(11,12))),(3,((4,5),6))); -7691.54  -1.12078 82.1981 39.2539 32.3717 -7765.74 0.234949 0.242369  0.19121 0.331472   0.048453   0.276486  0.0545649  0.0165451   0.595037 0.00891417
(1,2,((3,((4,5),6)),((((7,8),9),10),(11,12)))); -7696.86  -1.238 78.3466 39.3207 32.2909 -7766.94 0.231738 0.240101  0.19236 0.335801 0.0405536  0.293425 0.0639837 0.0135993  0.578142  0.010296
(1,2,((3,((4,5),6)),(((((7,8),9),10),12),11))); -7687.49  -2.75641 81.3561 39.0302 32.0094 -7759.07 0.236193 0.235417  0.20978  0.31861  0.043541  0.287231 0.0611424 0.0158436  0.581636 0.0106054
(1,2,((3,((4,5),6)),(((((7,8),9),10),11),12))); -7699.92  -2.41809 80.9446 38.0679 30.862 -7771.24 0.241604 0.250552  0.19358 0.314264 0.0482233  0.289287 0.0536799 0.0123548  0.583974 0.0124812
(1,2,((3,((4,5),6)),(((((7,8),9),10),11),12))); -7699.46  -2.41809 82.0361 38.8809 32.9 -7773.1 0.236406 0.240072 0.193738 0.329784 0.0497275  0.287736 0.0625695 0.0115482  0.580106 0.0083132
(1,2,(((3,(4,5)),6),((((7,8),9),10),(11,12)))); -7706.1  -4.84865 73.8393 38.7032 29.022 -7765.41 0.225139  0.24569 0.205348 0.323823  0.0512974   0.293131  0.0611766  0.0111728   0.577584 0.00563782
(1,(2,(((((7,8),9),10),12),11)),(3,((4,5),6))); -7686.65  -2.63919 80.4819 39.2973 31.9188 -7757.11 0.245679 0.239283 0.190969 0.324069  0.0531739   0.289585  0.0619591  0.0124965   0.573567 0.00921813
(1,(2,(((((7,8),9),10),12),11)),(3,((4,5),6))); -7686.73  -2.63919 79.7739 38.8683 30.2385 -7755.24 0.248911 0.246353  0.19695 0.307786  0.0489005   0.282029  0.0600818  0.0124681   0.588538 0.00798296
(1,(2,((((7,8),9),10),(11,12))),(3,((4,5),6))); -7687.36  -1.12078 83.5803 38.9366 30.9258 -7761.8 0.231645 0.245014 0.200907 0.322434 0.0583767  0.279901 0.0646719 0.0159901  0.572865 0.0081954
(1,(2,((((7,8),9),10),(11,12))),(3,((4,5),6))); -7692.02  -1.12078 78.0094 39.0852 32.3882 -7762.22 0.230777 0.243426 0.198024 0.327773 0.0449747  0.291346   0.06193 0.0113878  0.580071  0.010291
(1,2,((3,((4,5),6)),((((7,8),9),10),(11,12)))); -7697.7  -1.238 79.1623 39.1207 31.6736 -7768.17 0.239787 0.242776 0.194629 0.322808  0.0544817   0.280804  0.0715642  0.0160076   0.570273 0.00686927
(1,(2,(((((7,8),9),10),12),11)),(3,((4,5),6))); -7683.9  -2.63919 84.7412 39.3038 30.3481 -7757.04 0.242226 0.245566 0.195966 0.316243 0.0433421  0.285959 0.0779703 0.0126255  0.567642 0.0124613
(1,(2,((((7,8),9),10),(11,12))),(3,((4,5),6))); -7692.87  -1.12078 80.6186 38.5455 28.3107 -7762.13 0.237508 0.244597  0.19878 0.319115  0.0315077   0.295185  0.0588251  0.0155922   0.592684 0.00620605
(1,2,(((3,6),(4,5)),(((((7,8),9),10),12),11))); -7698.93  -6.14497 71.8152 39.0033 30.2835 -7755.88 0.247277 0.239659 0.190616 0.322448  0.055978  0.272816 0.0678234 0.0155745  0.578466 0.0093415
(1,2,((3,((4,5),6)),(((((7,8),9),10),12),11))); -7693.28  -2.75641 75.6861 38.8865 33.3659 -7760.69 0.242749 0.238066 0.192709 0.326476  0.0445949   0.291129  0.0631417   0.016079   0.576363 0.00869219
(1,(2,((((7,8),9),10),(11,12))),(3,((4,5),6))); -7690.31  -1.12078 79.5492 38.7377 29.5613 -7759.56 0.238041 0.249205 0.186345 0.326408 0.0429492  0.277967 0.0682486 0.0126006   0.58287 0.0153645
(1,(2,((((7,8),9),10),(11,12))),(3,((4,5),6))); -7695.27  -1.12078 80.2572 38.7133 29.1503 -7764.84 0.236147 0.231425 0.186412 0.346016  0.0503573   0.283364  0.0673106  0.0164537   0.577019 0.00549476
(1,2,((3,((4,5),6)),(((((7,8),9),10),11),12))); -7698.7  -2.41809 80.932 38.9367 30.9939 -7769.27  0.24078 0.234815 0.199079 0.325326  0.0555458   0.296888  0.0586718   0.013718   0.565353 0.00982305
(1,(2,((((7,8),9),10),(11,12))),(3,((4,5),6))); -7694.67  -1.12078 77.3709 38.7639 31.3202 -7763.47 0.245308 0.235634 0.185063 0.333995   0.048201   0.290925  0.0686515  0.0153507   0.569909 0.00696262
(1,(2,(((((7,8),9),10),12),11)),(3,((4,5),6))); -7693.68  -2.63919 75.8609 39.2941 30.8755 -7758.48 0.233121  0.24706  0.19177 0.328048 0.0407095  0.296501 0.0729385 0.0143306  0.563749 0.0117713
(1,2,((3,((4,5),6)),(((((7,8),9),10),11),12))); -7702.04  -2.41809 80.1032 38.6191 28.7683 -7769.88  0.24033 0.243424 0.204976 0.311271  0.0613975   0.279814  0.0556637  0.0170052   0.576422 0.00969703
(1,(2,((((7,8),9),10),(11,12))),(3,((4,5),6))); -7694.71  -1.12078 74.7434 38.9749 29.5067 -7758.86 0.242359 0.238146  0.19942 0.320075  0.0528066   0.307711  0.0616814  0.0144263   0.555308 0.00806664
(1,(2,((((7,8),9),10),(11,12))),(3,((4,5),6))); -7688.51  -1.12078 82.5355 38.8495 30.485 -7761.56 0.231621 0.244146 0.205094 0.319139  0.0390418   0.284639  0.0603369  0.0137209   0.596427 0.00583479
(1,(2,(((((7,8),9),10),11),12)),(3,((4,5),6))); -7705.56  -2.30087 75.4831 39.3416 30.0799 -7769.48 0.242521 0.243653 0.209699 0.304128  0.0467024   0.286044  0.0574258  0.0181477   0.582942 0.00873785
(1,2,((3,((4,5),6)),(((((7,8),9),10),12),11))); -7689.69  -2.75641 83.0714 38.7409 28.4062 -7759.67 0.247643 0.247307 0.185088 0.319963  0.0547418   0.298863  0.0493297  0.0160097   0.575509 0.00554707
(1,2,((3,((4,5),6)),((((7,8),9),10),(11,12)))); -7696.87  -1.238 82.7874 38.9748 28.2902 -7767.74 0.228158 0.251517 0.184481 0.335844  0.0379228   0.277473  0.0535968  0.0165509   0.605838 0.00861928
(1,2,((3,((4,5),6)),((((7,8),9),10),(11,12)))); -7706.58  -1.238 68.2128 38.1512 30.6297 -7766.03 0.234594 0.239226 0.189235 0.336944 0.0531947  0.301784 0.0594615 0.0138248  0.561273 0.0104626
(1,2,((3,((4,5),6)),(((((7,8),9),10),12),11))); -7688.61  -2.75641 78.7816 39.0203 33.3196 -7758.94 0.236394  0.23751  0.19823 0.327867  0.0439057   0.292284  0.0598684  0.0166442   0.579764 0.00753458
(1,2,((3,((4,5),6)),(((((7,8),9),10),12),11))); -7687.75  -2.75641 78.7954 38.6572 30.86 -7756 0.241436 0.245233 0.199712  0.31362 0.0369574  0.296323 0.0645076 0.0160423  0.575801 0.0103685
(1,2,((3,((4,5),6)),((((7,8),9),10),(11,12)))); -7699.55  -1.238 79.3626 38.7826 29.5424 -7768.43 0.240007 0.237318  0.18719 0.335485 0.0454533  0.278761 0.0754501 0.0207049  0.567084 0.0125465
(1,2,((3,((4,5),6)),(((((7,8),9),10),12),11))); -7685.41  -2.75641 84.2437 38.5725 29.1882 -7757.51 0.233866 0.244527 0.200063 0.321544 0.0424299  0.296961 0.0689039 0.0137176  0.562279 0.0157086
(1,2,((3,((4,5),6)),((((7,8),9),10),(11,12)))); -7709.39  -1.238 66.7314 39.1192 31.6748 -7767.44  0.23757 0.247563 0.181602 0.333265  0.0454148   0.282537   0.074313  0.0168193   0.571616 0.00930052
(1,(2,(((((7,8),9),10),11),12)),(3,((4,5),6))); -7709.69  -2.30087 79.2186 38.5811 26.2184 -7774.25 0.228775 0.260083 0.186319 0.324822   0.038434   0.291189  0.0641036  0.0208999   0.580045 0.00532799
(1,(2,(((((7,8),9),10),11),12)),((3,(4,5)),6)); -7706.71  -5.91151 85.0887 39.232 32.233 -7778.89 0.232005  0.23708 0.191858 0.339057 0.0423817    0.2862  0.065339  0.014183  0.581156 0.0107401
(1,(2,(((((7,8),9),10),11),12)),(3,((4,5),6))); -7704.54  -2.30087 78.2475 38.608 29.8061 -7771.68 0.247364 0.230886 0.194359 0.327391 0.0444907  0.277647  0.053168 0.0140868  0.599975 0.0106321
(1,2,((3,((4,5),6)),(((((7,8),9),10),11),12))); -7702.63  -2.41809 81.6843 39.2207 30.1454 -7772.82 0.250984  0.24841 0.188839 0.311767  0.0416414   0.288753  0.0632391  0.0125135   0.585898 0.00795575
(1,2,((3,((4,5),6)),((((7,8),9),10),(11,12)))); -7696.48  -1.238 83.2056 39.2172 28.2173 -7767.45 0.231198 0.234322 0.195272 0.339208 0.0409492  0.280509 0.0607157 0.0206644  0.581896 0.0152657
(1,(2,(((((7,8),9),10),12),11)),(3,((4,5),6))); -7687.91  -2.63919 80.7713 39.2823 29.2496 -7756.01 0.238209 0.229431 0.198082 0.334277  0.0485943   0.266189  0.0694361  0.0168984   0.589539 0.00934345
(1,(2,(((((7,8),9),10),12),11)),(3,((4,5),6))); -7698.2  -2.63919 81.0381 39.1132 24.3367 -7761.82 0.220514 0.231914 0.201823 0.345749  0.0453024   0.287475  0.0408234  0.0124648   0.605135 0.00879994
(1,(2,((((7,8),9),10),(11,12))),(3,((4,5),6))); -7696.96  -1.12078 79.9689 38.8442 27.8868 -7764.85 0.227729 0.235871 0.187081  0.34932  0.0554106   0.272315  0.0620223  0.0173281   0.584192 0.00873177
(1,(2,(((((7,8),9),10),12),11)),(3,((4,5),6))); -7693.43  -2.63919 77.2415 38.7658 30.8623 -7760.13 0.223543 0.243042 0.195701 0.337714  0.0511649   0.285643  0.0559703  0.0146287    0.58436 0.00823305
(1,(2,((((7,8),9),10),(11,12))),(3,((4,5),6))); -7697.9  -1.12078 77.3544 38.6827 28.2022 -7763.65  0.23203 0.234102 0.199549 0.334319 0.0425392   0.28569 0.0438822 0.0113126  0.605009 0.0115668
(1,(2,(((((7,8),9),10),12),11)),(3,((4,5),6))); -7685.44  -2.63919 81.7989 38.7955 28.6891 -7754.49 0.238257 0.244861 0.203908 0.312974 0.0403815  0.282498 0.0583165 0.0116108   0.59203 0.0151634
(1,2,((3,((4,5),6)),((((7,8),9),10),(11,12)))); -7691.32  -1.238 83.7965 39.4375 31.9498 -7766.39 0.236448 0.236974 0.195323 0.331255  0.0472527   0.274185  0.0745029  0.0162485   0.578084 0.00972688
(1,2,((3,((4,5),6)),((((7,8),9),10),(11,12)))); -7699.43  -1.238 74.2225 38.9575 28.7525 -7762.21 0.240588 0.245811  0.19145 0.322151  0.0440132    0.29933  0.0743166  0.0118943   0.565772 0.00467379
(1,2,((3,((4,5),6)),(((((7,8),9),10),12),11))); -7691.41  -2.75641 79.715 38.4774 28.6753 -7758.57 0.229477 0.245822 0.194164 0.330537  0.0467723   0.288455  0.0562051 0.00841504   0.587543  0.0126099
(1,(2,(((((7,8),9),10),11),12)),(3,((4,5),6))); -7714.82  -2.30087 73.3815 38.9774 30.5917 -7777.51  0.24047 0.248749 0.175749 0.335031 0.0464575    0.2965 0.0616514 0.0156811  0.568693 0.0110169
(1,(2,((((7,8),9),10),(11,12))),(3,((4,5),6))); -7693.44  -1.12078 79.8663 39.3323 28.1654 -7761.02 0.237809 0.249854 0.194674 0.317664  0.0628764    0.28012  0.0727366  0.0144716   0.562376 0.00741939
(1,(2,((((7,8),9),10),(11,12))),(3,((4,5),6))); -7694  -1.12078 82.1997 39.0667 31.4786 -7767.49 0.231563 0.245448 0.186649  0.33634  0.0495227   0.300946   0.057018  0.0149511   0.569333 0.00822928
(1,2,((3,((4,5),6)),(((((7,8),9),10),11),12))); -7717.2  -2.41809 78.662 38.1471 24.6478 -7779.95 0.239601 0.244844 0.166433 0.349121  0.0362386   0.295864  0.0565932  0.0203647   0.582795 0.00814472
(1,(2,((((7,8),9),10),(11,12))),(3,((4,5),6))); -7694.97  -1.12078 73.6595 39.0141 31.0221 -7759.52  0.23072 0.236311 0.201132 0.331836  0.0498999   0.295459  0.0685281  0.0120394    0.56691 0.00716372
(1,2,((3,((4,5),6)),((((7,8),9),10),(11,12)))); -7690.95  -1.238 81.1942 38.715 32.8008 -7764.99 0.239658 0.241096 0.195592 0.323653 0.0495815   0.27908 0.0717875 0.0145498  0.577016 0.0079851
(1,(2,(((((7,8),9),10),12),11)),(3,((4,5),6))); -7682.84  -2.63919 82.1246 38.927 30.343 -7753.74 0.245137 0.243622 0.198784 0.312457 0.0549473  0.287946 0.0561211  0.011728  0.578784 0.0104734
(1,(2,(((((7,8),9),10),12),11)),(3,((4,5),6))); -7691.91  -2.63919 79.6665 39.1183 30.7418 -7760.56 0.233791   0.2463 0.177919  0.34199 0.0464415   0.28944 0.0671315 0.0125146  0.575897 0.0085757
(1,(2,((((7,8),9),10),(11,12))),(3,((4,5),6))); -7691.3  -1.12078 77.9525 38.9361 30.1945 -7759.39 0.241566 0.240401 0.200633   0.3174  0.0485405   0.286508  0.0601226 0.00879438   0.587827 0.00820788
(1,(2,((((7,8),9),10),(11,12))),(3,((4,5),6))); -7688.72  -1.12078 84.2466 38.8918 30.1286 -7763.08 0.226776 0.240393 0.196776 0.336055 0.0443765  0.296518 0.0745251 0.0144892   0.56341 0.0066812
(1,(2,(((((7,8),9),10),11),12)),(3,((4,5),6))); -7707.12  -2.30087 80.1475 38.7708 27.0335 -7773.23 0.230234  0.23122 0.190951 0.347595  0.0553834   0.270369  0.0578584  0.0155437   0.594218 0.00662754
(1,(2,((((7,8),9),10),(11,12))),(3,((4,5),6))); -7691.25  -1.12078 78.4935 38.6595 31.8833 -7761.84 0.241679 0.248178 0.197568 0.312576  0.0478537   0.297713  0.0590789  0.0150328   0.570473 0.00984856
(1,2,((3,((4,5),6)),((((7,8),9),10),(11,12)))); -7697.71  -1.238 79.2811 38.9935 31.0689 -7767.83 0.234871  0.25231  0.18417 0.328649  0.0408889    0.28309   0.066684  0.0194989    0.57993 0.00990806
(1,2,((3,((4,5),6)),((((7,8),9),10),(11,12)))); -7694.17  -1.238 80.8163 39.4861 31.1703 -7765.44 0.239499 0.237067 0.196741 0.326692  0.0539656   0.281157  0.0669773  0.0106044   0.578188 0.00910807
(1,2,((3,((4,5),6)),(((((7,8),9),10),11),12))); -7702.8  -2.41809 81.0122 39.4689 28.7375 -7770.66 0.231029 0.254087 0.190255 0.324629 0.0553277  0.278658 0.0634561 0.0161519    0.5814 0.0050061
(1,2,((3,((4,5),6)),(((((7,8),9),10),12),11))); -7687.27  -2.75641 79.2915 38.7365 32.1922 -7757.26 0.238295 0.239768 0.192621 0.329315 0.0421337  0.295478 0.0621704 0.0109052  0.581121 0.0081915
(1,2,((3,((4,5),6)),(((((7,8),9),10),12),11))); -7692.09  -2.75641 80.7756 39.0913 28.6233 -7759.64 0.247197 0.234058 0.197277 0.321468 0.0388863  0.289811 0.0510958 0.0130312  0.593373 0.0138036
(1,(2,((((7,8),9),10),(11,12))),(3,((4,5),6))); -7692.58  -1.12078 77.0419 38.9206 32.6605 -7762.24  0.23597 0.243211 0.203111 0.317708  0.0469541   0.290614  0.0601251  0.0189394   0.574674 0.00869385
(1,2,((3,((4,5),6)),((((7,8),9),10),(11,12)))); -7705.02  -1.238 75.7547 39.4 27.9017 -7768.04 0.228559 0.259886 0.184367 0.327188  0.0377295   0.297913  0.0646652  0.0137535     0.5782 0.00773934
(1,2,((3,((4,5),6)),((((7,8),9),10),(11,12)))); -7700  -1.238 76.4983 38.7043 32.1194 -7768.68 0.244457 0.249812  0.18629 0.319441  0.0461172   0.280286  0.0605366  0.0145075   0.590439 0.00811405
(1,(2,((((7,8),9),10),(11,12))),(3,((4,5),6))); -7690.59  -1.12078 80.8712 38.7276 29.8664 -7761.48 0.238432 0.248643 0.196364 0.316561  0.0443596   0.285538  0.0804527  0.0204889   0.560603 0.00855742
(1,(2,((((7,8),9),10),(11,12))),(3,((4,5),6))); -7695.16  -1.12078 80.7397 39.1031 30.1166 -7765.79 0.230647 0.242188 0.200639 0.326526  0.0478185   0.304168  0.0508159  0.0203224   0.567621 0.00925431
(1,(2,(((((7,8),9),10),11),12)),(3,((4,5),6))); -7704.05  -2.30087 80.027 39.1334 31.6464 -7774.29 0.233147  0.25248 0.187391 0.326982  0.0388017   0.288855  0.0595451  0.0152311    0.58895 0.00861679
(1,(2,((((7,8),9),10),(11,12))),(3,((4,5),6))); -7698.51  -1.12078 75.5968 38.7678 29.3594 -7763.57 0.236433 0.251594 0.186373   0.3256  0.0383112   0.290104  0.0600935 0.00944365   0.593988 0.00805974
(1,(2,((((7,8),9),10),(11,12))),(3,((4,5),6))); -7692.32  -1.12078 81.6311 38.585 32.0464 -7766.29 0.235888  0.24312 0.182204 0.338788  0.0503132   0.287568  0.0591082  0.0164139   0.579278 0.00731915
(1,(2,(((((7,8),9),10),11),12)),(3,((4,5),6))); -7697.57  -2.30087 83.9714 39.0055 30.0102 -7770.25 0.226773  0.23222 0.206901 0.334106  0.0486795   0.275271  0.0653055  0.0131245   0.588511 0.00910812
(1,(2,((((7,8),9),10),(11,12))),(3,((4,5),6))); -7690.26  -1.12078 80.4242 38.7975 32.3958 -7763.16 0.239025 0.243165  0.18734  0.33047 0.0427227  0.289869 0.0655947 0.0123314  0.577985 0.0114971
(1,(2,((((7,8),9),10),(11,12))),(3,((4,5),6))); -7687.71  -1.12078 80.2749 38.6083 32.4772 -7760.73 0.239762 0.242203 0.194233 0.323802  0.0456301   0.279638  0.0729596  0.0136649   0.581243 0.00686522
(1,(2,(((((7,8),9),10),12),11)),(3,((4,5),6))); -7689.3  -2.63919 75.8079 39.2393 28.3941 -7751.62 0.253283 0.234656 0.202492 0.309569  0.0476846   0.297035  0.0585291    0.01732   0.569638 0.00979342
(1,(2,((((7,8),9),10),(11,12))),(3,((4,5),6))); -7690.83  -1.12078 79.8925 38.2842 30.6787 -7761.99 0.232758 0.236974 0.199578  0.33069 0.0541271  0.276361 0.0578426 0.0118096   0.59245 0.0074096
(1,(2,((((7,8),9),10),(11,12))),(3,((4,5),6))); -7689.65  -1.12078 79.7945 38.9456 31.4648 -7760.84 0.230348 0.241961 0.205539 0.322152  0.0455795   0.280477    0.06095  0.0173362   0.589608 0.00604922
(1,(2,((((7,8),9),10),(11,12))),(3,((4,5),6))); -7695.9  -1.12078 78.3708 38.8995 30.2796 -7764.53 0.236954 0.254092 0.195062 0.313892  0.0375816    0.28618  0.0561675  0.0141205   0.596459 0.00949118
(1,(2,((((7,8),9),10),(11,12))),(3,((4,5),6))); -7697.13  -1.12078 76.7752 38.6086 31.6373 -7765.81 0.239444  0.25049 0.184111 0.325956 0.0407344  0.298498 0.0560856 0.0170796  0.578825 0.0087778
(1,2,(((3,(4,5)),6),(((((7,8),9),10),12),11))); -7694.61  -6.36706 80.4356 38.1461 32.1783 -7762.71 0.243484 0.239703 0.182116 0.334696  0.0446768   0.285912  0.0689529  0.0158617   0.576313 0.00828322
(1,(2,(((((7,8),9),10),11),12)),(3,((4,5),6))); -7710.36  -2.30087 72.4014 38.3436 31.261 -7773.38 0.227331   0.2425 0.195315 0.334854  0.0508771   0.291537  0.0674117  0.0180476   0.563869 0.00825681
(1,(2,((((7,8),9),10),(11,12))),(3,((4,5),6))); -7698.8  -1.12078 78.2803 38.7445 28.6223 -7765.84 0.230504 0.258002 0.187405  0.32409  0.0505023    0.29283   0.052962   0.021216   0.574956 0.00753456
(1,2,((3,((4,5),6)),(((((7,8),9),10),11),12))); -7705.07  -2.41809 82.2903 38.702 30.1967 -7776.44 0.246613  0.24007 0.177377  0.33594  0.0505886    0.29301  0.0512359  0.0167239    0.57972 0.00872119
(1,2,(((3,(4,5)),6),(((((7,8),9),10),11),12))); -7712.31  -6.02873 75.9329 38.7293 31.6759 -7775.17 0.236878 0.240157 0.196977 0.325988  0.052578  0.285654 0.0638765 0.0168776  0.567792 0.0132225
(1,2,((3,((4,5),6)),(((((7,8),9),10),12),11))); -7696.77  -2.75641 74.583 38.7885 28.7299 -7758.54 0.254787 0.245807 0.184947 0.314458  0.041179  0.288418 0.0578974 0.0163783   0.58365 0.0124776
(1,2,((3,((4,5),6)),((((7,8),9),10),(11,12)))); -7693.79  -1.238 81.7991 39.1199 30.1826 -7765.42 0.245225 0.250517 0.187498  0.31676  0.0373559   0.282814  0.0735866  0.0160311   0.581748 0.00846463
(1,(2,((((7,8),9),10),(11,12))),(3,((4,5),6))); -7692.39  -1.12078 78.5254 38.5804 30.9369 -7762.16 0.242274 0.234474 0.194912 0.328339  0.0572174   0.283193  0.0551809  0.0131711   0.581904 0.00933305
(1,(2,((((7,8),9),10),(11,12))),(3,((4,5),6))); -7689.74  -1.12078 81.1768 38.694 31.381 -7762.48 0.235932 0.254197 0.188032 0.321839  0.0494825   0.292782  0.0624312    0.01259   0.575741 0.00697353
(1,(2,((((7,8),9),10),(11,12))),(3,((4,5),6))); -7696.21  -1.12078 72.8613 38.6321 30.8625 -7760.19  0.24692 0.245538  0.18601 0.321532  0.041771  0.281112 0.0740169 0.0132688  0.578703 0.0111278
(1,(2,((((7,8),9),10),(11,12))),((3,6),(4,5))); -7695.2  -4.50933 80.6717 39.0994 31.8705 -7764.13 0.239134  0.24375 0.188592 0.328524   0.051418   0.273445   0.060539  0.0161023   0.591277 0.00721798
(1,(2,((((7,8),9),10),(11,12))),(3,((4,5),6))); -7701.08  -1.12078 75.1309 38.5998 25.1517 -7761.64 0.254526  0.24112 0.185679 0.318674 0.0469424  0.261323 0.0707241 0.0190375  0.589669 0.0123042
(1,(2,((((7,8),9),10),(11,12))),(3,((4,5),6))); -7691.95  -1.12078 81.5851 39.0477 30.4777 -7763.84    0.23 0.24044 0.19264 0.33692  0.0467325   0.270784  0.0665179  0.0199791   0.586275 0.00971145
(1,(2,((((7,8),9),10),(11,12))),(3,((4,5),6))); -7696.52  -1.12078 75.1552 38.8613 30.91 -7762.6 0.231447 0.247804 0.195333 0.325416  0.0476639   0.290247  0.0587483  0.0102675   0.586777 0.00629662
(1,(2,(3,((4,5),6))),((((7,8),9),10),(11,12))); -7711.59  -7.94613 80.7472 38.9597 29.069 -7774.5 0.236688 0.247566 0.201388 0.314358 0.0551781  0.299923  0.049985 0.0132371  0.575748 0.0059292
(1,2,((3,((4,5),6)),((((7,8),9),10),(11,12)))); -7697.08  -1.238 77.6969 38.9843 32.827 -7767.38 0.233331 0.244874 0.202046 0.319749  0.0468844   0.289416  0.0526875  0.0155163   0.586409 0.00908716
(1,(2,(((((7,8),9),10),12),11)),(3,((4,5),6))); -7691.79  -2.63919 77.8142 38.7785 29.3812 -7757.56 0.235798 0.237493 0.193682 0.333027 0.0400241  0.288433 0.0632153 0.0150194  0.576427 0.0168818
(1,2,((3,((4,5),6)),(((((7,8),9),10),11),12))); -7709.82  -2.41809 71.01 38.3321 29.1818 -7769.27 0.247855 0.248339 0.193877 0.309929 0.0452282  0.284393 0.0674863 0.0186839  0.570517 0.0136908
(1,2,((3,((4,5),6)),((((7,8),9),10),(11,12)))); -7700.3  -1.238 72.784 38.49 29.5376 -7762.89 0.237177 0.247908 0.202801 0.312114  0.0433498   0.288883  0.0729772  0.0218729   0.562946 0.00997117
(1,(2,((((7,8),9),10),(11,12))),(3,((4,5),6))); -7696.39  -1.12078 78.9721 39.0424 28.8649 -7764.07 0.229965 0.237948 0.194664 0.337424 0.0532925  0.289385 0.0768905 0.0152975  0.552757 0.0123782
(1,(2,((((7,8),9),10),(11,12))),(3,((4,5),6))); -7696.5  -1.12078 84.2356 39.3542 23.2671 -7763.53 0.216717 0.248401  0.20213 0.332752 0.0470954  0.281219 0.0852034 0.0185285  0.554686  0.013267
(1,(2,(((((7,8),9),10),11),12)),(3,((4,5),6))); -7701.55  -2.30087 81.2684 38.7274 31.539 -7773.33 0.234436 0.232973 0.203496 0.329095 0.0445209  0.283594 0.0562081 0.0179825  0.585768 0.0119264
(1,(2,((((7,8),9),10),(11,12))),(3,((4,5),6))); -7698.78  -1.12078 80.4171 39.0713 26.8107 -7765.82 0.244222 0.231348 0.194603 0.329826 0.0471414  0.278506 0.0444224 0.0102292  0.609364 0.0103375
(1,(2,((((7,8),9),10),(11,12))),(3,((4,5),6))); -7687.52  -1.12078 80.4498 39.2249 31.3567 -7758.98 0.245035 0.239499 0.199969 0.315497  0.047462  0.296276 0.0673446 0.0133507  0.565374 0.0101922
(1,(2,((((7,8),9),10),(11,12))),(3,((4,5),6))); -7702.83  -1.12078 74.4865 39.0953 30.6892 -7767.79 0.236695 0.238184 0.185487 0.339633 0.0463121  0.273385 0.0555268 0.0173212  0.597091 0.0103639
(1,2,((3,((4,5),6)),((((7,8),9),10),(11,12)))); -7693.79  -1.238 79.5863 39.0133 33.2276 -7766.35   0.2364 0.242659 0.197763 0.323179  0.0427224   0.294057  0.0647516  0.0159585   0.574979 0.00753083
(1,(2,(((((7,8),9),10),12),11)),(3,((4,5),6))); -7692.87  -2.63919 76.6887 38.8315 29.3473 -7757.44 0.233434 0.233905 0.189781 0.342881  0.0487574   0.280197  0.0594319  0.0169597   0.589792 0.00486277
(1,(2,((((7,8),9),10),(11,12))),(3,((4,5),6))); -7696.74  -1.12078 73.3097 38.8671 32.2216 -7762.28 0.242535 0.245744  0.18619 0.325531 0.0522296  0.289815 0.0632584 0.0123432   0.57393 0.0084242
(1,2,((3,((4,5),6)),((((7,8),9),10),(11,12)))); -7702.43  -1.238 74.3652 39.1073 28.5293 -7764.98 0.241439 0.226431 0.191594 0.340536 0.0471735  0.285393 0.0714079 0.0134032  0.569537 0.0130853
(1,(2,((((7,8),9),10),(11,12))),(3,((4,5),6))); -7691.46  -1.12078 78.9647 38.7998 28.6172 -7759.12 0.239852  0.23827 0.211898  0.30998 0.0504031  0.279621 0.0782136 0.0176899  0.563485 0.0105878
(1,(2,((((7,8),9),10),(11,12))),(3,((4,5),6))); -7696.12  -1.12078 79.3269 39.1816 29.3757 -7764.52 0.227906 0.237112 0.199809 0.335173  0.0557187   0.290357  0.0671613  0.0198924   0.558451 0.00841964
(1,(2,((((7,8),9),10),(11,12))),(3,((4,5),6))); -7692.57  -1.12078 80.1955 39.2478 28.5383 -7760.94  0.23527  0.23704 0.199687 0.328003  0.0594327   0.281671  0.0732171  0.0159472   0.564476 0.00525591
(1,2,((3,((4,5),6)),(((((7,8),9),10),12),11))); -7689.04  -2.75641 81.7665 39.282 29.6652 -7758.44 0.241021 0.237141   0.1904 0.331438 0.0421834  0.280684 0.0798011 0.0199531  0.571269 0.0061093
(1,2,((3,((4,5),6)),(((((7,8),9),10),11),12))); -7702.85  -2.41809 83.6727 39.4094 29.7883 -7774.48 0.228255 0.236886 0.206335 0.328525  0.0404026   0.281718  0.0507549   0.016622   0.603371 0.00713125
(1,2,((3,((4,5),6)),(((((7,8),9),10),11),12))); -7700.25  -2.41809 80.6875 38.7305 30.9105 -7770.7 0.227552 0.247683 0.205437 0.319329   0.049706   0.292549  0.0691425  0.0153794   0.564609 0.00861426
(1,2,((3,((4,5),6)),((((7,8),9),10),(11,12)))); -7692.77  -1.238 82.6431 38.7796 29.9264 -7765.33 0.225354 0.250791  0.19738 0.326475 0.0445317   0.27591 0.0616689  0.014056  0.591598 0.0122358
(1,(2,(((((7,8),9),10),11),12)),(3,((4,5),6))); -7707.88  -2.30087 74.0993 38.5349 31.5665 -7772.71 0.244477  0.23507 0.184942 0.335511 0.0488515  0.293169  0.061743 0.0163048  0.569767  0.010164
(1,(2,((((7,8),9),10),(11,12))),(3,((4,5),6))); -7697.88  -1.12078 72.9654 38.6689 30.6438 -7761.7 0.232872 0.244656 0.197213  0.32526  0.0525823   0.286242  0.0660141  0.0214988   0.567167 0.00649552
(1,2,((3,((4,5),6)),((((7,8),9),10),(11,12)))); -7698.12  -1.238 76.2118 38.5406 32.0993 -7766.65  0.24051 0.238994 0.195336  0.32516 0.0394887  0.287339 0.0537793 0.0135483  0.595513 0.0103312
(1,2,((3,((4,5),6)),((((7,8),9),10),(11,12)))); -7695.29  -1.238 79.293 38.8732 32.0188 -7766.49 0.232772 0.239995 0.204199 0.323034 0.0414325  0.291327 0.0531818 0.0165311  0.586291 0.0112366
(1,(2,((((7,8),9),10),(11,12))),(3,((4,5),6))); -7695.6  -1.12078 81.5705 39.2455 31.166 -7767.97 0.234517 0.239922 0.186208 0.339353  0.0413082   0.289076  0.0674537  0.0203452   0.573804 0.00801228
(1,(2,((((7,8),9),10),(11,12))),(3,((4,5),6))); -7701.95  -1.12078 79.8261 38.7252 25.8714 -7767.8 0.240431 0.226555  0.19315 0.339864 0.0594698  0.282896 0.0448853 0.0171031  0.584184 0.0114614
(1,(2,((((7,8),9),10),(11,12))),(3,((4,5),6))); -7693.36  -1.12078 82.0202 38.911 27.1512 -7762.5 0.230815  0.23972 0.199824 0.329641  0.047549  0.295996 0.0872865 0.0145562  0.543108 0.0115036
