tree logl logTop logBL logPrior logQ logWt pi1 pi2 pi3 pi4 s1 s2 s3 s4 s5 s6
(1,(2,(((((7,8),9),10),11),12)),(3,((4,5),6))); -7711.88  -2.30087 73.1957 39.3141 29.9792 -7773.44 0.227514  0.23355 0.212779 0.326157  0.0470797   0.299342  0.0526085  0.0142037   0.578028 0.00873781
(1,(2,((((7,8),9),10),(11,12))),(3,((4,5),6))); -7698.92  -1.12078 74.0994 39.0747 30.3256 -7763.15 0.231991 0.239151 0.198644 0.330214  0.0469673   0.299836  0.0552602  0.0119287   0.580843 0.00516519
(1,2,((3,((4,5),6)),(((((7,8),9),10),11),12))); -7705.06  -2.41809 75.6686 38.1596 31.6619 -7771.81 0.239751 0.237668 0.195726 0.326855  0.0500394   0.301611    0.06031  0.0177802   0.561771 0.00848808
(1,(2,((((7,8),9),10),(11,12))),(3,((4,5),6))); -7701.47  -1.12078 77.4944 39.1522 29.6839 -7768.37 0.224819 0.246589 0.194147 0.334446  0.0439666   0.299245  0.0501107  0.0196025   0.578133 0.00894233
(1,(2,(((((7,8),9),10),12),11)),(3,((4,5),6))); -7683.37  -2.63919 82.7614 38.9515 29.085 -7753.62 0.239965  0.22739 0.201261 0.331384   0.052302   0.292585  0.0664788  0.0103935   0.569675 0.00856568
(1,2,((3,((4,5),6)),(((((7,8),9),10),11),12))); -7703.35  -2.41809 78.7126 38.6817 32.7231 -7773.69 0.236407 0.236723 0.196779 0.330091  0.0497949    0.28175  0.0659841  0.0130465   0.582065 0.00735918
(1,2,((3,((4,5),6)),(((((7,8),9),10),11),12))); -7703.19  -2.41809 80.6711 38.8775 31.2202 -7773.78 0.233958 0.253898 0.191898 0.320246  0.0429211   0.279751  0.0549852  0.0151637   0.598892 0.00828679
(1,(2,((((7,8),9),10),(11,12))),(3,((4,5),6))); -7690.05  -1.12078 81.2588 38.928 31.6967 -7762.95 0.243606 0.246534  0.19009  0.31977 0.0459246  0.288545 0.0652587 0.0171858  0.577529 0.0055567
(1,2,((3,((4,5),6)),((((7,8),9),10),(11,12)))); -7694.81  -1.238 83.4994 39.2618 30.6248 -7768.43 0.244265 0.239808 0.200236 0.315691 0.0560215  0.284307 0.0532511   0.01747  0.578544 0.0104066
(1,(2,((((7,8),9),10),(11,12))),(3,((4,5),6))); -7690.81  -1.12078 79.7046 39.1788 31.4693 -7761.69 0.228014 0.244907 0.201571 0.325508  0.0417365   0.286372  0.0730758  0.0161141   0.575624 0.00707764
(1,2,((3,((4,5),6)),(((((7,8),9),10),12),11))); -7694.21  -2.75641 77.5215 38.342 28.5017 -7759.14 0.236283 0.261782 0.179877 0.322058  0.0515683   0.288915  0.0608707  0.0115646   0.578402 0.00867979
(1,(2,(((((7,8),9),10),11),12)),(3,((4,5),6))); -7713.95  -2.30087 75.9506 39.3087 28.0904 -7776.38  0.23099 0.252473 0.174353 0.342184 0.0406586  0.289149 0.0689609 0.0140314  0.575461 0.0117384
(1,(2,((((7,8),9),10),(11,12))),(3,((4,5),6))); -7693.6  -1.12078 79.9953 38.5322 31.5015 -7765.44 0.232496 0.250499 0.184828 0.332177  0.0427529   0.297456  0.0569603  0.0136264   0.581806 0.00739862
(1,2,((3,((4,5),6)),((((7,8),9),10),(11,12)))); -7694.33  -1.238 80.7223 38.8497 31.7401 -7766.7 0.234369 0.247779 0.195737 0.322114  0.0365742   0.287646  0.0622818  0.0170183   0.588155 0.00832476
(1,(2,(((((7,8),9),10),11),12)),(3,((4,5),6))); -7703.19  -2.30087 76.8425 38.6718 29.0505 -7768.11 0.250934 0.241543 0.200352 0.307171 0.0396216  0.290832 0.0678837 0.0165499  0.574251 0.0108626
(1,(2,((((7,8),9),10),(11,12))),(3,((4,5),6))); -7698.89  -1.12078 73.2409 38.4671 31.3382 -7763.88 0.230611 0.247146 0.192736 0.329507 0.0509513  0.279113 0.0659165 0.0185349  0.573655 0.0118292
(1,(2,((((7,8),9),10),(11,12))),(3,((4,5),6))); -7694.61  -1.12078 79.7738 38.6941 32.5173 -7767.08 0.238681 0.235973 0.191381 0.333965  0.0411106   0.292988  0.0559845  0.0167913   0.584974 0.00815132
(1,(2,((((7,8),9),10),(11,12))),(3,((4,5),6))); -7695.16  -1.12078 78.5471 38.9865 30.412 -7764.01 0.239321 0.251953 0.185955 0.322771 0.0541016   0.28962 0.0544328 0.0128055  0.576652 0.0123886
(1,(2,((((7,8),9),10),(11,12))),(3,((4,5),6))); -7699.7  -1.12078 72.375 38.3354 30.7591 -7763.38 0.243672 0.241594 0.192036 0.322698  0.0516744   0.272146  0.0588927  0.0193183   0.590626 0.00734301
(1,2,((3,((4,5),6)),(((((7,8),9),10),11),12))); -7705.02  -2.41809 81.0175 39.409 28.861 -7773.07  0.23736 0.228024 0.204686 0.329929  0.0531564   0.297072  0.0487538  0.0191155   0.573025 0.00887728
(1,(2,(((((7,8),9),10),12),11)),(3,((4,5),6))); -7692.81  -2.63919 76.6382 38.9957 29.5334 -7757.34 0.233651 0.242678 0.197656 0.326015  0.0497614   0.271981  0.0868727  0.0163703    0.56714 0.00787459
(1,(2,((((7,8),9),10),(11,12))),(3,((4,5),6))); -7696.27  -1.12078 80.9065 38.9481 30.1061 -7767.21 0.240386 0.246838 0.186234 0.326542  0.0456788   0.282997  0.0529974  0.0240459   0.584434 0.00984751
(1,2,((3,((4,5),6)),((((7,8),9),10),(11,12)))); -7696.03  -1.238 82.2802 38.6337 30.1595 -7768.6 0.243819 0.240769 0.194934 0.320478 0.0460207  0.299708 0.0519919 0.0172801  0.570922 0.0140767
(1,2,((3,((4,5),6)),((((7,8),9),10),(11,12)))); -7707.86  -1.238 74.5894 38.8646 22.3959 -7764.75 0.240727 0.256988 0.173891 0.328394  0.0466972   0.281571  0.0828102 0.00779284    0.56799  0.0131383
(1,(2,(((((7,8),9),10),12),11)),(3,((4,5),6))); -7691.7  -2.63919 84.5564 39.0955 26.8607 -7761.38 0.243738  0.24131 0.184924 0.330028 0.0363534  0.282546 0.0600774 0.0263118  0.583376 0.0113352
(1,2,((3,((4,5),6)),((((7,8),9),10),(11,12)))); -7696.24  -1.238 81.7956 39.0706 27.0765 -7764.8 0.234963  0.25096  0.20262 0.311456 0.0399438  0.295377 0.0615442 0.0239376  0.566435  0.012763
(1,2,((3,((4,5),6)),((((7,8),9),10),(11,12)))); -7701.21  -1.238 72.981 38.6414 32.3148 -7766.63 0.232375 0.245821 0.190067 0.331736   0.044085   0.286623  0.0719953  0.0123471     0.5763 0.00865006
(1,(2,((((7,8),9),10),(11,12))),(3,((4,5),6))); -7687.62  -1.12078 83.2231 38.6455 32.3319 -7763.41 0.236701 0.250399 0.195286 0.317615  0.0445219    0.29091  0.0597959  0.0192403   0.576351 0.00918088
(1,(2,((((7,8),9),10),(11,12))),(3,((4,5),6))); -7694.88  -1.12078 75.253 38.636 32.166 -7762.54 0.240314 0.232116 0.198887 0.328683  0.0459022   0.292343  0.0554283  0.0126649   0.585163 0.00849853
(1,(2,((((7,8),9),10),(11,12))),(3,((4,5),6))); -7687.86  -1.12078 82.798 39.1606 30.5557 -7760.94 0.236857  0.24425 0.193447 0.325445 0.0560555   0.27969 0.0731581 0.0125346  0.567067  0.011495
(1,(2,((((7,8),9),10),(11,12))),(3,((4,5),6))); -7689.91  -1.12078 79.9619 39.3553 30.2166 -7759.61 0.238948 0.231612 0.207937 0.321503  0.0489663   0.295664  0.0723879  0.0150254   0.559546 0.00841095
(1,2,((3,((4,5),6)),((((7,8),9),10),(11,12)))); -7693.37  -1.238 79.3606 38.5561 31.9646 -7764.9 0.240703 0.245876  0.19135 0.322071  0.0484803   0.286403  0.0765977  0.0137058   0.567269 0.00754462
(1,2,((3,((4,5),6)),(((((7,8),9),10),11),12))); -7706.78  -2.41809 72.9988 38.6355 32.0249 -7770.75 0.240323 0.247074 0.195627 0.316976  0.0481557   0.272895  0.0650909  0.0161091   0.588908 0.00884097
(1,(2,((((7,8),9),10),(11,12))),(3,((4,5),6))); -7701.3  -1.12078 79.2849 38.8176 30.622 -7771.27  0.23691 0.241921 0.180027 0.341142  0.042144  0.292528 0.0496987 0.0159245  0.589205 0.0104997
(1,(2,((((7,8),9),10),(11,12))),(3,((4,5),6))); -7689.73  -1.12078 80.6627 38.966 30.7434 -7761.05 0.239602 0.238416 0.203088 0.318893 0.0415968  0.289063 0.0616396 0.0180313  0.575445 0.0142245
(1,2,((3,((4,5),6)),((((7,8),9),10),(11,12)))); -7698.69  -1.238 77.6347 38.6949 30.4854 -7766.88 0.233552 0.247179 0.193346 0.325923   0.040041   0.296611  0.0733428  0.0153961   0.568907 0.00570208
(1,(2,((((7,8),9),10),(11,12))),(3,((4,5),6))); -7701.53  -1.12078 79.8868 38.9166 26.6853 -7768.06  0.24352 0.250131  0.17177 0.334578  0.0523748   0.284672  0.0755821  0.0211837   0.558061 0.00812564
(1,2,((3,((4,5),6)),(((((7,8),9),10),11),12))); -7705.25  -2.41809 75.7704 38.3984 29.2215 -7769.42 0.239757  0.24939  0.19463 0.316223  0.0465239   0.281942  0.0624374 0.00887315   0.593819 0.00640405
(1,2,((3,((4,5),6)),((((7,8),9),10),(11,12)))); -7706.59  -1.238 73.6337 39.2692 28.4272 -7768.15 0.237786 0.250143  0.18481 0.327262  0.0625683   0.278604  0.0696377  0.0145303   0.567564 0.00709556
(1,(2,((((7,8),9),10),(11,12))),(3,((4,5),6))); -7694.32  -1.12078 78.4005 38.7003 28.8916 -7761.79 0.230252 0.243901 0.207944 0.317903  0.0586347   0.288476  0.0553822  0.0158478   0.575958 0.00570185
(1,(2,((((7,8),9),10),(11,12))),(3,((4,5),6))); -7685.46  -1.12078 83.7853 39.0084 30.3509 -7759.47 0.237295 0.243004 0.202538 0.317163  0.0400758   0.293826  0.0784624  0.0122894   0.567071 0.00827564
(1,2,((3,((4,5),6)),((((7,8),9),10),(11,12)))); -7689.81  -1.238 84.7955 38.9764 31.5724 -7765.96 0.233768 0.243988 0.198919 0.323325  0.0518792   0.281475  0.0649709  0.0156564   0.580609 0.00540926
(1,2,((3,((4,5),6)),((((7,8),9),10),(11,12)))); -7700.48  -1.238 76.8446 39.0724 30.1754 -7767.18 0.238997 0.244953 0.188101 0.327949 0.0482932  0.305069 0.0644396 0.0141431  0.555807 0.0122482
(1,2,((3,((4,5),6)),((((7,8),9),10),(11,12)))); -7697.17  -1.238 82.0468 39.3032 28.7925 -7767.47 0.239012 0.234181 0.205245 0.321562 0.0371374  0.297348 0.0482441 0.0131878  0.591912 0.0121709
(1,(2,(((((7,8),9),10),11),12)),(3,((4,5),6))); -7709.09  -2.30087 79.5111 38.9917 27.6836 -7774.99 0.235174 0.234115 0.184837 0.345874 0.0467497  0.302337 0.0526716 0.0134219  0.570394 0.0144253
(1,(2,((((7,8),9),10),(11,12))),(3,((4,5),6))); -7690.38  -1.12078 80.3812 39.25 31.4429 -7761.84 0.230456 0.241385 0.200363 0.327796  0.0384438   0.289961  0.0742294  0.0141276   0.574763 0.00847487
(1,2,((3,((4,5),6)),(((((7,8),9),10),11),12))); -7703.81  -2.41809 82.3591 38.8013 30.9329 -7775.88 0.238796 0.242969 0.196732 0.321502 0.0492555  0.282533 0.0440442 0.0156061  0.599578 0.0089836
(1,2,((3,((4,5),6)),((((7,8),9),10),(11,12)))); -7699.87  -1.238 77.4911 38.9695 33.1549 -7770.31 0.238754 0.242445 0.189586 0.329215 0.0481896  0.284516 0.0575385 0.0134765  0.585423 0.0108566
(1,(2,(((((7,8),9),10),11),12)),(3,((4,5),6))); -7704.48  -2.30087 78.1463 38.3562 31.7829 -7773.75 0.235918 0.236095 0.194384 0.333604  0.0423245   0.276096  0.0600311  0.0186227   0.593344 0.00958165
(1,(2,(((((7,8),9),10),11),12)),(3,((4,5),6))); -7702.88  -2.30087 82.6163 39.1198 29.5297 -7773.6 0.232137 0.236954 0.200961 0.329947  0.0474817   0.292921  0.0554272  0.0188888    0.58098 0.00430186
(1,(2,((((7,8),9),10),(11,12))),(3,((4,5),6))); -7703.23  -1.12078 70.4816 39.041 30.9239 -7764.47 0.230981 0.239807 0.197527 0.331685  0.0506986    0.27895  0.0605627  0.0174584   0.587022 0.00530769
(1,(2,(((((7,8),9),10),11),12)),(3,((4,5),6))); -7702.94  -2.30087 79.5652 38.714 30.3901 -7771.88 0.239726 0.233307 0.191918  0.33505  0.0435914   0.283378  0.0773024  0.0200145   0.567286 0.00842785
(1,2,((3,((4,5),6)),(((((7,8),9),10),12),11))); -7695.94  -2.75641 72.3238 38.3995 31.9816 -7759.09 0.240941 0.242233 0.185919 0.330908  0.0454813   0.277724  0.0535337  0.0152854   0.598004 0.00997095
(1,(2,((((7,8),9),10),(11,12))),(3,((4,5),6))); -7696.53  -1.12078 76.9248 38.3547 29.0714 -7763.05 0.239228 0.232858  0.19265 0.335263 0.0389343  0.289901 0.0637126  0.017828  0.574302 0.0153223
(1,2,((3,((4,5),6)),((((7,8),9),10),(11,12)))); -7698.81  -1.238 79.6076 38.7333 28.8435 -7767.29 0.239913 0.248485 0.192728 0.318874 0.0423211  0.291639 0.0678562 0.0240257  0.562024 0.0121335
(1,(2,((((7,8),9),10),(11,12))),(3,((4,5),6))); -7692.58  -1.12078 79.026 38.8799 30.8146 -7762.42 0.247829 0.235011 0.200292 0.316867  0.0461632   0.297738  0.0518805  0.0148978   0.581007 0.00831361
(1,(2,((((7,8),9),10),(11,12))),(3,((4,5),6))); -7696.51  -1.12078 73.9613 38.5491 30.2596 -7761.06 0.233194 0.237673 0.200258 0.328875  0.0458968   0.274407  0.0850373  0.0139874   0.572008 0.00866251
(1,(2,(((((7,8),9),10),11),12)),(3,((4,5),6))); -7698.87  -2.30087 80.5329 38.9702 31.8032 -7769.94 0.243602 0.243593  0.19954 0.313264 0.0448965  0.286394  0.067583 0.0135497  0.575913  0.011664
(1,2,((3,((4,5),6)),((((7,8),9),10),(11,12)))); -7697.62  -1.238 77.8943 39.0793 32.7384 -7767.94 0.242427 0.243488 0.190826 0.323259  0.0422157   0.287143  0.0531187  0.0164278   0.591359 0.00973574
(1,2,((3,((4,5),6)),((((7,8),9),10),(11,12)))); -7697.58  -1.238 76.3964 39.142 32.1152 -7765.71 0.226341  0.23944 0.201401 0.332818  0.0448518   0.288515  0.0623956  0.0133717   0.582866 0.00799917
(1,(2,((((7,8),9),10),(11,12))),(3,((4,5),6))); -7692.26  -1.12078 83.0383 38.7938 27.2296 -7762.61 0.243338 0.238226 0.187317  0.33112  0.0518137   0.262473  0.0547111  0.0125342   0.609502 0.00896556
(1,2,((3,((4,5),6)),((((7,8),9),10),(11,12)))); -7701.11  -1.238 76.651 38.6296 29.0458 -7766.94 0.243303 0.253416 0.199725 0.303555  0.0494002   0.284993  0.0514397  0.0131582   0.592096 0.00891353
(1,(2,((((7,8),9),10),(11,12))),(3,((4,5),6))); -7692.52  -1.12078 78.2447 38.6858 30.5278 -7761.48 0.238321 0.230245 0.209489 0.321946  0.0428569   0.276655  0.0641449  0.0170856   0.589582 0.00967491
(1,2,((3,((4,5),6)),((((7,8),9),10),(11,12)))); -7692.95  -1.238 81.3857 38.7092 31.0845 -7765.47 0.234403 0.231811  0.20407 0.329716  0.0442122   0.302265  0.0570084  0.0162306   0.572838 0.00744582
(1,2,(((3,(4,5)),6),((((7,8),9),10),(11,12)))); -7700.14  -4.84865 85.0377 38.8148 31.8674 -7773.38 0.236897 0.241462 0.186538 0.335102  0.0515143   0.292433  0.0687771  0.0164371   0.561415 0.00942318
(1,2,((3,((4,5),6)),((((7,8),9),10),(11,12)))); -7700  -1.238 79.9317 39.0109 27.0452 -7766.73 0.231264 0.238126 0.183034 0.347576  0.0513155   0.265941  0.0795139  0.0159434   0.578259 0.00902767
(1,2,((3,((4,5),6)),((((7,8),9),10),(11,12)))); -7694.34  -1.238 80.9729 39.2343 28.1925 -7763.03 0.243497 0.232937 0.201229 0.322337  0.0376612   0.290505  0.0757775  0.0216955   0.564504 0.00985625
(1,2,((3,((4,5),6)),((((7,8),9),10),(11,12)))); -7700.23  -1.238 77.2052 38.3693 28.1786 -7766 0.248907 0.247666 0.177553 0.325874  0.0512257   0.280028  0.0801405  0.0162602   0.565747 0.00659849
(1,(2,((((7,8),9),10),(11,12))),(3,((4,5),6))); -7701.36  -1.12078 72.7509 39.2641 30.6569 -7764.38 0.243535 0.239202 0.193205 0.324058   0.039262   0.289672  0.0572387   0.022537   0.582976 0.00831437
(1,(2,(((((7,8),9),10),12),11)),(3,((4,5),6))); -7687.12  -2.63919 80.882 39.1741 31.2647 -7757.45 0.235082 0.241603 0.200289 0.323026 0.0442924  0.290159 0.0783524 0.0134118  0.562663 0.0111214
(1,(2,((((7,8),9),10),(11,12))),(3,((4,5),6))); -7701.69  -1.12078 74.2269 38.7457 29.1751 -7765.22 0.248721 0.237738 0.190896 0.322645  0.0446928   0.276092  0.0598137  0.0213385   0.592009 0.00605385
(1,(2,(((((7,8),9),10),12),11)),(3,((4,5),6))); -7689.34  -2.63919 82.0617 38.79 30.6459 -7760.62 0.226261 0.240086 0.188095 0.345558  0.0423279   0.292272  0.0618631  0.0144485    0.57929 0.00979873
(1,(2,(((((7,8),9),10),11),12)),(3,((4,5),6))); -7705.43  -2.30087 75.2824 38.6771 31.2112 -7770.94 0.232394 0.238925 0.204598 0.324082  0.041042  0.299244 0.0558509 0.0135886  0.578262 0.0120124
(1,2,((3,((4,5),6)),((((7,8),9),10),(11,12)))); -7697.46  -1.238 82.2801 38.9681 26.597 -7766.13 0.229154 0.256067  0.19148 0.323299  0.0499184   0.280916  0.0760215   0.022616   0.564815 0.00571322
(1,2,(((3,6),(4,5)),(((((7,8),9),10),12),11))); -7693.05  -6.14497 80.0627 38.4668 31.3275 -7759.83 0.233241 0.248628 0.190674 0.327457  0.0488399   0.287801  0.0488357  0.0190352   0.588265 0.00722322
(1,2,((3,((4,5),6)),((((7,8),9),10),(11,12)))); -7693.84  -1.238 80.7361 39.0235 31.1801 -7765.5 0.228403 0.242372 0.205448 0.323777 0.0496114  0.297482 0.0625645 0.0168757  0.563135 0.0103322
(1,2,((3,((4,5),6)),(((((7,8),9),10),11),12))); -7706.36  -2.41809 81.4421 38.6069 28.8053 -7775.59  0.23933 0.255722 0.178165 0.326783 0.0503663  0.293046 0.0736544 0.0145398  0.557436 0.0109576
(1,(2,((((7,8),9),10),(11,12))),(3,((4,5),6))); -7692.03  -1.12078 79.8013 39.2168 31.1315 -7762.62 0.227133 0.242148  0.20259 0.328129  0.0518521    0.29418  0.0591507  0.0117513   0.573504 0.00956193
(1,(2,((((7,8),9),10),(11,12))),(3,((4,5),6))); -7695.25  -1.12078 80.6718 38.918 28.8182 -7764.7 0.234331 0.251463 0.189209 0.324996 0.0618496  0.293455 0.0523655 0.0146477  0.570325 0.0073569
(1,2,((3,((4,5),6)),((((7,8),9),10),(11,12)))); -7703.08  -1.238 71.4812 38.5305 30.2586 -7765.05 0.234073 0.242178 0.192469  0.33128 0.0550593  0.281121 0.0701309 0.0100465  0.576032 0.0076101
(1,2,((3,((4,5),6)),(((((7,8),9),10),11),12))); -7707.09  -2.41809 78.142 38.9923 27.9848 -7771.8  0.23072  0.24092 0.201899  0.32646 0.0471264  0.293163 0.0673994 0.0240141   0.55519 0.0131071
(1,2,((3,((4,5),6)),((((7,8),9),10),(11,12)))); -7693.36  -1.238 80.8307 38.6962 30.4827 -7764.74 0.231953 0.244154   0.1894 0.334493 0.0419128   0.26966  0.064406 0.0141304  0.599521 0.0103698
(1,2,((3,((4,5),6)),((((7,8),9),10),(11,12)))); -7693.98  -1.238 80.3213 39.0926 30.1943 -7764.17 0.235124 0.233843 0.208698 0.322334 0.0478621  0.282605 0.0581299 0.0101512  0.590754  0.010497
(1,2,((3,((4,5),6)),((((7,8),9),10),(11,12)))); -7690.27  -1.238 82.3236 38.4958 32.8183 -7765.68  0.23135 0.243008 0.203707 0.321936   0.044978   0.285387  0.0624771  0.0180994   0.580416 0.00864256
(1,(2,(((((7,8),9),10),11),12)),(3,((4,5),6))); -7709.82  -2.30087 78.2866 38.7734 28.376 -7775.41 0.221637 0.243256 0.205036 0.330072  0.0450452   0.299133  0.0443893  0.0159505   0.586347 0.00913508
(1,2,((3,((4,5),6)),(((((7,8),9),10),12),11))); -7688.77  -2.75641 78.721 38.866 30.2285 -7756.1 0.241363 0.236686  0.19866 0.323291  0.0540885   0.286983  0.0604902  0.0120269   0.581261 0.00515048
(1,2,((3,((4,5),6)),(((((7,8),9),10),11),12))); -7701.51  -2.41809 77.951 38.6304 32.5817 -7770.99 0.237308 0.238526  0.19476 0.329406 0.0458587  0.285862 0.0564129 0.0130702  0.586518 0.0122789
(1,(2,((((7,8),9),10),(11,12))),(3,((4,5),6))); -7689.08  -1.12078 83.0158 38.6761 32.0892 -7764.39  0.22864  0.24944 0.193034 0.328886   0.046537   0.294029  0.0629119  0.0165572   0.572416 0.00754897
(1,(2,((((7,8),9),10),(11,12))),(3,((4,5),6))); -7696.89  -1.12078 76.0964 38.8745 30.188 -7763.18 0.237427 0.242121 0.190863 0.329589 0.0442112  0.288798 0.0710416  0.017185  0.563352 0.0154123
(1,2,((3,((4,5),6)),((((7,8),9),10),(11,12)))); -7696.55  -1.238 79.6071 38.5973 24.3964 -7760.72 0.233429 0.243681 0.198314 0.324575  0.0577552   0.276829  0.0660204 0.00752437   0.576686  0.0151843
(1,(2,((((7,8),9),10),(11,12))),(3,((4,5),6))); -7687.71  -1.12078 81.9787 38.6673 28.7655 -7758.67 0.242483 0.243867 0.202763 0.310887  0.0474817   0.298186  0.0572371  0.0152836   0.577558 0.00425365
(1,(2,((((7,8),9),10),(11,12))),(3,((4,5),6))); -7694.18  -1.12078 78.2262 39.2507 29.6926 -7761.73 0.234579 0.238892 0.202799  0.32373 0.0420473  0.276622 0.0589027 0.0206902  0.587711  0.014027
(1,2,((3,((4,5),6)),(((((7,8),9),10),11),12))); -7700.05  -2.41809 80.3547 38.9903 30.5148 -7769.51 0.239773  0.24049 0.210903 0.308834 0.0451595   0.28701 0.0671771 0.0150677  0.573728 0.0118585
(1,2,((3,((4,5),6)),((((7,8),9),10),(11,12)))); -7695.27  -1.238 84.5388 38.7156 27.9509 -7767.8 0.234326 0.261844 0.187507 0.316323 0.0425377  0.302051 0.0560179 0.0124077  0.576179 0.0108067
(1,(2,((((7,8),9),10),(11,12))),(3,((4,5),6))); -7691.25  -1.12078 84.4617 38.8917 31.1237 -7766.82 0.238381 0.241674 0.180184 0.339761  0.0413597   0.289174  0.0545676  0.0130653   0.591834 0.00999933
(1,(2,(((((7,8),9),10),11),12)),(3,((4,5),6))); -7701.53  -2.30087 80.0072 39.2462 29.7537 -7769.74 0.233176 0.234882  0.21392 0.318022 0.0429351  0.280919 0.0598824 0.0195455  0.584914 0.0118037
(1,(2,((((7,8),9),10),(11,12))),(3,((4,5),6))); -7690.81  -1.12078 77.7815 38.8126 32.4057 -7761.06 0.240849 0.235515 0.193256  0.33038  0.0471054   0.292065   0.071119  0.0151534   0.565511 0.00904686
(1,(2,((((7,8),9),10),(11,12))),(3,((4,5),6))); -7693.9  -1.12078 82.9662 38.8608 28.8425 -7765.73 0.251689 0.241787 0.183437 0.323087 0.0392956  0.287114 0.0589948 0.0222781  0.583389  0.008929
(1,2,((3,((4,5),6)),((((7,8),9),10),(11,12)))); -7696.59  -1.238 81.1211 39.0128 31.1829 -7768.64 0.231115 0.238886  0.20926 0.320739 0.0509492  0.295406 0.0526969  0.017299  0.574503 0.0091458
(1,2,((3,((4,5),6)),(((((7,8),9),10),11),12))); -7712.9  -2.41809 74.3476 39.0419 29.4634 -7775.25 0.235262 0.240802 0.182712 0.341224 0.0467827  0.285149 0.0581653 0.0215976  0.575073 0.0132321
(1,(2,(((((7,8),9),10),12),11)),(3,((4,5),6))); -7698.27  -2.63919 66.9307 39.173 32.6649 -7756.06 0.236068 0.234116 0.200699 0.329117  0.0429694   0.284514  0.0677426  0.0145073   0.582657 0.00760915
(1,(2,((((7,8),9),10),(11,12))),(3,((4,5),6))); -7693.05  -1.12078 79.859 39.0501 31.1073 -7763.84 0.243684 0.238568 0.189453 0.328295 0.0382191  0.291712 0.0599724 0.0113352   0.59076 0.0080012
(1,(2,((((7,8),9),10),(11,12))),(3,((4,5),6))); -7697.38  -1.12078 73.7651 38.4369 32.5994 -7764.19 0.236663 0.245983 0.188486 0.328868  0.0498933    0.28092  0.0583812  0.0126286   0.590214 0.00796269
(1,2,((3,((4,5),6)),(((((7,8),9),10),11),12))); -7704.58  -2.41809 76.7327 38.9155 29.5452 -7769.52 0.246775 0.238629 0.209439 0.305158   0.045851   0.284609  0.0569359  0.0173636   0.587107 0.00813275
(1,2,((3,((4,5),6)),((((7,8),9),10),(11,12)))); -7694.69  -1.238 80.5143 39.0946 31.5197 -7766.4 0.234649 0.240588 0.200569 0.324194 0.0423158  0.276263 0.0768343 0.0156089   0.57794 0.0110382
(1,2,((3,((4,5),6)),(((((7,8),9),10),11),12))); -7700.76  -2.41809 81.5085 38.9288 29.5712 -7770.5 0.233386 0.238792  0.19836 0.329462 0.0467626  0.281186 0.0672324 0.0117665  0.576946 0.0161068
(1,(2,((((7,8),9),10),(11,12))),(3,((4,5),6))); -7702.29  -1.12078 78.0198 38.7148 26.638 -7767.11 0.249634 0.254887 0.175356 0.320124 0.0375129  0.301543 0.0542789 0.0150587  0.579951 0.0116552
(1,(2,((((7,8),9),10),(11,12))),(3,((4,5),6))); -7695.06  -1.12078 78.1517 38.6672 30.781 -7764.21  0.23687 0.245514 0.198101 0.319515  0.0383961   0.282773  0.0552681  0.0196638   0.596872 0.00702752
(1,2,((3,((4,5),6)),((((7,8),9),10),(11,12)))); -7700.15  -1.238 81.5655 39.0782 27.5828 -7768.98 0.240273 0.239213 0.190833 0.329682 0.0610918  0.274851 0.0590072 0.0220528  0.571153  0.011845
(1,(2,((((7,8),9),10),(11,12))),(3,((4,5),6))); -7697.32  -1.12078 73.3104 39.4388 30.2958 -7760.37 0.245662 0.242847 0.203162 0.308329  0.0430496   0.288465  0.0676746  0.0198148   0.572288 0.00870818
(1,(2,((((7,8),9),10),(11,12))),(3,((4,5),6))); -7687.49  -1.12078 82.2543 38.8779 26.8824 -7756.63  0.22936  0.23697 0.218444 0.315225  0.0447871   0.270287  0.0684468  0.0107868   0.596242 0.00944968
(1,2,((3,((4,5),6)),((((7,8),9),10),(11,12)))); -7702.34  -1.238 74.5363 39.2347 29.6426 -7766.04 0.234988 0.238269 0.195693 0.331049   0.039753   0.270499  0.0663709  0.0215982   0.593684 0.00809465
(1,2,((3,((4,5),6)),(((((7,8),9),10),12),11))); -7696.37  -2.75641 78.437 39.1365 27.4339 -7760.35 0.234138 0.243629 0.182817 0.339416   0.059296   0.267917  0.0729989     0.0127     0.5774 0.00968842
(1,2,((3,((4,5),6)),((((7,8),9),10),(11,12)))); -7698.49  -1.238 77.8612 38.7825 30.363 -7766.7 0.230584 0.239586 0.209299 0.320531 0.0558406  0.282936 0.0533934 0.0165582  0.580715 0.0105568
(1,2,((3,((4,5),6)),((((7,8),9),10),(11,12)))); -7705.47  -1.238 78.4514 38.6895 16.8915 -7760.88 0.219355 0.244184 0.230894 0.305567  0.0377239   0.295559  0.0524289  0.0269741   0.579676 0.00763809
(1,(2,((((7,8),9),10),(11,12))),(3,((4,5),6))); -7696.99  -1.12078 73.8556 38.892 30.902 -7761.73 0.243794 0.237421 0.197247 0.321537 0.0393437  0.287739 0.0637375 0.0120777  0.584521  0.012581
(1,(2,((((7,8),9),10),(11,12))),(3,((4,5),6))); -7697.24  -1.12078 71.8238 38.8737 30.0282 -7759.1  0.24047 0.249594 0.196608 0.313328  0.0450726   0.295332  0.0686154  0.0180041   0.567626 0.00534981
(1,2,((3,((4,5),6)),(((((7,8),9),10),12),11))); -7694.9  -2.75641 79.5388 38.5541 28.8847 -7762.01 0.229392 0.248089 0.176391 0.346128  0.0430318   0.279295  0.0618096  0.0179995   0.588609 0.00925547
(1,2,((3,((4,5),6)),((((7,8),9),10),(11,12)))); -7704.2  -1.238 79.4512 39.354 26.2764 -7769.34 0.240508 0.232329  0.20508 0.322083  0.0512808   0.312106  0.0416957  0.0163263   0.571285 0.00730624
(1,(2,((((7,8),9),10),(11,12))),(3,(4,(5,6)))); -7715.15  -7.84193 82.5731 38.7309 29.3755 -7780.53 0.237196 0.245699 0.187597 0.329508  0.0404532   0.284551  0.0476489  0.0223959   0.597423 0.00752776
(1,2,((3,((4,5),6)),((((7,8),9),10),(11,12)))); -7697.05  -1.238 80.7725 38.7754 27.4785 -7765.29  0.22996 0.229084  0.21345 0.327506  0.0483137   0.308996  0.0523785  0.0152235   0.565391 0.00969654
(1,2,((3,((4,5),6)),((((7,8),9),10),(11,12)))); -7700.6  -1.238 76.2674 38.9501 31.8929 -7768.58 0.225369 0.248498 0.196578 0.329554  0.0454682   0.286403  0.0643268  0.0149835   0.580937 0.00788089
(1,(2,(((((7,8),9),10),12),11)),(3,((4,5),6))); -7692.43  -2.63919 77.6292 39.3407 31.8744 -7759.96 0.233175 0.248187 0.188467 0.330171  0.0415198   0.294502  0.0644576  0.0192129   0.571725 0.00858238
(1,(2,((((7,8),9),10),(11,12))),(3,((4,5),6))); -7705.24  -1.12078 73.0701 39.2649 30.2935 -7768.22 0.243646 0.250962 0.185224 0.320168  0.0491266   0.295877  0.0511801  0.0179984   0.579699 0.00611978
(1,(2,((((7,8),9),10),(11,12))),(3,((4,5),6))); -7691.29  -1.12078 78.4657 38.9991 28.5563 -7758.19 0.235465 0.235952 0.197355 0.331228  0.0478886   0.277729  0.0692251 0.00824019   0.585131  0.0117868
(1,2,((3,((4,5),6)),((((7,8),9),10),(11,12)))); -7702.16  -1.238 74.9702 38.8481 31.1441 -7768.19 0.243426 0.247422 0.186344 0.322808  0.0537787   0.281445  0.0504532  0.0147156   0.590077 0.00953001
(1,(2,((((7,8),9),10),(11,12))),(3,((4,5),6))); -7690.59  -1.12078 81.0327 38.7449 33.0416 -7764.8 0.232842 0.239167 0.194506 0.333485  0.045317  0.287767  0.058268 0.0142334  0.583247 0.0111672
(1,(2,((((7,8),9),10),(11,12))),((3,(4,5)),6)); -7696.87  -4.73143 83.2662 38.8348 28.9829 -7765.55 0.232995 0.246411 0.200292 0.320303 0.0549633  0.270289 0.0651357 0.0174155  0.578405 0.0137912
(1,2,((3,((4,5),6)),((((7,8),9),10),(11,12)))); -7690.64  -1.238 81.8054 38.9621 31.362 -7763.61 0.239654 0.247959 0.197215 0.315172 0.0458287  0.291848 0.0613384 0.0111966  0.577792  0.011997
(1,2,((3,((4,5),6)),((((7,8),9),10),(11,12)))); -7695.77  -1.238 78.9177 38.5886 26.9307 -7761.79 0.243076 0.243813 0.199076 0.314036 0.0443449  0.312048  0.062265 0.0162107  0.551339 0.0137927
(1,2,((3,((4,5),6)),((((7,8),9),10),(11,12)))); -7693.89  -1.238 79.8205 38.8367 32.1688 -7765.81 0.242686 0.240751 0.197703  0.31886  0.0503266   0.275084  0.0637283  0.0168894   0.584235 0.00973641
(1,2,((3,((4,5),6)),(((((7,8),9),10),12),11))); -7689.91  -2.75641 80.7483 38.6957 28.9401 -7758.15 0.243004 0.233047 0.186323 0.337627 0.0562748  0.279685 0.0730961 0.0143406  0.565336 0.0112682
(1,(2,(((((7,8),9),10),12),11)),(3,((4,5),6))); -7686.46  -2.63919 82.3055 39.0475 28.0363 -7755.11  0.23656 0.240442 0.206664 0.316334  0.0346557   0.295085  0.0801926  0.0162651   0.564138 0.00966402
(1,(2,((((7,8),9),10),(11,12))),(3,((4,5),6))); -7696.72  -1.12078 77.2119 39.1527 30.7882 -7764.44 0.232968 0.239142 0.188811  0.33908  0.0511234   0.294779  0.0692655  0.0118055   0.565269 0.00775776
(1,2,((3,((4,5),6)),((((7,8),9),10),(11,12)))); -7695.97  -1.238 82.9742 38.9712 30.3408 -7769.08 0.237068 0.239987 0.185621 0.337324  0.0537788    0.28328  0.0694467  0.0206439   0.563756 0.00909482
(1,2,((3,((4,5),6)),(((((7,8),9),10),11),12))); -7708.46  -2.41809 75.4254 38.5029 30.7985 -7773.76 0.245004 0.252888 0.186337 0.315771  0.0407555   0.293756  0.0661826   0.013422   0.576063 0.00982103
(1,(2,((((7,8),9),10),(11,12))),(3,((4,5),6))); -7693.93  -1.12078 79.7967 38.7985 28.5466 -7762.36 0.241334 0.248212 0.187933 0.322521  0.0522396   0.302944  0.0701567   0.019271   0.547558 0.00783066
(1,(2,((((7,8),9),10),(11,12))),(3,((4,5),6))); -7692.99  -1.12078 79.8284 39.0954 31.3349 -7763.94 0.232307 0.233044 0.209559 0.325089 0.0458123  0.289741 0.0522919 0.0176599  0.585329 0.0091661
(1,2,((3,((4,5),6)),((((7,8),9),10),(11,12)))); -7695.77  -1.238 84.6401 38.9595 29.6571 -7769.87  0.23018 0.238603 0.188577  0.34264  0.0581087    0.28066  0.0603586   0.013516   0.580024 0.00733218
(1,2,((3,((4,5),6)),((((7,8),9),10),(11,12)))); -7694.98  -1.238 83.2468 38.7603 26.6034 -7764.83  0.24755 0.231053 0.190886  0.33051 0.0615526  0.273581  0.061555 0.0190136  0.573192 0.0111061
(1,(2,(((((7,8),9),10),12),11)),(3,((4,5),6))); -7690.56  -2.63919 78.9605 38.8511 28.6122 -7756.64 0.229888 0.244664 0.205157 0.320291 0.0448125  0.282041 0.0614523 0.0191914  0.576036 0.0164671
(1,2,(((3,6),(4,5)),((((7,8),9),10),(11,12)))); -7699.69  -4.62655 82.5253 38.7589 30.7023 -7769.54 0.232288 0.256271 0.188187 0.323255 0.0508815  0.288864 0.0564619 0.0184569  0.575262 0.0100731
(1,(2,(((((7,8),9),10),12),11)),(3,((4,5),6))); -7690.53  -2.63919 81.7648 38.5782 30.3492 -7761.43 0.233223 0.238337 0.190098 0.338342 0.0525777  0.293811 0.0475531 0.0137885  0.580483 0.0117873
(1,2,((3,((4,5),6)),(((((7,8),9),10),12),11))); -7689.52  -2.75641 80.3365 38.7543 31.329 -7759.67 0.234035 0.240105 0.194153 0.331707 0.0519901   0.29547 0.0586979 0.0161437  0.564752 0.0129465
(1,2,((3,((4,5),6)),((((7,8),9),10),(11,12)))); -7702.17  -1.238 74.8232 38.164 26.3023 -7763.9 0.244911 0.244041 0.177674 0.333374  0.0454871   0.259952  0.0812775  0.0162307   0.587913 0.00913976
(1,(2,((((7,8),9),10),(11,12))),(3,((4,5),6))); -7693.33  -1.12078 80.4389 38.9308 30.7304 -7764.45 0.242666   0.2466 0.182292 0.328442  0.0549273   0.280086  0.0531206  0.0132547   0.588897 0.00971434
(1,(2,((((7,8),9),10),(11,12))),(3,((4,5),6))); -7698.62  -1.12078 77.0068 38.5779 25.3665 -7761.3 0.239152 0.246468 0.208226 0.306153 0.0452132  0.313411 0.0442609  0.011338  0.578147 0.0076305
(1,(2,((((7,8),9),10),(11,12))),(3,((4,5),6))); -7695.23  -1.12078 75.5186 38.6936 31.9335 -7762.87 0.227877 0.242519 0.198229 0.331375  0.0461718   0.285292  0.0565816   0.011804    0.59094 0.00921013
(1,2,((3,((4,5),6)),((((7,8),9),10),(11,12)))); -7703.02  -1.238 72.6367 39.2055 32.4036 -7767.61  0.23659 0.237527   0.1909 0.334982   0.042416    0.29515  0.0686283  0.0140146   0.571774 0.00801753
(1,2,((3,((4,5),6)),((((7,8),9),10),(11,12)))); -7696.91  -1.238 78.6473 38.797 28.7549 -7764.27  0.22297 0.249576 0.209943 0.317511  0.0497974   0.288568  0.0582082  0.0173507   0.579748 0.00632717
(1,2,((3,((4,5),6)),((((7,8),9),10),(11,12)))); -7698.56  -1.238 77.701 38.9171 30.181 -7766.29 0.235863 0.246445 0.191598 0.326094 0.0557086  0.271613 0.0757685 0.0143211  0.575174 0.0074142
(1,2,((3,((4,5),6)),(((((7,8),9),10),12),11))); -7698.83  -2.75641 69.6891 38.396 31.8987 -7759.26 0.243462  0.24232 0.185519   0.3287  0.049973  0.287819 0.0631062 0.0195792  0.569192 0.0103302
(1,(2,((((7,8),9),10),(11,12))),(3,((4,5),6))); -7697.76  -1.12078 76.8184 39.027 29.6436 -7764.07 0.238574 0.232683 0.193315 0.335428 0.0440625  0.271552 0.0559507 0.0144461  0.607096 0.0068932
(1,(2,((((7,8),9),10),(11,12))),(3,((4,5),6))); -7694.4  -1.12078 80.0102 38.7872 29.4109 -7763.92 0.234769 0.231265 0.213262 0.320704  0.0556973   0.282789  0.0546665  0.0176207   0.580162 0.00906415
(1,2,((3,((4,5),6)),((((7,8),9),10),(11,12)))); -7697.3  -1.238 81.8267 38.8673 28.3881 -7767.41 0.249352 0.251716 0.180507 0.318425  0.0526243   0.276135  0.0550338  0.0121376   0.595873 0.00819636
(1,(2,((((7,8),9),10),(11,12))),(3,((4,5),6))); -7692.93  -1.12078 81.7495 39.1245 29.1665 -7763.6 0.237519 0.243884 0.179758 0.338839  0.0425328   0.276126   0.082641  0.0127002   0.577996 0.00800471
(1,(2,(((((7,8),9),10),12),11)),(3,((4,5),6))); -7693.14  -2.63919 78.6452 38.8535 29.203 -7759.5 0.240943 0.240306 0.184422 0.334329  0.0547094   0.289814  0.0574347  0.0207834   0.571863 0.00539576
(1,(2,((((7,8),9),10),(11,12))),(3,((4,5),6))); -7693.07  -1.12078 80.9919 39.137 30.7474 -7764.55 0.242591 0.246925  0.18619 0.324294 0.0498812  0.294041 0.0668612 0.0208155    0.5598  0.008602
(1,2,((3,((4,5),6)),((((7,8),9),10),(11,12)))); -7695.41  -1.238 82.3979 38.8203 30.4904 -7768.24 0.237406 0.238077 0.182761 0.341756 0.0373496  0.288525 0.0657309 0.0167291  0.584311 0.0073539
(1,(2,((((7,8),9),10),(11,12))),(3,((4,5),6))); -7696.94  -1.12078 77.4592 39.3216 30.8828 -7764.84  0.23456 0.246838 0.192403 0.326199 0.0470743  0.286925 0.0586648 0.0228529  0.572772 0.0117107
(1,(2,((((7,8),9),10),(11,12))),(3,((4,5),6))); -7700.88  -1.12078 77.6027 38.3908 27.804 -7766.78 0.231456   0.2487 0.190272 0.329571  0.0364428   0.286674   0.045831  0.0169686   0.607966 0.00611777
(1,(2,(((((7,8),9),10),12),11)),(3,((4,5),6))); -7688.43  -2.63919 82.2962 39.0611 26.9908 -7756.02 0.232965 0.223995 0.199196 0.343844 0.0387011  0.283291 0.0584543 0.0127573  0.594329 0.0124678
(1,2,((3,((4,5),6)),((((7,8),9),10),(11,12)))); -7698.69  -1.238 75.7583 38.5233 29.1194 -7763.81 0.248186 0.227055 0.195179 0.329581  0.0488023   0.292614  0.0599915  0.0110488   0.577903 0.00964045
(1,2,((3,((4,5),6)),((((7,8),9),10),(11,12)))); -7700.98  -1.238 73.3499 38.3121 31.9132 -7766.7 0.238618  0.23393 0.193161 0.334291  0.0447123   0.281864  0.0659734  0.0188234   0.581707 0.00691955
(1,2,((3,((4,5),6)),(((((7,8),9),10),12),11))); -7687.86  -2.75641 78.6473 38.7679 33.014 -7757.99   0.2345 0.243119 0.195942 0.326438  0.0504304   0.278798  0.0576925  0.0155163   0.589273 0.00828979
(1,(2,((((7,8),9),10),(11,12))),(3,((4,5),6))); -7690.52  -1.12078 83.3914 38.7769 27.4856 -7761.5 0.231168  0.25168 0.186672  0.33048  0.0341029   0.290311  0.0582079 0.00997034   0.598345 0.00906277
(1,(2,((((7,8),9),10),(11,12))),((3,(4,5)),6)); -7701.57  -4.73143 81.8013 39.1197 32.271 -7771.79 0.240014 0.247291 0.185454  0.32724  0.0486889   0.283723  0.0591643  0.0198396   0.578848 0.00973591
(1,(2,((((7,8),9),10),(11,12))),(3,((4,5),6))); -7689.54  -1.12078 80.9459 38.5441 32.3161 -7763.14 0.229858 0.241184 0.193247 0.335711  0.0443047   0.287102  0.0631714  0.0121266   0.585591 0.00770489
(1,(2,((((7,8),9),10),(11,12))),((3,6),(4,5))); -7692.2  -4.50933 81.8579 39.0394 31.6409 -7762.15 0.235327 0.242264 0.198974 0.323435  0.0487322   0.304898  0.0599495  0.0157406   0.562904 0.00777579
(1,(2,((((7,8),9),10),(11,12))),(3,((4,5),6))); -7697.14  -1.12078 81.6477 39.0726 26.709 -7765.3 0.242328 0.230963 0.202385 0.324323 0.0563469  0.286534 0.0487891 0.0217219   0.57312 0.0134876
(1,2,((3,((4,5),6)),((((7,8),9),10),(11,12)))); -7697.49  -1.238 77.4253 39.1177 31.066 -7765.63  0.24656 0.241985  0.19528 0.316176  0.0430757   0.303681  0.0595131  0.0163577   0.569019 0.00835326
(1,(2,((((7,8),9),10),(11,12))),(3,((4,5),6))); -7691.38  -1.12078 78.4101 38.6613 29.8098 -7759.82 0.236168 0.243039 0.190774 0.330019  0.0473599   0.284743  0.0680728 0.00928249   0.577055  0.0134867
(1,2,((3,((4,5),6)),(((((7,8),9),10),11),12))); -7706.73  -2.41809 81.503 39.2434 26.7489 -7773.32  0.22356 0.238464 0.190339 0.347636  0.0524564   0.287586  0.0535527 0.00990701   0.584848  0.0116496
(1,2,((3,((4,5),6)),((((7,8),9),10),(11,12)))); -7701.79  -1.238 77.3706 39.1468 30.4055 -7769.18 0.244192  0.24424 0.184316 0.327252  0.0538107   0.301709  0.0623246   0.014248   0.559708 0.00819945
(1,2,((3,((4,5),6)),(((((7,8),9),10),11),12))); -7704.27  -2.41809 79.9358 39.2684 29.8271 -7772.35 0.251887 0.236347 0.181241 0.330525  0.0477847   0.277405  0.0698083  0.0150571   0.580857 0.00908788
(1,2,((3,((4,5),6)),((((7,8),9),10),(11,12)))); -7694.4  -1.238 80.3293 38.9082 31.0508 -7765.64 0.237925 0.248937 0.192089 0.321048  0.0494761   0.276873  0.0563458  0.0119115   0.598406 0.00698774
(1,2,((3,((4,5),6)),((((7,8),9),10),(11,12)))); -7694.26  -1.238 77.8388 38.8316 29.3136 -7761.35 0.243433 0.231071 0.207924 0.317573  0.041696  0.294863    0.0645 0.0122607  0.574449 0.0122318
(1,2,((3,((4,5),6)),(((((7,8),9),10),11),12))); -7709.02  -2.41809 73.9806 38.7347 30.7196 -7772.56 0.232946 0.246817 0.190384 0.329853 0.0420435  0.291252 0.0583083 0.0105687  0.585063  0.012764
(1,2,((3,((4,5),6)),(((((7,8),9),10),11),12))); -7701.31  -2.41809 78.7199 38.7706 32.2626 -7771.1 0.237146 0.235072 0.192265 0.335518  0.0430848   0.285879  0.0644764  0.0119531   0.584623 0.00998381
(1,(2,(((((7,8),9),10),11),12)),(3,((4,5),6))); -7706.24  -2.30087 79.0872 38.9008 28.2147 -7772.34 0.248064 0.231517 0.187648  0.33277  0.0414142   0.270592  0.0570018  0.0159228   0.606422 0.00864732
(1,(2,((((7,8),9),10),(11,12))),(3,((4,5),6))); -7695.72  -1.12078 75.3096 38.5354 29.1301 -7760.51 0.253084 0.240877 0.181951 0.324088 0.0418432  0.275111  0.070563 0.0154779  0.586219 0.0107854
(1,2,((3,((4,5),6)),((((7,8),9),10),(11,12)))); -7694.81  -1.238 78.9997 38.949 33.6406 -7767.26 0.236424 0.238206 0.196461 0.328909  0.0485443   0.287386  0.0615732  0.0138337   0.579596 0.00906645
(1,2,((3,((4,5),6)),((((7,8),9),10),(11,12)))); -7692.82  -1.238 79.5148 38.4103 30.169 -7762.85 0.240482 0.231455 0.201771 0.326293 0.0407405  0.293587   0.06283 0.0120942  0.577654  0.013094
(1,(2,(((((7,8),9),10),11),12)),((3,6),(4,5))); -7710.49  -5.68942 79.0742 38.9462 30.9634 -7775.9 0.243042 0.238811 0.186915 0.331232  0.0544598    0.28837  0.0504152  0.0137569   0.586022 0.00697653
(1,2,(((3,6),(4,5)),((((7,8),9),10),(11,12)))); -7697.97  -4.62655 79.764 38.6034 31.4939 -7766  0.23364 0.236766 0.204235 0.325359   0.041823   0.303383  0.0565752  0.0156454   0.574934 0.00763922
(1,2,((3,((4,5),6)),(((((7,8),9),10),12),11))); -7699.43  -2.75641 79.2736 39.2023 28.9162 -7765.66 0.236054 0.255746   0.1709   0.3373  0.0445608   0.290855  0.0576217  0.0168622   0.580872 0.00922819
(1,(2,((((7,8),9),10),(11,12))),(3,((4,5),6))); -7695.48  -1.12078 76.4281 38.6812 30.2737 -7762.37 0.237987 0.230113 0.201691 0.330209  0.0568854   0.291602   0.061943  0.0146382   0.567361 0.00756983
(1,(2,((((7,8),9),10),(11,12))),(3,((4,5),6))); -7695.51  -1.12078 80.1633 38.4426 31.1294 -7767.23 0.236626 0.247512 0.190165 0.325698 0.0440954  0.291569 0.0477694 0.0180891  0.586049 0.0124281
(1,(2,((((7,8),9),10),(11,12))),(3,((4,5),6))); -7692.29  -1.12078 80.7387 38.5591 31.5895 -7764.94 0.242657 0.233207 0.190969 0.333168 0.0484092  0.292768 0.0532555 0.0146655  0.579435 0.0114669
(1,2,((3,((4,5),6)),((((7,8),9),10),(11,12)))); -7697.86  -1.238 81.4911 39.1348 27.7574 -7766.74 0.252439 0.246569 0.173753 0.327238 0.0488991  0.274415  0.074356 0.0142422  0.577389 0.0106996
(1,(2,((((7,8),9),10),(11,12))),(3,((4,5),6))); -7697.45  -1.12078 73.4885 39.0277 32.0433 -7762.83 0.236506 0.241814 0.196994 0.324686  0.0513114   0.283156  0.0710576  0.0186031   0.568846 0.00702605
(1,2,((3,((4,5),6)),((((7,8),9),10),(11,12)))); -7694.48  -1.238 82.4715 39.1144 30.2355 -7766.83 0.245153 0.243122 0.197116 0.314609 0.0581775  0.285061 0.0532658 0.0158955  0.577266 0.0103343
(1,(2,((((7,8),9),10),(11,12))),(3,((4,5),6))); -7700.84  -1.12078 76.5732 38.4725 30.8432 -7768.67 0.243631  0.24377 0.175783 0.336816     0.0442   0.288215  0.0535344  0.0167236   0.587488 0.00983897
(1,(2,((((7,8),9),10),(11,12))),(3,((4,5),6))); -7689.46  -1.12078 81.6205 39.0388 32.3452 -7763.27 0.241659 0.248836 0.191174 0.318331 0.0517679  0.293145 0.0613949 0.0156878  0.569188 0.0088172
(1,2,((3,((4,5),6)),(((((7,8),9),10),12),11))); -7690.12  -2.75641 81.3559 39.2566 31.3012 -7760.76   0.2412  0.24305 0.191628 0.324122 0.0575084  0.289111 0.0589753 0.0155861  0.567478 0.0113405
(1,(2,((((7,8),9),10),(11,12))),((3,6),(4,5))); -7697.99  -4.50933 77.9259 38.9331 30.3341 -7762.81 0.233068 0.237355 0.202355 0.327222  0.0558575   0.288309  0.0657494  0.0172628   0.567157 0.00566499
(1,2,((3,((4,5),6)),((((7,8),9),10),(11,12)))); -7695.08  -1.238 78.3085 39.0411 31.2274 -7764.34 0.242375 0.236014 0.193099 0.328512  0.049632  0.275006 0.0702419 0.0117502  0.583364 0.0100056
(1,(2,((((7,8),9),10),(11,12))),(3,((4,5),6))); -7696.45  -1.12078 79.3748 39.2876 30.4999 -7765.91 0.240983 0.248922  0.18763 0.322465  0.0422416   0.293648  0.0602672  0.0213063   0.576554 0.00598279
(1,2,(((3,6),(4,5)),(((((7,8),9),10),12),11))); -7686.55  -6.14497 83.1671 38.7751 31.2058 -7756.01 0.241174 0.230799 0.201891 0.326136   0.042632   0.281398  0.0607816  0.0137264   0.594484 0.00697791
(1,(2,((((7,8),9),10),(11,12))),(3,((4,5),6))); -7695.54  -1.12078 80.6322 38.9379 30.6313 -7766.74 0.231513 0.238282 0.195945  0.33426  0.0466167   0.279779  0.0478758  0.0192784   0.596598 0.00985276
(1,(2,(((((7,8),9),10),12),11)),(3,((4,5),6))); -7687.36  -2.63919 79.4815 39.0409 32.1288 -7757.29 0.234929 0.248286 0.199959 0.316826  0.0460052   0.298374  0.0646048  0.0147095   0.568232 0.00807423
(1,2,((3,((4,5),6)),((((7,8),9),10),(11,12)))); -7706.64  -1.238 71.2483 38.9105 32.1839 -7769.93 0.236919 0.243351 0.189083 0.330647   0.04953  0.300938 0.0567701 0.0153705  0.567098 0.0102934
(1,(2,((((7,8),9),10),(11,12))),(3,((4,5),6))); -7695.57  -1.12078 75.5325 38.8266 29.0256 -7760.18 0.235885 0.235197 0.200149 0.328769  0.0388176   0.309716  0.0678677  0.0153846   0.560913 0.00730092
(1,(2,((((7,8),9),10),(11,12))),(3,((4,5),6))); -7695.22  -1.12078 79.715 39.3067 29.6865 -7764.2 0.238871 0.232227 0.199742  0.32916 0.0470604  0.296865 0.0559743 0.0193589  0.566839 0.0139019
(1,(2,(((((7,8),9),10),12),11)),(3,((4,5),6))); -7687.77  -2.63919 78.4571 38.6734 31.4143 -7756.33 0.233953 0.243519 0.196281 0.326246  0.0431781   0.281686  0.0827406  0.0151736   0.568219 0.00900253
(1,(2,((((7,8),9),10),(11,12))),(3,((4,5),6))); -7696.73  -1.12078 79.1984 38.9133 31.55 -7767.45 0.237086 0.235571 0.186087 0.341256 0.0431772  0.288247 0.0589732 0.0163354  0.581429 0.0118385
(1,(2,(((((7,8),9),10),11),12)),(3,((4,5),6))); -7704.28  -2.30087 80.5494 38.6282 28.7271 -7772.63 0.227706 0.246724 0.195793 0.329777 0.0377309  0.308358 0.0616922 0.0172679  0.564457 0.0104939
(1,(2,((((7,8),9),10),(11,12))),(3,((4,5),6))); -7698.71  -1.12078 78.1658 39.4207 28.9877 -7765.32 0.240312  0.24495 0.189373 0.325364 0.0408979  0.306862 0.0571869 0.0208087  0.562169 0.0120752
(1,2,((3,((4,5),6)),((((7,8),9),10),(11,12)))); -7696.24  -1.238 77.9179 38.9081 31.2591 -7765.27 0.238204  0.23566 0.205514 0.320622   0.041829   0.297658  0.0544695  0.0119611   0.586004 0.00807869
(1,2,((3,((4,5),6)),((((7,8),9),10),(11,12)))); -7692.16  -1.238 84.4706 38.8631 25.9699 -7762.5  0.23146 0.235439 0.213893 0.319208  0.0435697   0.296064  0.0604758  0.0256495   0.568628 0.00561262
(1,(2,(((((7,8),9),10),11),12)),(3,((4,5),6))); -7709.45  -2.30087 78.758 38.8399 27.404 -7774.47 0.232776 0.241082 0.204165 0.321977   0.047899    0.31358  0.0416949  0.0160003   0.570986 0.00983975
(1,(2,(((((7,8),9),10),12),11)),(3,((4,5),6))); -7688.41  -2.63919 82.2785 39.1297 31.2939 -7760.21 0.237191 0.251321 0.189009 0.322479 0.0460644  0.301118 0.0591086 0.0143194  0.567654 0.0117362
(1,(2,((((7,8),9),10),(11,12))),(3,((4,5),6))); -7702.47  -1.12078 76.0905 38.7198 27.7955 -7766.51  0.22297 0.246734 0.202922 0.327373  0.0499735   0.295271  0.0443985   0.020441   0.581806 0.00810989
(1,(2,((((7,8),9),10),(11,12))),(3,((4,5),6))); -7687.91  -1.12078 83.7822 39.0282 30.0251 -7761.56 0.247794 0.241787 0.188949  0.32147 0.0439859   0.27268  0.075515 0.0121958  0.585584 0.0100401
(1,(2,((((7,8),9),10),(11,12))),(3,((4,5),6))); -7704.83  -1.12078 71.1184 38.308 24.7272 -7761.24 0.249619 0.245028 0.179828 0.325525 0.0686314  0.285043 0.0611064 0.0147594  0.559957 0.0105034
(1,(2,((((7,8),9),10),(11,12))),(3,((4,5),6))); -7697.18  -1.12078 74.7929 38.6292 32.7551 -7764.98 0.235519 0.244283  0.19816 0.322038  0.0485506   0.290278  0.0498958  0.0143369   0.587979 0.00895906
(1,(2,((((7,8),9),10),(11,12))),((3,6),(4,5))); -7696.35  -4.50933 76.6605 38.557 33.4054 -7763.35 0.233753 0.244216 0.196529 0.325501  0.0449757   0.291569  0.0620583  0.0170874   0.576721 0.00758937
(1,2,((3,((4,5),6)),((((7,8),9),10),(11,12)))); -7701.86  -1.238 79.9468 39.0746 29.8954 -7771.39 0.232111  0.23722 0.195216 0.335453  0.0491195   0.284436  0.0455438   0.015984   0.598887 0.00602988
(1,2,((3,((4,5),6)),((((7,8),9),10),(11,12)))); -7700.16  -1.238 81.6223 39.4951 26.0109 -7767.06 0.230546 0.232063 0.204529 0.332863 0.0490394  0.316001 0.0478143 0.0143022  0.561232 0.0116107
(1,(2,((((7,8),9),10),(11,12))),(3,((4,5),6))); -7688.96  -1.12078 80.551 38.8305 31.5888 -7761.15 0.241159 0.236203 0.196789 0.325849  0.0386905   0.288297  0.0695657  0.0189454   0.576462 0.00803859
(1,2,(((3,(4,5)),6),((((7,8),9),10),(11,12)))); -7700.86  -4.84865 83.1846 38.8295 31.7526 -7772.12 0.243938   0.2462 0.190958 0.318904 0.0436021  0.292123 0.0508874 0.0176028  0.584695 0.0110901
(1,(2,((((7,8),9),10),(11,12))),(3,((4,5),6))); -7700.02  -1.12078 79.1363 38.6451 27.827 -7767.22  0.23389 0.252434 0.174827 0.338849 0.0421974  0.294023 0.0734604 0.0171194  0.561353 0.0118477
(1,(2,((((7,8),9),10),(11,12))),(3,((4,5),6))); -7700.08  -1.12078 76.4718 38.6656 31.4903 -7768.26 0.243282 0.239933 0.187104 0.329681  0.0524288   0.289285  0.0504512   0.018572   0.581054 0.00820911
(1,(2,((((7,8),9),10),(11,12))),(3,((4,5),6))); -7687.91  -1.12078 82.5762 38.914 31.5703 -7762.03  0.24126  0.24442 0.187956 0.326364  0.0493698   0.286434  0.0726866  0.0108351   0.571659 0.00901616
(1,(2,((((7,8),9),10),(11,12))),(3,((4,5),6))); -7689.87  -1.12078 80.306 39.2636 27.7416 -7757.53  0.24417 0.244819 0.203292  0.30772  0.0512986   0.293776  0.0615084  0.0118223   0.577134 0.00446105
(1,2,((3,((4,5),6)),((((7,8),9),10),(11,12)))); -7690.52  -1.238 81.2432 38.6411 32.0021 -7763.88 0.241302 0.237752 0.203271 0.317675 0.0411677  0.289681 0.0653364 0.0159538  0.576528 0.0113333
(1,2,(((3,6),(4,5)),(((((7,8),9),10),12),11))); -7692.49  -6.14497 82.7685 38.9361 31.8478 -7762.02 0.243135  0.24162 0.180049 0.335196  0.0452181   0.286699  0.0599162   0.018488   0.579866 0.00981199
(1,(2,(((((7,8),9),10),12),11)),((3,(4,5)),6)); -7699.14  -6.24984 77.6935 39.0392 29.8679 -7761.42 0.233787 0.241233 0.200894 0.324087 0.0497895   0.28787 0.0598309 0.0130783  0.573017 0.0164145
(1,2,((3,((4,5),6)),((((7,8),9),10),(11,12)))); -7698.62  -1.238 79.1577 38.7134 29.9573 -7767.78 0.235956 0.230524  0.19458 0.338939 0.0471873  0.300361 0.0511055 0.0126193  0.581947 0.0067805
(1,(2,((((7,8),9),10),(11,12))),(3,((4,5),6))); -7694.81  -1.12078 81.5594 39.0245 30.2662 -7766.49 0.229801 0.239926 0.191441 0.338832 0.0450103  0.298182  0.062336 0.0201237   0.56306 0.0112881
(1,(2,((((7,8),9),10),(11,12))),(3,((4,5),6))); -7698.34  -1.12078 76.7963 39.1941 30.7804 -7765.6 0.236329 0.246266 0.183396 0.334009 0.0456642   0.28121 0.0683793 0.0212647  0.572373 0.0111085
(1,(2,(((((7,8),9),10),12),11)),(3,((4,5),6))); -7683.25  -2.63919 83.058 38.8118 32.212 -7757.07 0.241648 0.238742 0.205712 0.313898 0.0442331  0.286112  0.060257 0.0171644   0.58271 0.0095231
(1,(2,((((7,8),9),10),(11,12))),(3,((4,5),6))); -7692.34  -1.12078 77.8673 38.9366 32.5538 -7762.7 0.231787 0.250097 0.193985  0.32413    0.04159   0.286205  0.0658816   0.016618   0.581445 0.00826056
(1,(2,((((7,8),9),10),(11,12))),(3,((4,5),6))); -7694.07  -1.12078 76.9744 38.6734 33.3167 -7764.56 0.241634   0.2386 0.196014 0.323752  0.0455629   0.291367  0.0599729  0.0172413   0.577933 0.00792224
(1,2,((3,((4,5),6)),((((7,8),9),10),(11,12)))); -7697.02  -1.238 77.8943 38.9379 31.8816 -7766.62 0.229588 0.245627 0.198452 0.326332  0.0498827   0.294172  0.0676833   0.012741   0.567137 0.00838414
(1,2,((3,((4,5),6)),(((((7,8),9),10),11),12))); -7705.05  -2.41809 80.1268 39.2144 27.9689 -7771.51 0.251239 0.241454 0.185692 0.321614 0.0527391  0.275811 0.0707923 0.0181657   0.56874 0.0137518
(1,2,((3,((4,5),6)),((((7,8),9),10),(11,12)))); -7698.8  -1.238 78.7573 38.3823 28.731 -7766.66 0.238311 0.229639 0.216648 0.315402 0.0454108  0.290968  0.051107 0.0167077  0.584497 0.0113095
(1,(2,((((7,8),9),10),(11,12))),((3,6),(4,5))); -7701.01  -4.50933 80.3734 39.0351 30.2967 -7768.14 0.243561 0.238447 0.178978 0.339014  0.0497122   0.282055  0.0658719  0.0198444   0.573017 0.00949861
(1,2,((3,((4,5),6)),((((7,8),9),10),(11,12)))); -7704.25  -1.238 75.2923 39.3194 31.6068 -7770.59 0.236548 0.243267 0.195067 0.325118  0.0464947   0.295922  0.0546633  0.0218014   0.571448 0.00967108
(1,2,((3,((4,5),6)),((((7,8),9),10),(11,12)))); -7699.28  -1.238 82.1589 39.0926 23.4368 -7764.55 0.235437 0.258878 0.200254  0.30543  0.0457759   0.294229  0.0879197  0.0191891   0.544902 0.00798452
(1,(2,(((((7,8),9),10),11),12)),(3,((4,5),6))); -7702.15  -2.30087 80.7537 38.6736 31.4835 -7773.41 0.228381 0.237511 0.198322 0.335786  0.0519216   0.295073   0.061113   0.016444   0.566399 0.00904954
(1,(2,((((7,8),9),10),(11,12))),(3,((4,5),6))); -7690.56  -1.12078 80.6034 39.1833 32.3604 -7763.22 0.237543 0.239389 0.202687 0.320381  0.0514427   0.289351  0.0511496  0.0155025   0.582807 0.00974756
(1,(2,(((((7,8),9),10),11),12)),(3,((4,5),6))); -7706.33  -2.30087 83.9194 38.9893 27.6003 -7776.56 0.229402 0.236415 0.209975 0.324208 0.0403807  0.291845 0.0402709 0.0165955  0.600893 0.0100156
(1,2,((3,((4,5),6)),((((7,8),9),10),(11,12)))); -7698.13  -1.238 80.7594 38.9727 26.3114 -7764.99 0.235078 0.236631 0.190642 0.337649  0.0371372   0.278597  0.0920304  0.0126806   0.573496 0.00605871
(1,(2,((((7,8),9),10),(11,12))),(3,((4,5),6))); -7692.67  -1.12078 76.5051 38.7378 31.3611 -7760.68 0.238095  0.23839 0.191954 0.331561  0.0460322   0.270636  0.0759511  0.0143345   0.583951 0.00909507
(1,2,((3,((4,5),6)),((((7,8),9),10),(11,12)))); -7700.07  -1.238 75.2161 38.7129 29.8244 -7765.16 0.240869 0.228082 0.194938 0.336111  0.0481925   0.272578   0.057973  0.0157706   0.595548 0.00993783
(1,(2,(((((7,8),9),10),11),12)),(3,((4,5),6))); -7698.82  -2.30087 82.4115 38.7828 31.4086 -7771.56  0.24184 0.246233 0.195866  0.31606 0.0417798  0.293099 0.0554693 0.0112681  0.587794 0.0105902
(1,2,((3,((4,5),6)),((((7,8),9),10),(11,12)))); -7693.53  -1.238 82.4177 39.2497 32.1481 -7767.61 0.245123 0.240477 0.190272 0.324127 0.0435359  0.290492 0.0610785 0.0201577  0.575461 0.0092741
(1,2,((3,((4,5),6)),(((((7,8),9),10),11),12))); -7705.58  -2.41809 81.1246 38.7359 28.1714 -7773.73 0.246161 0.237814 0.193221 0.322804  0.0334766   0.281729  0.0570115  0.0186408   0.602149 0.00699327
(1,2,((3,((4,5),6)),((((7,8),9),10),(11,12)))); -7708.21  -1.238 78.692 39.3592 26.8815 -7773.18 0.229723  0.23836 0.190857  0.34106  0.0386471   0.309318  0.0450696  0.0158405   0.585026 0.00609797
