tree logl logTop logBL logPrior logQ logWt pi1 pi2 pi3 pi4 s1 s2 s3 s4 s5 s6
(1,(2,((((7,8),9),10),(11,12))),(3,((4,5),6))); -7692.57  -1.12078 78.2768 39.2665 32.5811 -7763.04  0.24648 0.238837 0.191186 0.323496   0.043733   0.287078   0.066388  0.0144505   0.580783 0.00756748
(1,(2,((((7,8),9),10),(11,12))),(3,((4,5),6))); -7696.93  -1.12078 79.7628 39.0752 29.3657 -7765.87 0.231035 0.245834 0.186834 0.336296  0.0469132   0.309492  0.0634491  0.0142586   0.556532 0.00935522
(1,(2,((((7,8),9),10),(11,12))),(3,((4,5),6))); -7687.73  -1.12078 80.4748 38.3225 29.3589 -7758.12 0.232899  0.24242 0.202818 0.321863 0.0370225  0.283522 0.0664138 0.0114095  0.587977 0.0136555
(1,2,((3,((4,5),6)),((((7,8),9),10),(11,12)))); -7692.35  -1.238 83.4832 38.9155 30.6027 -7766.28 0.226822 0.236461   0.2005 0.336217   0.039692   0.279705  0.0644454  0.0184577   0.588788 0.00891209
(1,(2,((((7,8),9),10),(11,12))),(3,((4,5),6))); -7688.34  -1.12078 79.0267 38.6869 33.3611 -7760.92 0.240096 0.244279 0.197792 0.317834  0.0451073   0.291696  0.0619851  0.0150536   0.578282 0.00787539
(1,2,((3,((4,5),6)),((((7,8),9),10),(11,12)))); -7691.49  -1.238 82.3944 38.7441 32.8731 -7766.77 0.235122 0.250521 0.193234 0.321123 0.0466297  0.285059 0.0669408 0.0144442  0.579297   0.00763
(1,(2,((((7,8),9),10),(11,12))),(3,((4,5),6))); -7689.93  -1.12078 82.7186 39.347 28.8405 -7761.03 0.242019 0.232366 0.210456 0.315159 0.0460594  0.280291 0.0620734 0.0206194  0.578301 0.0126567
(1,(2,((((7,8),9),10),(11,12))),(3,((4,5),6))); -7700.46  -1.12078 83.7663 38.7325 25.8385 -7770.21 0.222792  0.25082 0.179728 0.346659  0.0474878   0.295257  0.0622457  0.0218296   0.564368 0.00881255
(1,(2,((((7,8),9),10),(11,12))),(3,((4,5),6))); -7697.78  -1.12078 74.1657 38.6121 29.7054 -7761.92 0.244132 0.246233 0.190672 0.318963  0.0385171   0.307552  0.0638539  0.0138438   0.568982 0.00725108
(1,(2,((((7,8),9),10),(11,12))),((3,6),(4,5))); -7694.33  -4.50933 83.0194 38.8635 28.3519 -7762.33 0.241384 0.226525 0.201874 0.330217 0.0545451  0.287462 0.0606059 0.0216914  0.566901  0.008794
(1,(2,(((((7,8),9),10),12),11)),(3,((4,5),6))); -7690.43  -2.63919 78.8442 38.9602 27.8934 -7755.57 0.234859 0.242949 0.201012 0.321181 0.0593227  0.278051 0.0837263 0.0138856  0.557285 0.0077293
(1,2,((3,((4,5),6)),((((7,8),9),10),(11,12)))); -7693.45  -1.238 84.6881 38.8684 30.5485 -7768.58 0.233382 0.253412 0.194221 0.318985  0.0442563   0.293133  0.0555044  0.0216657   0.576857 0.00858352
(1,(2,((((7,8),9),10),(11,12))),(3,((4,5),6))); -7692.29  -1.12078 78.3512 38.7496 31.1947 -7761.97 0.241156 0.233297 0.198548 0.326999 0.0451114  0.289634 0.0613642  0.018136  0.572382 0.0133727
(1,(2,((((7,8),9),10),(11,12))),(3,((4,5),6))); -7692.03  -1.12078 79.6855 39.0848 29.6249 -7761.13 0.234723 0.248582 0.198698 0.317997 0.0410439  0.285798 0.0785545 0.0147202  0.566246 0.0136368
(1,(2,((((7,8),9),10),(11,12))),(3,((4,5),6))); -7689.85  -1.12078 79.9846 38.6882 31.9911 -7762.02 0.245283 0.245694 0.184931 0.324093  0.0509019   0.283708  0.0678433  0.0133067   0.576404 0.00783632
(1,(2,(((((7,8),9),10),11),12)),(3,((4,5),6))); -7702.26  -2.30087 82.5991 38.958 29.3653 -7772.97 0.234841 0.244388 0.197282  0.32349 0.0540627  0.278049 0.0627866 0.0236441  0.569954 0.0115039
(1,2,((3,((4,5),6)),((((7,8),9),10),(11,12)))); -7700.68  -1.238 79.635 39.2235 29.4615 -7769.32   0.2358 0.231573 0.185391 0.347235  0.0408003   0.293454  0.0684022  0.0178732   0.570079 0.00939082
(1,2,((3,((4,5),6)),((((7,8),9),10),(11,12)))); -7695.51  -1.238 81.8027 39.0352 31.0221 -7768.06 0.233154 0.232335 0.192872 0.341638 0.0511045  0.282104 0.0559204 0.0168824  0.583408 0.0105811
(1,(2,((((7,8),9),10),(11,12))),(3,((4,5),6))); -7696.4  -1.12078 75.7947 38.5669 31.1848 -7763.69 0.232319 0.241873 0.187999 0.337808 0.0418173  0.295923 0.0594383 0.0114808  0.580156 0.0111853
(1,2,((3,((4,5),6)),(((((7,8),9),10),11),12))); -7698.4  -2.41809 84.9993 39.016 31.8322 -7773.79 0.230754 0.238633 0.193524 0.337089  0.0497033   0.298222  0.0630641  0.0142564   0.565789 0.00896574
(1,2,((3,((4,5),6)),((((7,8),9),10),(11,12)))); -7702.6  -1.238 78.5033 39.3001 28.3507 -7768.92 0.249524 0.243382 0.198853 0.308242  0.0431233    0.30078  0.0468249  0.0182934   0.583232 0.00774635
(1,2,((3,((4,5),6)),((((7,8),9),10),(11,12)))); -7692.86  -1.238 82.7204 38.6125 30.7599 -7766.49 0.242105 0.231875 0.197994 0.328025 0.0385276  0.294833 0.0598983 0.0175724  0.577759   0.01141
(1,(2,((((7,8),9),10),(11,12))),((3,6),(4,5))); -7695.43  -4.50933 81.6914 38.5623 32.3143 -7766.37 0.233344 0.248641 0.187969 0.330046  0.0449104   0.295394  0.0596717  0.0181373    0.57193 0.00995688
(1,2,((3,((4,5),6)),((((7,8),9),10),(11,12)))); -7694.04  -1.238 82.3444 39.1853 30.0147 -7765.97 0.230255 0.251962 0.207744 0.310039  0.0492456    0.28986  0.0539495  0.0137871   0.584928 0.00822963
(1,(2,((((7,8),9),10),(11,12))),(3,((4,5),6))); -7695.72  -1.12078 73.7163 38.9218 32.143 -7761.54 0.234205 0.238189  0.20308 0.324526 0.0491197   0.28199 0.0696096 0.0130567   0.57496 0.0112631
(1,(2,(((((7,8),9),10),12),11)),(3,((4,5),6))); -7686.75  -2.63919 80.3802 38.7968 32.7222 -7758.42 0.235005 0.239544  0.19832 0.327131 0.0430185  0.284763 0.0557325 0.0189125  0.587389 0.0101849
(1,(2,(((((7,8),9),10),11),12)),(3,((4,5),6))); -7701.78  -2.30087 80.3579 39.2286 33.4543 -7774.06 0.239696 0.245267 0.189444 0.325592  0.0490658   0.284615  0.0617097  0.0165294   0.578205 0.00987568
(1,(2,((((7,8),9),10),(11,12))),(3,((4,5),6))); -7690.14  -1.12078 82.3225 39.3097 31.1805 -7763.21 0.229281 0.235155 0.200713 0.334851  0.0453325   0.290108  0.0596778  0.0108365   0.586275 0.00776977
(1,(2,(((((7,8),9),10),11),12)),(3,((4,5),6))); -7705.16  -2.30087 77.3187 38.7376 31.0759 -7772.52 0.243438 0.243083 0.188754 0.324725  0.0412791   0.281739  0.0728053  0.0138186   0.584633 0.00572497
(1,(2,(((((7,8),9),10),11),12)),(3,((4,5),6))); -7706.75  -2.30087 75.6464 38.8369 29.7377 -7771 0.228277  0.23319 0.199074 0.339459 0.0432941  0.286535 0.0622524 0.0154178  0.578061   0.01444
(1,2,((3,((4,5),6)),((((7,8),9),10),(11,12)))); -7695.66  -1.238 80.4598 38.9444 26.7418 -7762.68 0.235058 0.222296 0.201152 0.341494  0.0393467   0.281832  0.0759649  0.0119131   0.582007 0.00893673
(1,2,((3,((4,5),6)),((((7,8),9),10),(11,12)))); -7700.93  -1.238 81.4354 38.6845 29.0024 -7771.45 0.245943 0.231875 0.192489 0.329693  0.0419318   0.299924  0.0438457  0.0157264   0.590535 0.00803786
(1,(2,((((7,8),9),10),(11,12))),(3,((4,5),6))); -7698.94  -1.12078 81.2792 38.9713 27.5979 -7767.73 0.238876 0.229657 0.191614 0.339853 0.0480851  0.295882 0.0480088 0.0191938   0.57439 0.0144407
(1,2,((3,((4,5),6)),((((7,8),9),10),(11,12)))); -7690.06  -1.238 84.8844 39.2307 33.332 -7767.81 0.241288 0.239243 0.192563 0.326906  0.0422959    0.28679  0.0666709  0.0142811   0.581466 0.00849647
(1,2,((3,((4,5),6)),(((((7,8),9),10),11),12))); -7701.8  -2.41809 79.6553 38.8844 31.3237 -7771.48 0.242362 0.245242 0.189484 0.322912  0.0479529    0.28733  0.0718824  0.0119668   0.574935 0.00593299
(1,(2,((((7,8),9),10),(11,12))),(3,((4,5),6))); -7697.14  -1.12078 73.4525 38.9013 30.4975 -7761.07 0.229336 0.242119 0.201178 0.327367  0.042318  0.303219 0.0673535 0.0156002  0.560471  0.011038
(1,2,((3,((4,5),6)),((((7,8),9),10),(11,12)))); -7694.93  -1.238 81.4961 39.0053 31.6376 -7767.82 0.228664 0.241701 0.202008 0.327627 0.0479235  0.281194 0.0539197 0.0131843  0.592929 0.0108496
(1,(2,(((((7,8),9),10),12),11)),(3,((4,5),6))); -7691.25  -2.63919 76.9733 38.9995 28.0981 -7754.68 0.248128 0.228049 0.185514 0.338308  0.0482516   0.278872  0.0748386  0.0124028   0.575881 0.00975346
(1,(2,((((7,8),9),10),(11,12))),(3,((4,5),6))); -7702.72  -1.12078 73.2113 39.0111 31.02 -7766.82 0.242049 0.247067 0.192279 0.318605 0.0470296  0.276275 0.0770329 0.0181901  0.571016 0.0104567
(1,(2,(((((7,8),9),10),11),12)),((3,(4,5)),6)); -7709.47  -5.91151 84.2387 38.7767 29.3045 -7778.32 0.228539 0.249097  0.20087 0.321493   0.045812    0.30872  0.0541344  0.0176599   0.563889 0.00978456
(1,2,((3,((4,5),6)),(((((7,8),9),10),12),11))); -7688.8  -2.75641 80.197 39.067 32.7213 -7759.9 0.237366 0.240616 0.194768  0.32725  0.0413389   0.291371  0.0576908  0.0162931   0.586953 0.00635345
(1,2,((3,((4,5),6)),((((7,8),9),10),(11,12)))); -7699.56  -1.238 77.9936 39.5514 30.2552 -7767.02 0.233395 0.238679 0.197321 0.330605  0.0464671   0.290398  0.0577595 0.00858612   0.589035 0.00775443
(1,2,((3,((4,5),6)),(((((7,8),9),10),12),11))); -7689.99  -2.75641 79.9403 38.9432 31.5271 -7759.75 0.234024 0.251099 0.195353 0.319524  0.0437721   0.285345  0.0722145  0.0187425    0.57252 0.00740627
(1,2,((3,((4,5),6)),((((7,8),9),10),(11,12)))); -7696.87  -1.238 79.3445 38.5746 32.3116 -7768.72 0.241818 0.247432 0.183839 0.326911 0.0517631  0.284485 0.0642744 0.0148688  0.574191 0.0104183
(1,(2,(((((7,8),9),10),11),12)),(3,((4,5),6))); -7707.63  -2.30087 78.3921 39.154 24.6287 -7769.2  0.25268  0.23456 0.184746 0.328014 0.0492029  0.298388  0.057914 0.0104722  0.567249 0.0167734
(1,(2,((((7,8),9),10),(11,12))),(3,((4,5),6))); -7694.14  -1.12078 77.297 38.8927 32.5907 -7764.02 0.239502 0.243116 0.199366 0.318016  0.0422937   0.297735  0.0547132  0.0163093   0.580292 0.00865686
(1,(2,(((((7,8),9),10),11),12)),(3,((4,5),6))); -7706.83  -2.30087 75.2571 39.0544 29.6094 -7770.34 0.242525 0.237829 0.189415 0.330231  0.0552957   0.289141  0.0575821 0.00954302   0.581499 0.00693973
(1,(2,((((7,8),9),10),(11,12))),(3,((4,5),6))); -7693.85  -1.12078 76.1375 38.8022 32.2492 -7762.31  0.23767 0.237356 0.197434  0.32754  0.0408321   0.294212  0.0559944  0.0119579   0.588734 0.00826925
(1,2,((3,((4,5),6)),((((7,8),9),10),(11,12)))); -7700.38  -1.238 80.163 38.3866 29.3728 -7770.29 0.242217 0.253612 0.192816 0.311356 0.0441756   0.29496 0.0454941 0.0178481  0.587183 0.0103387
(1,(2,((((7,8),9),10),(11,12))),(3,((4,5),6))); -7692.08  -1.12078 76.8412 38.8771 32.2624 -7761.19 0.231391 0.243075 0.204326 0.321209  0.0511024   0.280413  0.0635122  0.0132469   0.583148 0.00857794
(1,2,((3,((4,5),6)),((((7,8),9),10),(11,12)))); -7704.2  -1.238 76.5303 38.8993 29.622 -7770.22 0.237362  0.24385 0.189673 0.329115 0.0464295  0.274173 0.0567106  0.023426  0.587211   0.01205
(1,(2,((((7,8),9),10),(11,12))),(3,((4,5),6))); -7695.91  -1.12078 72.2542 38.1459 31.1828 -7760.08 0.239962 0.244929 0.190809   0.3243 0.0460087  0.296825  0.065289 0.0128001  0.565578  0.013499
(1,2,((3,((4,5),6)),((((7,8),9),10),(11,12)))); -7695.23  -1.238 81.9017 38.5683 29.2965 -7766.62 0.242945 0.249323 0.176831 0.330901   0.052402   0.282628  0.0710284  0.0141659   0.574163 0.00561252
(1,(2,((((7,8),9),10),(11,12))),(3,((4,5),6))); -7698.05  -1.12078 77.7437 38.9032 30.8375 -7766.61 0.240072 0.250028 0.180049 0.329851  0.048702  0.278074 0.0612176 0.0198918  0.581691  0.010424
(1,(2,((((7,8),9),10),(11,12))),((3,(4,5)),6)); -7705.68  -4.73143 81.5006 38.8708 29.4675 -7773.04 0.232042 0.247695 0.186114 0.334149  0.0346296   0.296943   0.054991  0.0160661    0.59016 0.00721065
(1,2,((3,((4,5),6)),(((((7,8),9),10),12),11))); -7692.31  -2.75641 79.7745 39.0457 31.168 -7761.45 0.244445 0.242155 0.178683 0.334717 0.0508427  0.285193 0.0662903 0.0134526  0.573848 0.0103733
(1,(2,((((7,8),9),10),(11,12))),(3,((4,5),6))); -7689.58  -1.12078 83.655 38.8584 31.3106 -7764.57 0.233154 0.248052 0.186423  0.33237  0.047885  0.285983 0.0536688 0.0109794  0.591956 0.0095275
(1,(2,((((7,8),9),10),(11,12))),(3,((4,5),6))); -7689.08  -1.12078 82.0365 38.6648 27.2279 -7758.56 0.243196 0.233561 0.211999 0.311244  0.055623  0.288707 0.0540292 0.0132441  0.574683 0.0137134
(1,2,((3,((4,5),6)),((((7,8),9),10),(11,12)))); -7695.18  -1.238 77.999 38.6009 30.6395 -7763.98 0.240008 0.241633  0.20923 0.309129 0.0479426  0.290752 0.0638071 0.0187806  0.568452  0.010266
(1,2,((3,((4,5),6)),(((((7,8),9),10),11),12))); -7703.41  -2.41809 79.855 39.124 32.5954 -7774.31 0.231516 0.242584 0.196698 0.329202  0.0434567   0.290116  0.0550369  0.0193196   0.583181 0.00888906
(1,(2,((((7,8),9),10),(11,12))),(3,((4,5),6))); -7693.92  -1.12078 81.1592 38.5074 28.6461 -7764.1  0.21833 0.247892 0.197913 0.335865 0.0507026  0.291713  0.056423 0.0155629  0.575415 0.0101834
(1,2,((3,((4,5),6)),((((7,8),9),10),(11,12)))); -7694.34  -1.238 81.8247 38.7636 27.8304 -7763.99 0.227152 0.252629 0.206866 0.313354   0.051309   0.297668   0.051701   0.010724   0.580006 0.00859203
(1,(2,((((7,8),9),10),(11,12))),(3,((4,5),6))); -7698.21  -1.12078 78.0663 38.736 31.0625 -7767.48  0.24157 0.243461 0.188867 0.326102  0.0405098   0.283346  0.0512427  0.0157259   0.602723 0.00645189
(1,2,((3,((4,5),6)),(((((7,8),9),10),11),12))); -7705.02  -2.41809 80.3817 39.5567 26.7027 -7770.13 0.222657 0.235749 0.212503 0.329092 0.0421931  0.276231 0.0664858 0.0213123  0.580775 0.0130024
(1,2,((3,((4,5),6)),((((7,8),9),10),(11,12)))); -7693.9  -1.238 84.0182 39.0929 30.5052 -7768.09 0.233921 0.236002 0.195907  0.33417 0.0511224   0.28957 0.0695311 0.0207163  0.562152  0.006908
(1,2,((3,((4,5),6)),(((((7,8),9),10),12),11))); -7688.39  -2.75641 79.1945 38.682 31.436 -7757.58 0.243919 0.231659 0.187926 0.336496  0.0449552   0.289588  0.0673692  0.0136721   0.576228 0.00818754
(1,(2,(((((7,8),9),10),12),11)),(3,((4,5),6))); -7696.91  -2.63919 76.3824 38.6688 29.1777 -7761.16 0.243199 0.256041 0.177152 0.323608 0.0436584  0.298164 0.0664846 0.0151432  0.565374 0.0111757
(1,2,((3,((4,5),6)),((((7,8),9),10),(11,12)))); -7698.09  -1.238 82.0073 38.8611 25.3168 -7765.31 0.241272 0.251998  0.19585  0.31088  0.0399748   0.291521  0.0942237  0.0127685   0.552277 0.00923576
(1,(2,((((7,8),9),10),(11,12))),(3,((4,5),6))); -7689.31  -1.12078 85.4576 39.1466 30.27 -7764.77 0.229587 0.239204 0.203666 0.327543 0.0424013  0.291914 0.0466621 0.0124928  0.595553 0.0109769
(1,(2,((((7,8),9),10),(11,12))),(3,((4,5),6))); -7696.23  -1.12078 77.6082 38.7968 30.7068 -7764.62 0.243831 0.241923 0.181667 0.332579  0.0384679   0.284396  0.0748972  0.0166051   0.576707 0.00892652
(1,(2,((((7,8),9),10),(11,12))),(3,((4,5),6))); -7700.46  -1.12078 77.5476 38.4655 29.4436 -7767.87 0.235128 0.245156 0.183174 0.336542 0.0433645  0.302644 0.0571529  0.017676  0.565522 0.0136403
(1,2,((3,((4,5),6)),((((7,8),9),10),(11,12)))); -7705.06  -1.238 71.3423 39.3163 29.685 -7765.54 0.230236 0.236142 0.215017 0.318606 0.0446044  0.280417 0.0531815 0.0181515  0.593036 0.0106095
(1,2,((3,((4,5),6)),(((((7,8),9),10),12),11))); -7685.12  -2.75641 81.9362 38.8919 32.0729 -7757.48 0.234602 0.244995 0.201868 0.318535   0.03929  0.282973 0.0627913 0.0134315  0.592811 0.0087033
(1,(2,((((7,8),9),10),(11,12))),(3,((4,5),6))); -7689  -1.12078 82.431 38.7838 31.0169 -7762.55 0.240052  0.24904 0.193501 0.317406   0.049191   0.283424  0.0710975  0.0208256   0.567678 0.00778402
(1,2,((3,((4,5),6)),(((((7,8),9),10),12),11))); -7692.26  -2.75641 79.1252 39.1066 31.0516 -7760.58 0.228723 0.249831 0.192971 0.328475  0.0513296   0.281354  0.0642475  0.0192309   0.576736 0.00710155
(1,2,((3,((4,5),6)),(((((7,8),9),10),11),12))); -7706.67  -2.41809 76.4639 38.8329 28.4319 -7770.31 0.246038 0.236406 0.185452 0.332104  0.0508889   0.289909  0.0787959  0.0157169   0.559287 0.00540287
(1,(2,((((7,8),9),10),(11,12))),(3,((4,5),6))); -7693.94  -1.12078 79.1321 39.2261 32.9122 -7765.64 0.239563 0.238755 0.189559 0.332124  0.0451367   0.284149  0.0674149  0.0181952   0.575397 0.00970715
(1,2,((3,((4,5),6)),(((((7,8),9),10),11),12))); -7700.23  -2.41809 82.3347 39.1563 29.0006 -7769.99 0.227897 0.233278 0.205056 0.333769 0.0456413  0.303964 0.0597167 0.0119736  0.566872  0.011832
(1,(2,(((((7,8),9),10),11),12)),(3,((4,5),6))); -7698.92  -2.30087 82.1453 38.6395 29.9123 -7770.04 0.234641 0.237747 0.200746 0.326866  0.0524563   0.272692  0.0655579  0.0154558   0.588795 0.00504372
(1,2,((3,((4,5),6)),((((7,8),9),10),(11,12)))); -7698.83  -1.238 78.2002 38.9512 31.7342 -7768.58   0.2269 0.241967 0.195223  0.33591  0.051846  0.293068 0.0584091 0.0148077  0.573717 0.0081521
(1,2,((3,((4,5),6)),((((7,8),9),10),(11,12)))); -7699.19  -1.238 77.4961 38.66 31.22 -7768.01 0.236701 0.249953 0.181996  0.33135 0.0445673   0.27457 0.0659071 0.0137904  0.590765 0.0104008
(1,2,((3,((4,5),6)),((((7,8),9),10),(11,12)))); -7696.59  -1.238 77.083 38.1242 32.284 -7766.59 0.236244 0.244218 0.197648  0.32189 0.0478728  0.284821 0.0593709 0.0162477  0.586189 0.0054991
(1,(2,((((7,8),9),10),(11,12))),(3,((4,5),6))); -7692.34  -1.12078 79.4589 38.5015 30.742 -7762.91 0.225288 0.244888 0.204163 0.325661  0.0506388   0.297509   0.055096  0.0169904   0.571027 0.00873863
(1,2,((3,((4,5),6)),((((7,8),9),10),(11,12)))); -7693.95  -1.238 81.1765 38.6982 30.1838 -7765.38 0.253307 0.244035 0.187026 0.315632  0.0425689    0.28582  0.0705872   0.016497   0.575508 0.00901898
(1,2,((3,((4,5),6)),((((7,8),9),10),(11,12)))); -7695.75  -1.238 83.4915 38.9933 29.858 -7768.87 0.235371 0.240419 0.193076 0.331134 0.0472449  0.278233 0.0515821 0.0166306  0.601485 0.0048253
(1,(2,((((7,8),9),10),(11,12))),(3,((4,5),6))); -7692.12  -1.12078 81.4124 38.9214 28.7972 -7762.29 0.242355 0.249213 0.184746 0.323686  0.0513337   0.303371  0.0727891  0.0136494   0.551487 0.00736992
(1,2,((3,((4,5),6)),(((((7,8),9),10),11),12))); -7701.8  -2.41809 83.2351 39.3484 29.3956 -7772.66 0.231405 0.240865 0.202235 0.325495  0.0578951    0.27941  0.0766804  0.0139013   0.565259 0.00685357
(1,2,((3,((4,5),6)),(((((7,8),9),10),11),12))); -7701.18  -2.41809 82.8069 39.1832 29.4307 -7771.81 0.221695 0.236612 0.210314 0.331379  0.0429588   0.279492  0.0680302  0.0152462   0.586278 0.00799514
(1,2,(((3,6),(4,5)),((((7,8),9),10),(11,12)))); -7696.68  -4.62655 80.3991 39.0429 32.2943 -7765.7 0.233544 0.252188 0.190619 0.323648    0.05153   0.289327   0.061629  0.0141299   0.575083 0.00830155
(1,(2,(((((7,8),9),10),11),12)),(3,((4,5),6))); -7698.48  -2.30087 81.2471 38.9113 29.2368 -7767.75 0.233661 0.229081 0.210477 0.326781 0.0479627  0.293918  0.069479 0.0111969  0.566998 0.0104458
(1,2,((3,((4,5),6)),((((7,8),9),10),(11,12)))); -7690.79  -1.238 81.6025 38.8886 31.6397 -7763.9  0.24093 0.236286 0.200446 0.322337  0.0396033   0.292993   0.066616  0.0117785   0.580313 0.00869676
(1,(2,((((7,8),9),10),(11,12))),(3,((4,5),6))); -7691.37  -1.12078 81.2954 38.8053 32.8183 -7765.56 0.238528 0.246727 0.187573 0.327172  0.0462911   0.290104  0.0576655  0.0184225   0.580329 0.00718783
(1,2,((3,((4,5),6)),((((7,8),9),10),(11,12)))); -7702.48  -1.238 76.4247 38.729 28.4723 -7767.41 0.235647 0.255825 0.173989 0.334539  0.0513898   0.274628  0.0654805  0.0142178   0.586753 0.00753137
(1,(2,((((7,8),9),10),(11,12))),(3,((4,5),6))); -7690.06  -1.12078 78.2406 38.3162 31.4035 -7760.27 0.246151 0.245477 0.194032  0.31434  0.0442787   0.288553  0.0646522  0.0113989    0.58371 0.00740666
(1,(2,((((7,8),9),10),(11,12))),(3,((4,5),6))); -7695.58  -1.12078 78.9594 38.7409 29.8938 -7764.58  0.24891 0.232939 0.189229 0.328922  0.0517897   0.290333  0.0512114   0.016575   0.583462 0.00662954
(1,(2,(((((7,8),9),10),11),12)),(3,((4,5),6))); -7712.72  -2.30087 75.1046 38.7865 28.435 -7775.17  0.23813 0.234591 0.178099  0.34918 0.0494777  0.289898 0.0594009 0.0150517  0.572845 0.0133273
(1,2,((3,((4,5),6)),((((7,8),9),10),(11,12)))); -7694.43  -1.238 82.7473 38.8068 30.0213 -7767.15 0.236613 0.246185 0.186875 0.330328  0.0476493   0.270548  0.0695964  0.0217252   0.583005 0.00747628
(1,2,((3,((4,5),6)),(((((7,8),9),10),12),11))); -7692.37  -2.75641 79.9171 38.8655 31.069 -7761.73 0.242032  0.24767 0.183554 0.326744    0.04986   0.302659  0.0562287  0.0165917   0.567022 0.00763846
(1,2,((3,((4,5),6)),((((7,8),9),10),(11,12)))); -7696.9  -1.238 82.3199 39.2816 29.5906 -7768.29 0.223378 0.244729  0.19819 0.333703 0.0417306  0.301493 0.0547361 0.0143078  0.576137 0.0115958
(1,(2,(((((7,8),9),10),12),11)),((3,(4,5)),6)); -7707.79  -6.24984 74.4162 39.1424 30.2131 -7767.03  0.23258 0.251315 0.181749 0.334356 0.0425184  0.293146 0.0658791 0.0200304  0.568237 0.0101896
(1,(2,((((7,8),9),10),(11,12))),(3,((4,5),6))); -7688.76  -1.12078 83.9862 38.6956 29.4081 -7762.34 0.245205 0.248494 0.188369 0.317931 0.0416841  0.288029 0.0776641 0.0187857  0.561874 0.0119627
(1,2,((3,((4,5),6)),((((7,8),9),10),(11,12)))); -7697.8  -1.238 80.4308 38.6919 30.8853 -7769.19  0.24791 0.239966 0.185588 0.326536 0.0485971  0.277067 0.0533421  0.015805  0.594724 0.0104642
(1,2,((3,((4,5),6)),((((7,8),9),10),(11,12)))); -7698.04  -1.238 79.0299 38.406 26.9894 -7764.41 0.237454 0.252261 0.198821 0.311465  0.0408397   0.276337  0.0548832  0.0116706   0.610959 0.00530985
(1,(2,(((((7,8),9),10),11),12)),(3,((4,5),6))); -7703.15  -2.30087 79.9277 39.1681 31.8117 -7773.42 0.234027 0.244239 0.191191 0.330543   0.043498   0.279979  0.0666049   0.021007   0.581346 0.00756529
(1,(2,((((7,8),9),10),(11,12))),(3,((4,5),6))); -7697.45  -1.12078 77.795 38.4686 31.4103 -7767.07 0.228764 0.247696 0.192285 0.331255 0.0511269  0.292795  0.051259  0.017001  0.580261 0.0075571
(1,2,((3,((4,5),6)),(((((7,8),9),10),11),12))); -7703.66  -2.41809 78.4173 38.3585 31.3247 -7772.63 0.230139 0.234642 0.194621 0.340598  0.0516205   0.284444  0.0693258  0.0150869    0.57103 0.00849235
(1,2,((3,((4,5),6)),((((7,8),9),10),(11,12)))); -7693.91  -1.238 81.5833 38.5738 32.5476 -7768.23 0.239983 0.246688  0.18808 0.325249  0.0467951    0.29088  0.0691886  0.0149372   0.571594 0.00660532
(1,2,((3,((4,5),6)),((((7,8),9),10),(11,12)))); -7703.34  -1.238 74.3566 38.8289 32.0628 -7769.69 0.238188 0.250009 0.181924 0.329879  0.0429221   0.280958  0.0593851  0.0160896   0.590989 0.00965649
(1,2,((3,((4,5),6)),((((7,8),9),10),(11,12)))); -7694.71  -1.238 78.8953 38.9403 32.3721 -7765.8 0.235186  0.23983 0.195715 0.329269  0.0474054    0.27738  0.0642046  0.0180147    0.58644 0.00655563
(1,2,((3,((4,5),6)),(((((7,8),9),10),11),12))); -7711.78  -2.41809 74.0658 38.8916 29.047 -7773.58 0.228466 0.240781 0.208394 0.322358   0.037002   0.306008  0.0540882  0.0164279   0.577547 0.00892752
(1,(2,((((7,8),9),10),(11,12))),(3,((4,5),6))); -7698.41  -1.12078 73.959 38.4321 28.6025 -7761.42 0.231332 0.247555 0.189734 0.331379  0.0366955   0.272992  0.0770859  0.0193284   0.586329 0.00756955
(1,(2,(((((7,8),9),10),12),11)),(3,((4,5),6))); -7692.21  -2.63919 78.5916 38.7187 28.6982 -7758.14 0.239573 0.230533 0.206073 0.323822  0.0396128   0.306093  0.0492523  0.0178184   0.578972 0.00825168
(1,(2,(((((7,8),9),10),12),11)),(3,((4,5),6))); -7694.07  -2.63919 72.8904 38.4842 30.6741 -7756.51 0.236705   0.2532 0.193787 0.316308   0.052392   0.284081   0.074836  0.0151131   0.565759 0.00781862
(1,(2,((((7,8),9),10),(11,12))),(3,((4,5),6))); -7693.51  -1.12078 77.0402 39.0689 32.78 -7763.14 0.240139 0.246858 0.196512 0.316491 0.0464436  0.289627 0.0603365 0.0174988  0.575331 0.0107631
(1,2,((3,((4,5),6)),((((7,8),9),10),(11,12)))); -7696.39  -1.238 80.9186 39.4021 31.8224 -7768.49 0.231378  0.24726 0.197087 0.324275 0.0430332  0.291928 0.0587915 0.0150873   0.57795 0.0132099
(1,(2,(((((7,8),9),10),11),12)),(3,((4,5),6))); -7705.35  -2.30087 78.1186 38.9996 31.1769 -7773.34 0.244117 0.235424 0.189309 0.331151  0.0413406   0.301712  0.0621039  0.0169746   0.568705 0.00916422
(1,(2,(((((7,8),9),10),12),11)),(3,((4,5),6))); -7691.14  -2.63919 81.2037 38.8175 29.9135 -7760.8 0.225424  0.23788 0.193738 0.342958 0.0503488  0.296894  0.059425  0.015605   0.56656 0.0111667
(1,(2,(((((7,8),9),10),11),12)),(3,((4,5),6))); -7703.51  -2.30087 77.0045 39.2521 31.4974 -7770.46 0.227977 0.245662 0.194863 0.331497  0.0459886   0.276193  0.0665713    0.01574   0.588791 0.00671582
(1,2,((3,((4,5),6)),(((((7,8),9),10),11),12))); -7703.39  -2.41809 78.8122 38.7792 29.2512 -7770.26 0.230851 0.244243 0.213936 0.310971 0.0418428  0.292794 0.0676242 0.0189592  0.568262 0.0105174
(1,(2,((((7,8),9),10),(11,12))),(3,((4,5),6))); -7687.33  -1.12078 82.9294 38.7745 32.3537 -7762.72 0.228094   0.2493 0.193447 0.329159  0.0463578   0.287179  0.0577982  0.0139905   0.586368 0.00830662
(1,(2,((((7,8),9),10),(11,12))),(3,((4,5),6))); -7694.97  -1.12078 75.7576 38.791 31.9768 -7762.8 0.241395 0.241163 0.192717 0.324725 0.0411502  0.285576 0.0571331 0.0124315  0.591703  0.012006
(1,(2,(((((7,8),9),10),12),11)),(3,((4,5),6))); -7685.9  -2.63919 81.4063 38.5161 29.1447 -7755.29 0.241952 0.252039 0.197584 0.308425 0.0437351  0.306448 0.0609772 0.0144637  0.563932 0.0104449
(1,2,((3,((4,5),6)),((((7,8),9),10),(11,12)))); -7689.73  -1.238 83.7724 39.0982 30.8124 -7763.98 0.242921 0.240976 0.194508 0.321594  0.0518581   0.295854  0.0725339  0.0151132   0.557818 0.00682323
(1,(2,(((((7,8),9),10),11),12)),(3,((4,5),6))); -7703.9  -2.30087 79.6626 38.6075 31.3301 -7773.99 0.235541 0.249808 0.191703 0.322948  0.0400443   0.291521  0.0695265  0.0198832    0.56991 0.00911503
(1,(2,(((((7,8),9),10),11),12)),(3,((4,5),6))); -7699.65  -2.30087 80.474 38.8538 32.016 -7770.98 0.248185 0.239678 0.194005 0.318132  0.0441614   0.289818  0.0669413  0.0171345   0.573129 0.00881588
(1,2,((3,((4,5),6)),((((7,8),9),10),(11,12)))); -7695.63  -1.238 79.5327 38.8366 32.4306 -7767.52 0.231043 0.246691 0.194468 0.327798  0.0414038   0.283228  0.0675953  0.0158943   0.584733 0.00714578
(1,(2,(((((7,8),9),10),11),12)),(3,((4,5),6))); -7698.05  -2.30087 83.7611 38.9638 31.8406 -7772.39 0.234791 0.244032 0.194421 0.326757 0.0498604  0.289166 0.0721463  0.014753  0.562036  0.012038
(1,2,((3,((4,5),6)),((((7,8),9),10),(11,12)))); -7695.67  -1.238 80.7642 38.8256 32.854 -7769.23 0.240045 0.244244 0.192888 0.322823 0.0425797  0.296604 0.0549362 0.0146903   0.58064 0.0105498
(1,2,((3,((4,5),6)),((((7,8),9),10),(11,12)))); -7696.39  -1.238 77.6212 38.4275 31.6227 -7765.97 0.233237 0.248748 0.200597 0.317418  0.0444576   0.280478  0.0656288  0.0125755   0.589967 0.00689382
(1,(2,(((((7,8),9),10),11),12)),(3,((4,5),6))); -7704.29  -2.30087 78.8633 39.2972 32.7483 -7774.31 0.234275 0.247368  0.19446 0.323897  0.0427563   0.289385  0.0673657  0.0183211   0.574184 0.00798862
(1,2,((3,((4,5),6)),((((7,8),9),10),(11,12)))); -7696.1  -1.238 78.1681 38.9209 30.1792 -7764.29 0.234215 0.252182 0.200373  0.31323  0.0442416   0.276422  0.0781193   0.016438    0.57539 0.00938916
(1,(2,((((7,8),9),10),(11,12))),(3,((4,5),6))); -7688.86  -1.12078 79.4718 38.9413 30.4796 -7758.75 0.230615  0.24012 0.207113 0.322153 0.0480572  0.278651 0.0622453 0.0113204  0.593347  0.006379
(1,2,((3,((4,5),6)),(((((7,8),9),10),12),11))); -7691.12  -2.75641 78.1125 39.173 31.5354 -7758.83 0.245167 0.238726  0.18888 0.327228  0.0451749   0.287306  0.0694972  0.0204183   0.569143 0.00846012
(1,2,((3,((4,5),6)),((((7,8),9),10),(11,12)))); -7699.15  -1.238 77.0813 38.3625 29.9366 -7766.57 0.230569 0.240181 0.197278 0.331973  0.0406171   0.310089  0.0571915  0.0126713   0.571436 0.00799504
(1,2,((3,((4,5),6)),((((7,8),9),10),(11,12)))); -7692.14  -1.238 85.0337 38.6228 31.5274 -7768.84 0.230348 0.248203 0.189854 0.331595  0.0443574    0.30067  0.0643823  0.0164714    0.56587 0.00824961
(1,2,((3,((4,5),6)),((((7,8),9),10),(11,12)))); -7700.98  -1.238 78.9303 39.5396 29.3197 -7768.45 0.242429 0.232392 0.202414 0.322765  0.0559683   0.287524   0.046395  0.0178589   0.584032 0.00822167
(1,2,((3,((4,5),6)),(((((7,8),9),10),11),12))); -7699.85  -2.41809 80.5882 38.9022 30.9195 -7770.04 0.241403 0.245557 0.198443 0.314597  0.0474324   0.280995  0.0744553  0.0178363   0.573152 0.00612848
(1,2,((3,((4,5),6)),(((((7,8),9),10),12),11))); -7691.08  -2.75641 81.1905 38.9629 30.888 -7761.44  0.23957 0.255338 0.180744 0.324347  0.0450608   0.290098  0.0594553  0.0187249   0.579318 0.00734271
(1,2,((3,((4,5),6)),((((7,8),9),10),(11,12)))); -7698.66  -1.238 78.1524 39.0572 32.8258 -7769.35 0.241085 0.239636 0.186008 0.333272  0.0426444   0.291606  0.0587988  0.0138368   0.584959 0.00815455
(1,2,((3,((4,5),6)),((((7,8),9),10),(11,12)))); -7695.3  -1.238 77.6724 38.8632 30.4732 -7763.34 0.237912 0.246041 0.207178 0.308869  0.0476671   0.281536  0.0756206    0.01351   0.573316 0.00835037
(1,(2,((((7,8),9),10),(11,12))),(3,((4,5),6))); -7704.81  -1.12078 69.2003 39.3299 32.207 -7765.77  0.24421  0.24959 0.185718 0.320482  0.0470939   0.281769  0.0598752  0.0146479   0.589016 0.00759752
(1,2,((3,((4,5),6)),((((7,8),9),10),(11,12)))); -7703.79  -1.238 77.55 38.6045 26.2591 -7767.75 0.224411 0.245762 0.210871 0.318956 0.0503258  0.290052 0.0420611 0.0167674  0.587244 0.0135495
(1,2,((3,((4,5),6)),((((7,8),9),10),(11,12)))); -7693.81  -1.238 83.0872 38.3651 31.196 -7768.49 0.230479 0.238776 0.188918 0.341826  0.0446688   0.292731  0.0607524  0.0174271   0.578228 0.00619326
(1,2,((3,((4,5),6)),(((((7,8),9),10),11),12))); -7698.17  -2.41809 82.5841 39.2856 31.8472 -7770.89 0.233591 0.235523 0.206703 0.324183  0.0537279   0.286961  0.0631322  0.0141885   0.573966 0.00802433
(1,(2,((((7,8),9),10),(11,12))),(3,((4,5),6))); -7694.57  -1.12078 75.8079 38.7999 26.1482 -7756.6 0.226375 0.253461 0.188492 0.331673    0.04773   0.283096  0.0744253 0.00851984   0.573711  0.0125185
(1,2,((3,((4,5),6)),((((7,8),9),10),(11,12)))); -7700.41  -1.238 84.348 38.8419 25.8022 -7770.48 0.244961 0.242333 0.169156  0.34355  0.048531  0.278011 0.0807714 0.0184604  0.563376 0.0108503
(1,2,((3,((4,5),6)),((((7,8),9),10),(11,12)))); -7703.6  -1.238 79.4781 38.6906 29.526 -7772.67 0.235379  0.24094 0.183277 0.340404  0.0537062   0.301531  0.0524012  0.0160849   0.569792 0.00648437
(1,2,((3,((4,5),6)),((((7,8),9),10),(11,12)))); -7699.4  -1.238 74.6489 38.7459 30.8721 -7764.94 0.230012 0.242546 0.202899 0.324543   0.040887   0.276641  0.0614239  0.0133469   0.600763 0.00693787
(1,2,(((3,6),(4,5)),((((7,8),9),10),(11,12)))); -7693.43  -4.62655 82.4044 38.2324 28.4063 -7761.39 0.234553 0.238908 0.205371 0.321167 0.0426285  0.305788 0.0676165 0.0208211  0.552566 0.0105794
(1,(2,(((((7,8),9),10),12),11)),(3,((4,5),6))); -7686.9  -2.63919 82.2423 39.4847 32.1428 -7759.16 0.234088 0.242554  0.19072 0.332638  0.0532033   0.286204  0.0597049   0.012342   0.581487 0.00705794
(1,(2,((((7,8),9),10),(11,12))),(3,((4,5),6))); -7696.17  -1.12078 78.6645 39.0712 26.9769 -7761.62 0.237955 0.250506  0.19295  0.31859 0.0426485  0.275661 0.0845853 0.0226837  0.562481 0.0119401
(1,(2,((((7,8),9),10),(11,12))),(3,((4,5),6))); -7697.21  -1.12078 78.5428 38.9353 29.5721 -7765.27 0.238353 0.252882 0.188836 0.319929  0.0396109   0.303183  0.0706535  0.0170392   0.560661 0.00885263
(1,(2,((((7,8),9),10),(11,12))),(3,((4,5),6))); -7694.97  -1.12078 77.9198 39.0135 31.2733 -7764.03 0.235827 0.243073 0.185779 0.335321  0.0374292   0.286267  0.0682721  0.0186859   0.580883 0.00846298
(1,2,((3,((4,5),6)),((((7,8),9),10),(11,12)))); -7695.6  -1.238 79.9519 38.731 32.3305 -7767.91 0.232512 0.250341 0.188761 0.328385  0.0459115   0.292367  0.0584845  0.0131733   0.582883 0.00718101
(1,(2,(((((7,8),9),10),12),11)),(3,((4,5),6))); -7691.54  -2.63919 78.8868 38.7878 30.5127 -7759.52 0.234378 0.248791 0.179643 0.337187  0.0483927   0.279066  0.0744257  0.0135153   0.576859 0.00774115
(1,2,((3,((4,5),6)),(((((7,8),9),10),12),11))); -7691.72  -2.75641 77.9849 38.6067 28.5387 -7756.88 0.252034 0.246015 0.189012  0.31294  0.038316  0.286747 0.0723379 0.0143695  0.575927 0.0123025
(1,(2,((((7,8),9),10),(11,12))),(3,((4,5),6))); -7702.65  -1.12078 70.7895 39.4761 32.5831 -7765.43 0.234379 0.243691 0.190095 0.331835  0.0446801   0.288398  0.0712712  0.0181614   0.568352 0.00913731
(1,2,((3,((4,5),6)),((((7,8),9),10),(11,12)))); -7690  -1.238 83.1037 39.0391 28.1241 -7760.95 0.246358 0.235282 0.201992 0.316368  0.0397364   0.299529  0.0695252  0.0196943   0.565565 0.00594917
(1,(2,(((((7,8),9),10),12),11)),(3,((4,5),6))); -7690.99  -2.63919 77.0255 38.9187 32.6811 -7759.14 0.240498   0.2468 0.196907 0.315795  0.0430989    0.29247  0.0592572  0.0178401   0.577993 0.00934007
(1,(2,((((7,8),9),10),(11,12))),(3,((4,5),6))); -7696.58  -1.12078 79.9261 38.6593 26.4566 -7763.18  0.23514 0.228426 0.215756 0.320678  0.0517465    0.29074  0.0484787  0.0201956   0.583252 0.00558723
(1,(2,(((((7,8),9),10),12),11)),(3,((4,5),6))); -7695.82  -2.63919 81.3743 38.9408 24.3547 -7759.97 0.213304 0.244162 0.197734   0.3448   0.053623   0.294511  0.0620585  0.0180728   0.564056 0.00767856
(1,(2,((((7,8),9),10),(11,12))),(3,((4,5),6))); -7692.72  -1.12078 78.0695 38.8338 31.113 -7761.95 0.230569 0.248031  0.20434 0.317059 0.0442783  0.281313 0.0682861 0.0190752  0.576433 0.0106143
(1,(2,(((((7,8),9),10),12),11)),(3,((4,5),6))); -7686.85  -2.63919 78.9658 38.7261 31.0277 -7755.47 0.245226 0.249314 0.189693 0.315766  0.0514773    0.27468  0.0688555  0.0154283   0.580168 0.00939045
(1,(2,(((((7,8),9),10),11),12)),(3,((4,5),6))); -7709.67  -2.30087 76.3482 38.9553 25.0596 -7769.83 0.246728 0.227959 0.199361 0.325952  0.0393848   0.317891  0.0495742  0.0133846   0.571069 0.00869646
(1,2,((3,((4,5),6)),((((7,8),9),10),(11,12)))); -7693.3  -1.238 83.5277 38.9816 27.9623 -7764.57 0.230659 0.242281 0.195625 0.331435  0.0425278   0.297731  0.0649808 0.00900889   0.571332  0.0144197
(1,2,((3,((4,5),6)),(((((7,8),9),10),11),12))); -7704.76  -2.41809 78.0655 38.3209 29.0601 -7771.14 0.242312 0.245652 0.188813 0.323223  0.0543393   0.276711  0.0764973  0.0170724   0.570219 0.00516099
(1,2,((3,((4,5),6)),((((7,8),9),10),(11,12)))); -7695.48  -1.238 78.2743 38.4104 30.5646 -7764.67 0.241065 0.234973 0.208496 0.315466 0.0503948  0.277582  0.056786  0.014655  0.589512 0.0110701
(1,2,((3,((4,5),6)),((((7,8),9),10),(11,12)))); -7700.53  -1.238 78.8611 38.5937 27.2092 -7766.76 0.231755 0.245716 0.186101 0.336428 0.0594094  0.290413 0.0614939 0.0113073  0.563122 0.0142546
(1,(2,(((((7,8),9),10),12),11)),(3,((4,5),6))); -7693.79  -2.63919 77.462 38.9384 28.2672 -7757.95 0.237457 0.239999 0.201304 0.321241   0.053695   0.302024  0.0445443  0.0103286   0.582267 0.00714107
(1,(2,((((7,8),9),10),(11,12))),(3,((4,5),6))); -7693.13  -1.12078 78.2976 39.147 31.1574 -7762.32 0.242083  0.23984 0.200407 0.317669  0.0494865   0.303526  0.0571743  0.0138766   0.568749 0.00718828
(1,(2,(((((7,8),9),10),11),12)),(3,((4,5),6))); -7704.83  -2.30087 80.2347 39.1145 27.6511 -7771.3 0.236127 0.236912 0.206425 0.320536 0.0624575   0.28072 0.0637106 0.0211461   0.56327 0.0086958
(1,2,((3,((4,5),6)),((((7,8),9),10),(11,12)))); -7696.66  -1.238 80.4605 39.0453 26.6964 -7763.54 0.233142 0.235477 0.209641  0.32174   0.052279   0.314674  0.0558889  0.0169631   0.551941 0.00825373
(1,2,((3,((4,5),6)),(((((7,8),9),10),12),11))); -7688.15  -2.75641 79.0586 39.0628 32.4834 -7757.87 0.241668  0.24096 0.202085 0.315288 0.0427314  0.286746  0.069478 0.0157485  0.576208 0.0090879
(1,(2,((((7,8),9),10),(11,12))),(3,((4,5),6))); -7690.79  -1.12078 81.9616 38.9878 30.6509 -7763.29 0.249196 0.237803 0.188697 0.324305  0.0497166   0.290595   0.066064  0.0134348    0.57428 0.00590962
(1,(2,(((((7,8),9),10),12),11)),(3,((4,5),6))); -7690.54  -2.63919 79.4783 38.7324 30.2683 -7758.91 0.249933 0.238132 0.184623 0.327313 0.0454948  0.298419 0.0576401 0.0156145  0.570688 0.0121434
(1,2,((3,((4,5),6)),((((7,8),9),10),(11,12)))); -7697.48  -1.238 77.3909 38.565 30.0498 -7765.12 0.237027 0.254138 0.198493 0.310342  0.042496  0.295342 0.0559082 0.0146035   0.57912 0.0125301
(1,2,(((3,6),(4,5)),(((((7,8),9),10),11),12))); -7702.94  -5.80664 82.1515 39.0733 31.6357 -7771.85  0.23775 0.247843 0.189305 0.325103  0.0474552   0.295835  0.0676954  0.0154852   0.567758 0.00577134
(1,2,((3,((4,5),6)),((((7,8),9),10),(11,12)))); -7700.12  -1.238 80.2937 38.9292 28.753 -7769 0.230693 0.261389 0.190262 0.317656 0.0497341  0.294608 0.0521414 0.0173468  0.578081 0.0080891
(1,2,((3,((4,5),6)),(((((7,8),9),10),12),11))); -7689.9  -2.75641 79.2077 39.05 31.3551 -7758.66 0.239722  0.24194 0.187272 0.331066  0.0395428   0.282983   0.075941  0.0130456   0.581155 0.00733347
(1,2,((3,((4,5),6)),((((7,8),9),10),(11,12)))); -7695.51  -1.238 80.4415 38.9308 31.3302 -7767.11 0.235901 0.242815 0.198384   0.3229  0.0435826   0.276597  0.0553303   0.021006   0.593973 0.00951067
(1,(2,((((7,8),9),10),(11,12))),(3,((4,5),6))); -7701  -1.12078 74.5462 38.9485 30.9647 -7766.44 0.241703 0.249482 0.181584  0.32723  0.0375827   0.295537  0.0578107  0.0163764   0.584576 0.00811807
(1,2,((3,((4,5),6)),((((7,8),9),10),(11,12)))); -7696.9  -1.238 82.6301 38.801 29.5154 -7769 0.232697 0.250877 0.183703 0.332723 0.0408695  0.283888 0.0679479 0.0206632  0.574024  0.012607
(1,(2,(((((7,8),9),10),11),12)),(3,((4,5),6))); -7704.83  -2.30087 81.0172 39.3396 29.3188 -7773.53 0.226822 0.228029 0.209572 0.335577   0.049205   0.288935  0.0540707  0.0165073   0.583734 0.00754838
(1,(2,(((((7,8),9),10),11),12)),(3,((4,5),6))); -7706.89  -2.30087 73.1069 39.1015 31.1861 -7769.78 0.236309 0.237123 0.198606 0.327962  0.048915  0.282691 0.0546429 0.0110919  0.596121 0.0065379
(1,(2,((((7,8),9),10),(11,12))),(3,((4,5),6))); -7700.18  -1.12078 71.873 38.4328 29.7582 -7762.26 0.249892 0.235776  0.18531 0.329022  0.0465872   0.286748  0.0729256  0.0196575   0.566286 0.00779534
(1,(2,((((7,8),9),10),(11,12))),(3,((4,5),6))); -7691.7  -1.12078 77.7266 39.2254 33.1151 -7762.19 0.232187 0.241373 0.199601 0.326838  0.0479109   0.291587  0.0656945  0.0136945   0.571603 0.00951029
(1,2,((3,((4,5),6)),((((7,8),9),10),(11,12)))); -7692.77  -1.238 82.9141 38.7825 28.8741 -7764.54 0.241663 0.252553 0.190914 0.314869  0.0421692    0.29802  0.0726926 0.00992995   0.568317 0.00887091
(1,2,((3,((4,5),6)),((((7,8),9),10),(11,12)))); -7698.33  -1.238 81.2186 38.9679 29.9115 -7769.25 0.225569 0.246455 0.192656  0.33532   0.050598   0.275416  0.0767527  0.0159573   0.572655 0.00862122
(1,(2,(((((7,8),9),10),11),12)),(3,((4,5),6))); -7702.38  -2.30087 80.1721 39.2754 30.8216 -7771.79 0.230826 0.241871 0.202557 0.324747  0.0511031   0.289431  0.0580582  0.0190884   0.576882 0.00543718
(1,(2,(((((7,8),9),10),11),12)),(3,((4,5),6))); -7709.89  -2.30087 77.2587 39.076 30.0878 -7775.86 0.228386 0.240285  0.19073 0.340599 0.0448504  0.289537 0.0470958 0.0124218    0.5963 0.0097948
(1,(2,(((((7,8),9),10),12),11)),((3,6),(4,5))); -7704.51  -6.02774 78.3819 39.0242 27.8037 -7765.64 0.228732 0.250383 0.194321 0.326564   0.045401   0.297648   0.042541  0.0222779   0.582154 0.00997749
(1,(2,(((((7,8),9),10),11),12)),(3,((4,5),6))); -7706.29  -2.30087 78.4239 39.3545 31.6492 -7774.71 0.238314 0.235041 0.191875  0.33477  0.0545001   0.279057  0.0674303  0.0159309    0.57488 0.00820229
(1,2,((3,((4,5),6)),((((7,8),9),10),(11,12)))); -7693.52  -1.238 79.7682 38.5177 31.816 -7765.34  0.23888 0.244113 0.191766 0.325241 0.0436315  0.276037  0.077754 0.0154313  0.576569 0.0105772
(1,(2,(((((7,8),9),10),11),12)),(3,((4,5),6))); -7701.62  -2.30087 81.3068 39.4124 30.2975 -7771.51 0.244571 0.228936 0.201494 0.324999 0.0488343  0.288906 0.0561055 0.0119022   0.58341 0.0108418
(1,(2,(((((7,8),9),10),11),12)),(3,((4,5),6))); -7701.28  -2.30087 81.2033 38.5791 29.7711 -7771.38 0.244086 0.237375  0.19259 0.325948 0.0415568  0.307948 0.0567784 0.0130513  0.568693 0.0119727
(1,(2,(((((7,8),9),10),11),12)),(3,((4,5),6))); -7722.02  -2.30087 73.9058 38.9234 23.4163 -7778.12 0.235072 0.234665 0.195695 0.334568  0.0357219   0.300222  0.0402758  0.0107758   0.607993 0.00501153
(1,(2,(((((7,8),9),10),11),12)),(3,((4,5),6))); -7703.38  -2.30087 81.3881 38.9243 30.8457 -7774.39 0.231069 0.251432 0.189735 0.327765   0.047776     0.2887  0.0773579  0.0152946   0.563153 0.00771883
(1,2,((3,((4,5),6)),((((7,8),9),10),(11,12)))); -7703.2  -1.238 76.4028 38.6294 24.5697 -7764.31 0.246985 0.246437 0.196507 0.310072  0.0628884   0.292748  0.0580699  0.0234539   0.554597 0.00824265
(1,(2,(((((7,8),9),10),12),11)),(3,((4,5),6))); -7693.87  -2.63919 75.7199 38.8507 31.9173 -7760.01 0.238507 0.236531 0.191271 0.333692 0.0499383   0.28431  0.068461 0.0175824  0.568096 0.0116118
(1,2,((3,((4,5),6)),(((((7,8),9),10),12),11))); -7694.81  -2.75641 72.8391 38.6859 30.9249 -7757.14 0.223946 0.244254 0.209382 0.322418 0.0448838  0.291193 0.0570545 0.0151597  0.583033 0.0086763
(1,(2,(((((7,8),9),10),12),11)),(3,((4,5),6))); -7690.37  -2.63919 78.0886 39.3659 29.4115 -7755.87 0.246863 0.243637 0.201465 0.308035 0.0492666  0.289903 0.0588504 0.0212761  0.570028 0.0106759
(1,2,((3,((4,5),6)),((((7,8),9),10),(11,12)))); -7696.95  -1.238 82.9099 38.9912 24.3246 -7763.96 0.244726  0.25558 0.182445 0.317249  0.0488086   0.291258  0.0828502 0.00864509   0.562519 0.00591839
(1,(2,((((7,8),9),10),(11,12))),(3,((4,5),6))); -7698.17  -1.12078 73.8391 38.9765 29.7549 -7761.66 0.244528 0.242668  0.18909 0.323714 0.0517165  0.273572 0.0721032   0.01727  0.571749 0.0135886
(1,(2,((((7,8),9),10),(11,12))),(3,((4,5),6))); -7692.95  -1.12078 78.9766 38.7115 30.2058 -7762.3 0.249757 0.244573 0.182675 0.322995  0.0551124   0.290691     0.0623  0.0128483   0.570522 0.00852679
(1,2,((3,((4,5),6)),((((7,8),9),10),(11,12)))); -7702.34  -1.238 74.5929 38.7275 30.7051 -7767.67  0.23346 0.252364 0.192896 0.321279  0.0477283    0.28098  0.0686929  0.0170687   0.580155 0.00537545
(1,2,((3,((4,5),6)),((((7,8),9),10),(11,12)))); -7702.34  -1.238 76.2558 38.9215 27.6082 -7766.04 0.236144 0.232348 0.194648  0.33686  0.059998  0.277362 0.0739717 0.0158948  0.560452 0.0123211
(1,(2,((((7,8),9),10),(11,12))),(3,((4,5),6))); -7691.81  -1.12078 78.9425 38.9908 32.7134 -7763.36  0.23275 0.241256 0.191139 0.334854  0.0424084   0.279561  0.0654186  0.0163686   0.587732 0.00851121
(1,2,((3,((4,5),6)),((((7,8),9),10),(11,12)))); -7698.08  -1.238 80.4658 39.2224 29.288 -7767.37 0.233454 0.239235 0.195763 0.331547 0.0544214  0.293503 0.0666193 0.0210131  0.558559 0.0058847
(1,2,((3,((4,5),6)),(((((7,8),9),10),11),12))); -7706.7  -2.41809 76.7057 38.826 29.8198 -7771.98 0.232647 0.238783 0.203093 0.325477 0.0459196  0.269456 0.0660152 0.0209607  0.586035 0.0116135
(1,(2,(((((7,8),9),10),12),11)),(3,((4,5),6))); -7687.81  -2.63919 79.7165 38.7705 31.7132 -7757.83 0.238832 0.232103 0.192372 0.336693 0.0483555  0.285573 0.0687933 0.0181705  0.570665 0.0084432
(1,2,((3,((4,5),6)),(((((7,8),9),10),11),12))); -7703.29  -2.41809 79.498 39.0882 27.1857 -7768.47 0.246472 0.238271 0.207967 0.307291  0.0447022   0.309593  0.0523857  0.0157793   0.570988 0.00655195
(1,2,((3,((4,5),6)),((((7,8),9),10),(11,12)))); -7697.4  -1.238 81.2768 38.5486 32.519 -7771.41 0.233629 0.246998 0.192332 0.327042 0.0507809  0.287373 0.0557436 0.0170526  0.577703 0.0113475
(1,2,(((3,6),(4,5)),(((((7,8),9),10),11),12))); -7700.55  -5.80664 82.8322 38.7823 30.6193 -7769.42 0.240191 0.241938 0.183258 0.334613 0.0444672  0.277755 0.0721026 0.0110821   0.58352 0.0110731
(1,(2,((((7,8),9),10),(11,12))),(3,((4,5),6))); -7690.55  -1.12078 80.937 38.7425 30.474 -7762.1 0.225701 0.249555 0.198442 0.326302   0.039445   0.280176  0.0596506  0.0166623   0.594126 0.00993993
(1,(2,((((7,8),9),10),(11,12))),(3,((4,5),6))); -7690  -1.12078 79.3755 39.0305 30.8351 -7760.06 0.229592 0.234633 0.207117 0.328658  0.0464455   0.279326  0.0758442  0.0147519   0.576176 0.00745704
(1,2,((3,((4,5),6)),((((7,8),9),10),(11,12)))); -7699.2  -1.238 81.4443 38.8981 27.6891 -7768.2  0.22704  0.24079 0.191756 0.340415 0.0509345  0.279588 0.0752831 0.0177943  0.561683 0.0147172
(1,2,((3,((4,5),6)),(((((7,8),9),10),12),11))); -7690.42  -2.75641 77.4826 38.9131 30.8525 -7757.09 0.230148 0.236485 0.210142 0.323226  0.0412142   0.295161  0.0697866  0.0161213   0.568323 0.00939337
(1,(2,(((((7,8),9),10),11),12)),(3,((4,5),6))); -7708.75  -2.30087 77.9317 39.0329 29.6977 -7775.05 0.242963 0.238395 0.195626 0.323016 0.0417578  0.283671  0.051304 0.0232178   0.58887 0.0111794
(1,(2,((((7,8),9),10),(11,12))),(3,((4,5),6))); -7695.24  -1.12078 83.1395 38.9927 31.1027 -7769.37 0.240228 0.242878 0.177057 0.339838  0.0436565   0.294443   0.059561   0.013264   0.579141 0.00993488
(1,2,((3,((4,5),6)),((((7,8),9),10),(11,12)))); -7700.16  -1.238 81.182 38.4487 25.7872 -7767.44 0.238646 0.234637 0.204079 0.322638  0.0297975    0.29166  0.0487236  0.0160725   0.605016 0.00873075
(1,2,((3,((4,5),6)),((((7,8),9),10),(11,12)))); -7690.88  -1.238 81.9846 38.6936 31.8802 -7764.81 0.237891 0.247192 0.200334 0.314584  0.0412797   0.284262  0.0728552  0.0138061   0.579484 0.00831314
(1,(2,((((7,8),9),10),(11,12))),((3,6),(4,5))); -7691.78  -4.50933 83.0643 38.6461 31.9204 -7763.61 0.236031 0.240129 0.192322 0.331517  0.0516531   0.281644  0.0730963  0.0150544   0.572026 0.00652622
(1,(2,((((7,8),9),10),(11,12))),(3,((4,5),6))); -7699.11  -1.12078 75.0165 38.5904 26.7864 -7761.21 0.232222 0.233102 0.197298 0.337377 0.0573393  0.262001 0.0703702 0.0149303  0.588334 0.0070252
(1,(2,(((((7,8),9),10),12),11)),(3,((4,5),6))); -7687.69  -2.63919 76.6073 38.2131 33.4517 -7756.89 0.236121  0.23933 0.199693 0.324855  0.0428047   0.287044  0.0612389  0.0148113    0.58644 0.00766081
(1,(2,((((7,8),9),10),(11,12))),(3,((4,5),6))); -7693.19  -1.12078 78.7046 38.8716 31.5668 -7763.46 0.232917 0.236843 0.210525 0.319715 0.0462899   0.28348 0.0541209 0.0169055  0.589105 0.0100994
(1,(2,((((7,8),9),10),(11,12))),(3,((4,5),6))); -7699.26  -1.12078 78.5626 39.1194 30.8582 -7768.44 0.236372 0.250183 0.182544 0.330901  0.040318  0.299902  0.052417 0.0157585  0.581232 0.0103723
(1,(2,((((7,8),9),10),(11,12))),(3,((4,5),6))); -7697.35  -1.12078 75.1972 38.5847 30.8687 -7763.71 0.237961 0.246036 0.183474 0.332528  0.0444731   0.287656  0.0545079  0.0102924   0.595359 0.00771169
(1,2,((3,((4,5),6)),(((((7,8),9),10),12),11))); -7685.84  -2.75641 85.1534 39.2822 29.565 -7758.52 0.241495  0.24607  0.19041 0.322026  0.0617426   0.283998  0.0691696  0.0139136   0.562141 0.00903514
(1,(2,(((((7,8),9),10),12),11)),(3,((4,5),6))); -7693.03  -2.63919 79.8736 39.2289 30.3469 -7761.38 0.246832 0.252166 0.176422  0.32458 0.0474796  0.291606 0.0658594  0.013829  0.571276 0.0099498
(1,2,((3,((4,5),6)),(((((7,8),9),10),11),12))); -7710.01  -2.41809 74.3226 38.6295 29.945 -7773.23 0.225504 0.245796 0.196595 0.332104  0.0510136   0.276317  0.0614256  0.0210978   0.580602 0.00954314
(1,2,((3,((4,5),6)),((((7,8),9),10),(11,12)))); -7695.44  -1.238 79.5622 38.6738 30.1008 -7765.19 0.234137 0.231303 0.207907 0.326653 0.0477434  0.276175 0.0776228 0.0157281  0.572424 0.0103069
(1,(2,(((((7,8),9),10),11),12)),(3,((4,5),6))); -7695.06  -2.30087 84.9764 38.86 29.1477 -7768.02 0.238465 0.247975 0.209788 0.303773 0.0513579  0.289821 0.0598652 0.0169416  0.570356 0.0116583
(1,2,((3,((4,5),6)),((((7,8),9),10),(11,12)))); -7702.9  -1.238 72.0291 38.6288 31.6487 -7766.71 0.233707 0.233063 0.197143 0.336086  0.0445287   0.284369  0.0720811  0.0143038   0.577936 0.00678084
(1,(2,((((7,8),9),10),(11,12))),(3,((4,5),6))); -7689.11  -1.12078 83.2832 39.1309 32.1148 -7764.25 0.238519 0.236667 0.194789 0.330025  0.0493062   0.276592  0.0595273  0.0176784    0.58992 0.00697641
(1,(2,((((7,8),9),10),(11,12))),(3,((4,5),6))); -7689.95  -1.12078 78.929 38.7939 28.4451 -7757.41 0.223242 0.240676 0.215647 0.320436 0.0513521  0.278937 0.0617968 0.0118202  0.586429 0.0096655
(1,2,((3,((4,5),6)),((((7,8),9),10),(11,12)))); -7699.89  -1.238 75.9611 39.2189 30.6254 -7766.02 0.229979 0.242368 0.202264 0.325389 0.0505911  0.287177 0.0730973 0.0184568   0.55926 0.0114175
(1,2,((3,((4,5),6)),((((7,8),9),10),(11,12)))); -7707.69  -1.238 79.278 38.6296 27.9243 -7775.02 0.241272 0.241085 0.186202 0.331441 0.0357827  0.292441 0.0433776 0.0179681  0.598743 0.0116884
(1,2,((3,((4,5),6)),(((((7,8),9),10),11),12))); -7697.45  -2.41809 83.7037 38.9816 31.7381 -7771.49 0.237132 0.241452 0.200751 0.320665  0.0562503   0.288552  0.0615309  0.0170733   0.569191 0.00740295
(1,(2,((((7,8),9),10),(11,12))),(3,((4,5),6))); -7692.69  -1.12078 77.8676 38.8597 31.1857 -7761.76 0.231399 0.237494 0.190669 0.340438  0.0443448   0.285048  0.0622156  0.0106891   0.588551 0.00915152
(1,2,((3,((4,5),6)),(((((7,8),9),10),11),12))); -7700.07  -2.41809 80.695 38.8566 32.8874 -7772.38 0.234147 0.238713  0.20071 0.326431  0.0493956   0.284013  0.0624473  0.0187912   0.576117 0.00923572
(1,2,((3,((4,5),6)),((((7,8),9),10),(11,12)))); -7698.56  -1.238 75.4009 38.8893 32.1623 -7766 0.231925 0.239648 0.197244 0.331183  0.0471059   0.275932  0.0558203  0.0146222   0.597175 0.00934462
(1,2,((3,((4,5),6)),((((7,8),9),10),(11,12)))); -7712.08  -1.238 78.656 39.1307 20.5154 -7770.88 0.229613 0.239543 0.179628 0.351216 0.0426367  0.276138  0.100149 0.0183201  0.549735 0.0130211
(1,(2,((((7,8),9),10),(11,12))),(3,((4,5),6))); -7692.23  -1.12078 80.3519 39.2844 29.3556 -7761.53 0.235435  0.24413 0.204463 0.315972 0.0556166  0.292917 0.0507715   0.01216  0.575748 0.0127869
(1,(2,((((7,8),9),10),(11,12))),(3,((4,5),6))); -7687.87  -1.12078 80.4571 38.8594 30.7494 -7759.1 0.244543 0.231526 0.201111 0.322821 0.0474243  0.278844 0.0737801 0.0144683  0.574948 0.0105353
(1,2,((3,((4,5),6)),((((7,8),9),10),(11,12)))); -7697.71  -1.238 78.2515 38.5299 28.0167 -7764.21 0.240033 0.244465 0.194018 0.321484 0.0444322  0.272237 0.0764319 0.0201895  0.571234 0.0154746
(1,2,(((3,(4,5)),6),((((7,8),9),10),(11,12)))); -7707.63  -4.84865 81.6811 39.3662 26.0197 -7771.12 0.232844 0.253951 0.184565 0.328641 0.0347027  0.300931 0.0760462 0.0195849  0.558458 0.0102763
(1,(2,((((7,8),9),10),(11,12))),(3,((4,5),6))); -7701.03  -1.12078 76.0653 38.9108 30.3338 -7767.4  0.24467 0.239901 0.176389  0.33904  0.0456873   0.290189  0.0600179  0.0115891   0.583009 0.00950841
(1,2,((3,((4,5),6)),((((7,8),9),10),(11,12)))); -7704.04  -1.238 79.1254 38.7837 28.3208 -7771.46  0.23643 0.250287  0.17506 0.338223  0.0414999   0.288465  0.0702346  0.0219445   0.568148 0.00970764
(1,(2,(((((7,8),9),10),11),12)),(3,((4,5),6))); -7708.38  -2.30087 72.5636 38.5152 30.7356 -7770.87 0.232653 0.236146 0.197212 0.333989 0.0443407  0.280303 0.0735106  0.011536  0.584003 0.0063066
(1,2,((3,((4,5),6)),(((((7,8),9),10),11),12))); -7701.99  -2.41809 81.2305 38.7569 31.9169 -7773.96 0.242685 0.246233 0.184872  0.32621   0.049207   0.277344  0.0588652  0.0184972   0.587991 0.00809544
